2 path.c:128 0xb8612a9 24
4 path.c:254 0xb8612a9 24
2 path.c:128 0xb8634c9 24
1 dynarray.c:84 0xb8612a9 24
2 dynarray.c:95 0xb8634f9 16
2 path.c:90 0xb863529 6
1 path.c:143 0xb863549 6
4 path.c:246 0xb863549 6
4 path.c:31 0xb863529 6
4 dynarray.c:112 0xb8634f9 16
4 dynarray.c:113 0xb8612a9 24
4 path.c:254 0xb8634c9 24
1 dynarray.c:84 0xb8634c9 24
2 dynarray.c:95 0xb863569 16
1 bdtBad4.c:663 0xb863529 1
4 dynarray.c:112 0xb863569 16
4 dynarray.c:113 0xb8634c9 24
4 bdt_client.c:39 0xb863529 1
2 path.c:128 0xb863599 24
4 path.c:254 0xb863599 24
2 path.c:128 0xb8635c9 24
1 dynarray.c:84 0xb863599 24
2 dynarray.c:95 0xb8635f9 16
4 dynarray.c:112 0xb8635f9 16
4 dynarray.c:113 0xb863599 24
4 path.c:254 0xb8635c9 24
2 path.c:128 0xb863629 24
1 dynarray.c:84 0xb8635c9 24
2 dynarray.c:95 0xb863659 16
2 path.c:90 0xb863689 6
2 path.c:90 0xb8636a9 7
4 path.c:31 0xb863689 6
4 path.c:31 0xb8636a9 7
4 dynarray.c:112 0xb863659 16
4 dynarray.c:113 0xb8635c9 24
4 path.c:254 0xb863629 24
2 path.c:128 0xb863629 24
1 dynarray.c:84 0xb863659 24
2 dynarray.c:95 0xb8635c9 16
2 path.c:90 0xb8636c9 6
4 path.c:31 0xb8636c9 6
4 dynarray.c:112 0xb8635c9 16
4 dynarray.c:113 0xb863659 24
4 path.c:254 0xb863629 24
2 path.c:128 0xb863629 24
1 dynarray.c:84 0xb8635c9 24
2 dynarray.c:95 0xb863659 16
2 path.c:90 0xb8636e9 6
1 path.c:143 0xb8636c9 6
2 path.c:178 0xb863709 24
1 dynarray.c:84 0xb863599 24
2 dynarray.c:95 0xb863739 16
2 path.c:191 0xb863769 6
2 path.c:205 0xb863789 6
3 path.c:223 0xb863769 0xb863769 6 6
1 bdtBad4.c:143 0xb8637a9 32
2 path.c:178 0xb8637e9 24
1 dynarray.c:84 0xb8635f9 24
2 dynarray.c:95 0xb863819 16
2 path.c:191 0xb863849 6
2 path.c:205 0xb863869 6
3 path.c:223 0xb863849 0xb863849 6 6
4 path.c:246 0xb863769 6
4 path.c:31 0xb863789 6
4 dynarray.c:112 0xb863739 16
4 dynarray.c:113 0xb863599 24
4 path.c:254 0xb863709 24
4 path.c:246 0xb8636c9 6
4 path.c:31 0xb8636e9 6
4 dynarray.c:112 0xb863659 16
4 dynarray.c:113 0xb8635c9 24
4 path.c:254 0xb863629 24
2 path.c:128 0xb863629 24
1 dynarray.c:84 0xb863709 24
2 dynarray.c:95 0xb8635c9 16
2 path.c:90 0xb8636e9 6
2 path.c:90 0xb863889 7
2 path.c:90 0xb8638a9 12
3 dynarray.c:69 0xb8638c9 0xb8635c9 16 32
1 path.c:143 0xb863659 25
2 path.c:178 0xb8635c9 24
1 dynarray.c:84 0xb863599 24
2 dynarray.c:95 0xb863909 16
2 path.c:191 0xb863939 25
2 path.c:205 0xb863969 6
3 path.c:223 0xb863939 0xb863939 25 6
4 path.c:246 0xb863939 6
4 path.c:31 0xb863969 6
4 dynarray.c:112 0xb863909 16
4 dynarray.c:113 0xb863599 24
4 path.c:254 0xb8635c9 24
2 path.c:178 0xb8635c9 24
1 dynarray.c:84 0xb863909 24
2 dynarray.c:95 0xb863599 16
2 path.c:191 0xb863989 25
2 path.c:205 0xb863969 6
2 path.c:205 0xb8639b9 7
3 path.c:223 0xb863989 0xb863989 25 13
4 path.c:246 0xb863989 13
4 path.c:31 0xb863969 6
4 path.c:31 0xb8639b9 7
4 dynarray.c:112 0xb863599 16
4 dynarray.c:113 0xb863909 24
4 path.c:254 0xb8635c9 24
2 path.c:178 0xb8635c9 24
1 dynarray.c:84 0xb863989 24
2 dynarray.c:95 0xb863909 16
2 path.c:191 0xb8639d9 25
2 path.c:205 0xb8639b9 6
2 path.c:205 0xb863969 7
3 path.c:223 0xb8639d9 0xb8639d9 25 13
1 bdtBad4.c:143 0xb863a09 32
2 path.c:178 0xb863a49 24
1 dynarray.c:84 0xb863599 24
2 dynarray.c:95 0xb863a79 16
2 path.c:191 0xb863aa9 13
2 path.c:205 0xb863ac9 6
2 path.c:205 0xb863ae9 7
3 path.c:223 0xb863aa9 0xb863aa9 13 13
4 path.c:246 0xb8639d9 13
4 path.c:31 0xb8639b9 6
4 path.c:31 0xb863969 7
4 dynarray.c:112 0xb863909 16
4 dynarray.c:113 0xb863989 24
4 path.c:254 0xb8635c9 24
2 path.c:178 0xb8635c9 24
1 dynarray.c:84 0xb8639d9 24
2 dynarray.c:95 0xb863989 24
2 path.c:191 0xb863b09 25
2 path.c:205 0xb863969 6
2 path.c:205 0xb8639b9 7
2 path.c:205 0xb863b39 12
3 path.c:223 0xb863b09 0xb863b09 25 25
1 bdtBad4.c:143 0xb863b59 32
2 path.c:178 0xb863b99 24
1 dynarray.c:84 0xb863909 24
2 dynarray.c:95 0xb863bc9 24
2 path.c:191 0xb863bf9 25
2 path.c:205 0xb863c29 6
2 path.c:205 0xb863c49 7
2 path.c:205 0xb863c69 12
3 path.c:223 0xb863bf9 0xb863bf9 25 25
4 path.c:246 0xb863b09 25
4 path.c:31 0xb863969 6
4 path.c:31 0xb8639b9 7
4 path.c:31 0xb863b39 12
4 dynarray.c:112 0xb863989 24
4 dynarray.c:113 0xb8639d9 24
4 path.c:254 0xb8635c9 24
4 path.c:246 0xb863659 25
4 path.c:31 0xb8636e9 6
4 path.c:31 0xb863889 7
4 path.c:31 0xb8638a9 12
4 dynarray.c:112 0xb8638c9 32
4 dynarray.c:113 0xb863709 24
4 path.c:254 0xb863629 24
2 path.c:128 0xb863629 24
1 dynarray.c:84 0xb863b09 24
2 dynarray.c:95 0xb863709 16
2 path.c:90 0xb8638a9 6
1 path.c:143 0xb8636c9 6
2 path.c:178 0xb8635c9 24
1 dynarray.c:84 0xb863659 24
2 dynarray.c:95 0xb8639d9 16
2 path.c:191 0xb863889 6
2 path.c:205 0xb863b39 6
3 path.c:223 0xb863889 0xb863889 6 6
4 path.c:246 0xb863889 6
4 path.c:31 0xb863b39 6
4 dynarray.c:112 0xb8639d9 16
4 dynarray.c:113 0xb863659 24
4 path.c:254 0xb8635c9 24
4 path.c:246 0xb8636c9 6
4 path.c:31 0xb8638a9 6
4 dynarray.c:112 0xb863709 16
4 dynarray.c:113 0xb863b09 24
4 path.c:254 0xb863629 24
2 path.c:128 0xb863629 24
1 dynarray.c:84 0xb863989 24
2 dynarray.c:95 0xb863b09 16
2 path.c:90 0xb8638a9 6
2 path.c:90 0xb8636c9 7
1 path.c:143 0xb8636e9 13
2 path.c:178 0xb8635c9 24
1 dynarray.c:84 0xb863709 24
2 dynarray.c:95 0xb863659 16
2 path.c:191 0xb863b39 13
2 path.c:205 0xb8639b9 6
3 path.c:223 0xb863b39 0xb863b39 13 6
4 path.c:246 0xb863b39 6
4 path.c:31 0xb8639b9 6
4 dynarray.c:112 0xb863659 16
4 dynarray.c:113 0xb863709 24
4 path.c:254 0xb8635c9 24
2 path.c:178 0xb8635c9 24
1 dynarray.c:84 0xb8639d9 24
2 dynarray.c:95 0xb863709 16
2 path.c:191 0xb8639b9 13
2 path.c:205 0xb863b39 6
2 path.c:205 0xb863969 7
3 path.c:223 0xb8639b9 0xb8639b9 13 13
4 path.c:246 0xb8639b9 13
4 path.c:31 0xb863b39 6
4 path.c:31 0xb863969 7
4 dynarray.c:112 0xb863709 16
4 dynarray.c:113 0xb8639d9 24
4 path.c:254 0xb8635c9 24
4 path.c:246 0xb8636e9 13
4 path.c:31 0xb8638a9 6
4 path.c:31 0xb8636c9 7
4 dynarray.c:112 0xb863b09 16
4 dynarray.c:113 0xb863989 24
4 path.c:254 0xb863629 24
2 path.c:128 0xb863629 24
1 dynarray.c:84 0xb863659 24
2 dynarray.c:95 0xb863989 16
2 path.c:90 0xb8636c9 6
2 path.c:90 0xb8638a9 7
2 path.c:90 0xb8636e9 12
3 dynarray.c:69 0xb863c89 0xb863989 16 32
1 path.c:143 0xb863b09 25
2 path.c:178 0xb863989 24
1 dynarray.c:84 0xb8635c9 24
2 dynarray.c:95 0xb8639d9 16
2 path.c:191 0xb863cc9 25
2 path.c:205 0xb863969 6
3 path.c:223 0xb863cc9 0xb863cc9 25 6
4 path.c:246 0xb863cc9 6
4 path.c:31 0xb863969 6
4 dynarray.c:112 0xb8639d9 16
4 dynarray.c:113 0xb8635c9 24
4 path.c:254 0xb863989 24
2 path.c:178 0xb863989 24
1 dynarray.c:84 0xb863709 24
2 dynarray.c:95 0xb8635c9 16
2 path.c:191 0xb863cc9 25
2 path.c:205 0xb863969 6
2 path.c:205 0xb863b39 7
3 path.c:223 0xb863cc9 0xb863cc9 25 13
4 path.c:246 0xb863cc9 13
4 path.c:31 0xb863969 6
4 path.c:31 0xb863b39 7
4 dynarray.c:112 0xb8635c9 16
4 dynarray.c:113 0xb863709 24
4 path.c:254 0xb863989 24
2 path.c:178 0xb863989 24
1 dynarray.c:84 0xb8639d9 24
2 dynarray.c:95 0xb863709 24
2 path.c:191 0xb863cc9 25
2 path.c:205 0xb863b39 6
2 path.c:205 0xb863969 7
2 path.c:205 0xb8639b9 12
3 path.c:223 0xb863cc9 0xb863cc9 25 25
4 path.c:246 0xb863cc9 25
4 path.c:31 0xb863b39 6
4 path.c:31 0xb863969 7
4 path.c:31 0xb8639b9 12
4 dynarray.c:112 0xb863709 24
4 dynarray.c:113 0xb8639d9 24
4 path.c:254 0xb863989 24
4 path.c:246 0xb863b09 25
4 path.c:31 0xb8636c9 6
4 path.c:31 0xb8638a9 7
4 path.c:31 0xb8636e9 12
4 dynarray.c:112 0xb863c89 32
4 dynarray.c:113 0xb863659 24
4 path.c:254 0xb863629 24
2 path.c:128 0xb863629 24
1 dynarray.c:84 0xb8635c9 24
2 dynarray.c:95 0xb863659 16
2 path.c:90 0xb8636e9 12
1 path.c:143 0xb863889 12
2 path.c:178 0xb863989 24
1 dynarray.c:84 0xb863b09 24
2 dynarray.c:95 0xb8639d9 16
2 path.c:191 0xb8638a9 12
2 path.c:205 0xb8639b9 12
3 path.c:223 0xb8638a9 0xb8638a9 12 12
4 path.c:246 0xb8638a9 12
4 path.c:31 0xb8639b9 12
4 dynarray.c:112 0xb8639d9 16
4 dynarray.c:113 0xb863b09 24
4 path.c:254 0xb863989 24
4 path.c:246 0xb863889 12
4 path.c:31 0xb8636e9 12
4 dynarray.c:112 0xb863659 16
4 dynarray.c:113 0xb8635c9 24
4 path.c:254 0xb863629 24
2 path.c:128 0xb863629 24
1 dynarray.c:84 0xb863709 24
2 dynarray.c:95 0xb8635c9 16
2 path.c:90 0xb8636e9 12
1 path.c:143 0xb8636c9 12
2 path.c:178 0xb863989 24
1 dynarray.c:84 0xb863659 24
2 dynarray.c:95 0xb863b09 16
2 path.c:191 0xb863889 12
2 path.c:205 0xb8638a9 12
3 path.c:223 0xb863889 0xb863889 12 12
4 path.c:246 0xb863889 12
4 path.c:31 0xb8638a9 12
4 dynarray.c:112 0xb863b09 16
4 dynarray.c:113 0xb863659 24
4 path.c:254 0xb863989 24
4 path.c:246 0xb8636c9 12
4 path.c:31 0xb8636e9 12
4 dynarray.c:112 0xb8635c9 16
4 dynarray.c:113 0xb863709 24
4 path.c:254 0xb863629 24
2 path.c:128 0xb863629 24
1 dynarray.c:84 0xb8639d9 24
2 dynarray.c:95 0xb863709 16
2 path.c:90 0xb8636e9 12
1 path.c:143 0xb8639b9 12
2 path.c:178 0xb863989 24
1 dynarray.c:84 0xb8635c9 24
2 dynarray.c:95 0xb863659 16
2 path.c:191 0xb8636c9 12
2 path.c:205 0xb863889 12
3 path.c:223 0xb8636c9 0xb8636c9 12 12
4 path.c:246 0xb8636c9 12
4 path.c:31 0xb863889 12
4 dynarray.c:112 0xb863659 16
4 dynarray.c:113 0xb8635c9 24
4 path.c:254 0xb863989 24
4 path.c:246 0xb8639b9 12
4 path.c:31 0xb8636e9 12
4 dynarray.c:112 0xb863709 16
4 dynarray.c:113 0xb8639d9 24
4 path.c:254 0xb863629 24
2 path.c:128 0xb863629 24
1 dynarray.c:84 0xb863b09 24
2 dynarray.c:95 0xb8639d9 16
2 path.c:90 0xb8636e9 6
2 path.c:90 0xb8639b9 8
1 path.c:143 0xb8638a9 14
2 path.c:178 0xb863989 24
1 dynarray.c:84 0xb863709 24
2 dynarray.c:95 0xb8635c9 16
2 path.c:191 0xb863889 14
2 path.c:205 0xb863969 6
3 path.c:223 0xb863889 0xb863889 14 6
4 path.c:246 0xb863889 6
4 path.c:31 0xb863969 6
4 dynarray.c:112 0xb8635c9 16
4 dynarray.c:113 0xb863709 24
4 path.c:254 0xb863989 24
2 path.c:178 0xb863989 24
1 dynarray.c:84 0xb863659 24
2 dynarray.c:95 0xb863709 16
2 path.c:191 0xb863969 14
2 path.c:205 0xb863889 6
2 path.c:205 0xb863b39 8
3 path.c:223 0xb863969 0xb863969 14 14
4 path.c:246 0xb863969 14
4 path.c:31 0xb863889 6
4 path.c:31 0xb863b39 8
4 dynarray.c:112 0xb863709 16
4 dynarray.c:113 0xb863659 24
4 path.c:254 0xb863989 24
4 path.c:246 0xb8638a9 14
4 path.c:31 0xb8636e9 6
4 path.c:31 0xb8639b9 8
4 dynarray.c:112 0xb8639d9 16
4 dynarray.c:113 0xb863b09 24
4 path.c:254 0xb863629 24
2 path.c:128 0xb863629 24
1 dynarray.c:84 0xb8635c9 24
2 dynarray.c:95 0xb863b09 16
2 path.c:90 0xb8639b9 6
2 path.c:90 0xb8636e9 7
2 path.c:90 0xb8638a9 12
3 dynarray.c:69 0xb863cf9 0xb863b09 16 32
1 path.c:143 0xb8639d9 25
2 path.c:178 0xb863b09 24
1 dynarray.c:84 0xb863989 24
2 dynarray.c:95 0xb863659 16
2 path.c:191 0xb863cc9 25
2 path.c:205 0xb863b39 6
3 path.c:223 0xb863cc9 0xb863cc9 25 6
4 path.c:246 0xb863cc9 6
4 path.c:31 0xb863b39 6
4 dynarray.c:112 0xb863659 16
4 dynarray.c:113 0xb863989 24
4 path.c:254 0xb863b09 24
2 path.c:178 0xb863b09 24
1 dynarray.c:84 0xb863709 24
2 dynarray.c:95 0xb863989 16
2 path.c:191 0xb863cc9 25
2 path.c:205 0xb863b39 6
2 path.c:205 0xb863889 7
3 path.c:223 0xb863cc9 0xb863cc9 25 13
4 path.c:246 0xb863cc9 13
4 path.c:31 0xb863b39 6
4 path.c:31 0xb863889 7
4 dynarray.c:112 0xb863989 16
4 dynarray.c:113 0xb863709 24
4 path.c:254 0xb863b09 24
2 path.c:178 0xb863b09 24
1 dynarray.c:84 0xb863659 24
2 dynarray.c:95 0xb863709 24
2 path.c:191 0xb863cc9 25
2 path.c:205 0xb863889 6
2 path.c:205 0xb863b39 7
2 path.c:205 0xb863969 12
3 path.c:223 0xb863cc9 0xb863cc9 25 25
4 path.c:246 0xb863cc9 25
4 path.c:31 0xb863889 6
4 path.c:31 0xb863b39 7
4 path.c:31 0xb863969 12
4 dynarray.c:112 0xb863709 24
4 dynarray.c:113 0xb863659 24
4 path.c:254 0xb863b09 24
4 path.c:246 0xb8639d9 25
4 path.c:31 0xb8639b9 6
4 path.c:31 0xb8636e9 7
4 path.c:31 0xb8638a9 12
4 dynarray.c:112 0xb863cf9 32
4 dynarray.c:113 0xb8635c9 24
4 path.c:254 0xb863629 24
2 path.c:128 0xb863629 24
1 dynarray.c:84 0xb863989 24
2 dynarray.c:95 0xb8635c9 16
2 path.c:90 0xb8638a9 12
2 path.c:90 0xb8636e9 6
2 path.c:90 0xb8639b9 9
3 dynarray.c:69 0xb863d39 0xb8635c9 16 32
1 path.c:143 0xb8639d9 27
2 path.c:178 0xb8635c9 24
1 dynarray.c:84 0xb863b09 24
2 dynarray.c:95 0xb863659 16
2 path.c:191 0xb863cc9 27
2 path.c:205 0xb863969 12
3 path.c:223 0xb863cc9 0xb863cc9 27 12
4 path.c:246 0xb863cc9 12
4 path.c:31 0xb863969 12
4 dynarray.c:112 0xb863659 16
4 dynarray.c:113 0xb863b09 24
4 path.c:254 0xb8635c9 24
4 path.c:246 0xb8639d9 27
4 path.c:31 0xb8638a9 12
4 path.c:31 0xb8636e9 6
4 path.c:31 0xb8639b9 9
4 dynarray.c:112 0xb863d39 32
4 dynarray.c:113 0xb863989 24
4 path.c:254 0xb863629 24
2 path.c:128 0xb863629 24
1 dynarray.c:84 0xb863709 24
2 dynarray.c:95 0xb863989 16
2 path.c:90 0xb8639b9 6
2 path.c:90 0xb8636e9 8
1 path.c:143 0xb8636c9 14
2 path.c:178 0xb8635c9 24
1 dynarray.c:84 0xb8639d9 24
2 dynarray.c:95 0xb863b09 16
2 path.c:191 0xb8638a9 14
2 path.c:205 0xb863b39 6
3 path.c:223 0xb8638a9 0xb8638a9 14 6
4 path.c:246 0xb8638a9 6
4 path.c:31 0xb863b39 6
4 dynarray.c:112 0xb863b09 16
4 dynarray.c:113 0xb8639d9 24
4 path.c:254 0xb8635c9 24
2 path.c:178 0xb8635c9 24
1 dynarray.c:84 0xb863659 24
2 dynarray.c:95 0xb8639d9 16
2 path.c:191 0xb863b39 14
2 path.c:205 0xb8638a9 6
2 path.c:205 0xb863889 8
3 path.c:223 0xb863b39 0xb863b39 14 14
4 path.c:246 0xb863b39 14
4 path.c:31 0xb8638a9 6
4 path.c:31 0xb863889 8
4 dynarray.c:112 0xb8639d9 16
4 dynarray.c:113 0xb863659 24
4 path.c:254 0xb8635c9 24
2 path.c:178 0xb8635c9 24
1 dynarray.c:84 0xb863b09 24
2 dynarray.c:95 0xb863659 16
2 path.c:191 0xb863889 14
2 path.c:205 0xb8638a9 6
2 path.c:205 0xb863b39 8
3 path.c:223 0xb863889 0xb863889 14 14
1 bdtBad4.c:143 0xb863d39 32
2 path.c:178 0xb863cc9 24
1 dynarray.c:84 0xb8639d9 24
2 dynarray.c:95 0xb863d79 16
2 path.c:191 0xb863da9 14
2 path.c:205 0xb863dc9 6
2 path.c:205 0xb863de9 8
3 path.c:223 0xb863da9 0xb863da9 14 14
4 path.c:246 0xb863889 14
4 path.c:31 0xb8638a9 6
4 path.c:31 0xb863b39 8
4 dynarray.c:112 0xb863659 16
4 dynarray.c:113 0xb863b09 24
4 path.c:254 0xb8635c9 24
4 path.c:246 0xb8636c9 14
4 path.c:31 0xb8639b9 6
4 path.c:31 0xb8636e9 8
4 dynarray.c:112 0xb863989 16
4 dynarray.c:113 0xb863709 24
4 path.c:254 0xb863629 24
2 path.c:128 0xb863629 24
1 dynarray.c:84 0xb863659 24
2 dynarray.c:95 0xb863709 16
2 path.c:90 0xb8636e9 6
2 path.c:90 0xb8639b9 7
1 path.c:143 0xb863969 13
2 path.c:178 0xb8635c9 24
1 dynarray.c:84 0xb863989 24
2 dynarray.c:95 0xb863b09 16
2 path.c:191 0xb8636c9 13
2 path.c:205 0xb8638a9 6
3 path.c:223 0xb8636c9 0xb8636c9 13 6
4 path.c:246 0xb8636c9 6
4 path.c:31 0xb8638a9 6
4 dynarray.c:112 0xb863b09 16
4 dynarray.c:113 0xb863989 24
4 path.c:254 0xb8635c9 24
2 path.c:178 0xb8635c9 24
1 dynarray.c:84 0xb863b09 24
2 dynarray.c:95 0xb863989 16
2 path.c:191 0xb8638a9 13
2 path.c:205 0xb8636c9 6
2 path.c:205 0xb863889 7
3 path.c:223 0xb8638a9 0xb8638a9 13 13
4 path.c:246 0xb8638a9 13
4 path.c:31 0xb8636c9 6
4 path.c:31 0xb863889 7
4 dynarray.c:112 0xb863989 16
4 dynarray.c:113 0xb863b09 24
4 path.c:254 0xb8635c9 24
2 path.c:178 0xb8635c9 24
1 dynarray.c:84 0xb863989 24
2 dynarray.c:95 0xb863b09 16
2 path.c:191 0xb863889 13
2 path.c:205 0xb8636c9 6
2 path.c:205 0xb8638a9 7
3 path.c:223 0xb863889 0xb863889 13 13
1 bdtBad4.c:143 0xb863cf9 32
2 path.c:178 0xb863e09 24
1 dynarray.c:84 0xb863939 24
2 dynarray.c:95 0xb863e39 16
2 path.c:191 0xb863e69 13
2 path.c:205 0xb863e89 6
2 path.c:205 0xb863ea9 7
3 path.c:223 0xb863e69 0xb863e69 13 13
4 path.c:246 0xb863e69 13
4 path.c:31 0xb863e89 6
4 path.c:31 0xb863ea9 7
4 dynarray.c:112 0xb863e39 16
4 dynarray.c:113 0xb863939 24
4 path.c:254 0xb863e09 24
4 bdtBad4.c:193 0xb863cf9 32
4 path.c:246 0xb863969 13
4 path.c:31 0xb8636e9 6
4 path.c:31 0xb8639b9 7
4 dynarray.c:112 0xb863709 16
4 dynarray.c:113 0xb863659 24
4 path.c:254 0xb863629 24
4 path.c:246 0xb863889 13
4 path.c:31 0xb8636c9 6
4 path.c:31 0xb8638a9 7
4 dynarray.c:112 0xb863b09 16
4 dynarray.c:113 0xb863989 24
4 path.c:254 0xb8635c9 24
2 path.c:128 0xb8635c9 24
1 dynarray.c:84 0xb863939 24
2 dynarray.c:95 0xb863989 16
2 path.c:90 0xb8638a9 6
2 path.c:90 0xb8636c9 4
2 path.c:90 0xb863889 5
3 dynarray.c:69 0xb863ec9 0xb863989 16 32
2 path.c:90 0xb8639b9 7
1 path.c:143 0xb863b09 22
2 path.c:178 0xb863989 24
1 dynarray.c:84 0xb863629 24
2 dynarray.c:95 0xb863659 16
2 path.c:191 0xb863e09 22
2 path.c:205 0xb8636e9 6
3 path.c:223 0xb863e09 0xb863e09 22 6
4 path.c:246 0xb863e09 6
4 path.c:31 0xb8636e9 6
4 dynarray.c:112 0xb863659 16
4 dynarray.c:113 0xb863629 24
4 path.c:254 0xb863989 24
2 path.c:178 0xb863989 24
1 dynarray.c:84 0xb863709 24
2 dynarray.c:95 0xb863629 16
2 path.c:191 0xb863e09 22
2 path.c:205 0xb8636e9 6
2 path.c:205 0xb863969 4
3 path.c:223 0xb863e09 0xb863e09 22 10
4 path.c:246 0xb863e09 10
4 path.c:31 0xb8636e9 6
4 path.c:31 0xb863969 4
4 dynarray.c:112 0xb863629 16
4 dynarray.c:113 0xb863709 24
4 path.c:254 0xb863989 24
2 path.c:178 0xb863989 24
1 dynarray.c:84 0xb863659 24
2 dynarray.c:95 0xb863709 16
2 path.c:191 0xb863e09 22
2 path.c:205 0xb863969 6
2 path.c:205 0xb8636e9 4
3 path.c:223 0xb863e09 0xb863e09 22 10
1 bdtBad4.c:143 0xb863cf9 32
2 path.c:178 0xb863f09 24
1 dynarray.c:84 0xb863629 24
2 dynarray.c:95 0xb863f39 16
2 path.c:191 0xb863ea9 10
2 path.c:205 0xb863e89 6
2 path.c:205 0xb863e69 4
3 path.c:223 0xb863ea9 0xb863ea9 10 10
4 path.c:246 0xb863ea9 10
4 path.c:31 0xb863e89 6
4 path.c:31 0xb863e69 4
4 dynarray.c:112 0xb863f39 16
4 dynarray.c:113 0xb863629 24
4 path.c:254 0xb863f09 24
4 bdtBad4.c:193 0xb863cf9 32
4 path.c:246 0xb863b09 22
4 path.c:31 0xb8638a9 6
4 path.c:31 0xb8636c9 4
4 path.c:31 0xb863889 5
4 path.c:31 0xb8639b9 7
4 dynarray.c:112 0xb863ec9 32
4 dynarray.c:113 0xb863939 24
4 path.c:254 0xb8635c9 24
4 path.c:246 0xb863e09 10
4 path.c:31 0xb863969 6
4 path.c:31 0xb8636e9 4
4 dynarray.c:112 0xb863709 16
4 dynarray.c:113 0xb863659 24
4 path.c:254 0xb863989 24
2 path.c:128 0xb863989 24
1 dynarray.c:84 0xb863f39 24
2 dynarray.c:95 0xb863659 16
2 path.c:90 0xb8636e9 6
1 path.c:143 0xb863b39 6
2 path.c:178 0xb863e09 24
1 dynarray.c:84 0xb863709 24
2 dynarray.c:95 0xb8635c9 16
2 path.c:191 0xb863969 6
2 path.c:205 0xb863889 6
3 path.c:223 0xb863969 0xb863969 6 6
4 path.c:246 0xb863969 6
4 path.c:31 0xb863889 6
4 dynarray.c:112 0xb8635c9 16
4 dynarray.c:113 0xb863709 24
4 path.c:254 0xb863e09 24
4 path.c:246 0xb863b39 6
4 path.c:31 0xb8636e9 6
4 dynarray.c:112 0xb863659 16
4 dynarray.c:113 0xb863f39 24
4 path.c:254 0xb863989 24
2 path.c:128 0xb863989 24
1 dynarray.c:84 0xb863939 24
2 dynarray.c:95 0xb863f39 16
2 path.c:90 0xb8636e9 6
2 path.c:90 0xb863b39 7
1 path.c:143 0xb8639b9 13
2 path.c:178 0xb863e09 24
1 dynarray.c:84 0xb863659 24
2 dynarray.c:95 0xb863709 16
2 path.c:191 0xb863889 13
2 path.c:205 0xb8636c9 6
3 path.c:223 0xb863889 0xb863889 13 6
4 path.c:246 0xb863889 6
4 path.c:31 0xb8636c9 6
4 dynarray.c:112 0xb863709 16
4 dynarray.c:113 0xb863659 24
4 path.c:254 0xb863e09 24
2 path.c:178 0xb863e09 24
1 dynarray.c:84 0xb8635c9 24
2 dynarray.c:95 0xb863659 16
2 path.c:191 0xb8636c9 13
2 path.c:205 0xb863889 6
2 path.c:205 0xb8638a9 7
3 path.c:223 0xb8636c9 0xb8636c9 13 13
4 path.c:246 0xb8636c9 13
4 path.c:31 0xb863889 6
4 path.c:31 0xb8638a9 7
4 dynarray.c:112 0xb863659 16
4 dynarray.c:113 0xb8635c9 24
4 path.c:254 0xb863e09 24
4 path.c:246 0xb8639b9 13
4 path.c:31 0xb8636e9 6
4 path.c:31 0xb863b39 7
4 dynarray.c:112 0xb863f39 16
4 dynarray.c:113 0xb863939 24
4 path.c:254 0xb863989 24
2 path.c:128 0xb863989 24
1 dynarray.c:84 0xb863709 24
2 dynarray.c:95 0xb863939 16
2 path.c:90 0xb863b39 6
2 path.c:90 0xb8636e9 8
1 path.c:143 0xb863969 14
2 path.c:178 0xb863e09 24
1 dynarray.c:84 0xb863f39 24
2 dynarray.c:95 0xb8635c9 16
2 path.c:191 0xb8639b9 14
2 path.c:205 0xb863889 6
3 path.c:223 0xb8639b9 0xb8639b9 14 6
4 path.c:246 0xb8639b9 6
4 path.c:31 0xb863889 6
4 dynarray.c:112 0xb8635c9 16
4 dynarray.c:113 0xb863f39 24
4 path.c:254 0xb863e09 24
2 path.c:178 0xb863e09 24
1 dynarray.c:84 0xb863659 24
2 dynarray.c:95 0xb863f39 16
2 path.c:191 0xb863889 14
2 path.c:205 0xb8639b9 6
2 path.c:205 0xb8636c9 8
3 path.c:223 0xb863889 0xb863889 14 14
4 path.c:246 0xb863889 14
4 path.c:31 0xb8639b9 6
4 path.c:31 0xb8636c9 8
4 dynarray.c:112 0xb863f39 16
4 dynarray.c:113 0xb863659 24
4 path.c:254 0xb863e09 24
4 path.c:246 0xb863969 14
4 path.c:31 0xb863b39 6
4 path.c:31 0xb8636e9 8
4 dynarray.c:112 0xb863939 16
4 dynarray.c:113 0xb863709 24
4 path.c:254 0xb863989 24
2 path.c:128 0xb863989 24
1 dynarray.c:84 0xb8635c9 24
2 dynarray.c:95 0xb863709 16
2 path.c:90 0xb8636e9 6
2 path.c:90 0xb863b39 7
1 path.c:143 0xb8638a9 13
2 path.c:178 0xb863e09 24
1 dynarray.c:84 0xb863939 24
2 dynarray.c:95 0xb863659 16
2 path.c:191 0xb863969 13
2 path.c:205 0xb8639b9 6
3 path.c:223 0xb863969 0xb863969 13 6
4 path.c:246 0xb863969 6
4 path.c:31 0xb8639b9 6
4 dynarray.c:112 0xb863659 16
4 dynarray.c:113 0xb863939 24
4 path.c:254 0xb863e09 24
2 path.c:178 0xb863e09 24
1 dynarray.c:84 0xb863f39 24
2 dynarray.c:95 0xb863939 16
2 path.c:191 0xb8639b9 13
2 path.c:205 0xb863969 6
2 path.c:205 0xb863889 7
3 path.c:223 0xb8639b9 0xb8639b9 13 13
4 path.c:246 0xb8639b9 13
4 path.c:31 0xb863969 6
4 path.c:31 0xb863889 7
4 dynarray.c:112 0xb863939 16
4 dynarray.c:113 0xb863f39 24
4 path.c:254 0xb863e09 24
4 path.c:246 0xb8638a9 13
4 path.c:31 0xb8636e9 6
4 path.c:31 0xb863b39 7
4 dynarray.c:112 0xb863709 16
4 dynarray.c:113 0xb8635c9 24
4 path.c:254 0xb863989 24
2 path.c:128 0xb863989 24
1 dynarray.c:84 0xb863659 24
2 dynarray.c:95 0xb8635c9 16
2 path.c:90 0xb863b39 6
2 path.c:90 0xb8636e9 4
1 path.c:143 0xb8636c9 10
2 path.c:178 0xb863e09 24
1 dynarray.c:84 0xb863709 24
2 dynarray.c:95 0xb863f39 16
2 path.c:191 0xb8638a9 10
2 path.c:205 0xb863969 6
3 path.c:223 0xb8638a9 0xb8638a9 10 6
4 path.c:246 0xb8638a9 6
4 path.c:31 0xb863969 6
4 dynarray.c:112 0xb863f39 16
4 dynarray.c:113 0xb863709 24
4 path.c:254 0xb863e09 24
2 path.c:178 0xb863e09 24
1 dynarray.c:84 0xb863939 24
2 dynarray.c:95 0xb863709 16
2 path.c:191 0xb863969 10
2 path.c:205 0xb8638a9 6
2 path.c:205 0xb8639b9 4
3 path.c:223 0xb863969 0xb863969 10 10
4 path.c:246 0xb863969 10
4 path.c:31 0xb8638a9 6
4 path.c:31 0xb8639b9 4
4 dynarray.c:112 0xb863709 16
4 dynarray.c:113 0xb863939 24
4 path.c:254 0xb863e09 24
4 path.c:246 0xb8636c9 10
4 path.c:31 0xb863b39 6
4 path.c:31 0xb8636e9 4
4 dynarray.c:112 0xb8635c9 16
4 dynarray.c:113 0xb863659 24
4 path.c:254 0xb863989 24
2 path.c:128 0xb863989 24
1 dynarray.c:84 0xb863f39 24
2 dynarray.c:95 0xb863659 16
2 path.c:90 0xb8636e9 6
2 path.c:90 0xb863b39 4
2 path.c:90 0xb8636c9 5
3 dynarray.c:69 0xb863f69 0xb863659 16 32
1 path.c:143 0xb8635c9 15
2 path.c:178 0xb863659 24
1 dynarray.c:84 0xb863e09 24
2 dynarray.c:95 0xb863939 16
2 path.c:191 0xb863b09 15
2 path.c:205 0xb8639b9 6
3 path.c:223 0xb863b09 0xb863b09 15 6
4 path.c:246 0xb863b09 6
4 path.c:31 0xb8639b9 6
4 dynarray.c:112 0xb863939 16
4 dynarray.c:113 0xb863e09 24
4 path.c:254 0xb863659 24
2 path.c:178 0xb863659 24
1 dynarray.c:84 0xb863709 24
2 dynarray.c:95 0xb863e09 16
2 path.c:191 0xb863b09 15
2 path.c:205 0xb8639b9 6
2 path.c:205 0xb8638a9 4
3 path.c:223 0xb863b09 0xb863b09 15 10
4 path.c:246 0xb863b09 10
4 path.c:31 0xb8639b9 6
4 path.c:31 0xb8638a9 4
4 dynarray.c:112 0xb863e09 16
4 dynarray.c:113 0xb863709 24
4 path.c:254 0xb863659 24
4 path.c:246 0xb8635c9 15
4 path.c:31 0xb8636e9 6
4 path.c:31 0xb863b39 4
4 path.c:31 0xb8636c9 5
4 dynarray.c:112 0xb863f69 32
4 dynarray.c:113 0xb863f39 24
4 path.c:254 0xb863989 24
2 path.c:128 0xb863989 24
1 dynarray.c:84 0xb863939 24
2 dynarray.c:95 0xb863f39 16
2 path.c:90 0xb8636c9 6
2 path.c:90 0xb863b39 4
2 path.c:90 0xb8636e9 5
3 dynarray.c:69 0xb863fa9 0xb863f39 16 32
2 path.c:90 0xb8638a9 7
1 path.c:143 0xb8635c9 22
2 path.c:178 0xb863f39 24
1 dynarray.c:84 0xb863659 24
2 dynarray.c:95 0xb863709 16
2 path.c:191 0xb863b09 22
2 path.c:205 0xb8639b9 6
3 path.c:223 0xb863b09 0xb863b09 22 6
4 path.c:246 0xb863b09 6
4 path.c:31 0xb8639b9 6
4 dynarray.c:112 0xb863709 16
4 dynarray.c:113 0xb863659 24
4 path.c:254 0xb863f39 24
2 path.c:178 0xb863f39 24
1 dynarray.c:84 0xb863e09 24
2 dynarray.c:95 0xb863659 16
2 path.c:191 0xb863b09 22
2 path.c:205 0xb8639b9 6
2 path.c:205 0xb863969 4
3 path.c:223 0xb863b09 0xb863b09 22 10
4 path.c:246 0xb863b09 10
4 path.c:31 0xb8639b9 6
4 path.c:31 0xb863969 4
4 dynarray.c:112 0xb863659 16
4 dynarray.c:113 0xb863e09 24
4 path.c:254 0xb863f39 24
4 path.c:246 0xb8635c9 22
4 path.c:31 0xb8636c9 6
4 path.c:31 0xb863b39 4
4 path.c:31 0xb8636e9 5
4 path.c:31 0xb8638a9 7
4 dynarray.c:112 0xb863fa9 32
4 dynarray.c:113 0xb863939 24
4 path.c:254 0xb863989 24
1 dynarray.c:84 0xb863709 24
2 dynarray.c:95 0xb863fe9 32
1 bdtBad4.c:663 0xb864029 55
4 dynarray.c:112 0xb863fe9 32
4 dynarray.c:113 0xb863709 24
6 bdt_client.c:82 0xb864029
4 bdt_client.c:82 0xb864029 55
2 path.c:128 0xb863989 24
1 dynarray.c:84 0xb863709 24
2 dynarray.c:95 0xb863939 16
2 path.c:90 0xb8638a9 6
2 path.c:90 0xb8636e9 7
2 path.c:90 0xb863b39 12
3 dynarray.c:69 0xb864079 0xb863939 16 32
1 path.c:143 0xb8635c9 25
2 path.c:178 0xb863939 24
1 dynarray.c:84 0xb863f39 24
2 dynarray.c:95 0xb863e09 16
2 path.c:191 0xb863b09 25
2 path.c:205 0xb8636c9 6
3 path.c:223 0xb863b09 0xb863b09 25 6
4 path.c:246 0xb863b09 6
4 path.c:31 0xb8636c9 6
4 dynarray.c:112 0xb863e09 16
4 dynarray.c:113 0xb863f39 24
4 path.c:254 0xb863939 24
2 path.c:178 0xb863939 24
1 dynarray.c:84 0xb863659 24
2 dynarray.c:95 0xb863f39 16
2 path.c:191 0xb863b09 25
2 path.c:205 0xb8636c9 6
2 path.c:205 0xb863969 7
3 path.c:223 0xb863b09 0xb863b09 25 13
4 path.c:246 0xb863b09 13
4 path.c:31 0xb8636c9 6
4 path.c:31 0xb863969 7
4 dynarray.c:112 0xb863f39 16
4 dynarray.c:113 0xb863659 24
4 path.c:254 0xb863939 24
2 path.c:178 0xb863939 24
1 dynarray.c:84 0xb863e09 24
2 dynarray.c:95 0xb863659 24
2 path.c:191 0xb863b09 25
2 path.c:205 0xb863969 6
2 path.c:205 0xb8636c9 7
2 path.c:205 0xb8639b9 12
3 path.c:223 0xb863b09 0xb863b09 25 25
4 path.c:246 0xb863b09 25
4 path.c:31 0xb863969 6
4 path.c:31 0xb8636c9 7
4 path.c:31 0xb8639b9 12
4 dynarray.c:112 0xb863659 24
4 dynarray.c:113 0xb863e09 24
4 path.c:254 0xb863939 24
4 path.c:246 0xb8635c9 25
4 path.c:31 0xb8638a9 6
4 path.c:31 0xb8636e9 7
4 path.c:31 0xb863b39 12
4 dynarray.c:112 0xb864079 32
4 dynarray.c:113 0xb863709 24
4 path.c:254 0xb863989 24
2 path.c:128 0xb863989 24
1 dynarray.c:84 0xb863f39 24
2 dynarray.c:95 0xb863709 16
2 path.c:90 0xb863b39 6
2 path.c:90 0xb8636e9 8
2 path.c:90 0xb8638a9 12
3 dynarray.c:69 0xb864079 0xb863709 16 32
1 path.c:143 0xb8635c9 26
2 path.c:178 0xb863709 24
1 dynarray.c:84 0xb863939 24
2 dynarray.c:95 0xb863e09 16
2 path.c:191 0xb863b09 26
2 path.c:205 0xb8639b9 6
3 path.c:223 0xb863b09 0xb863b09 26 6
4 path.c:246 0xb863b09 6
4 path.c:31 0xb8639b9 6
4 dynarray.c:112 0xb863e09 16
4 dynarray.c:113 0xb863939 24
4 path.c:254 0xb863709 24
2 path.c:178 0xb863709 24
1 dynarray.c:84 0xb863659 24
2 dynarray.c:95 0xb863939 16
2 path.c:191 0xb863b09 26
2 path.c:205 0xb8639b9 6
2 path.c:205 0xb8636c9 8
3 path.c:223 0xb863b09 0xb863b09 26 14
4 path.c:246 0xb863b09 14
4 path.c:31 0xb8639b9 6
4 path.c:31 0xb8636c9 8
4 dynarray.c:112 0xb863939 16
4 dynarray.c:113 0xb863659 24
4 path.c:254 0xb863709 24
2 path.c:178 0xb863709 24
1 dynarray.c:84 0xb863e09 24
2 dynarray.c:95 0xb863659 24
2 path.c:191 0xb863b09 26
2 path.c:205 0xb8636c9 6
2 path.c:205 0xb8639b9 8
2 path.c:205 0xb863969 12
3 path.c:223 0xb863b09 0xb863b09 26 26
4 path.c:246 0xb863b09 26
4 path.c:31 0xb8636c9 6
4 path.c:31 0xb8639b9 8
4 path.c:31 0xb863969 12
4 dynarray.c:112 0xb863659 24
4 dynarray.c:113 0xb863e09 24
4 path.c:254 0xb863709 24
4 path.c:246 0xb8635c9 26
4 path.c:31 0xb863b39 6
4 path.c:31 0xb8636e9 8
4 path.c:31 0xb8638a9 12
4 dynarray.c:112 0xb864079 32
4 dynarray.c:113 0xb863f39 24
4 path.c:254 0xb863989 24
2 path.c:128 0xb863989 24
1 dynarray.c:84 0xb863939 24
2 dynarray.c:95 0xb863f39 16
2 path.c:90 0xb8638a9 6
2 path.c:90 0xb8636e9 8
2 path.c:90 0xb863b39 12
3 dynarray.c:69 0xb864079 0xb863f39 16 32
1 path.c:143 0xb8635c9 26
2 path.c:178 0xb863f39 24
1 dynarray.c:84 0xb863709 24
2 dynarray.c:95 0xb863e09 16
2 path.c:191 0xb863b09 26
2 path.c:205 0xb863969 6
3 path.c:223 0xb863b09 0xb863b09 26 6
4 path.c:246 0xb863b09 6
4 path.c:31 0xb863969 6
4 dynarray.c:112 0xb863e09 16
4 dynarray.c:113 0xb863709 24
4 path.c:254 0xb863f39 24
2 path.c:178 0xb863f39 24
1 dynarray.c:84 0xb863659 24
2 dynarray.c:95 0xb863709 16
2 path.c:191 0xb863b09 26
2 path.c:205 0xb863969 6
2 path.c:205 0xb8639b9 8
3 path.c:223 0xb863b09 0xb863b09 26 14
4 path.c:246 0xb863b09 14
4 path.c:31 0xb863969 6
4 path.c:31 0xb8639b9 8
4 dynarray.c:112 0xb863709 16
4 dynarray.c:113 0xb863659 24
4 path.c:254 0xb863f39 24
2 path.c:178 0xb863f39 24
1 dynarray.c:84 0xb863e09 24
2 dynarray.c:95 0xb863659 24
2 path.c:191 0xb863b09 26
2 path.c:205 0xb8639b9 6
2 path.c:205 0xb863969 8
2 path.c:205 0xb8636c9 12
3 path.c:223 0xb863b09 0xb863b09 26 26
4 path.c:246 0xb863b09 26
4 path.c:31 0xb8639b9 6
4 path.c:31 0xb863969 8
4 path.c:31 0xb8636c9 12
4 dynarray.c:112 0xb863659 24
4 dynarray.c:113 0xb863e09 24
4 path.c:254 0xb863f39 24
2 path.c:178 0xb863f39 24
1 dynarray.c:84 0xb863709 24
2 dynarray.c:95 0xb863e09 24
2 path.c:191 0xb863b09 26
2 path.c:205 0xb8636c9 6
2 path.c:205 0xb863969 8
2 path.c:205 0xb8639b9 12
3 path.c:223 0xb863b09 0xb863b09 26 26
1 bdtBad4.c:143 0xb863fe9 32
2 path.c:178 0xb863f09 24
1 dynarray.c:84 0xb863659 24
2 dynarray.c:95 0xb863629 24
2 path.c:191 0xb8640b9 26
2 path.c:205 0xb863e69 6
2 path.c:205 0xb863e89 8
2 path.c:205 0xb863ea9 12
3 path.c:223 0xb8640b9 0xb8640b9 26 26
4 path.c:246 0xb863b09 26
4 path.c:31 0xb8636c9 6
4 path.c:31 0xb863969 8
4 path.c:31 0xb8639b9 12
4 dynarray.c:112 0xb863e09 24
4 dynarray.c:113 0xb863709 24
4 path.c:254 0xb863f39 24
4 path.c:246 0xb8635c9 26
4 path.c:31 0xb8638a9 6
4 path.c:31 0xb8636e9 8
4 path.c:31 0xb863b39 12
4 dynarray.c:112 0xb864079 32
4 dynarray.c:113 0xb863939 24
4 path.c:254 0xb863989 24
2 path.c:128 0xb863989 24
1 dynarray.c:84 0xb863b09 24
2 dynarray.c:95 0xb863939 16
2 path.c:90 0xb863b39 6
2 path.c:90 0xb8636e9 7
2 path.c:90 0xb8638a9 12
3 dynarray.c:69 0xb8640e9 0xb863939 16 32
1 path.c:143 0xb8635c9 25
2 path.c:178 0xb863939 24
1 dynarray.c:84 0xb863f39 24
2 dynarray.c:95 0xb863709 16
2 path.c:191 0xb864129 25
2 path.c:205 0xb8639b9 6
3 path.c:223 0xb864129 0xb864129 25 6
4 path.c:246 0xb864129 6
4 path.c:31 0xb8639b9 6
4 dynarray.c:112 0xb863709 16
4 dynarray.c:113 0xb863f39 24
4 path.c:254 0xb863939 24
2 path.c:178 0xb863939 24
1 dynarray.c:84 0xb863e09 24
2 dynarray.c:95 0xb863f39 16
2 path.c:191 0xb864129 25
2 path.c:205 0xb8639b9 6
2 path.c:205 0xb863969 7
3 path.c:223 0xb864129 0xb864129 25 13
4 path.c:246 0xb864129 13
4 path.c:31 0xb8639b9 6
4 path.c:31 0xb863969 7
4 dynarray.c:112 0xb863f39 16
4 dynarray.c:113 0xb863e09 24
4 path.c:254 0xb863939 24
2 path.c:178 0xb863939 24
1 dynarray.c:84 0xb863709 24
2 dynarray.c:95 0xb863e09 24
2 path.c:191 0xb864129 25
2 path.c:205 0xb863969 6
2 path.c:205 0xb8639b9 7
2 path.c:205 0xb8636c9 12
3 path.c:223 0xb864129 0xb864129 25 25
4 path.c:246 0xb864129 25
4 path.c:31 0xb863969 6
4 path.c:31 0xb8639b9 7
4 path.c:31 0xb8636c9 12
4 dynarray.c:112 0xb863e09 24
4 dynarray.c:113 0xb863709 24
4 path.c:254 0xb863939 24
4 path.c:246 0xb8635c9 25
4 path.c:31 0xb863b39 6
4 path.c:31 0xb8636e9 7
4 path.c:31 0xb8638a9 12
4 dynarray.c:112 0xb8640e9 32
4 dynarray.c:113 0xb863b09 24
4 path.c:254 0xb863989 24
2 path.c:128 0xb863989 24
1 dynarray.c:84 0xb863f39 24
2 dynarray.c:95 0xb863b09 16
2 path.c:90 0xb8638a9 6
2 path.c:90 0xb8636e9 8
2 path.c:90 0xb863b39 12
3 dynarray.c:69 0xb8640e9 0xb863b09 16 32
1 path.c:143 0xb8635c9 26
2 path.c:178 0xb863b09 24
1 dynarray.c:84 0xb863939 24
2 dynarray.c:95 0xb863709 16
2 path.c:191 0xb864129 26
2 path.c:205 0xb8636c9 6
3 path.c:223 0xb864129 0xb864129 26 6
4 path.c:246 0xb864129 6
4 path.c:31 0xb8636c9 6
4 dynarray.c:112 0xb863709 16
4 dynarray.c:113 0xb863939 24
4 path.c:254 0xb863b09 24
2 path.c:178 0xb863b09 24
1 dynarray.c:84 0xb863e09 24
2 dynarray.c:95 0xb863939 16
2 path.c:191 0xb864129 26
2 path.c:205 0xb8636c9 6
2 path.c:205 0xb8639b9 8
3 path.c:223 0xb864129 0xb864129 26 14
4 path.c:246 0xb864129 14
4 path.c:31 0xb8636c9 6
4 path.c:31 0xb8639b9 8
4 dynarray.c:112 0xb863939 16
4 dynarray.c:113 0xb863e09 24
4 path.c:254 0xb863b09 24
2 path.c:178 0xb863b09 24
1 dynarray.c:84 0xb863709 24
2 dynarray.c:95 0xb863e09 24
2 path.c:191 0xb864129 26
2 path.c:205 0xb8639b9 6
2 path.c:205 0xb8636c9 8
2 path.c:205 0xb863969 12
3 path.c:223 0xb864129 0xb864129 26 26
4 path.c:246 0xb864129 26
4 path.c:31 0xb8639b9 6
4 path.c:31 0xb8636c9 8
4 path.c:31 0xb863969 12
4 dynarray.c:112 0xb863e09 24
4 dynarray.c:113 0xb863709 24
4 path.c:254 0xb863b09 24
4 path.c:246 0xb8635c9 26
4 path.c:31 0xb8638a9 6
4 path.c:31 0xb8636e9 8
4 path.c:31 0xb863b39 12
4 dynarray.c:112 0xb8640e9 32
4 dynarray.c:113 0xb863f39 24
4 path.c:254 0xb863989 24
2 path.c:128 0xb863989 24
1 dynarray.c:84 0xb863939 24
2 dynarray.c:95 0xb863f39 16
2 path.c:90 0xb863b39 6
2 path.c:90 0xb8636e9 8
2 path.c:90 0xb8638a9 12
3 dynarray.c:69 0xb8640e9 0xb863f39 16 32
1 path.c:143 0xb8635c9 26
2 path.c:178 0xb863f39 24
1 dynarray.c:84 0xb863b09 24
2 dynarray.c:95 0xb863709 16
2 path.c:191 0xb864129 26
2 path.c:205 0xb863969 6
3 path.c:223 0xb864129 0xb864129 26 6
4 path.c:246 0xb864129 6
4 path.c:31 0xb863969 6
4 dynarray.c:112 0xb863709 16
4 dynarray.c:113 0xb863b09 24
4 path.c:254 0xb863f39 24
2 path.c:178 0xb863f39 24
1 dynarray.c:84 0xb863e09 24
2 dynarray.c:95 0xb863b09 16
2 path.c:191 0xb864129 26
2 path.c:205 0xb863969 6
2 path.c:205 0xb8636c9 8
3 path.c:223 0xb864129 0xb864129 26 14
4 path.c:246 0xb864129 14
4 path.c:31 0xb863969 6
4 path.c:31 0xb8636c9 8
4 dynarray.c:112 0xb863b09 16
4 dynarray.c:113 0xb863e09 24
4 path.c:254 0xb863f39 24
2 path.c:178 0xb863f39 24
1 dynarray.c:84 0xb863709 24
2 dynarray.c:95 0xb863e09 24
2 path.c:191 0xb864129 26
2 path.c:205 0xb8636c9 6
2 path.c:205 0xb863969 8
2 path.c:205 0xb8639b9 12
3 path.c:223 0xb864129 0xb864129 26 26
4 path.c:246 0xb864129 26
4 path.c:31 0xb8636c9 6
4 path.c:31 0xb863969 8
4 path.c:31 0xb8639b9 12
4 dynarray.c:112 0xb863e09 24
4 dynarray.c:113 0xb863709 24
4 path.c:254 0xb863f39 24
4 path.c:246 0xb8635c9 26
4 path.c:31 0xb863b39 6
4 path.c:31 0xb8636e9 8
4 path.c:31 0xb8638a9 12
4 dynarray.c:112 0xb8640e9 32
4 dynarray.c:113 0xb863939 24
4 path.c:254 0xb863989 24
2 path.c:128 0xb863989 24
1 dynarray.c:84 0xb863b09 24
2 dynarray.c:95 0xb863939 16
2 path.c:90 0xb8638a9 6
2 path.c:90 0xb8636e9 8
2 path.c:90 0xb863b39 12
3 dynarray.c:69 0xb8640e9 0xb863939 16 32
2 path.c:90 0xb8639b9 6
1 path.c:143 0xb864079 32
2 path.c:178 0xb863939 24
1 dynarray.c:84 0xb8635c9 24
2 dynarray.c:95 0xb863f39 16
2 path.c:191 0xb864159 32
2 path.c:205 0xb863969 6
3 path.c:223 0xb864159 0xb864159 32 6
4 path.c:246 0xb864159 6
4 path.c:31 0xb863969 6
4 dynarray.c:112 0xb863f39 16
4 dynarray.c:113 0xb8635c9 24
4 path.c:254 0xb863939 24
2 path.c:178 0xb863939 24
1 dynarray.c:84 0xb863709 24
2 dynarray.c:95 0xb8635c9 16
2 path.c:191 0xb864199 32
2 path.c:205 0xb863969 6
2 path.c:205 0xb864159 8
3 path.c:223 0xb864199 0xb864199 32 14
4 path.c:246 0xb864199 14
4 path.c:31 0xb863969 6
4 path.c:31 0xb864159 8
4 dynarray.c:112 0xb8635c9 16
4 dynarray.c:113 0xb863709 24
4 path.c:254 0xb863939 24
2 path.c:178 0xb863939 24
1 dynarray.c:84 0xb863f39 24
2 dynarray.c:95 0xb863709 24
2 path.c:191 0xb8641d9 32
2 path.c:205 0xb864159 6
2 path.c:205 0xb863969 8
2 path.c:205 0xb864199 12
3 path.c:223 0xb8641d9 0xb8641d9 32 26
4 path.c:246 0xb8641d9 26
4 path.c:31 0xb864159 6
4 path.c:31 0xb863969 8
4 path.c:31 0xb864199 12
4 dynarray.c:112 0xb863709 24
4 dynarray.c:113 0xb863f39 24
4 path.c:254 0xb863939 24
2 path.c:178 0xb863939 24
1 dynarray.c:84 0xb8635c9 24
2 dynarray.c:95 0xb864219 32
2 path.c:191 0xb864259 32
2 path.c:205 0xb864199 6
2 path.c:205 0xb863969 8
2 path.c:205 0xb864159 12
2 path.c:205 0xb8641b9 6
3 path.c:223 0xb864259 0xb864259 32 32
4 path.c:246 0xb864259 32
4 path.c:31 0xb864199 6
4 path.c:31 0xb863969 8
4 path.c:31 0xb864159 12
4 path.c:31 0xb8641b9 6
4 dynarray.c:112 0xb864219 32
4 dynarray.c:113 0xb8635c9 24
4 path.c:254 0xb863939 24
2 path.c:178 0xb863939 24
1 dynarray.c:84 0xb8635c9 24
2 dynarray.c:95 0xb864219 32
2 path.c:191 0xb864259 32
2 path.c:205 0xb8641b9 6
2 path.c:205 0xb864159 8
2 path.c:205 0xb863969 12
2 path.c:205 0xb864199 6
3 path.c:223 0xb864259 0xb864259 32 32
1 bdtBad4.c:143 0xb8641d9 32
2 path.c:178 0xb863f39 24
1 dynarray.c:84 0xb863709 24
2 dynarray.c:95 0xb864299 32
2 path.c:191 0xb8642d9 32
2 path.c:205 0xb864179 6
2 path.c:205 0xb8636c9 8
2 path.c:205 0xb864319 12
2 path.c:205 0xb864339 6
3 path.c:223 0xb8642d9 0xb8642d9 32 32
4 path.c:246 0xb864259 32
4 path.c:31 0xb8641b9 6
4 path.c:31 0xb864159 8
4 path.c:31 0xb863969 12
4 path.c:31 0xb864199 6
4 dynarray.c:112 0xb864219 32
4 dynarray.c:113 0xb8635c9 24
4 path.c:254 0xb863939 24
4 path.c:246 0xb864079 32
4 path.c:31 0xb8638a9 6
4 path.c:31 0xb8636e9 8
4 path.c:31 0xb863b39 12
4 path.c:31 0xb8639b9 6
4 dynarray.c:112 0xb8640e9 32
4 dynarray.c:113 0xb863b09 24
4 path.c:254 0xb863989 24
2 path.c:128 0xb863989 24
1 dynarray.c:84 0xb8635c9 24
2 dynarray.c:95 0xb863b09 16
2 path.c:90 0xb8639b9 6
2 path.c:90 0xb863b39 8
2 path.c:90 0xb8636e9 12
3 dynarray.c:69 0xb8640e9 0xb863b09 16 32
2 path.c:90 0xb8638a9 6
1 path.c:143 0xb864259 32
2 path.c:178 0xb863b09 24
1 dynarray.c:84 0xb863939 24
2 dynarray.c:95 0xb863e09 16
2 path.c:191 0xb864079 32
2 path.c:205 0xb864199 6
3 path.c:223 0xb864079 0xb864079 32 6
4 path.c:246 0xb864079 6
4 path.c:31 0xb864199 6
4 dynarray.c:112 0xb863e09 16
4 dynarray.c:113 0xb863939 24
4 path.c:254 0xb863b09 24
2 path.c:178 0xb863b09 24
1 dynarray.c:84 0xb864129 24
2 dynarray.c:95 0xb863939 16
2 path.c:191 0xb864359 32
2 path.c:205 0xb864199 6
2 path.c:205 0xb864079 8
3 path.c:223 0xb864359 0xb864359 32 14
4 path.c:246 0xb864359 14
4 path.c:31 0xb864199 6
4 path.c:31 0xb864079 8
4 dynarray.c:112 0xb863939 16
4 dynarray.c:113 0xb864129 24
4 path.c:254 0xb863b09 24
2 path.c:178 0xb863b09 24
1 dynarray.c:84 0xb863e09 24
2 dynarray.c:95 0xb864129 24
2 path.c:191 0xb864399 32
2 path.c:205 0xb864079 6
2 path.c:205 0xb864199 8
2 path.c:205 0xb864359 12
3 path.c:223 0xb864399 0xb864399 32 26
4 path.c:246 0xb864399 26
4 path.c:31 0xb864079 6
4 path.c:31 0xb864199 8
4 path.c:31 0xb864359 12
4 dynarray.c:112 0xb864129 24
4 dynarray.c:113 0xb863e09 24
4 path.c:254 0xb863b09 24
2 path.c:178 0xb863b09 24
1 dynarray.c:84 0xb863939 24
2 dynarray.c:95 0xb864399 32
2 path.c:191 0xb8643d9 32
2 path.c:205 0xb864359 6
2 path.c:205 0xb864199 8
2 path.c:205 0xb864079 12
2 path.c:205 0xb864379 6
3 path.c:223 0xb8643d9 0xb8643d9 32 32
4 path.c:246 0xb8643d9 32
4 path.c:31 0xb864359 6
4 path.c:31 0xb864199 8
4 path.c:31 0xb864079 12
4 path.c:31 0xb864379 6
4 dynarray.c:112 0xb864399 32
4 dynarray.c:113 0xb863939 24
4 path.c:254 0xb863b09 24
4 path.c:246 0xb864259 32
4 path.c:31 0xb8639b9 6
4 path.c:31 0xb863b39 8
4 path.c:31 0xb8636e9 12
4 path.c:31 0xb8638a9 6
4 dynarray.c:112 0xb8640e9 32
4 dynarray.c:113 0xb8635c9 24
4 path.c:254 0xb863989 24
1 dynarray.c:84 0xb863939 24
2 dynarray.c:95 0xb864419 48
1 bdtBad4.c:663 0xb864469 111
4 dynarray.c:112 0xb864419 48
4 dynarray.c:113 0xb863939 24
6 bdt_client.c:96 0xb864469
4 bdt_client.c:96 0xb864469 111
2 path.c:128 0xb863989 24
1 dynarray.c:84 0xb863939 24
2 dynarray.c:95 0xb8635c9 16
2 path.c:90 0xb8638a9 6
2 path.c:90 0xb8636e9 8
2 path.c:90 0xb863b39 12
3 dynarray.c:69 0xb8640e9 0xb8635c9 16 32
2 path.c:90 0xb8639b9 6
1 path.c:143 0xb864219 32
2 path.c:178 0xb8635c9 24
1 dynarray.c:84 0xb863b09 24
2 dynarray.c:95 0xb863e09 16
2 path.c:191 0xb864259 32
2 path.c:205 0xb864379 6
3 path.c:223 0xb864259 0xb864259 32 6
4 path.c:246 0xb864259 6
4 path.c:31 0xb864379 6
4 dynarray.c:112 0xb863e09 16
4 dynarray.c:113 0xb863b09 24
4 path.c:254 0xb8635c9 24
2 path.c:178 0xb8635c9 24
1 dynarray.c:84 0xb864129 24
2 dynarray.c:95 0xb863b09 16
2 path.c:191 0xb8643d9 32
2 path.c:205 0xb864379 6
2 path.c:205 0xb864259 8
3 path.c:223 0xb8643d9 0xb8643d9 32 14
4 path.c:246 0xb8643d9 14
4 path.c:31 0xb864379 6
4 path.c:31 0xb864259 8
4 dynarray.c:112 0xb863b09 16
4 dynarray.c:113 0xb864129 24
4 path.c:254 0xb8635c9 24
2 path.c:178 0xb8635c9 24
1 dynarray.c:84 0xb863e09 24
2 dynarray.c:95 0xb864129 24
2 path.c:191 0xb8644f9 32
2 path.c:205 0xb864259 6
2 path.c:205 0xb864379 8
2 path.c:205 0xb8643d9 12
3 path.c:223 0xb8644f9 0xb8644f9 32 26
4 path.c:246 0xb8644f9 26
4 path.c:31 0xb864259 6
4 path.c:31 0xb864379 8
4 path.c:31 0xb8643d9 12
4 dynarray.c:112 0xb864129 24
4 dynarray.c:113 0xb863e09 24
4 path.c:254 0xb8635c9 24
2 path.c:178 0xb8635c9 24
1 dynarray.c:84 0xb863b09 24
2 dynarray.c:95 0xb8644f9 32
2 path.c:191 0xb864539 32
2 path.c:205 0xb8643d9 6
2 path.c:205 0xb864379 8
2 path.c:205 0xb864259 12
2 path.c:205 0xb8643f9 6
3 path.c:223 0xb864539 0xb864539 32 32
4 path.c:246 0xb864539 32
4 path.c:31 0xb8643d9 6
4 path.c:31 0xb864379 8
4 path.c:31 0xb864259 12
4 path.c:31 0xb8643f9 6
4 dynarray.c:112 0xb8644f9 32
4 dynarray.c:113 0xb863b09 24
4 path.c:254 0xb8635c9 24
4 path.c:246 0xb864219 32
4 path.c:31 0xb8638a9 6
4 path.c:31 0xb8636e9 8
4 path.c:31 0xb863b39 12
4 path.c:31 0xb8639b9 6
4 dynarray.c:112 0xb8640e9 32
4 dynarray.c:113 0xb863939 24
4 path.c:254 0xb863989 24
2 path.c:128 0xb863989 24
1 dynarray.c:84 0xb863b09 24
2 dynarray.c:95 0xb863939 16
2 path.c:90 0xb8639b9 6
2 path.c:90 0xb863b39 8
2 path.c:90 0xb8636e9 8
3 dynarray.c:69 0xb8640e9 0xb863939 16 32
1 path.c:143 0xb8635c9 22
2 path.c:178 0xb863939 24
1 dynarray.c:84 0xb863e09 24
2 dynarray.c:95 0xb864129 16
2 path.c:191 0xb864579 22
2 path.c:205 0xb8638a9 6
3 path.c:223 0xb864579 0xb864579 22 6
4 path.c:246 0xb864579 6
4 path.c:31 0xb8638a9 6
4 dynarray.c:112 0xb864129 16
4 dynarray.c:113 0xb863e09 24
4 path.c:254 0xb863939 24
2 path.c:178 0xb863939 24
1 dynarray.c:84 0xb864579 24
2 dynarray.c:95 0xb863e09 16
2 path.c:191 0xb8645a9 22
2 path.c:205 0xb8638a9 6
2 path.c:205 0xb8643f9 8
3 path.c:223 0xb8645a9 0xb8645a9 22 14
4 path.c:246 0xb8645a9 14
4 path.c:31 0xb8638a9 6
4 path.c:31 0xb8643f9 8
4 dynarray.c:112 0xb863e09 16
4 dynarray.c:113 0xb864579 24
4 path.c:254 0xb863939 24
2 path.c:178 0xb863939 24
1 dynarray.c:84 0xb864129 24
2 dynarray.c:95 0xb864579 24
2 path.c:191 0xb8645a9 22
2 path.c:205 0xb8643f9 6
2 path.c:205 0xb8638a9 8
2 path.c:205 0xb864259 8
3 path.c:223 0xb8645a9 0xb8645a9 22 22
4 path.c:246 0xb8645a9 22
4 path.c:31 0xb8643f9 6
4 path.c:31 0xb8638a9 8
4 path.c:31 0xb864259 8
4 dynarray.c:112 0xb864579 24
4 dynarray.c:113 0xb864129 24
4 path.c:254 0xb863939 24
4 path.c:246 0xb8635c9 22
4 path.c:31 0xb8639b9 6
4 path.c:31 0xb863b39 8
4 path.c:31 0xb8636e9 8
4 dynarray.c:112 0xb8640e9 32
4 dynarray.c:113 0xb863b09 24
4 path.c:254 0xb863989 24
2 path.c:128 0xb863989 24
1 dynarray.c:84 0xb863e09 24
2 dynarray.c:95 0xb863b09 16
2 path.c:90 0xb8636e9 6
2 path.c:90 0xb863b39 8
2 path.c:90 0xb8639b9 8
3 dynarray.c:69 0xb8640e9 0xb863b09 16 32
1 path.c:143 0xb8635c9 22
2 path.c:178 0xb863b09 24
1 dynarray.c:84 0xb863939 24
2 dynarray.c:95 0xb864129 16
2 path.c:191 0xb8645a9 22
2 path.c:205 0xb864259 6
3 path.c:223 0xb8645a9 0xb8645a9 22 6
4 path.c:246 0xb8645a9 6
4 path.c:31 0xb864259 6
4 dynarray.c:112 0xb864129 16
4 dynarray.c:113 0xb863939 24
4 path.c:254 0xb863b09 24
2 path.c:178 0xb863b09 24
1 dynarray.c:84 0xb864579 24
2 dynarray.c:95 0xb863939 16
2 path.c:191 0xb8645a9 22
2 path.c:205 0xb864259 6
2 path.c:205 0xb8638a9 8
3 path.c:223 0xb8645a9 0xb8645a9 22 14
4 path.c:246 0xb8645a9 14
4 path.c:31 0xb864259 6
4 path.c:31 0xb8638a9 8
4 dynarray.c:112 0xb863939 16
4 dynarray.c:113 0xb864579 24
4 path.c:254 0xb863b09 24
2 path.c:178 0xb863b09 24
1 dynarray.c:84 0xb864129 24
2 dynarray.c:95 0xb864579 24
2 path.c:191 0xb8645a9 22
2 path.c:205 0xb8638a9 6
2 path.c:205 0xb864259 8
2 path.c:205 0xb8643f9 8
3 path.c:223 0xb8645a9 0xb8645a9 22 22
4 path.c:246 0xb8645a9 22
4 path.c:31 0xb8638a9 6
4 path.c:31 0xb864259 8
4 path.c:31 0xb8643f9 8
4 dynarray.c:112 0xb864579 24
4 dynarray.c:113 0xb864129 24
4 path.c:254 0xb863b09 24
4 path.c:246 0xb8635c9 22
4 path.c:31 0xb8636e9 6
4 path.c:31 0xb863b39 8
4 path.c:31 0xb8639b9 8
4 dynarray.c:112 0xb8640e9 32
4 dynarray.c:113 0xb863e09 24
4 path.c:254 0xb863989 24
2 path.c:128 0xb863989 24
1 dynarray.c:84 0xb863939 24
2 dynarray.c:95 0xb863e09 16
2 path.c:90 0xb8639b9 6
2 path.c:90 0xb863b39 8
2 path.c:90 0xb8636e9 8
3 dynarray.c:69 0xb8640e9 0xb863e09 16 32
1 path.c:143 0xb8635c9 22
2 path.c:178 0xb863e09 24
1 dynarray.c:84 0xb863b09 24
2 dynarray.c:95 0xb864129 16
2 path.c:191 0xb8645a9 22
2 path.c:205 0xb8643f9 6
3 path.c:223 0xb8645a9 0xb8645a9 22 6
4 path.c:246 0xb8645a9 6
4 path.c:31 0xb8643f9 6
4 dynarray.c:112 0xb864129 16
4 dynarray.c:113 0xb863b09 24
4 path.c:254 0xb863e09 24
2 path.c:178 0xb863e09 24
1 dynarray.c:84 0xb864579 24
2 dynarray.c:95 0xb863b09 16
2 path.c:191 0xb8645a9 22
2 path.c:205 0xb8643f9 6
2 path.c:205 0xb864259 8
3 path.c:223 0xb8645a9 0xb8645a9 22 14
4 path.c:246 0xb8645a9 14
4 path.c:31 0xb8643f9 6
4 path.c:31 0xb864259 8
4 dynarray.c:112 0xb863b09 16
4 dynarray.c:113 0xb864579 24
4 path.c:254 0xb863e09 24
2 path.c:178 0xb863e09 24
1 dynarray.c:84 0xb864129 24
2 dynarray.c:95 0xb864579 24
2 path.c:191 0xb8645a9 22
2 path.c:205 0xb864259 6
2 path.c:205 0xb8643f9 8
2 path.c:205 0xb8638a9 8
3 path.c:223 0xb8645a9 0xb8645a9 22 22
4 path.c:246 0xb8645a9 22
4 path.c:31 0xb864259 6
4 path.c:31 0xb8643f9 8
4 path.c:31 0xb8638a9 8
4 dynarray.c:112 0xb864579 24
4 dynarray.c:113 0xb864129 24
4 path.c:254 0xb863e09 24
4 path.c:246 0xb8635c9 22
4 path.c:31 0xb8639b9 6
4 path.c:31 0xb863b39 8
4 path.c:31 0xb8636e9 8
4 dynarray.c:112 0xb8640e9 32
4 dynarray.c:113 0xb863939 24
4 path.c:254 0xb863989 24
2 path.c:128 0xb863989 24
1 dynarray.c:84 0xb863b09 24
2 dynarray.c:95 0xb863939 16
2 path.c:90 0xb8636e9 6
2 path.c:90 0xb863b39 8
1 path.c:143 0xb863889 14
2 path.c:178 0xb863e09 24
1 dynarray.c:84 0xb8635c9 24
2 dynarray.c:95 0xb864129 16
2 path.c:191 0xb8639b9 14
2 path.c:205 0xb8643f9 6
3 path.c:223 0xb8639b9 0xb8639b9 14 6
4 path.c:246 0xb8639b9 6
4 path.c:31 0xb8643f9 6
4 dynarray.c:112 0xb864129 16
4 dynarray.c:113 0xb8635c9 24
4 path.c:254 0xb863e09 24
2 path.c:178 0xb863e09 24
1 dynarray.c:84 0xb864579 24
2 dynarray.c:95 0xb8635c9 16
2 path.c:191 0xb8643f9 14
2 path.c:205 0xb8639b9 6
2 path.c:205 0xb864259 8
3 path.c:223 0xb8643f9 0xb8643f9 14 14
4 path.c:246 0xb8643f9 14
4 path.c:31 0xb8639b9 6
4 path.c:31 0xb864259 8
4 dynarray.c:112 0xb8635c9 16
4 dynarray.c:113 0xb864579 24
4 path.c:254 0xb863e09 24
4 path.c:246 0xb863889 14
4 path.c:31 0xb8636e9 6
4 path.c:31 0xb863b39 8
4 dynarray.c:112 0xb863939 16
4 dynarray.c:113 0xb863b09 24
4 path.c:254 0xb863989 24
4 path.c:246 0xb8642d9 32
4 path.c:31 0xb864179 6
4 path.c:31 0xb8636c9 8
4 path.c:31 0xb864319 12
4 path.c:31 0xb864339 6
4 dynarray.c:112 0xb864299 32
4 dynarray.c:113 0xb863709 24
4 path.c:254 0xb863f39 24
4 bdtBad4.c:263 0xb8641d9 32
4 path.c:246 0xb8640b9 26
4 path.c:31 0xb863e69 6
4 path.c:31 0xb863e89 8
4 path.c:31 0xb863ea9 12
4 dynarray.c:112 0xb863629 24
4 dynarray.c:113 0xb863659 24
4 path.c:254 0xb863f09 24
4 bdtBad4.c:263 0xb863fe9 32
4 path.c:246 0xb863da9 14
4 path.c:31 0xb863dc9 6
4 path.c:31 0xb863de9 8
4 dynarray.c:112 0xb863d79 16
4 dynarray.c:113 0xb8639d9 24
4 path.c:254 0xb863cc9 24
4 bdtBad4.c:263 0xb863d39 32
2 path.c:128 0xb863cc9 24
1 dynarray.c:84 0xb864129 24
2 dynarray.c:95 0xb8639d9 16
2 path.c:90 0xb863de9 6
1 path.c:143 0xb8638a9 6
2 path.c:178 0xb863f09 24
1 dynarray.c:84 0xb863d79 24
2 dynarray.c:95 0xb863659 16
2 path.c:191 0xb863dc9 6
2 path.c:205 0xb863ea9 6
3 path.c:223 0xb863dc9 0xb863dc9 6 6
4 path.c:246 0xb863dc9 6
4 path.c:31 0xb863ea9 6
4 dynarray.c:112 0xb863659 16
4 dynarray.c:113 0xb863d79 24
4 path.c:254 0xb863f09 24
4 path.c:246 0xb8638a9 6
4 path.c:31 0xb863de9 6
4 dynarray.c:112 0xb8639d9 16
4 dynarray.c:113 0xb864129 24
4 path.c:254 0xb863cc9 24
2 path.c:128 0xb863cc9 24
1 dynarray.c:84 0xb863629 24
2 dynarray.c:95 0xb864129 16
2 path.c:90 0xb863de9 6
2 path.c:90 0xb8638a9 7
1 path.c:143 0xb863da9 13
2 path.c:178 0xb863f09 24
1 dynarray.c:84 0xb8639d9 24
2 dynarray.c:95 0xb863d79 16
2 path.c:191 0xb863ea9 13
2 path.c:205 0xb863e89 6
3 path.c:223 0xb863ea9 0xb863ea9 13 6
4 path.c:246 0xb863ea9 6
4 path.c:31 0xb863e89 6
4 dynarray.c:112 0xb863d79 16
4 dynarray.c:113 0xb8639d9 24
4 path.c:254 0xb863f09 24
2 path.c:178 0xb863f09 24
1 dynarray.c:84 0xb863659 24
2 dynarray.c:95 0xb8639d9 16
2 path.c:191 0xb863e89 13
2 path.c:205 0xb863ea9 6
2 path.c:205 0xb863e69 7
3 path.c:223 0xb863e89 0xb863e89 13 13
4 path.c:246 0xb863e89 13
4 path.c:31 0xb863ea9 6
4 path.c:31 0xb863e69 7
4 dynarray.c:112 0xb8639d9 16
4 dynarray.c:113 0xb863659 24
4 path.c:254 0xb863f09 24
4 path.c:246 0xb863da9 13
4 path.c:31 0xb863de9 6
4 path.c:31 0xb8638a9 7
4 dynarray.c:112 0xb864129 16
4 dynarray.c:113 0xb863629 24
4 path.c:254 0xb863cc9 24
2 path.c:128 0xb863cc9 24
1 dynarray.c:84 0xb863d79 24
2 dynarray.c:95 0xb863629 16
2 path.c:90 0xb8638a9 6
2 path.c:90 0xb863de9 8
1 path.c:143 0xb863dc9 14
2 path.c:178 0xb863f09 24
1 dynarray.c:84 0xb864129 24
2 dynarray.c:95 0xb863659 16
2 path.c:191 0xb863da9 14
2 path.c:205 0xb863ea9 6
3 path.c:223 0xb863da9 0xb863da9 14 6
4 path.c:246 0xb863da9 6
4 path.c:31 0xb863ea9 6
4 dynarray.c:112 0xb863659 16
4 dynarray.c:113 0xb864129 24
4 path.c:254 0xb863f09 24
2 path.c:178 0xb863f09 24
1 dynarray.c:84 0xb8639d9 24
2 dynarray.c:95 0xb864129 16
2 path.c:191 0xb863ea9 14
2 path.c:205 0xb863da9 6
2 path.c:205 0xb863e89 8
3 path.c:223 0xb863ea9 0xb863ea9 14 14
4 path.c:246 0xb863ea9 14
4 path.c:31 0xb863da9 6
4 path.c:31 0xb863e89 8
4 dynarray.c:112 0xb864129 16
4 dynarray.c:113 0xb8639d9 24
4 path.c:254 0xb863f09 24
4 path.c:246 0xb863dc9 14
4 path.c:31 0xb8638a9 6
4 path.c:31 0xb863de9 8
4 dynarray.c:112 0xb863629 16
4 dynarray.c:113 0xb863d79 24
4 path.c:254 0xb863cc9 24
2 path.c:128 0xb863cc9 24
1 dynarray.c:84 0xb863659 24
2 dynarray.c:95 0xb863d79 16
2 path.c:90 0xb863de9 6
2 path.c:90 0xb8638a9 8
2 path.c:90 0xb863dc9 12
3 dynarray.c:69 0xb863d39 0xb863d79 16 32
1 path.c:143 0xb863629 26
2 path.c:178 0xb863d79 24
1 dynarray.c:84 0xb863f09 24
2 dynarray.c:95 0xb8639d9 16
2 path.c:191 0xb8640b9 26
2 path.c:205 0xb863e89 6
3 path.c:223 0xb8640b9 0xb8640b9 26 6
4 path.c:246 0xb8640b9 6
4 path.c:31 0xb863e89 6
4 dynarray.c:112 0xb8639d9 16
4 dynarray.c:113 0xb863f09 24
4 path.c:254 0xb863d79 24
2 path.c:178 0xb863d79 24
1 dynarray.c:84 0xb864129 24
2 dynarray.c:95 0xb863f09 16
2 path.c:191 0xb8640b9 26
2 path.c:205 0xb863e89 6
2 path.c:205 0xb863da9 8
3 path.c:223 0xb8640b9 0xb8640b9 26 14
4 path.c:246 0xb8640b9 14
4 path.c:31 0xb863e89 6
4 path.c:31 0xb863da9 8
4 dynarray.c:112 0xb863f09 16
4 dynarray.c:113 0xb864129 24
4 path.c:254 0xb863d79 24
4 path.c:246 0xb863629 26
4 path.c:31 0xb863de9 6
4 path.c:31 0xb8638a9 8
4 path.c:31 0xb863dc9 12
4 dynarray.c:112 0xb863d39 32
4 dynarray.c:113 0xb863659 24
4 path.c:254 0xb863cc9 24
2 path.c:128 0xb863cc9 24
1 dynarray.c:84 0xb8639d9 24
2 dynarray.c:95 0xb863659 16
2 path.c:90 0xb863dc9 6
2 path.c:90 0xb8638a9 8
2 path.c:90 0xb863de9 12
3 dynarray.c:69 0xb863d39 0xb863659 16 32
2 path.c:90 0xb863da9 6
1 path.c:143 0xb864399 32
2 path.c:178 0xb863659 24
1 dynarray.c:84 0xb863629 24
2 dynarray.c:95 0xb863d79 16
2 path.c:191 0xb863fe9 32
2 path.c:205 0xb863e89 6
3 path.c:223 0xb863fe9 0xb863fe9 32 6
4 path.c:246 0xb863fe9 6
4 path.c:31 0xb863e89 6
4 dynarray.c:112 0xb863d79 16
4 dynarray.c:113 0xb863629 24
4 path.c:254 0xb863659 24
2 path.c:178 0xb863659 24
1 dynarray.c:84 0xb864129 24
2 dynarray.c:95 0xb863629 16
2 path.c:191 0xb864299 32
2 path.c:205 0xb863e89 6
2 path.c:205 0xb863fe9 8
3 path.c:223 0xb864299 0xb864299 32 14
4 path.c:246 0xb864299 14
4 path.c:31 0xb863e89 6
4 path.c:31 0xb863fe9 8
4 dynarray.c:112 0xb863629 16
4 dynarray.c:113 0xb864129 24
4 path.c:254 0xb863659 24
4 path.c:246 0xb864399 32
4 path.c:31 0xb863dc9 6
4 path.c:31 0xb8638a9 8
4 path.c:31 0xb863de9 12
4 path.c:31 0xb863da9 6
4 dynarray.c:112 0xb863d39 32
4 dynarray.c:113 0xb8639d9 24
4 path.c:254 0xb863cc9 24
1 dynarray.c:84 0xb863d79 24
2 dynarray.c:95 0xb863cc9 24
1 bdtBad4.c:663 0xb8641d9 42
4 dynarray.c:112 0xb863cc9 24
4 dynarray.c:113 0xb863d79 24
6 bdt_client.c:113 0xb8641d9
4 bdt_client.c:113 0xb8641d9 42
2 path.c:128 0xb863d79 24
1 dynarray.c:84 0xb8639d9 24
2 dynarray.c:95 0xb863cc9 16
2 path.c:90 0xb863da9 13
1 path.c:143 0xb863e69 13
2 path.c:178 0xb864129 24
1 dynarray.c:84 0xb863659 24
2 dynarray.c:95 0xb863629 16
2 path.c:191 0xb863de9 13
2 path.c:205 0xb863dc9 13
3 path.c:223 0xb863de9 0xb863de9 13 13
4 path.c:246 0xb863de9 13
4 path.c:31 0xb863dc9 13
4 dynarray.c:112 0xb863629 16
4 dynarray.c:113 0xb863659 24
4 path.c:254 0xb864129 24
4 path.c:246 0xb863e69 13
4 path.c:31 0xb863da9 13
4 dynarray.c:112 0xb863cc9 16
4 dynarray.c:113 0xb8639d9 24
4 path.c:254 0xb863d79 24
2 path.c:128 0xb863d79 24
1 dynarray.c:84 0xb863f09 24
2 dynarray.c:95 0xb8639d9 16
2 path.c:90 0xb863da9 6
1 path.c:143 0xb8638a9 6
2 path.c:178 0xb864129 24
1 dynarray.c:84 0xb863cc9 24
2 dynarray.c:95 0xb863659 16
2 path.c:191 0xb863e69 6
2 path.c:205 0xb863de9 6
3 path.c:223 0xb863e69 0xb863e69 6 6
4 path.c:246 0xb863e69 6
4 path.c:31 0xb863de9 6
4 dynarray.c:112 0xb863659 16
4 dynarray.c:113 0xb863cc9 24
4 path.c:254 0xb864129 24
4 path.c:246 0xb8638a9 6
4 path.c:31 0xb863da9 6
4 dynarray.c:112 0xb8639d9 16
4 dynarray.c:113 0xb863f09 24
4 path.c:254 0xb863d79 24
4 path.c:246 0xb863bf9 25
4 path.c:31 0xb863c29 6
4 path.c:31 0xb863c49 7
4 path.c:31 0xb863c69 12
4 dynarray.c:112 0xb863bc9 24
4 dynarray.c:113 0xb863909 24
4 path.c:254 0xb863b99 24
4 bdtBad4.c:263 0xb863b59 32
4 path.c:246 0xb863aa9 13
4 path.c:31 0xb863ac9 6
4 path.c:31 0xb863ae9 7
4 dynarray.c:112 0xb863a79 16
4 dynarray.c:113 0xb863599 24
4 path.c:254 0xb863a49 24
4 bdtBad4.c:263 0xb863a09 32
4 path.c:246 0xb863849 6
4 path.c:31 0xb863869 6
4 dynarray.c:112 0xb863819 16
4 dynarray.c:113 0xb8635f9 24
4 path.c:254 0xb8637e9 24
4 bdtBad4.c:263 0xb8637a9 32
2 path.c:128 0xb8637e9 24
1 dynarray.c:84 0xb863629 24
2 dynarray.c:95 0xb8635f9 16
2 path.c:90 0xb863869 6
2 path.c:90 0xb863849 7
1 path.c:143 0xb863dc9 13
4 path.c:246 0xb863dc9 13
4 path.c:31 0xb863869 6
4 path.c:31 0xb863849 7
4 dynarray.c:112 0xb8635f9 16
4 dynarray.c:113 0xb863629 24
4 path.c:254 0xb8637e9 24
2 path.c:128 0xb8637e9 24
1 dynarray.c:84 0xb863819 24
2 dynarray.c:95 0xb863629 16
2 path.c:90 0xb863849 6
1 path.c:143 0xb863dc9 6
4 path.c:246 0xb863dc9 6
4 path.c:31 0xb863849 6
4 dynarray.c:112 0xb863629 16
4 dynarray.c:113 0xb863819 24
4 path.c:254 0xb8637e9 24
2 path.c:128 0xb8637e9 24
1 dynarray.c:84 0xb8635f9 24
2 dynarray.c:95 0xb863819 16
2 path.c:90 0xb863849 6
1 path.c:143 0xb863dc9 6
4 path.c:246 0xb863dc9 6
4 path.c:31 0xb863849 6
4 dynarray.c:112 0xb863819 16
4 dynarray.c:113 0xb8635f9 24
4 path.c:254 0xb8637e9 24
2 path.c:128 0xb8637e9 24
1 dynarray.c:84 0xb863629 24
2 dynarray.c:95 0xb8635f9 16
2 path.c:90 0xb863849 13
1 path.c:143 0xb863dc9 13
4 path.c:246 0xb863dc9 13
4 path.c:31 0xb863849 13
4 dynarray.c:112 0xb8635f9 16
4 dynarray.c:113 0xb863629 24
4 path.c:254 0xb8637e9 24
1 dynarray.c:84 0xb863819 24
2 dynarray.c:95 0xb8637e9 16
1 bdtBad4.c:663 0xb863dc9 1
4 dynarray.c:112 0xb8637e9 16
4 dynarray.c:113 0xb863819 24
4 bdt_client.c:124 0xb863dc9 1
2 path.c:128 0xb863819 24
1 dynarray.c:84 0xb863629 24
2 dynarray.c:95 0xb8637e9 16
2 path.c:90 0xb863849 2
2 path.c:90 0xb863869 2
1 path.c:143 0xb863dc9 4
2 path.c:178 0xb863a49 24
1 dynarray.c:84 0xb8635f9 24
2 dynarray.c:95 0xb863599 16
2 path.c:191 0xb863ae9 4
2 path.c:205 0xb863aa9 2
3 path.c:223 0xb863ae9 0xb863ae9 4 2
1 bdtBad4.c:143 0xb8641d9 32
2 path.c:178 0xb863b99 24
1 dynarray.c:84 0xb863a79 24
2 dynarray.c:95 0xb863909 16
2 path.c:191 0xb863c69 2
2 path.c:205 0xb863c49 2
3 path.c:223 0xb863c69 0xb863c69 2 2
4 path.c:246 0xb863ae9 2
4 path.c:31 0xb863aa9 2
4 dynarray.c:112 0xb863599 16
4 dynarray.c:113 0xb8635f9 24
4 path.c:254 0xb863a49 24
2 path.c:178 0xb863a49 24
1 dynarray.c:84 0xb863bc9 24
2 dynarray.c:95 0xb8635f9 16
2 path.c:191 0xb863aa9 4
2 path.c:205 0xb863ae9 2
2 path.c:205 0xb863c29 2
3 path.c:223 0xb863aa9 0xb863aa9 4 4
1 bdtBad4.c:143 0xb863fa9 32
2 path.c:178 0xb863bf9 24
1 dynarray.c:84 0xb863599 24
2 dynarray.c:95 0xb863d79 16
2 path.c:191 0xb863da9 4
2 path.c:205 0xb8638a9 2
2 path.c:205 0xb863de9 2
3 path.c:223 0xb863da9 0xb863da9 4 4
4 path.c:246 0xb863aa9 4
4 path.c:31 0xb863ae9 2
4 path.c:31 0xb863c29 2
4 dynarray.c:112 0xb8635f9 16
4 dynarray.c:113 0xb863bc9 24
4 path.c:254 0xb863a49 24
4 path.c:246 0xb863dc9 4
4 path.c:31 0xb863849 2
4 path.c:31 0xb863869 2
4 dynarray.c:112 0xb8637e9 16
4 dynarray.c:113 0xb863629 24
4 path.c:254 0xb863819 24
1 dynarray.c:84 0xb863f09 24
2 dynarray.c:95 0xb863819 16
1 bdtBad4.c:663 0xb863ac9 5
4 dynarray.c:112 0xb863819 16
4 dynarray.c:113 0xb863f09 24
6 bdt_client.c:136 0xb863ac9
4 bdt_client.c:136 0xb863ac9 5
2 path.c:128 0xb863f09 24
1 dynarray.c:84 0xb863629 24
2 dynarray.c:95 0xb863819 16
2 path.c:90 0xb863869 2
2 path.c:90 0xb863849 2
1 path.c:143 0xb863ac9 4
2 path.c:178 0xb863a49 24
1 dynarray.c:84 0xb8637e9 24
2 dynarray.c:95 0xb863bc9 16
2 path.c:191 0xb863dc9 4
2 path.c:205 0xb863ae9 2
3 path.c:223 0xb863dc9 0xb863dc9 4 2
4 path.c:246 0xb863dc9 2
4 path.c:31 0xb863ae9 2
4 dynarray.c:112 0xb863bc9 16
4 dynarray.c:113 0xb8637e9 24
4 path.c:254 0xb863a49 24
2 path.c:178 0xb863a49 24
1 dynarray.c:84 0xb8635f9 24
2 dynarray.c:95 0xb8637e9 16
2 path.c:191 0xb863ae9 4
2 path.c:205 0xb863dc9 2
2 path.c:205 0xb863aa9 2
3 path.c:223 0xb863ae9 0xb863ae9 4 4
4 path.c:246 0xb863ae9 4
4 path.c:31 0xb863dc9 2
4 path.c:31 0xb863aa9 2
4 dynarray.c:112 0xb8637e9 16
4 dynarray.c:113 0xb8635f9 24
4 path.c:254 0xb863a49 24
2 path.c:178 0xb863a49 24
1 dynarray.c:84 0xb863bc9 24
2 dynarray.c:95 0xb8635f9 16
2 path.c:191 0xb863aa9 4
2 path.c:205 0xb863dc9 2
2 path.c:205 0xb863ae9 2
3 path.c:223 0xb863aa9 0xb863aa9 4 4
1 bdtBad4.c:143 0xb863f69 32
2 path.c:178 0xb8639d9 24
1 dynarray.c:84 0xb8637e9 24
2 dynarray.c:95 0xb864129 16
2 path.c:191 0xb863e69 4
2 path.c:205 0xb863fe9 2
2 path.c:205 0xb863e89 2
3 path.c:223 0xb863e69 0xb863e69 4 4
4 path.c:246 0xb863aa9 4
4 path.c:31 0xb863dc9 2
4 path.c:31 0xb863ae9 2
4 dynarray.c:112 0xb8635f9 16
4 dynarray.c:113 0xb863bc9 24
4 path.c:254 0xb863a49 24
4 path.c:246 0xb863ac9 4
4 path.c:31 0xb863869 2
4 path.c:31 0xb863849 2
4 dynarray.c:112 0xb863819 16
4 dynarray.c:113 0xb863629 24
4 path.c:254 0xb863f09 24
1 dynarray.c:84 0xb863cc9 24
2 dynarray.c:95 0xb863f09 24
1 bdtBad4.c:663 0xb863c29 8
4 dynarray.c:112 0xb863f09 24
4 dynarray.c:113 0xb863cc9 24
6 bdt_client.c:140 0xb863c29
4 bdt_client.c:140 0xb863c29 8
2 path.c:128 0xb863cc9 24
1 dynarray.c:84 0xb863629 24
2 dynarray.c:95 0xb863f09 16
2 path.c:90 0xb863849 2
2 path.c:90 0xb863869 2
1 path.c:143 0xb863c29 4
2 path.c:178 0xb863a49 24
1 dynarray.c:84 0xb863819 24
2 dynarray.c:95 0xb863bc9 16
2 path.c:191 0xb863ac9 4
2 path.c:205 0xb863dc9 2
3 path.c:223 0xb863ac9 0xb863ac9 4 2
4 path.c:246 0xb863ac9 2
4 path.c:31 0xb863dc9 2
4 dynarray.c:112 0xb863bc9 16
4 dynarray.c:113 0xb863819 24
4 path.c:254 0xb863a49 24
2 path.c:178 0xb863a49 24
1 dynarray.c:84 0xb8635f9 24
2 dynarray.c:95 0xb863819 16
2 path.c:191 0xb863dc9 4
2 path.c:205 0xb863ac9 2
2 path.c:205 0xb863aa9 2
3 path.c:223 0xb863dc9 0xb863dc9 4 4
4 path.c:246 0xb863dc9 4
4 path.c:31 0xb863ac9 2
4 path.c:31 0xb863aa9 2
4 dynarray.c:112 0xb863819 16
4 dynarray.c:113 0xb8635f9 24
4 path.c:254 0xb863a49 24
4 path.c:246 0xb863c29 4
4 path.c:31 0xb863849 2
4 path.c:31 0xb863869 2
4 dynarray.c:112 0xb863f09 16
4 dynarray.c:113 0xb863629 24
4 path.c:254 0xb863cc9 24
4 path.c:246 0xb863da9 4
4 path.c:31 0xb8638a9 2
4 path.c:31 0xb863de9 2
4 dynarray.c:112 0xb863d79 16
4 dynarray.c:113 0xb863599 24
4 path.c:254 0xb863bf9 24
4 bdtBad4.c:263 0xb863fa9 32
1 dynarray.c:84 0xb863bc9 24
2 dynarray.c:95 0xb863bf9 16
1 bdtBad4.c:663 0xb863ae9 5
4 dynarray.c:112 0xb863bf9 16
4 dynarray.c:113 0xb863bc9 24
6 bdt_client.c:144 0xb863ae9
4 bdt_client.c:144 0xb863ae9 5
2 path.c:128 0xb863bc9 24
1 dynarray.c:84 0xb863599 24
2 dynarray.c:95 0xb863bf9 16
2 path.c:90 0xb863de9 2
2 path.c:90 0xb8638a9 3
1 path.c:143 0xb863ae9 5
2 path.c:178 0xb863cc9 24
1 dynarray.c:84 0xb863d79 24
2 dynarray.c:95 0xb863629 16
2 path.c:191 0xb863da9 5
2 path.c:205 0xb863849 2
3 path.c:223 0xb863da9 0xb863da9 5 2
4 path.c:246 0xb863da9 2
4 path.c:31 0xb863849 2
4 dynarray.c:112 0xb863629 16
4 dynarray.c:113 0xb863d79 24
4 path.c:254 0xb863cc9 24
2 path.c:178 0xb863cc9 24
1 dynarray.c:84 0xb863f09 24
2 dynarray.c:95 0xb863d79 16
2 path.c:191 0xb863849 5
2 path.c:205 0xb863da9 2
2 path.c:205 0xb863c29 3
3 path.c:223 0xb863849 0xb863849 5 5
4 path.c:246 0xb863849 5
4 path.c:31 0xb863da9 2
4 path.c:31 0xb863c29 3
4 dynarray.c:112 0xb863d79 16
4 dynarray.c:113 0xb863f09 24
4 path.c:254 0xb863cc9 24
2 path.c:178 0xb863cc9 24
1 dynarray.c:84 0xb863629 24
2 dynarray.c:95 0xb863f09 16
2 path.c:191 0xb863c29 5
2 path.c:205 0xb863da9 2
2 path.c:205 0xb863849 3
3 path.c:223 0xb863c29 0xb863c29 5 5
1 bdtBad4.c:143 0xb863fa9 32
2 path.c:178 0xb863a49 24
1 dynarray.c:84 0xb863d79 24
2 dynarray.c:95 0xb8635f9 16
2 path.c:191 0xb863aa9 5
2 path.c:205 0xb863ac9 2
2 path.c:205 0xb863dc9 3
3 path.c:223 0xb863aa9 0xb863aa9 5 5
4 path.c:246 0xb863c29 5
4 path.c:31 0xb863da9 2
4 path.c:31 0xb863849 3
4 dynarray.c:112 0xb863f09 16
4 dynarray.c:113 0xb863629 24
4 path.c:254 0xb863cc9 24
4 path.c:246 0xb863ae9 5
4 path.c:31 0xb863de9 2
4 path.c:31 0xb8638a9 3
4 dynarray.c:112 0xb863bf9 16
4 dynarray.c:113 0xb863599 24
4 path.c:254 0xb863bc9 24
1 dynarray.c:84 0xb863819 24
2 dynarray.c:95 0xb863bc9 24
1 bdtBad4.c:663 0xb863869 9
4 dynarray.c:112 0xb863bc9 24
4 dynarray.c:113 0xb863819 24
6 bdt_client.c:148 0xb863869
4 bdt_client.c:148 0xb863869 9
2 path.c:128 0xb863819 24
1 dynarray.c:84 0xb863599 24
2 dynarray.c:95 0xb863bc9 16
2 path.c:90 0xb8638a9 2
2 path.c:90 0xb863de9 3
1 path.c:143 0xb863869 5
2 path.c:178 0xb863cc9 24
1 dynarray.c:84 0xb863bf9 24
2 dynarray.c:95 0xb863629 16
2 path.c:191 0xb863ae9 5
2 path.c:205 0xb863da9 2
3 path.c:223 0xb863ae9 0xb863ae9 5 2
4 path.c:246 0xb863ae9 2
4 path.c:31 0xb863da9 2
4 dynarray.c:112 0xb863629 16
4 dynarray.c:113 0xb863bf9 24
4 path.c:254 0xb863cc9 24
2 path.c:178 0xb863cc9 24
1 dynarray.c:84 0xb863f09 24
2 dynarray.c:95 0xb863bf9 16
2 path.c:191 0xb863da9 5
2 path.c:205 0xb863ae9 2
2 path.c:205 0xb863c29 3
3 path.c:223 0xb863da9 0xb863da9 5 5
4 path.c:246 0xb863da9 5
4 path.c:31 0xb863ae9 2
4 path.c:31 0xb863c29 3
4 dynarray.c:112 0xb863bf9 16
4 dynarray.c:113 0xb863f09 24
4 path.c:254 0xb863cc9 24
4 path.c:246 0xb863869 5
4 path.c:31 0xb8638a9 2
4 path.c:31 0xb863de9 3
4 dynarray.c:112 0xb863bc9 16
4 dynarray.c:113 0xb863599 24
4 path.c:254 0xb863819 24
4 path.c:246 0xb863aa9 5
4 path.c:31 0xb863ac9 2
4 path.c:31 0xb863dc9 3
4 dynarray.c:112 0xb8635f9 16
4 dynarray.c:113 0xb863d79 24
4 path.c:254 0xb863a49 24
4 bdtBad4.c:263 0xb863fa9 32
1 dynarray.c:84 0xb863629 24
2 dynarray.c:95 0xb863a49 16
1 bdtBad4.c:663 0xb863849 5
4 dynarray.c:112 0xb863a49 16
4 dynarray.c:113 0xb863629 24
6 bdt_client.c:152 0xb863849
4 bdt_client.c:152 0xb863849 5
2 path.c:128 0xb863629 24
1 dynarray.c:84 0xb863d79 24
2 dynarray.c:95 0xb863a49 16
2 path.c:90 0xb863dc9 2
2 path.c:90 0xb863ac9 3
1 path.c:143 0xb863849 5
2 path.c:178 0xb863819 24
1 dynarray.c:84 0xb8635f9 24
2 dynarray.c:95 0xb863599 16
2 path.c:191 0xb863aa9 5
2 path.c:205 0xb8638a9 2
3 path.c:223 0xb863aa9 0xb863aa9 5 2
4 path.c:246 0xb863aa9 2
4 path.c:31 0xb8638a9 2
4 dynarray.c:112 0xb863599 16
4 dynarray.c:113 0xb8635f9 24
4 path.c:254 0xb863819 24
2 path.c:178 0xb863819 24
1 dynarray.c:84 0xb863bc9 24
2 dynarray.c:95 0xb8635f9 16
2 path.c:191 0xb8638a9 5
2 path.c:205 0xb863aa9 2
2 path.c:205 0xb863869 3
3 path.c:223 0xb8638a9 0xb8638a9 5 5
4 path.c:246 0xb8638a9 5
4 path.c:31 0xb863aa9 2
4 path.c:31 0xb863869 3
4 dynarray.c:112 0xb8635f9 16
4 dynarray.c:113 0xb863bc9 24
4 path.c:254 0xb863819 24
2 path.c:178 0xb863819 24
1 dynarray.c:84 0xb863599 24
2 dynarray.c:95 0xb863bc9 16
2 path.c:191 0xb863869 5
2 path.c:205 0xb863aa9 2
2 path.c:205 0xb8638a9 3
3 path.c:223 0xb863869 0xb863869 5 5
1 bdtBad4.c:143 0xb863fa9 32
2 path.c:178 0xb863cc9 24
1 dynarray.c:84 0xb8635f9 24
2 dynarray.c:95 0xb863f09 16
2 path.c:191 0xb863c29 5
2 path.c:205 0xb863ae9 2
2 path.c:205 0xb863da9 3
3 path.c:223 0xb863c29 0xb863c29 5 5
4 path.c:246 0xb863869 5
4 path.c:31 0xb863aa9 2
4 path.c:31 0xb8638a9 3
4 dynarray.c:112 0xb863bc9 16
4 dynarray.c:113 0xb863599 24
4 path.c:254 0xb863819 24
4 path.c:246 0xb863849 5
4 path.c:31 0xb863dc9 2
4 path.c:31 0xb863ac9 3
4 dynarray.c:112 0xb863a49 16
4 dynarray.c:113 0xb863d79 24
4 path.c:254 0xb863629 24
1 dynarray.c:84 0xb863bf9 24
2 dynarray.c:95 0xb863629 24
1 bdtBad4.c:663 0xb863de9 9
4 dynarray.c:112 0xb863629 24
4 dynarray.c:113 0xb863bf9 24
6 bdt_client.c:156 0xb863de9
4 bdt_client.c:156 0xb863de9 9
2 path.c:128 0xb863bf9 24
1 dynarray.c:84 0xb863d79 24
2 dynarray.c:95 0xb863629 16
2 path.c:90 0xb863ac9 2
2 path.c:90 0xb863dc9 2
1 path.c:143 0xb863de9 4
2 path.c:178 0xb863819 24
1 dynarray.c:84 0xb863a49 24
2 dynarray.c:95 0xb863599 16
2 path.c:191 0xb863849 4
2 path.c:205 0xb863aa9 2
3 path.c:223 0xb863849 0xb863849 4 2
4 path.c:246 0xb863849 2
4 path.c:31 0xb863aa9 2
4 dynarray.c:112 0xb863599 16
4 dynarray.c:113 0xb863a49 24
4 path.c:254 0xb863819 24
2 path.c:178 0xb863819 24
1 dynarray.c:84 0xb863bc9 24
2 dynarray.c:95 0xb863a49 16
2 path.c:191 0xb863aa9 4
2 path.c:205 0xb863849 2
2 path.c:205 0xb863869 2
3 path.c:223 0xb863aa9 0xb863aa9 4 4
4 path.c:246 0xb863aa9 4
4 path.c:31 0xb863849 2
4 path.c:31 0xb863869 2
4 dynarray.c:112 0xb863a49 16
4 dynarray.c:113 0xb863bc9 24
4 path.c:254 0xb863819 24
4 path.c:246 0xb863de9 4
4 path.c:31 0xb863ac9 2
4 path.c:31 0xb863dc9 2
4 dynarray.c:112 0xb863629 16
4 dynarray.c:113 0xb863d79 24
4 path.c:254 0xb863bf9 24
4 path.c:246 0xb863e69 4
4 path.c:31 0xb863fe9 2
4 path.c:31 0xb863e89 2
4 dynarray.c:112 0xb864129 16
4 dynarray.c:113 0xb8637e9 24
4 path.c:254 0xb8639d9 24
4 bdtBad4.c:263 0xb863f69 32
1 dynarray.c:84 0xb863599 24
2 dynarray.c:95 0xb8639d9 16
1 bdtBad4.c:663 0xb8638a9 6
4 dynarray.c:112 0xb8639d9 16
4 dynarray.c:113 0xb863599 24
6 bdt_client.c:160 0xb8638a9
4 bdt_client.c:160 0xb8638a9 6
4 path.c:246 0xb863c29 5
4 path.c:31 0xb863ae9 2
4 path.c:31 0xb863da9 3
4 dynarray.c:112 0xb863f09 16
4 dynarray.c:113 0xb8635f9 24
4 path.c:254 0xb863cc9 24
4 bdtBad4.c:263 0xb863fa9 32
4 path.c:246 0xb863c69 2
4 path.c:31 0xb863c49 2
4 dynarray.c:112 0xb863909 16
4 dynarray.c:113 0xb863a79 24
4 path.c:254 0xb863b99 24
4 bdtBad4.c:263 0xb8641d9 32
