2 path.c:128 0x11c22a9 24
4 path.c:254 0x11c22a9 24
2 path.c:128 0x11c44c9 24
1 dynarray.c:84 0x11c22a9 24
2 dynarray.c:95 0x11c44f9 16
2 path.c:90 0x11c4529 6
1 path.c:143 0x11c4549 6
4 path.c:246 0x11c4549 6
4 path.c:31 0x11c4529 6
4 dynarray.c:112 0x11c44f9 16
4 dynarray.c:113 0x11c22a9 24
4 path.c:254 0x11c44c9 24
1 dynarray.c:84 0x11c44c9 24
2 dynarray.c:95 0x11c4569 16
1 bdtBad5.c:662 0x11c4529 1
4 dynarray.c:112 0x11c4569 16
4 dynarray.c:113 0x11c44c9 24
4 bdt_client.c:39 0x11c4529 1
2 path.c:128 0x11c4599 24
4 path.c:254 0x11c4599 24
2 path.c:128 0x11c45c9 24
1 dynarray.c:84 0x11c4599 24
2 dynarray.c:95 0x11c45f9 16
4 dynarray.c:112 0x11c45f9 16
4 dynarray.c:113 0x11c4599 24
4 path.c:254 0x11c45c9 24
2 path.c:128 0x11c4629 24
1 dynarray.c:84 0x11c45c9 24
2 dynarray.c:95 0x11c4659 16
2 path.c:90 0x11c4689 6
2 path.c:90 0x11c46a9 7
4 path.c:31 0x11c4689 6
4 path.c:31 0x11c46a9 7
4 dynarray.c:112 0x11c4659 16
4 dynarray.c:113 0x11c45c9 24
4 path.c:254 0x11c4629 24
2 path.c:128 0x11c4629 24
1 dynarray.c:84 0x11c4659 24
2 dynarray.c:95 0x11c45c9 16
2 path.c:90 0x11c46c9 6
4 path.c:31 0x11c46c9 6
4 dynarray.c:112 0x11c45c9 16
4 dynarray.c:113 0x11c4659 24
4 path.c:254 0x11c4629 24
2 path.c:128 0x11c4629 24
1 dynarray.c:84 0x11c45c9 24
2 dynarray.c:95 0x11c4659 16
2 path.c:90 0x11c46e9 6
1 path.c:143 0x11c46c9 6
2 path.c:178 0x11c4709 24
1 dynarray.c:84 0x11c4599 24
2 dynarray.c:95 0x11c4739 16
2 path.c:191 0x11c4769 6
2 path.c:205 0x11c4789 6
3 path.c:223 0x11c4769 0x11c4769 6 6
1 bdtBad5.c:143 0x11c47a9 32
2 path.c:178 0x11c47e9 24
1 dynarray.c:84 0x11c45f9 24
2 dynarray.c:95 0x11c4819 16
2 path.c:191 0x11c4849 6
2 path.c:205 0x11c4869 6
3 path.c:223 0x11c4849 0x11c4849 6 6
4 path.c:246 0x11c4769 6
4 path.c:31 0x11c4789 6
4 dynarray.c:112 0x11c4739 16
4 dynarray.c:113 0x11c4599 24
4 path.c:254 0x11c4709 24
4 path.c:246 0x11c46c9 6
4 path.c:31 0x11c46e9 6
4 dynarray.c:112 0x11c4659 16
4 dynarray.c:113 0x11c45c9 24
4 path.c:254 0x11c4629 24
2 path.c:128 0x11c4629 24
1 dynarray.c:84 0x11c4709 24
2 dynarray.c:95 0x11c45c9 16
2 path.c:90 0x11c46e9 6
2 path.c:90 0x11c4889 7
2 path.c:90 0x11c48a9 12
3 dynarray.c:69 0x11c48c9 0x11c45c9 16 32
1 path.c:143 0x11c4659 25
2 path.c:178 0x11c45c9 24
1 dynarray.c:84 0x11c4599 24
2 dynarray.c:95 0x11c4909 16
2 path.c:191 0x11c4939 25
2 path.c:205 0x11c4969 6
3 path.c:223 0x11c4939 0x11c4939 25 6
4 path.c:246 0x11c4939 6
4 path.c:31 0x11c4969 6
4 dynarray.c:112 0x11c4909 16
4 dynarray.c:113 0x11c4599 24
4 path.c:254 0x11c45c9 24
2 path.c:178 0x11c45c9 24
1 dynarray.c:84 0x11c4909 24
2 dynarray.c:95 0x11c4599 16
2 path.c:191 0x11c4989 25
2 path.c:205 0x11c4969 6
2 path.c:205 0x11c49b9 7
3 path.c:223 0x11c4989 0x11c4989 25 13
4 path.c:246 0x11c4989 13
4 path.c:31 0x11c4969 6
4 path.c:31 0x11c49b9 7
4 dynarray.c:112 0x11c4599 16
4 dynarray.c:113 0x11c4909 24
4 path.c:254 0x11c45c9 24
2 path.c:178 0x11c45c9 24
1 dynarray.c:84 0x11c4989 24
2 dynarray.c:95 0x11c4909 16
2 path.c:191 0x11c49d9 25
2 path.c:205 0x11c49b9 6
2 path.c:205 0x11c4969 7
3 path.c:223 0x11c49d9 0x11c49d9 25 13
1 bdtBad5.c:143 0x11c4a09 32
2 path.c:178 0x11c4a49 24
1 dynarray.c:84 0x11c4599 24
2 dynarray.c:95 0x11c4a79 16
2 path.c:191 0x11c4aa9 13
2 path.c:205 0x11c4ac9 6
2 path.c:205 0x11c4ae9 7
3 path.c:223 0x11c4aa9 0x11c4aa9 13 13
4 path.c:246 0x11c49d9 13
4 path.c:31 0x11c49b9 6
4 path.c:31 0x11c4969 7
4 dynarray.c:112 0x11c4909 16
4 dynarray.c:113 0x11c4989 24
4 path.c:254 0x11c45c9 24
2 path.c:178 0x11c45c9 24
1 dynarray.c:84 0x11c49d9 24
2 dynarray.c:95 0x11c4989 24
2 path.c:191 0x11c4b09 25
2 path.c:205 0x11c4969 6
2 path.c:205 0x11c49b9 7
2 path.c:205 0x11c4b39 12
3 path.c:223 0x11c4b09 0x11c4b09 25 25
1 bdtBad5.c:143 0x11c4b59 32
2 path.c:178 0x11c4b99 24
1 dynarray.c:84 0x11c4909 24
2 dynarray.c:95 0x11c4bc9 24
2 path.c:191 0x11c4bf9 25
2 path.c:205 0x11c4c29 6
2 path.c:205 0x11c4c49 7
2 path.c:205 0x11c4c69 12
3 path.c:223 0x11c4bf9 0x11c4bf9 25 25
4 path.c:246 0x11c4b09 25
4 path.c:31 0x11c4969 6
4 path.c:31 0x11c49b9 7
4 path.c:31 0x11c4b39 12
4 dynarray.c:112 0x11c4989 24
4 dynarray.c:113 0x11c49d9 24
4 path.c:254 0x11c45c9 24
4 path.c:246 0x11c4659 25
4 path.c:31 0x11c46e9 6
4 path.c:31 0x11c4889 7
4 path.c:31 0x11c48a9 12
4 dynarray.c:112 0x11c48c9 32
4 dynarray.c:113 0x11c4709 24
4 path.c:254 0x11c4629 24
