2 path.c:128 0x310ee2a9 24
4 path.c:254 0x310ee2a9 24
2 path.c:128 0x310f04c9 24
1 dynarray.c:84 0x310ee2a9 24
2 dynarray.c:95 0x310f04f9 16
2 path.c:90 0x310f0529 6
1 path.c:143 0x310f0549 6
4 path.c:246 0x310f0549 6
4 path.c:31 0x310f0529 6
4 dynarray.c:112 0x310f04f9 16
4 dynarray.c:113 0x310ee2a9 24
4 path.c:254 0x310f04c9 24
1 dynarray.c:84 0x310f04c9 24
2 dynarray.c:95 0x310f0569 16
1 bdtBad4.c:663 0x310f0529 1
4 dynarray.c:112 0x310f0569 16
4 dynarray.c:113 0x310f04c9 24
4 bdt_client.c:39 0x310f0529 1
2 path.c:128 0x310f0599 24
4 path.c:254 0x310f0599 24
2 path.c:128 0x310f05c9 24
1 dynarray.c:84 0x310f0599 24
2 dynarray.c:95 0x310f05f9 16
4 dynarray.c:112 0x310f05f9 16
4 dynarray.c:113 0x310f0599 24
4 path.c:254 0x310f05c9 24
2 path.c:128 0x310f0629 24
1 dynarray.c:84 0x310f05c9 24
2 dynarray.c:95 0x310f0659 16
2 path.c:90 0x310f0689 6
2 path.c:90 0x310f06a9 7
4 path.c:31 0x310f0689 6
4 path.c:31 0x310f06a9 7
4 dynarray.c:112 0x310f0659 16
4 dynarray.c:113 0x310f05c9 24
4 path.c:254 0x310f0629 24
2 path.c:128 0x310f0629 24
1 dynarray.c:84 0x310f0659 24
2 dynarray.c:95 0x310f05c9 16
2 path.c:90 0x310f06c9 6
4 path.c:31 0x310f06c9 6
4 dynarray.c:112 0x310f05c9 16
4 dynarray.c:113 0x310f0659 24
4 path.c:254 0x310f0629 24
2 path.c:128 0x310f0629 24
1 dynarray.c:84 0x310f05c9 24
2 dynarray.c:95 0x310f0659 16
2 path.c:90 0x310f06e9 6
1 path.c:143 0x310f06c9 6
2 path.c:178 0x310f0709 24
1 dynarray.c:84 0x310f0599 24
2 dynarray.c:95 0x310f0739 16
2 path.c:191 0x310f0769 6
2 path.c:205 0x310f0789 6
3 path.c:223 0x310f0769 0x310f0769 6 6
1 bdtBad4.c:143 0x310f07a9 32
2 path.c:178 0x310f07e9 24
1 dynarray.c:84 0x310f05f9 24
2 dynarray.c:95 0x310f0819 16
2 path.c:191 0x310f0849 6
2 path.c:205 0x310f0869 6
3 path.c:223 0x310f0849 0x310f0849 6 6
4 path.c:246 0x310f0769 6
4 path.c:31 0x310f0789 6
4 dynarray.c:112 0x310f0739 16
4 dynarray.c:113 0x310f0599 24
4 path.c:254 0x310f0709 24
4 path.c:246 0x310f06c9 6
4 path.c:31 0x310f06e9 6
4 dynarray.c:112 0x310f0659 16
4 dynarray.c:113 0x310f05c9 24
4 path.c:254 0x310f0629 24
2 path.c:128 0x310f0629 24
1 dynarray.c:84 0x310f0709 24
2 dynarray.c:95 0x310f05c9 16
2 path.c:90 0x310f06e9 6
2 path.c:90 0x310f0889 7
2 path.c:90 0x310f08a9 12
3 dynarray.c:69 0x310f08c9 0x310f05c9 16 32
1 path.c:143 0x310f0659 25
2 path.c:178 0x310f05c9 24
1 dynarray.c:84 0x310f0599 24
2 dynarray.c:95 0x310f0909 16
2 path.c:191 0x310f0939 25
2 path.c:205 0x310f0969 6
3 path.c:223 0x310f0939 0x310f0939 25 6
4 path.c:246 0x310f0939 6
4 path.c:31 0x310f0969 6
4 dynarray.c:112 0x310f0909 16
4 dynarray.c:113 0x310f0599 24
4 path.c:254 0x310f05c9 24
2 path.c:178 0x310f05c9 24
1 dynarray.c:84 0x310f0909 24
2 dynarray.c:95 0x310f0599 16
2 path.c:191 0x310f0989 25
2 path.c:205 0x310f0969 6
2 path.c:205 0x310f09b9 7
3 path.c:223 0x310f0989 0x310f0989 25 13
4 path.c:246 0x310f0989 13
4 path.c:31 0x310f0969 6
4 path.c:31 0x310f09b9 7
4 dynarray.c:112 0x310f0599 16
4 dynarray.c:113 0x310f0909 24
4 path.c:254 0x310f05c9 24
2 path.c:178 0x310f05c9 24
1 dynarray.c:84 0x310f0989 24
2 dynarray.c:95 0x310f0909 16
2 path.c:191 0x310f09d9 25
2 path.c:205 0x310f09b9 6
2 path.c:205 0x310f0969 7
3 path.c:223 0x310f09d9 0x310f09d9 25 13
1 bdtBad4.c:143 0x310f0a09 32
2 path.c:178 0x310f0a49 24
1 dynarray.c:84 0x310f0599 24
2 dynarray.c:95 0x310f0a79 16
2 path.c:191 0x310f0aa9 13
2 path.c:205 0x310f0ac9 6
2 path.c:205 0x310f0ae9 7
3 path.c:223 0x310f0aa9 0x310f0aa9 13 13
4 path.c:246 0x310f09d9 13
4 path.c:31 0x310f09b9 6
4 path.c:31 0x310f0969 7
4 dynarray.c:112 0x310f0909 16
4 dynarray.c:113 0x310f0989 24
4 path.c:254 0x310f05c9 24
2 path.c:178 0x310f05c9 24
1 dynarray.c:84 0x310f09d9 24
2 dynarray.c:95 0x310f0989 24
2 path.c:191 0x310f0b09 25
2 path.c:205 0x310f0969 6
2 path.c:205 0x310f09b9 7
2 path.c:205 0x310f0b39 12
3 path.c:223 0x310f0b09 0x310f0b09 25 25
1 bdtBad4.c:143 0x310f0b59 32
2 path.c:178 0x310f0b99 24
1 dynarray.c:84 0x310f0909 24
2 dynarray.c:95 0x310f0bc9 24
2 path.c:191 0x310f0bf9 25
2 path.c:205 0x310f0c29 6
2 path.c:205 0x310f0c49 7
2 path.c:205 0x310f0c69 12
3 path.c:223 0x310f0bf9 0x310f0bf9 25 25
4 path.c:246 0x310f0b09 25
4 path.c:31 0x310f0969 6
4 path.c:31 0x310f09b9 7
4 path.c:31 0x310f0b39 12
4 dynarray.c:112 0x310f0989 24
4 dynarray.c:113 0x310f09d9 24
4 path.c:254 0x310f05c9 24
4 path.c:246 0x310f0659 25
4 path.c:31 0x310f06e9 6
4 path.c:31 0x310f0889 7
4 path.c:31 0x310f08a9 12
4 dynarray.c:112 0x310f08c9 32
4 dynarray.c:113 0x310f0709 24
4 path.c:254 0x310f0629 24
2 path.c:128 0x310f0629 24
1 dynarray.c:84 0x310f0b09 24
2 dynarray.c:95 0x310f0709 16
2 path.c:90 0x310f08a9 6
1 path.c:143 0x310f06c9 6
2 path.c:178 0x310f05c9 24
1 dynarray.c:84 0x310f0659 24
2 dynarray.c:95 0x310f09d9 16
2 path.c:191 0x310f0889 6
2 path.c:205 0x310f0b39 6
3 path.c:223 0x310f0889 0x310f0889 6 6
4 path.c:246 0x310f0889 6
4 path.c:31 0x310f0b39 6
4 dynarray.c:112 0x310f09d9 16
4 dynarray.c:113 0x310f0659 24
4 path.c:254 0x310f05c9 24
4 path.c:246 0x310f06c9 6
4 path.c:31 0x310f08a9 6
4 dynarray.c:112 0x310f0709 16
4 dynarray.c:113 0x310f0b09 24
4 path.c:254 0x310f0629 24
2 path.c:128 0x310f0629 24
1 dynarray.c:84 0x310f0989 24
2 dynarray.c:95 0x310f0b09 16
2 path.c:90 0x310f08a9 6
2 path.c:90 0x310f06c9 7
1 path.c:143 0x310f06e9 13
2 path.c:178 0x310f05c9 24
1 dynarray.c:84 0x310f0709 24
2 dynarray.c:95 0x310f0659 16
2 path.c:191 0x310f0b39 13
2 path.c:205 0x310f09b9 6
3 path.c:223 0x310f0b39 0x310f0b39 13 6
4 path.c:246 0x310f0b39 6
4 path.c:31 0x310f09b9 6
4 dynarray.c:112 0x310f0659 16
4 dynarray.c:113 0x310f0709 24
4 path.c:254 0x310f05c9 24
2 path.c:178 0x310f05c9 24
1 dynarray.c:84 0x310f09d9 24
2 dynarray.c:95 0x310f0709 16
2 path.c:191 0x310f09b9 13
2 path.c:205 0x310f0b39 6
2 path.c:205 0x310f0969 7
3 path.c:223 0x310f09b9 0x310f09b9 13 13
4 path.c:246 0x310f09b9 13
4 path.c:31 0x310f0b39 6
4 path.c:31 0x310f0969 7
4 dynarray.c:112 0x310f0709 16
4 dynarray.c:113 0x310f09d9 24
4 path.c:254 0x310f05c9 24
4 path.c:246 0x310f06e9 13
4 path.c:31 0x310f08a9 6
4 path.c:31 0x310f06c9 7
4 dynarray.c:112 0x310f0b09 16
4 dynarray.c:113 0x310f0989 24
4 path.c:254 0x310f0629 24
2 path.c:128 0x310f0629 24
1 dynarray.c:84 0x310f0659 24
2 dynarray.c:95 0x310f0989 16
2 path.c:90 0x310f06c9 6
2 path.c:90 0x310f08a9 7
2 path.c:90 0x310f06e9 12
3 dynarray.c:69 0x310f0c89 0x310f0989 16 32
1 path.c:143 0x310f0b09 25
2 path.c:178 0x310f0989 24
1 dynarray.c:84 0x310f05c9 24
2 dynarray.c:95 0x310f09d9 16
2 path.c:191 0x310f0cc9 25
2 path.c:205 0x310f0969 6
3 path.c:223 0x310f0cc9 0x310f0cc9 25 6
4 path.c:246 0x310f0cc9 6
4 path.c:31 0x310f0969 6
4 dynarray.c:112 0x310f09d9 16
4 dynarray.c:113 0x310f05c9 24
4 path.c:254 0x310f0989 24
2 path.c:178 0x310f0989 24
1 dynarray.c:84 0x310f0709 24
2 dynarray.c:95 0x310f05c9 16
2 path.c:191 0x310f0cc9 25
2 path.c:205 0x310f0969 6
2 path.c:205 0x310f0b39 7
3 path.c:223 0x310f0cc9 0x310f0cc9 25 13
4 path.c:246 0x310f0cc9 13
4 path.c:31 0x310f0969 6
4 path.c:31 0x310f0b39 7
4 dynarray.c:112 0x310f05c9 16
4 dynarray.c:113 0x310f0709 24
4 path.c:254 0x310f0989 24
2 path.c:178 0x310f0989 24
1 dynarray.c:84 0x310f09d9 24
2 dynarray.c:95 0x310f0709 24
2 path.c:191 0x310f0cc9 25
2 path.c:205 0x310f0b39 6
2 path.c:205 0x310f0969 7
2 path.c:205 0x310f09b9 12
3 path.c:223 0x310f0cc9 0x310f0cc9 25 25
4 path.c:246 0x310f0cc9 25
4 path.c:31 0x310f0b39 6
4 path.c:31 0x310f0969 7
4 path.c:31 0x310f09b9 12
4 dynarray.c:112 0x310f0709 24
4 dynarray.c:113 0x310f09d9 24
4 path.c:254 0x310f0989 24
4 path.c:246 0x310f0b09 25
4 path.c:31 0x310f06c9 6
4 path.c:31 0x310f08a9 7
4 path.c:31 0x310f06e9 12
4 dynarray.c:112 0x310f0c89 32
4 dynarray.c:113 0x310f0659 24
4 path.c:254 0x310f0629 24
2 path.c:128 0x310f0629 24
1 dynarray.c:84 0x310f05c9 24
2 dynarray.c:95 0x310f0659 16
2 path.c:90 0x310f06e9 12
1 path.c:143 0x310f0889 12
2 path.c:178 0x310f0989 24
1 dynarray.c:84 0x310f0b09 24
2 dynarray.c:95 0x310f09d9 16
2 path.c:191 0x310f08a9 12
2 path.c:205 0x310f09b9 12
3 path.c:223 0x310f08a9 0x310f08a9 12 12
4 path.c:246 0x310f08a9 12
4 path.c:31 0x310f09b9 12
4 dynarray.c:112 0x310f09d9 16
4 dynarray.c:113 0x310f0b09 24
4 path.c:254 0x310f0989 24
4 path.c:246 0x310f0889 12
4 path.c:31 0x310f06e9 12
4 dynarray.c:112 0x310f0659 16
4 dynarray.c:113 0x310f05c9 24
4 path.c:254 0x310f0629 24
2 path.c:128 0x310f0629 24
1 dynarray.c:84 0x310f0709 24
2 dynarray.c:95 0x310f05c9 16
2 path.c:90 0x310f06e9 12
1 path.c:143 0x310f06c9 12
2 path.c:178 0x310f0989 24
1 dynarray.c:84 0x310f0659 24
2 dynarray.c:95 0x310f0b09 16
2 path.c:191 0x310f0889 12
2 path.c:205 0x310f08a9 12
3 path.c:223 0x310f0889 0x310f0889 12 12
4 path.c:246 0x310f0889 12
4 path.c:31 0x310f08a9 12
4 dynarray.c:112 0x310f0b09 16
4 dynarray.c:113 0x310f0659 24
4 path.c:254 0x310f0989 24
4 path.c:246 0x310f06c9 12
4 path.c:31 0x310f06e9 12
4 dynarray.c:112 0x310f05c9 16
4 dynarray.c:113 0x310f0709 24
4 path.c:254 0x310f0629 24
2 path.c:128 0x310f0629 24
1 dynarray.c:84 0x310f09d9 24
2 dynarray.c:95 0x310f0709 16
2 path.c:90 0x310f06e9 12
1 path.c:143 0x310f09b9 12
2 path.c:178 0x310f0989 24
1 dynarray.c:84 0x310f05c9 24
2 dynarray.c:95 0x310f0659 16
2 path.c:191 0x310f06c9 12
2 path.c:205 0x310f0889 12
3 path.c:223 0x310f06c9 0x310f06c9 12 12
4 path.c:246 0x310f06c9 12
4 path.c:31 0x310f0889 12
4 dynarray.c:112 0x310f0659 16
4 dynarray.c:113 0x310f05c9 24
4 path.c:254 0x310f0989 24
4 path.c:246 0x310f09b9 12
4 path.c:31 0x310f06e9 12
4 dynarray.c:112 0x310f0709 16
4 dynarray.c:113 0x310f09d9 24
4 path.c:254 0x310f0629 24
2 path.c:128 0x310f0629 24
1 dynarray.c:84 0x310f0b09 24
2 dynarray.c:95 0x310f09d9 16
2 path.c:90 0x310f06e9 6
2 path.c:90 0x310f09b9 8
1 path.c:143 0x310f08a9 14
2 path.c:178 0x310f0989 24
1 dynarray.c:84 0x310f0709 24
2 dynarray.c:95 0x310f05c9 16
2 path.c:191 0x310f0889 14
2 path.c:205 0x310f0969 6
3 path.c:223 0x310f0889 0x310f0889 14 6
4 path.c:246 0x310f0889 6
4 path.c:31 0x310f0969 6
4 dynarray.c:112 0x310f05c9 16
4 dynarray.c:113 0x310f0709 24
4 path.c:254 0x310f0989 24
2 path.c:178 0x310f0989 24
1 dynarray.c:84 0x310f0659 24
2 dynarray.c:95 0x310f0709 16
2 path.c:191 0x310f0969 14
2 path.c:205 0x310f0889 6
2 path.c:205 0x310f0b39 8
3 path.c:223 0x310f0969 0x310f0969 14 14
4 path.c:246 0x310f0969 14
4 path.c:31 0x310f0889 6
4 path.c:31 0x310f0b39 8
4 dynarray.c:112 0x310f0709 16
4 dynarray.c:113 0x310f0659 24
4 path.c:254 0x310f0989 24
4 path.c:246 0x310f08a9 14
4 path.c:31 0x310f06e9 6
4 path.c:31 0x310f09b9 8
4 dynarray.c:112 0x310f09d9 16
4 dynarray.c:113 0x310f0b09 24
4 path.c:254 0x310f0629 24
2 path.c:128 0x310f0629 24
1 dynarray.c:84 0x310f05c9 24
2 dynarray.c:95 0x310f0b09 16
2 path.c:90 0x310f09b9 6
2 path.c:90 0x310f06e9 7
2 path.c:90 0x310f08a9 12
3 dynarray.c:69 0x310f0cf9 0x310f0b09 16 32
1 path.c:143 0x310f09d9 25
2 path.c:178 0x310f0b09 24
1 dynarray.c:84 0x310f0989 24
2 dynarray.c:95 0x310f0659 16
2 path.c:191 0x310f0cc9 25
2 path.c:205 0x310f0b39 6
3 path.c:223 0x310f0cc9 0x310f0cc9 25 6
4 path.c:246 0x310f0cc9 6
4 path.c:31 0x310f0b39 6
4 dynarray.c:112 0x310f0659 16
4 dynarray.c:113 0x310f0989 24
4 path.c:254 0x310f0b09 24
2 path.c:178 0x310f0b09 24
1 dynarray.c:84 0x310f0709 24
2 dynarray.c:95 0x310f0989 16
2 path.c:191 0x310f0cc9 25
2 path.c:205 0x310f0b39 6
2 path.c:205 0x310f0889 7
3 path.c:223 0x310f0cc9 0x310f0cc9 25 13
4 path.c:246 0x310f0cc9 13
4 path.c:31 0x310f0b39 6
4 path.c:31 0x310f0889 7
4 dynarray.c:112 0x310f0989 16
4 dynarray.c:113 0x310f0709 24
4 path.c:254 0x310f0b09 24
2 path.c:178 0x310f0b09 24
1 dynarray.c:84 0x310f0659 24
2 dynarray.c:95 0x310f0709 24
2 path.c:191 0x310f0cc9 25
2 path.c:205 0x310f0889 6
2 path.c:205 0x310f0b39 7
2 path.c:205 0x310f0969 12
3 path.c:223 0x310f0cc9 0x310f0cc9 25 25
4 path.c:246 0x310f0cc9 25
4 path.c:31 0x310f0889 6
4 path.c:31 0x310f0b39 7
4 path.c:31 0x310f0969 12
4 dynarray.c:112 0x310f0709 24
4 dynarray.c:113 0x310f0659 24
4 path.c:254 0x310f0b09 24
4 path.c:246 0x310f09d9 25
4 path.c:31 0x310f09b9 6
4 path.c:31 0x310f06e9 7
4 path.c:31 0x310f08a9 12
4 dynarray.c:112 0x310f0cf9 32
4 dynarray.c:113 0x310f05c9 24
4 path.c:254 0x310f0629 24
2 path.c:128 0x310f0629 24
1 dynarray.c:84 0x310f0989 24
2 dynarray.c:95 0x310f05c9 16
2 path.c:90 0x310f08a9 12
2 path.c:90 0x310f06e9 6
2 path.c:90 0x310f09b9 9
3 dynarray.c:69 0x310f0d39 0x310f05c9 16 32
1 path.c:143 0x310f09d9 27
2 path.c:178 0x310f05c9 24
1 dynarray.c:84 0x310f0b09 24
2 dynarray.c:95 0x310f0659 16
2 path.c:191 0x310f0cc9 27
2 path.c:205 0x310f0969 12
3 path.c:223 0x310f0cc9 0x310f0cc9 27 12
4 path.c:246 0x310f0cc9 12
4 path.c:31 0x310f0969 12
4 dynarray.c:112 0x310f0659 16
4 dynarray.c:113 0x310f0b09 24
4 path.c:254 0x310f05c9 24
4 path.c:246 0x310f09d9 27
4 path.c:31 0x310f08a9 12
4 path.c:31 0x310f06e9 6
4 path.c:31 0x310f09b9 9
4 dynarray.c:112 0x310f0d39 32
4 dynarray.c:113 0x310f0989 24
4 path.c:254 0x310f0629 24
2 path.c:128 0x310f0629 24
1 dynarray.c:84 0x310f0709 24
2 dynarray.c:95 0x310f0989 16
2 path.c:90 0x310f09b9 6
2 path.c:90 0x310f06e9 8
1 path.c:143 0x310f06c9 14
2 path.c:178 0x310f05c9 24
1 dynarray.c:84 0x310f09d9 24
2 dynarray.c:95 0x310f0b09 16
2 path.c:191 0x310f08a9 14
2 path.c:205 0x310f0b39 6
3 path.c:223 0x310f08a9 0x310f08a9 14 6
4 path.c:246 0x310f08a9 6
4 path.c:31 0x310f0b39 6
4 dynarray.c:112 0x310f0b09 16
4 dynarray.c:113 0x310f09d9 24
4 path.c:254 0x310f05c9 24
2 path.c:178 0x310f05c9 24
1 dynarray.c:84 0x310f0659 24
2 dynarray.c:95 0x310f09d9 16
2 path.c:191 0x310f0b39 14
2 path.c:205 0x310f08a9 6
2 path.c:205 0x310f0889 8
3 path.c:223 0x310f0b39 0x310f0b39 14 14
4 path.c:246 0x310f0b39 14
4 path.c:31 0x310f08a9 6
4 path.c:31 0x310f0889 8
4 dynarray.c:112 0x310f09d9 16
4 dynarray.c:113 0x310f0659 24
4 path.c:254 0x310f05c9 24
2 path.c:178 0x310f05c9 24
1 dynarray.c:84 0x310f0b09 24
2 dynarray.c:95 0x310f0659 16
2 path.c:191 0x310f0889 14
2 path.c:205 0x310f08a9 6
2 path.c:205 0x310f0b39 8
3 path.c:223 0x310f0889 0x310f0889 14 14
1 bdtBad4.c:143 0x310f0d39 32
2 path.c:178 0x310f0cc9 24
1 dynarray.c:84 0x310f09d9 24
2 dynarray.c:95 0x310f0d79 16
2 path.c:191 0x310f0da9 14
2 path.c:205 0x310f0dc9 6
2 path.c:205 0x310f0de9 8
3 path.c:223 0x310f0da9 0x310f0da9 14 14
4 path.c:246 0x310f0889 14
4 path.c:31 0x310f08a9 6
4 path.c:31 0x310f0b39 8
4 dynarray.c:112 0x310f0659 16
4 dynarray.c:113 0x310f0b09 24
4 path.c:254 0x310f05c9 24
4 path.c:246 0x310f06c9 14
4 path.c:31 0x310f09b9 6
4 path.c:31 0x310f06e9 8
4 dynarray.c:112 0x310f0989 16
4 dynarray.c:113 0x310f0709 24
4 path.c:254 0x310f0629 24
2 path.c:128 0x310f0629 24
1 dynarray.c:84 0x310f0659 24
2 dynarray.c:95 0x310f0709 16
2 path.c:90 0x310f06e9 6
2 path.c:90 0x310f09b9 7
1 path.c:143 0x310f0969 13
2 path.c:178 0x310f05c9 24
1 dynarray.c:84 0x310f0989 24
2 dynarray.c:95 0x310f0b09 16
2 path.c:191 0x310f06c9 13
2 path.c:205 0x310f08a9 6
3 path.c:223 0x310f06c9 0x310f06c9 13 6
4 path.c:246 0x310f06c9 6
4 path.c:31 0x310f08a9 6
4 dynarray.c:112 0x310f0b09 16
4 dynarray.c:113 0x310f0989 24
4 path.c:254 0x310f05c9 24
2 path.c:178 0x310f05c9 24
1 dynarray.c:84 0x310f0b09 24
2 dynarray.c:95 0x310f0989 16
2 path.c:191 0x310f08a9 13
2 path.c:205 0x310f06c9 6
2 path.c:205 0x310f0889 7
3 path.c:223 0x310f08a9 0x310f08a9 13 13
4 path.c:246 0x310f08a9 13
4 path.c:31 0x310f06c9 6
4 path.c:31 0x310f0889 7
4 dynarray.c:112 0x310f0989 16
4 dynarray.c:113 0x310f0b09 24
4 path.c:254 0x310f05c9 24
2 path.c:178 0x310f05c9 24
1 dynarray.c:84 0x310f0989 24
2 dynarray.c:95 0x310f0b09 16
2 path.c:191 0x310f0889 13
2 path.c:205 0x310f06c9 6
2 path.c:205 0x310f08a9 7
3 path.c:223 0x310f0889 0x310f0889 13 13
1 bdtBad4.c:143 0x310f0cf9 32
2 path.c:178 0x310f0e09 24
1 dynarray.c:84 0x310f0939 24
2 dynarray.c:95 0x310f0e39 16
2 path.c:191 0x310f0e69 13
2 path.c:205 0x310f0e89 6
2 path.c:205 0x310f0ea9 7
3 path.c:223 0x310f0e69 0x310f0e69 13 13
4 path.c:246 0x310f0e69 13
4 path.c:31 0x310f0e89 6
4 path.c:31 0x310f0ea9 7
4 dynarray.c:112 0x310f0e39 16
4 dynarray.c:113 0x310f0939 24
4 path.c:254 0x310f0e09 24
4 bdtBad4.c:193 0x310f0cf9 32
4 path.c:246 0x310f0969 13
4 path.c:31 0x310f06e9 6
4 path.c:31 0x310f09b9 7
4 dynarray.c:112 0x310f0709 16
4 dynarray.c:113 0x310f0659 24
4 path.c:254 0x310f0629 24
4 path.c:246 0x310f0889 13
4 path.c:31 0x310f06c9 6
4 path.c:31 0x310f08a9 7
4 dynarray.c:112 0x310f0b09 16
4 dynarray.c:113 0x310f0989 24
4 path.c:254 0x310f05c9 24
2 path.c:128 0x310f05c9 24
1 dynarray.c:84 0x310f0939 24
2 dynarray.c:95 0x310f0989 16
2 path.c:90 0x310f08a9 6
2 path.c:90 0x310f06c9 4
2 path.c:90 0x310f0889 5
3 dynarray.c:69 0x310f0ec9 0x310f0989 16 32
2 path.c:90 0x310f09b9 7
1 path.c:143 0x310f0b09 22
2 path.c:178 0x310f0989 24
1 dynarray.c:84 0x310f0629 24
2 dynarray.c:95 0x310f0659 16
2 path.c:191 0x310f0e09 22
2 path.c:205 0x310f06e9 6
3 path.c:223 0x310f0e09 0x310f0e09 22 6
4 path.c:246 0x310f0e09 6
4 path.c:31 0x310f06e9 6
4 dynarray.c:112 0x310f0659 16
4 dynarray.c:113 0x310f0629 24
4 path.c:254 0x310f0989 24
2 path.c:178 0x310f0989 24
1 dynarray.c:84 0x310f0709 24
2 dynarray.c:95 0x310f0629 16
2 path.c:191 0x310f0e09 22
2 path.c:205 0x310f06e9 6
2 path.c:205 0x310f0969 4
3 path.c:223 0x310f0e09 0x310f0e09 22 10
4 path.c:246 0x310f0e09 10
4 path.c:31 0x310f06e9 6
4 path.c:31 0x310f0969 4
4 dynarray.c:112 0x310f0629 16
4 dynarray.c:113 0x310f0709 24
4 path.c:254 0x310f0989 24
2 path.c:178 0x310f0989 24
1 dynarray.c:84 0x310f0659 24
2 dynarray.c:95 0x310f0709 16
2 path.c:191 0x310f0e09 22
2 path.c:205 0x310f0969 6
2 path.c:205 0x310f06e9 4
3 path.c:223 0x310f0e09 0x310f0e09 22 10
1 bdtBad4.c:143 0x310f0cf9 32
2 path.c:178 0x310f0f09 24
1 dynarray.c:84 0x310f0629 24
2 dynarray.c:95 0x310f0f39 16
2 path.c:191 0x310f0ea9 10
2 path.c:205 0x310f0e89 6
2 path.c:205 0x310f0e69 4
3 path.c:223 0x310f0ea9 0x310f0ea9 10 10
4 path.c:246 0x310f0ea9 10
4 path.c:31 0x310f0e89 6
4 path.c:31 0x310f0e69 4
4 dynarray.c:112 0x310f0f39 16
4 dynarray.c:113 0x310f0629 24
4 path.c:254 0x310f0f09 24
4 bdtBad4.c:193 0x310f0cf9 32
4 path.c:246 0x310f0b09 22
4 path.c:31 0x310f08a9 6
4 path.c:31 0x310f06c9 4
4 path.c:31 0x310f0889 5
4 path.c:31 0x310f09b9 7
4 dynarray.c:112 0x310f0ec9 32
4 dynarray.c:113 0x310f0939 24
4 path.c:254 0x310f05c9 24
4 path.c:246 0x310f0e09 10
4 path.c:31 0x310f0969 6
4 path.c:31 0x310f06e9 4
4 dynarray.c:112 0x310f0709 16
4 dynarray.c:113 0x310f0659 24
4 path.c:254 0x310f0989 24
2 path.c:128 0x310f0989 24
1 dynarray.c:84 0x310f0f39 24
2 dynarray.c:95 0x310f0659 16
2 path.c:90 0x310f06e9 6
1 path.c:143 0x310f0b39 6
2 path.c:178 0x310f0e09 24
1 dynarray.c:84 0x310f0709 24
2 dynarray.c:95 0x310f05c9 16
2 path.c:191 0x310f0969 6
2 path.c:205 0x310f0889 6
3 path.c:223 0x310f0969 0x310f0969 6 6
4 path.c:246 0x310f0969 6
4 path.c:31 0x310f0889 6
4 dynarray.c:112 0x310f05c9 16
4 dynarray.c:113 0x310f0709 24
4 path.c:254 0x310f0e09 24
4 path.c:246 0x310f0b39 6
4 path.c:31 0x310f06e9 6
4 dynarray.c:112 0x310f0659 16
4 dynarray.c:113 0x310f0f39 24
4 path.c:254 0x310f0989 24
2 path.c:128 0x310f0989 24
1 dynarray.c:84 0x310f0939 24
2 dynarray.c:95 0x310f0f39 16
2 path.c:90 0x310f06e9 6
2 path.c:90 0x310f0b39 7
1 path.c:143 0x310f09b9 13
2 path.c:178 0x310f0e09 24
1 dynarray.c:84 0x310f0659 24
2 dynarray.c:95 0x310f0709 16
2 path.c:191 0x310f0889 13
2 path.c:205 0x310f06c9 6
3 path.c:223 0x310f0889 0x310f0889 13 6
4 path.c:246 0x310f0889 6
4 path.c:31 0x310f06c9 6
4 dynarray.c:112 0x310f0709 16
4 dynarray.c:113 0x310f0659 24
4 path.c:254 0x310f0e09 24
2 path.c:178 0x310f0e09 24
1 dynarray.c:84 0x310f05c9 24
2 dynarray.c:95 0x310f0659 16
2 path.c:191 0x310f06c9 13
2 path.c:205 0x310f0889 6
2 path.c:205 0x310f08a9 7
3 path.c:223 0x310f06c9 0x310f06c9 13 13
4 path.c:246 0x310f06c9 13
4 path.c:31 0x310f0889 6
4 path.c:31 0x310f08a9 7
4 dynarray.c:112 0x310f0659 16
4 dynarray.c:113 0x310f05c9 24
4 path.c:254 0x310f0e09 24
4 path.c:246 0x310f09b9 13
4 path.c:31 0x310f06e9 6
4 path.c:31 0x310f0b39 7
4 dynarray.c:112 0x310f0f39 16
4 dynarray.c:113 0x310f0939 24
4 path.c:254 0x310f0989 24
2 path.c:128 0x310f0989 24
1 dynarray.c:84 0x310f0709 24
2 dynarray.c:95 0x310f0939 16
2 path.c:90 0x310f0b39 6
2 path.c:90 0x310f06e9 8
1 path.c:143 0x310f0969 14
2 path.c:178 0x310f0e09 24
1 dynarray.c:84 0x310f0f39 24
2 dynarray.c:95 0x310f05c9 16
2 path.c:191 0x310f09b9 14
2 path.c:205 0x310f0889 6
3 path.c:223 0x310f09b9 0x310f09b9 14 6
4 path.c:246 0x310f09b9 6
4 path.c:31 0x310f0889 6
4 dynarray.c:112 0x310f05c9 16
4 dynarray.c:113 0x310f0f39 24
4 path.c:254 0x310f0e09 24
2 path.c:178 0x310f0e09 24
1 dynarray.c:84 0x310f0659 24
2 dynarray.c:95 0x310f0f39 16
2 path.c:191 0x310f0889 14
2 path.c:205 0x310f09b9 6
2 path.c:205 0x310f06c9 8
3 path.c:223 0x310f0889 0x310f0889 14 14
4 path.c:246 0x310f0889 14
4 path.c:31 0x310f09b9 6
4 path.c:31 0x310f06c9 8
4 dynarray.c:112 0x310f0f39 16
4 dynarray.c:113 0x310f0659 24
4 path.c:254 0x310f0e09 24
4 path.c:246 0x310f0969 14
4 path.c:31 0x310f0b39 6
4 path.c:31 0x310f06e9 8
4 dynarray.c:112 0x310f0939 16
4 dynarray.c:113 0x310f0709 24
4 path.c:254 0x310f0989 24
2 path.c:128 0x310f0989 24
1 dynarray.c:84 0x310f05c9 24
2 dynarray.c:95 0x310f0709 16
2 path.c:90 0x310f06e9 6
2 path.c:90 0x310f0b39 7
1 path.c:143 0x310f08a9 13
2 path.c:178 0x310f0e09 24
1 dynarray.c:84 0x310f0939 24
2 dynarray.c:95 0x310f0659 16
2 path.c:191 0x310f0969 13
2 path.c:205 0x310f09b9 6
3 path.c:223 0x310f0969 0x310f0969 13 6
4 path.c:246 0x310f0969 6
4 path.c:31 0x310f09b9 6
4 dynarray.c:112 0x310f0659 16
4 dynarray.c:113 0x310f0939 24
4 path.c:254 0x310f0e09 24
2 path.c:178 0x310f0e09 24
1 dynarray.c:84 0x310f0f39 24
2 dynarray.c:95 0x310f0939 16
2 path.c:191 0x310f09b9 13
2 path.c:205 0x310f0969 6
2 path.c:205 0x310f0889 7
3 path.c:223 0x310f09b9 0x310f09b9 13 13
4 path.c:246 0x310f09b9 13
4 path.c:31 0x310f0969 6
4 path.c:31 0x310f0889 7
4 dynarray.c:112 0x310f0939 16
4 dynarray.c:113 0x310f0f39 24
4 path.c:254 0x310f0e09 24
4 path.c:246 0x310f08a9 13
4 path.c:31 0x310f06e9 6
4 path.c:31 0x310f0b39 7
4 dynarray.c:112 0x310f0709 16
4 dynarray.c:113 0x310f05c9 24
4 path.c:254 0x310f0989 24
2 path.c:128 0x310f0989 24
1 dynarray.c:84 0x310f0659 24
2 dynarray.c:95 0x310f05c9 16
2 path.c:90 0x310f0b39 6
2 path.c:90 0x310f06e9 4
1 path.c:143 0x310f06c9 10
2 path.c:178 0x310f0e09 24
1 dynarray.c:84 0x310f0709 24
2 dynarray.c:95 0x310f0f39 16
2 path.c:191 0x310f08a9 10
2 path.c:205 0x310f0969 6
3 path.c:223 0x310f08a9 0x310f08a9 10 6
4 path.c:246 0x310f08a9 6
4 path.c:31 0x310f0969 6
4 dynarray.c:112 0x310f0f39 16
4 dynarray.c:113 0x310f0709 24
4 path.c:254 0x310f0e09 24
2 path.c:178 0x310f0e09 24
1 dynarray.c:84 0x310f0939 24
2 dynarray.c:95 0x310f0709 16
2 path.c:191 0x310f0969 10
2 path.c:205 0x310f08a9 6
2 path.c:205 0x310f09b9 4
3 path.c:223 0x310f0969 0x310f0969 10 10
4 path.c:246 0x310f0969 10
4 path.c:31 0x310f08a9 6
4 path.c:31 0x310f09b9 4
4 dynarray.c:112 0x310f0709 16
4 dynarray.c:113 0x310f0939 24
4 path.c:254 0x310f0e09 24
4 path.c:246 0x310f06c9 10
4 path.c:31 0x310f0b39 6
4 path.c:31 0x310f06e9 4
4 dynarray.c:112 0x310f05c9 16
4 dynarray.c:113 0x310f0659 24
4 path.c:254 0x310f0989 24
2 path.c:128 0x310f0989 24
1 dynarray.c:84 0x310f0f39 24
2 dynarray.c:95 0x310f0659 16
2 path.c:90 0x310f06e9 6
2 path.c:90 0x310f0b39 4
2 path.c:90 0x310f06c9 5
3 dynarray.c:69 0x310f0f69 0x310f0659 16 32
1 path.c:143 0x310f05c9 15
2 path.c:178 0x310f0659 24
1 dynarray.c:84 0x310f0e09 24
2 dynarray.c:95 0x310f0939 16
2 path.c:191 0x310f0b09 15
2 path.c:205 0x310f09b9 6
3 path.c:223 0x310f0b09 0x310f0b09 15 6
4 path.c:246 0x310f0b09 6
4 path.c:31 0x310f09b9 6
4 dynarray.c:112 0x310f0939 16
4 dynarray.c:113 0x310f0e09 24
4 path.c:254 0x310f0659 24
2 path.c:178 0x310f0659 24
1 dynarray.c:84 0x310f0709 24
2 dynarray.c:95 0x310f0e09 16
2 path.c:191 0x310f0b09 15
2 path.c:205 0x310f09b9 6
2 path.c:205 0x310f08a9 4
3 path.c:223 0x310f0b09 0x310f0b09 15 10
4 path.c:246 0x310f0b09 10
4 path.c:31 0x310f09b9 6
4 path.c:31 0x310f08a9 4
4 dynarray.c:112 0x310f0e09 16
4 dynarray.c:113 0x310f0709 24
4 path.c:254 0x310f0659 24
4 path.c:246 0x310f05c9 15
4 path.c:31 0x310f06e9 6
4 path.c:31 0x310f0b39 4
4 path.c:31 0x310f06c9 5
4 dynarray.c:112 0x310f0f69 32
4 dynarray.c:113 0x310f0f39 24
4 path.c:254 0x310f0989 24
2 path.c:128 0x310f0989 24
1 dynarray.c:84 0x310f0939 24
2 dynarray.c:95 0x310f0f39 16
2 path.c:90 0x310f06c9 6
2 path.c:90 0x310f0b39 4
2 path.c:90 0x310f06e9 5
3 dynarray.c:69 0x310f0fa9 0x310f0f39 16 32
2 path.c:90 0x310f08a9 7
1 path.c:143 0x310f05c9 22
2 path.c:178 0x310f0f39 24
1 dynarray.c:84 0x310f0659 24
2 dynarray.c:95 0x310f0709 16
2 path.c:191 0x310f0b09 22
2 path.c:205 0x310f09b9 6
3 path.c:223 0x310f0b09 0x310f0b09 22 6
4 path.c:246 0x310f0b09 6
4 path.c:31 0x310f09b9 6
4 dynarray.c:112 0x310f0709 16
4 dynarray.c:113 0x310f0659 24
4 path.c:254 0x310f0f39 24
2 path.c:178 0x310f0f39 24
1 dynarray.c:84 0x310f0e09 24
2 dynarray.c:95 0x310f0659 16
2 path.c:191 0x310f0b09 22
2 path.c:205 0x310f09b9 6
2 path.c:205 0x310f0969 4
3 path.c:223 0x310f0b09 0x310f0b09 22 10
4 path.c:246 0x310f0b09 10
4 path.c:31 0x310f09b9 6
4 path.c:31 0x310f0969 4
4 dynarray.c:112 0x310f0659 16
4 dynarray.c:113 0x310f0e09 24
4 path.c:254 0x310f0f39 24
4 path.c:246 0x310f05c9 22
4 path.c:31 0x310f06c9 6
4 path.c:31 0x310f0b39 4
4 path.c:31 0x310f06e9 5
4 path.c:31 0x310f08a9 7
4 dynarray.c:112 0x310f0fa9 32
4 dynarray.c:113 0x310f0939 24
4 path.c:254 0x310f0989 24
1 dynarray.c:84 0x310f0709 24
2 dynarray.c:95 0x310f0fe9 32
1 bdtBad4.c:663 0x310f1029 55
4 dynarray.c:112 0x310f0fe9 32
4 dynarray.c:113 0x310f0709 24
6 bdt_client.c:82 0x310f1029
4 bdt_client.c:82 0x310f1029 55
2 path.c:128 0x310f0989 24
1 dynarray.c:84 0x310f0709 24
2 dynarray.c:95 0x310f0939 16
2 path.c:90 0x310f08a9 6
2 path.c:90 0x310f06e9 7
2 path.c:90 0x310f0b39 12
3 dynarray.c:69 0x310f1079 0x310f0939 16 32
1 path.c:143 0x310f05c9 25
2 path.c:178 0x310f0939 24
1 dynarray.c:84 0x310f0f39 24
2 dynarray.c:95 0x310f0e09 16
2 path.c:191 0x310f0b09 25
2 path.c:205 0x310f06c9 6
3 path.c:223 0x310f0b09 0x310f0b09 25 6
4 path.c:246 0x310f0b09 6
4 path.c:31 0x310f06c9 6
4 dynarray.c:112 0x310f0e09 16
4 dynarray.c:113 0x310f0f39 24
4 path.c:254 0x310f0939 24
2 path.c:178 0x310f0939 24
1 dynarray.c:84 0x310f0659 24
2 dynarray.c:95 0x310f0f39 16
2 path.c:191 0x310f0b09 25
2 path.c:205 0x310f06c9 6
2 path.c:205 0x310f0969 7
3 path.c:223 0x310f0b09 0x310f0b09 25 13
4 path.c:246 0x310f0b09 13
4 path.c:31 0x310f06c9 6
4 path.c:31 0x310f0969 7
4 dynarray.c:112 0x310f0f39 16
4 dynarray.c:113 0x310f0659 24
4 path.c:254 0x310f0939 24
2 path.c:178 0x310f0939 24
1 dynarray.c:84 0x310f0e09 24
2 dynarray.c:95 0x310f0659 24
2 path.c:191 0x310f0b09 25
2 path.c:205 0x310f0969 6
2 path.c:205 0x310f06c9 7
2 path.c:205 0x310f09b9 12
3 path.c:223 0x310f0b09 0x310f0b09 25 25
4 path.c:246 0x310f0b09 25
4 path.c:31 0x310f0969 6
4 path.c:31 0x310f06c9 7
4 path.c:31 0x310f09b9 12
4 dynarray.c:112 0x310f0659 24
4 dynarray.c:113 0x310f0e09 24
4 path.c:254 0x310f0939 24
4 path.c:246 0x310f05c9 25
4 path.c:31 0x310f08a9 6
4 path.c:31 0x310f06e9 7
4 path.c:31 0x310f0b39 12
4 dynarray.c:112 0x310f1079 32
4 dynarray.c:113 0x310f0709 24
4 path.c:254 0x310f0989 24
2 path.c:128 0x310f0989 24
1 dynarray.c:84 0x310f0f39 24
2 dynarray.c:95 0x310f0709 16
2 path.c:90 0x310f0b39 6
2 path.c:90 0x310f06e9 8
2 path.c:90 0x310f08a9 12
3 dynarray.c:69 0x310f1079 0x310f0709 16 32
1 path.c:143 0x310f05c9 26
2 path.c:178 0x310f0709 24
1 dynarray.c:84 0x310f0939 24
2 dynarray.c:95 0x310f0e09 16
2 path.c:191 0x310f0b09 26
2 path.c:205 0x310f09b9 6
3 path.c:223 0x310f0b09 0x310f0b09 26 6
4 path.c:246 0x310f0b09 6
4 path.c:31 0x310f09b9 6
4 dynarray.c:112 0x310f0e09 16
4 dynarray.c:113 0x310f0939 24
4 path.c:254 0x310f0709 24
2 path.c:178 0x310f0709 24
1 dynarray.c:84 0x310f0659 24
2 dynarray.c:95 0x310f0939 16
2 path.c:191 0x310f0b09 26
2 path.c:205 0x310f09b9 6
2 path.c:205 0x310f06c9 8
3 path.c:223 0x310f0b09 0x310f0b09 26 14
4 path.c:246 0x310f0b09 14
4 path.c:31 0x310f09b9 6
4 path.c:31 0x310f06c9 8
4 dynarray.c:112 0x310f0939 16
4 dynarray.c:113 0x310f0659 24
4 path.c:254 0x310f0709 24
2 path.c:178 0x310f0709 24
1 dynarray.c:84 0x310f0e09 24
2 dynarray.c:95 0x310f0659 24
2 path.c:191 0x310f0b09 26
2 path.c:205 0x310f06c9 6
2 path.c:205 0x310f09b9 8
2 path.c:205 0x310f0969 12
3 path.c:223 0x310f0b09 0x310f0b09 26 26
4 path.c:246 0x310f0b09 26
4 path.c:31 0x310f06c9 6
4 path.c:31 0x310f09b9 8
4 path.c:31 0x310f0969 12
4 dynarray.c:112 0x310f0659 24
4 dynarray.c:113 0x310f0e09 24
4 path.c:254 0x310f0709 24
4 path.c:246 0x310f05c9 26
4 path.c:31 0x310f0b39 6
4 path.c:31 0x310f06e9 8
4 path.c:31 0x310f08a9 12
4 dynarray.c:112 0x310f1079 32
4 dynarray.c:113 0x310f0f39 24
4 path.c:254 0x310f0989 24
2 path.c:128 0x310f0989 24
1 dynarray.c:84 0x310f0939 24
2 dynarray.c:95 0x310f0f39 16
2 path.c:90 0x310f08a9 6
2 path.c:90 0x310f06e9 8
2 path.c:90 0x310f0b39 12
3 dynarray.c:69 0x310f1079 0x310f0f39 16 32
1 path.c:143 0x310f05c9 26
2 path.c:178 0x310f0f39 24
1 dynarray.c:84 0x310f0709 24
2 dynarray.c:95 0x310f0e09 16
2 path.c:191 0x310f0b09 26
2 path.c:205 0x310f0969 6
3 path.c:223 0x310f0b09 0x310f0b09 26 6
4 path.c:246 0x310f0b09 6
4 path.c:31 0x310f0969 6
4 dynarray.c:112 0x310f0e09 16
4 dynarray.c:113 0x310f0709 24
4 path.c:254 0x310f0f39 24
2 path.c:178 0x310f0f39 24
1 dynarray.c:84 0x310f0659 24
2 dynarray.c:95 0x310f0709 16
2 path.c:191 0x310f0b09 26
2 path.c:205 0x310f0969 6
2 path.c:205 0x310f09b9 8
3 path.c:223 0x310f0b09 0x310f0b09 26 14
4 path.c:246 0x310f0b09 14
4 path.c:31 0x310f0969 6
4 path.c:31 0x310f09b9 8
4 dynarray.c:112 0x310f0709 16
4 dynarray.c:113 0x310f0659 24
4 path.c:254 0x310f0f39 24
2 path.c:178 0x310f0f39 24
1 dynarray.c:84 0x310f0e09 24
2 dynarray.c:95 0x310f0659 24
2 path.c:191 0x310f0b09 26
2 path.c:205 0x310f09b9 6
2 path.c:205 0x310f0969 8
2 path.c:205 0x310f06c9 12
3 path.c:223 0x310f0b09 0x310f0b09 26 26
4 path.c:246 0x310f0b09 26
4 path.c:31 0x310f09b9 6
4 path.c:31 0x310f0969 8
4 path.c:31 0x310f06c9 12
4 dynarray.c:112 0x310f0659 24
4 dynarray.c:113 0x310f0e09 24
4 path.c:254 0x310f0f39 24
2 path.c:178 0x310f0f39 24
1 dynarray.c:84 0x310f0709 24
2 dynarray.c:95 0x310f0e09 24
2 path.c:191 0x310f0b09 26
2 path.c:205 0x310f06c9 6
2 path.c:205 0x310f0969 8
2 path.c:205 0x310f09b9 12
3 path.c:223 0x310f0b09 0x310f0b09 26 26
1 bdtBad4.c:143 0x310f0fe9 32
2 path.c:178 0x310f0f09 24
1 dynarray.c:84 0x310f0659 24
2 dynarray.c:95 0x310f0629 24
2 path.c:191 0x310f10b9 26
2 path.c:205 0x310f0e69 6
2 path.c:205 0x310f0e89 8
2 path.c:205 0x310f0ea9 12
3 path.c:223 0x310f10b9 0x310f10b9 26 26
4 path.c:246 0x310f0b09 26
4 path.c:31 0x310f06c9 6
4 path.c:31 0x310f0969 8
4 path.c:31 0x310f09b9 12
4 dynarray.c:112 0x310f0e09 24
4 dynarray.c:113 0x310f0709 24
4 path.c:254 0x310f0f39 24
4 path.c:246 0x310f05c9 26
4 path.c:31 0x310f08a9 6
4 path.c:31 0x310f06e9 8
4 path.c:31 0x310f0b39 12
4 dynarray.c:112 0x310f1079 32
4 dynarray.c:113 0x310f0939 24
4 path.c:254 0x310f0989 24
2 path.c:128 0x310f0989 24
1 dynarray.c:84 0x310f0b09 24
2 dynarray.c:95 0x310f0939 16
2 path.c:90 0x310f0b39 6
2 path.c:90 0x310f06e9 7
2 path.c:90 0x310f08a9 12
3 dynarray.c:69 0x310f10e9 0x310f0939 16 32
1 path.c:143 0x310f05c9 25
2 path.c:178 0x310f0939 24
1 dynarray.c:84 0x310f0f39 24
2 dynarray.c:95 0x310f0709 16
2 path.c:191 0x310f1129 25
2 path.c:205 0x310f09b9 6
3 path.c:223 0x310f1129 0x310f1129 25 6
4 path.c:246 0x310f1129 6
4 path.c:31 0x310f09b9 6
4 dynarray.c:112 0x310f0709 16
4 dynarray.c:113 0x310f0f39 24
4 path.c:254 0x310f0939 24
2 path.c:178 0x310f0939 24
1 dynarray.c:84 0x310f0e09 24
2 dynarray.c:95 0x310f0f39 16
2 path.c:191 0x310f1129 25
2 path.c:205 0x310f09b9 6
2 path.c:205 0x310f0969 7
3 path.c:223 0x310f1129 0x310f1129 25 13
4 path.c:246 0x310f1129 13
4 path.c:31 0x310f09b9 6
4 path.c:31 0x310f0969 7
4 dynarray.c:112 0x310f0f39 16
4 dynarray.c:113 0x310f0e09 24
4 path.c:254 0x310f0939 24
2 path.c:178 0x310f0939 24
1 dynarray.c:84 0x310f0709 24
2 dynarray.c:95 0x310f0e09 24
2 path.c:191 0x310f1129 25
2 path.c:205 0x310f0969 6
2 path.c:205 0x310f09b9 7
2 path.c:205 0x310f06c9 12
3 path.c:223 0x310f1129 0x310f1129 25 25
4 path.c:246 0x310f1129 25
4 path.c:31 0x310f0969 6
4 path.c:31 0x310f09b9 7
4 path.c:31 0x310f06c9 12
4 dynarray.c:112 0x310f0e09 24
4 dynarray.c:113 0x310f0709 24
4 path.c:254 0x310f0939 24
4 path.c:246 0x310f05c9 25
4 path.c:31 0x310f0b39 6
4 path.c:31 0x310f06e9 7
4 path.c:31 0x310f08a9 12
4 dynarray.c:112 0x310f10e9 32
4 dynarray.c:113 0x310f0b09 24
4 path.c:254 0x310f0989 24
2 path.c:128 0x310f0989 24
1 dynarray.c:84 0x310f0f39 24
2 dynarray.c:95 0x310f0b09 16
2 path.c:90 0x310f08a9 6
2 path.c:90 0x310f06e9 8
2 path.c:90 0x310f0b39 12
3 dynarray.c:69 0x310f10e9 0x310f0b09 16 32
1 path.c:143 0x310f05c9 26
2 path.c:178 0x310f0b09 24
1 dynarray.c:84 0x310f0939 24
2 dynarray.c:95 0x310f0709 16
2 path.c:191 0x310f1129 26
2 path.c:205 0x310f06c9 6
3 path.c:223 0x310f1129 0x310f1129 26 6
4 path.c:246 0x310f1129 6
4 path.c:31 0x310f06c9 6
4 dynarray.c:112 0x310f0709 16
4 dynarray.c:113 0x310f0939 24
4 path.c:254 0x310f0b09 24
2 path.c:178 0x310f0b09 24
1 dynarray.c:84 0x310f0e09 24
2 dynarray.c:95 0x310f0939 16
2 path.c:191 0x310f1129 26
2 path.c:205 0x310f06c9 6
2 path.c:205 0x310f09b9 8
3 path.c:223 0x310f1129 0x310f1129 26 14
4 path.c:246 0x310f1129 14
4 path.c:31 0x310f06c9 6
4 path.c:31 0x310f09b9 8
4 dynarray.c:112 0x310f0939 16
4 dynarray.c:113 0x310f0e09 24
4 path.c:254 0x310f0b09 24
2 path.c:178 0x310f0b09 24
1 dynarray.c:84 0x310f0709 24
2 dynarray.c:95 0x310f0e09 24
2 path.c:191 0x310f1129 26
2 path.c:205 0x310f09b9 6
2 path.c:205 0x310f06c9 8
2 path.c:205 0x310f0969 12
3 path.c:223 0x310f1129 0x310f1129 26 26
4 path.c:246 0x310f1129 26
4 path.c:31 0x310f09b9 6
4 path.c:31 0x310f06c9 8
4 path.c:31 0x310f0969 12
4 dynarray.c:112 0x310f0e09 24
4 dynarray.c:113 0x310f0709 24
4 path.c:254 0x310f0b09 24
4 path.c:246 0x310f05c9 26
4 path.c:31 0x310f08a9 6
4 path.c:31 0x310f06e9 8
4 path.c:31 0x310f0b39 12
4 dynarray.c:112 0x310f10e9 32
4 dynarray.c:113 0x310f0f39 24
4 path.c:254 0x310f0989 24
2 path.c:128 0x310f0989 24
1 dynarray.c:84 0x310f0939 24
2 dynarray.c:95 0x310f0f39 16
2 path.c:90 0x310f0b39 6
2 path.c:90 0x310f06e9 8
2 path.c:90 0x310f08a9 12
3 dynarray.c:69 0x310f10e9 0x310f0f39 16 32
1 path.c:143 0x310f05c9 26
2 path.c:178 0x310f0f39 24
1 dynarray.c:84 0x310f0b09 24
2 dynarray.c:95 0x310f0709 16
2 path.c:191 0x310f1129 26
2 path.c:205 0x310f0969 6
3 path.c:223 0x310f1129 0x310f1129 26 6
4 path.c:246 0x310f1129 6
4 path.c:31 0x310f0969 6
4 dynarray.c:112 0x310f0709 16
4 dynarray.c:113 0x310f0b09 24
4 path.c:254 0x310f0f39 24
2 path.c:178 0x310f0f39 24
1 dynarray.c:84 0x310f0e09 24
2 dynarray.c:95 0x310f0b09 16
2 path.c:191 0x310f1129 26
2 path.c:205 0x310f0969 6
2 path.c:205 0x310f06c9 8
3 path.c:223 0x310f1129 0x310f1129 26 14
4 path.c:246 0x310f1129 14
4 path.c:31 0x310f0969 6
4 path.c:31 0x310f06c9 8
4 dynarray.c:112 0x310f0b09 16
4 dynarray.c:113 0x310f0e09 24
4 path.c:254 0x310f0f39 24
2 path.c:178 0x310f0f39 24
1 dynarray.c:84 0x310f0709 24
2 dynarray.c:95 0x310f0e09 24
2 path.c:191 0x310f1129 26
2 path.c:205 0x310f06c9 6
2 path.c:205 0x310f0969 8
2 path.c:205 0x310f09b9 12
3 path.c:223 0x310f1129 0x310f1129 26 26
4 path.c:246 0x310f1129 26
4 path.c:31 0x310f06c9 6
4 path.c:31 0x310f0969 8
4 path.c:31 0x310f09b9 12
4 dynarray.c:112 0x310f0e09 24
4 dynarray.c:113 0x310f0709 24
4 path.c:254 0x310f0f39 24
4 path.c:246 0x310f05c9 26
4 path.c:31 0x310f0b39 6
4 path.c:31 0x310f06e9 8
4 path.c:31 0x310f08a9 12
4 dynarray.c:112 0x310f10e9 32
4 dynarray.c:113 0x310f0939 24
4 path.c:254 0x310f0989 24
2 path.c:128 0x310f0989 24
1 dynarray.c:84 0x310f0b09 24
2 dynarray.c:95 0x310f0939 16
2 path.c:90 0x310f08a9 6
2 path.c:90 0x310f06e9 8
2 path.c:90 0x310f0b39 12
3 dynarray.c:69 0x310f10e9 0x310f0939 16 32
2 path.c:90 0x310f09b9 6
1 path.c:143 0x310f1079 32
2 path.c:178 0x310f0939 24
1 dynarray.c:84 0x310f05c9 24
2 dynarray.c:95 0x310f0f39 16
2 path.c:191 0x310f1159 32
2 path.c:205 0x310f0969 6
3 path.c:223 0x310f1159 0x310f1159 32 6
4 path.c:246 0x310f1159 6
4 path.c:31 0x310f0969 6
4 dynarray.c:112 0x310f0f39 16
4 dynarray.c:113 0x310f05c9 24
4 path.c:254 0x310f0939 24
2 path.c:178 0x310f0939 24
1 dynarray.c:84 0x310f0709 24
2 dynarray.c:95 0x310f05c9 16
2 path.c:191 0x310f1199 32
2 path.c:205 0x310f0969 6
2 path.c:205 0x310f1159 8
3 path.c:223 0x310f1199 0x310f1199 32 14
4 path.c:246 0x310f1199 14
4 path.c:31 0x310f0969 6
4 path.c:31 0x310f1159 8
4 dynarray.c:112 0x310f05c9 16
4 dynarray.c:113 0x310f0709 24
4 path.c:254 0x310f0939 24
2 path.c:178 0x310f0939 24
1 dynarray.c:84 0x310f0f39 24
2 dynarray.c:95 0x310f0709 24
2 path.c:191 0x310f11d9 32
2 path.c:205 0x310f1159 6
2 path.c:205 0x310f0969 8
2 path.c:205 0x310f1199 12
3 path.c:223 0x310f11d9 0x310f11d9 32 26
4 path.c:246 0x310f11d9 26
4 path.c:31 0x310f1159 6
4 path.c:31 0x310f0969 8
4 path.c:31 0x310f1199 12
4 dynarray.c:112 0x310f0709 24
4 dynarray.c:113 0x310f0f39 24
4 path.c:254 0x310f0939 24
2 path.c:178 0x310f0939 24
1 dynarray.c:84 0x310f05c9 24
2 dynarray.c:95 0x310f1219 32
2 path.c:191 0x310f1259 32
2 path.c:205 0x310f1199 6
2 path.c:205 0x310f0969 8
2 path.c:205 0x310f1159 12
2 path.c:205 0x310f11b9 6
3 path.c:223 0x310f1259 0x310f1259 32 32
4 path.c:246 0x310f1259 32
4 path.c:31 0x310f1199 6
4 path.c:31 0x310f0969 8
4 path.c:31 0x310f1159 12
4 path.c:31 0x310f11b9 6
4 dynarray.c:112 0x310f1219 32
4 dynarray.c:113 0x310f05c9 24
4 path.c:254 0x310f0939 24
2 path.c:178 0x310f0939 24
1 dynarray.c:84 0x310f05c9 24
2 dynarray.c:95 0x310f1219 32
2 path.c:191 0x310f1259 32
2 path.c:205 0x310f11b9 6
2 path.c:205 0x310f1159 8
2 path.c:205 0x310f0969 12
2 path.c:205 0x310f1199 6
3 path.c:223 0x310f1259 0x310f1259 32 32
1 bdtBad4.c:143 0x310f11d9 32
2 path.c:178 0x310f0f39 24
1 dynarray.c:84 0x310f0709 24
2 dynarray.c:95 0x310f1299 32
2 path.c:191 0x310f12d9 32
2 path.c:205 0x310f1179 6
2 path.c:205 0x310f06c9 8
2 path.c:205 0x310f1319 12
2 path.c:205 0x310f1339 6
3 path.c:223 0x310f12d9 0x310f12d9 32 32
4 path.c:246 0x310f1259 32
4 path.c:31 0x310f11b9 6
4 path.c:31 0x310f1159 8
4 path.c:31 0x310f0969 12
4 path.c:31 0x310f1199 6
4 dynarray.c:112 0x310f1219 32
4 dynarray.c:113 0x310f05c9 24
4 path.c:254 0x310f0939 24
4 path.c:246 0x310f1079 32
4 path.c:31 0x310f08a9 6
4 path.c:31 0x310f06e9 8
4 path.c:31 0x310f0b39 12
4 path.c:31 0x310f09b9 6
4 dynarray.c:112 0x310f10e9 32
4 dynarray.c:113 0x310f0b09 24
4 path.c:254 0x310f0989 24
2 path.c:128 0x310f0989 24
1 dynarray.c:84 0x310f05c9 24
2 dynarray.c:95 0x310f0b09 16
2 path.c:90 0x310f09b9 6
2 path.c:90 0x310f0b39 8
2 path.c:90 0x310f06e9 12
3 dynarray.c:69 0x310f10e9 0x310f0b09 16 32
2 path.c:90 0x310f08a9 6
1 path.c:143 0x310f1259 32
2 path.c:178 0x310f0b09 24
1 dynarray.c:84 0x310f0939 24
2 dynarray.c:95 0x310f0e09 16
2 path.c:191 0x310f1079 32
2 path.c:205 0x310f1199 6
3 path.c:223 0x310f1079 0x310f1079 32 6
4 path.c:246 0x310f1079 6
4 path.c:31 0x310f1199 6
4 dynarray.c:112 0x310f0e09 16
4 dynarray.c:113 0x310f0939 24
4 path.c:254 0x310f0b09 24
2 path.c:178 0x310f0b09 24
1 dynarray.c:84 0x310f1129 24
2 dynarray.c:95 0x310f0939 16
2 path.c:191 0x310f1359 32
2 path.c:205 0x310f1199 6
2 path.c:205 0x310f1079 8
3 path.c:223 0x310f1359 0x310f1359 32 14
4 path.c:246 0x310f1359 14
4 path.c:31 0x310f1199 6
4 path.c:31 0x310f1079 8
4 dynarray.c:112 0x310f0939 16
4 dynarray.c:113 0x310f1129 24
4 path.c:254 0x310f0b09 24
2 path.c:178 0x310f0b09 24
1 dynarray.c:84 0x310f0e09 24
2 dynarray.c:95 0x310f1129 24
2 path.c:191 0x310f1399 32
2 path.c:205 0x310f1079 6
2 path.c:205 0x310f1199 8
2 path.c:205 0x310f1359 12
3 path.c:223 0x310f1399 0x310f1399 32 26
4 path.c:246 0x310f1399 26
4 path.c:31 0x310f1079 6
4 path.c:31 0x310f1199 8
4 path.c:31 0x310f1359 12
4 dynarray.c:112 0x310f1129 24
4 dynarray.c:113 0x310f0e09 24
4 path.c:254 0x310f0b09 24
2 path.c:178 0x310f0b09 24
1 dynarray.c:84 0x310f0939 24
2 dynarray.c:95 0x310f1399 32
2 path.c:191 0x310f13d9 32
2 path.c:205 0x310f1359 6
2 path.c:205 0x310f1199 8
2 path.c:205 0x310f1079 12
2 path.c:205 0x310f1379 6
3 path.c:223 0x310f13d9 0x310f13d9 32 32
4 path.c:246 0x310f13d9 32
4 path.c:31 0x310f1359 6
4 path.c:31 0x310f1199 8
4 path.c:31 0x310f1079 12
4 path.c:31 0x310f1379 6
4 dynarray.c:112 0x310f1399 32
4 dynarray.c:113 0x310f0939 24
4 path.c:254 0x310f0b09 24
4 path.c:246 0x310f1259 32
4 path.c:31 0x310f09b9 6
4 path.c:31 0x310f0b39 8
4 path.c:31 0x310f06e9 12
4 path.c:31 0x310f08a9 6
4 dynarray.c:112 0x310f10e9 32
4 dynarray.c:113 0x310f05c9 24
4 path.c:254 0x310f0989 24
1 dynarray.c:84 0x310f0939 24
2 dynarray.c:95 0x310f1419 48
1 bdtBad4.c:663 0x310f1469 111
4 dynarray.c:112 0x310f1419 48
4 dynarray.c:113 0x310f0939 24
6 bdt_client.c:96 0x310f1469
4 bdt_client.c:96 0x310f1469 111
2 path.c:128 0x310f0989 24
1 dynarray.c:84 0x310f0939 24
2 dynarray.c:95 0x310f05c9 16
2 path.c:90 0x310f08a9 6
2 path.c:90 0x310f06e9 8
2 path.c:90 0x310f0b39 12
3 dynarray.c:69 0x310f10e9 0x310f05c9 16 32
2 path.c:90 0x310f09b9 6
1 path.c:143 0x310f1219 32
2 path.c:178 0x310f05c9 24
1 dynarray.c:84 0x310f0b09 24
2 dynarray.c:95 0x310f0e09 16
2 path.c:191 0x310f1259 32
2 path.c:205 0x310f1379 6
3 path.c:223 0x310f1259 0x310f1259 32 6
4 path.c:246 0x310f1259 6
4 path.c:31 0x310f1379 6
4 dynarray.c:112 0x310f0e09 16
4 dynarray.c:113 0x310f0b09 24
4 path.c:254 0x310f05c9 24
2 path.c:178 0x310f05c9 24
1 dynarray.c:84 0x310f1129 24
2 dynarray.c:95 0x310f0b09 16
2 path.c:191 0x310f13d9 32
2 path.c:205 0x310f1379 6
2 path.c:205 0x310f1259 8
3 path.c:223 0x310f13d9 0x310f13d9 32 14
4 path.c:246 0x310f13d9 14
4 path.c:31 0x310f1379 6
4 path.c:31 0x310f1259 8
4 dynarray.c:112 0x310f0b09 16
4 dynarray.c:113 0x310f1129 24
4 path.c:254 0x310f05c9 24
2 path.c:178 0x310f05c9 24
1 dynarray.c:84 0x310f0e09 24
2 dynarray.c:95 0x310f1129 24
2 path.c:191 0x310f14f9 32
2 path.c:205 0x310f1259 6
2 path.c:205 0x310f1379 8
2 path.c:205 0x310f13d9 12
3 path.c:223 0x310f14f9 0x310f14f9 32 26
4 path.c:246 0x310f14f9 26
4 path.c:31 0x310f1259 6
4 path.c:31 0x310f1379 8
4 path.c:31 0x310f13d9 12
4 dynarray.c:112 0x310f1129 24
4 dynarray.c:113 0x310f0e09 24
4 path.c:254 0x310f05c9 24
2 path.c:178 0x310f05c9 24
1 dynarray.c:84 0x310f0b09 24
2 dynarray.c:95 0x310f14f9 32
2 path.c:191 0x310f1539 32
2 path.c:205 0x310f13d9 6
2 path.c:205 0x310f1379 8
2 path.c:205 0x310f1259 12
2 path.c:205 0x310f13f9 6
3 path.c:223 0x310f1539 0x310f1539 32 32
4 path.c:246 0x310f1539 32
4 path.c:31 0x310f13d9 6
4 path.c:31 0x310f1379 8
4 path.c:31 0x310f1259 12
4 path.c:31 0x310f13f9 6
4 dynarray.c:112 0x310f14f9 32
4 dynarray.c:113 0x310f0b09 24
4 path.c:254 0x310f05c9 24
4 path.c:246 0x310f1219 32
4 path.c:31 0x310f08a9 6
4 path.c:31 0x310f06e9 8
4 path.c:31 0x310f0b39 12
4 path.c:31 0x310f09b9 6
4 dynarray.c:112 0x310f10e9 32
4 dynarray.c:113 0x310f0939 24
4 path.c:254 0x310f0989 24
2 path.c:128 0x310f0989 24
1 dynarray.c:84 0x310f0b09 24
2 dynarray.c:95 0x310f0939 16
2 path.c:90 0x310f09b9 6
2 path.c:90 0x310f0b39 8
2 path.c:90 0x310f06e9 8
3 dynarray.c:69 0x310f10e9 0x310f0939 16 32
1 path.c:143 0x310f05c9 22
2 path.c:178 0x310f0939 24
1 dynarray.c:84 0x310f0e09 24
2 dynarray.c:95 0x310f1129 16
2 path.c:191 0x310f1579 22
2 path.c:205 0x310f08a9 6
3 path.c:223 0x310f1579 0x310f1579 22 6
4 path.c:246 0x310f1579 6
4 path.c:31 0x310f08a9 6
4 dynarray.c:112 0x310f1129 16
4 dynarray.c:113 0x310f0e09 24
4 path.c:254 0x310f0939 24
2 path.c:178 0x310f0939 24
1 dynarray.c:84 0x310f1579 24
2 dynarray.c:95 0x310f0e09 16
2 path.c:191 0x310f15a9 22
2 path.c:205 0x310f08a9 6
2 path.c:205 0x310f13f9 8
3 path.c:223 0x310f15a9 0x310f15a9 22 14
4 path.c:246 0x310f15a9 14
4 path.c:31 0x310f08a9 6
4 path.c:31 0x310f13f9 8
4 dynarray.c:112 0x310f0e09 16
4 dynarray.c:113 0x310f1579 24
4 path.c:254 0x310f0939 24
2 path.c:178 0x310f0939 24
1 dynarray.c:84 0x310f1129 24
2 dynarray.c:95 0x310f1579 24
2 path.c:191 0x310f15a9 22
2 path.c:205 0x310f13f9 6
2 path.c:205 0x310f08a9 8
2 path.c:205 0x310f1259 8
3 path.c:223 0x310f15a9 0x310f15a9 22 22
4 path.c:246 0x310f15a9 22
4 path.c:31 0x310f13f9 6
4 path.c:31 0x310f08a9 8
4 path.c:31 0x310f1259 8
4 dynarray.c:112 0x310f1579 24
4 dynarray.c:113 0x310f1129 24
4 path.c:254 0x310f0939 24
4 path.c:246 0x310f05c9 22
4 path.c:31 0x310f09b9 6
4 path.c:31 0x310f0b39 8
4 path.c:31 0x310f06e9 8
4 dynarray.c:112 0x310f10e9 32
4 dynarray.c:113 0x310f0b09 24
4 path.c:254 0x310f0989 24
2 path.c:128 0x310f0989 24
1 dynarray.c:84 0x310f0e09 24
2 dynarray.c:95 0x310f0b09 16
2 path.c:90 0x310f06e9 6
2 path.c:90 0x310f0b39 8
2 path.c:90 0x310f09b9 8
3 dynarray.c:69 0x310f10e9 0x310f0b09 16 32
1 path.c:143 0x310f05c9 22
2 path.c:178 0x310f0b09 24
1 dynarray.c:84 0x310f0939 24
2 dynarray.c:95 0x310f1129 16
2 path.c:191 0x310f15a9 22
2 path.c:205 0x310f1259 6
3 path.c:223 0x310f15a9 0x310f15a9 22 6
4 path.c:246 0x310f15a9 6
4 path.c:31 0x310f1259 6
4 dynarray.c:112 0x310f1129 16
4 dynarray.c:113 0x310f0939 24
4 path.c:254 0x310f0b09 24
2 path.c:178 0x310f0b09 24
1 dynarray.c:84 0x310f1579 24
2 dynarray.c:95 0x310f0939 16
2 path.c:191 0x310f15a9 22
2 path.c:205 0x310f1259 6
2 path.c:205 0x310f08a9 8
3 path.c:223 0x310f15a9 0x310f15a9 22 14
4 path.c:246 0x310f15a9 14
4 path.c:31 0x310f1259 6
4 path.c:31 0x310f08a9 8
4 dynarray.c:112 0x310f0939 16
4 dynarray.c:113 0x310f1579 24
4 path.c:254 0x310f0b09 24
2 path.c:178 0x310f0b09 24
1 dynarray.c:84 0x310f1129 24
2 dynarray.c:95 0x310f1579 24
2 path.c:191 0x310f15a9 22
2 path.c:205 0x310f08a9 6
2 path.c:205 0x310f1259 8
2 path.c:205 0x310f13f9 8
3 path.c:223 0x310f15a9 0x310f15a9 22 22
4 path.c:246 0x310f15a9 22
4 path.c:31 0x310f08a9 6
4 path.c:31 0x310f1259 8
4 path.c:31 0x310f13f9 8
4 dynarray.c:112 0x310f1579 24
4 dynarray.c:113 0x310f1129 24
4 path.c:254 0x310f0b09 24
4 path.c:246 0x310f05c9 22
4 path.c:31 0x310f06e9 6
4 path.c:31 0x310f0b39 8
4 path.c:31 0x310f09b9 8
4 dynarray.c:112 0x310f10e9 32
4 dynarray.c:113 0x310f0e09 24
4 path.c:254 0x310f0989 24
2 path.c:128 0x310f0989 24
1 dynarray.c:84 0x310f0939 24
2 dynarray.c:95 0x310f0e09 16
2 path.c:90 0x310f09b9 6
2 path.c:90 0x310f0b39 8
2 path.c:90 0x310f06e9 8
3 dynarray.c:69 0x310f10e9 0x310f0e09 16 32
1 path.c:143 0x310f05c9 22
2 path.c:178 0x310f0e09 24
1 dynarray.c:84 0x310f0b09 24
2 dynarray.c:95 0x310f1129 16
2 path.c:191 0x310f15a9 22
2 path.c:205 0x310f13f9 6
3 path.c:223 0x310f15a9 0x310f15a9 22 6
4 path.c:246 0x310f15a9 6
4 path.c:31 0x310f13f9 6
4 dynarray.c:112 0x310f1129 16
4 dynarray.c:113 0x310f0b09 24
4 path.c:254 0x310f0e09 24
2 path.c:178 0x310f0e09 24
1 dynarray.c:84 0x310f1579 24
2 dynarray.c:95 0x310f0b09 16
2 path.c:191 0x310f15a9 22
2 path.c:205 0x310f13f9 6
2 path.c:205 0x310f1259 8
3 path.c:223 0x310f15a9 0x310f15a9 22 14
4 path.c:246 0x310f15a9 14
4 path.c:31 0x310f13f9 6
4 path.c:31 0x310f1259 8
4 dynarray.c:112 0x310f0b09 16
4 dynarray.c:113 0x310f1579 24
4 path.c:254 0x310f0e09 24
2 path.c:178 0x310f0e09 24
1 dynarray.c:84 0x310f1129 24
2 dynarray.c:95 0x310f1579 24
2 path.c:191 0x310f15a9 22
2 path.c:205 0x310f1259 6
2 path.c:205 0x310f13f9 8
2 path.c:205 0x310f08a9 8
3 path.c:223 0x310f15a9 0x310f15a9 22 22
4 path.c:246 0x310f15a9 22
4 path.c:31 0x310f1259 6
4 path.c:31 0x310f13f9 8
4 path.c:31 0x310f08a9 8
4 dynarray.c:112 0x310f1579 24
4 dynarray.c:113 0x310f1129 24
4 path.c:254 0x310f0e09 24
4 path.c:246 0x310f05c9 22
4 path.c:31 0x310f09b9 6
4 path.c:31 0x310f0b39 8
4 path.c:31 0x310f06e9 8
4 dynarray.c:112 0x310f10e9 32
4 dynarray.c:113 0x310f0939 24
4 path.c:254 0x310f0989 24
2 path.c:128 0x310f0989 24
1 dynarray.c:84 0x310f0b09 24
2 dynarray.c:95 0x310f0939 16
2 path.c:90 0x310f06e9 6
2 path.c:90 0x310f0b39 8
1 path.c:143 0x310f0889 14
2 path.c:178 0x310f0e09 24
1 dynarray.c:84 0x310f05c9 24
2 dynarray.c:95 0x310f1129 16
2 path.c:191 0x310f09b9 14
2 path.c:205 0x310f13f9 6
3 path.c:223 0x310f09b9 0x310f09b9 14 6
4 path.c:246 0x310f09b9 6
4 path.c:31 0x310f13f9 6
4 dynarray.c:112 0x310f1129 16
4 dynarray.c:113 0x310f05c9 24
4 path.c:254 0x310f0e09 24
2 path.c:178 0x310f0e09 24
1 dynarray.c:84 0x310f1579 24
2 dynarray.c:95 0x310f05c9 16
2 path.c:191 0x310f13f9 14
2 path.c:205 0x310f09b9 6
2 path.c:205 0x310f1259 8
3 path.c:223 0x310f13f9 0x310f13f9 14 14
4 path.c:246 0x310f13f9 14
4 path.c:31 0x310f09b9 6
4 path.c:31 0x310f1259 8
4 dynarray.c:112 0x310f05c9 16
4 dynarray.c:113 0x310f1579 24
4 path.c:254 0x310f0e09 24
4 path.c:246 0x310f0889 14
4 path.c:31 0x310f06e9 6
4 path.c:31 0x310f0b39 8
4 dynarray.c:112 0x310f0939 16
4 dynarray.c:113 0x310f0b09 24
4 path.c:254 0x310f0989 24
4 path.c:246 0x310f12d9 32
4 path.c:31 0x310f1179 6
4 path.c:31 0x310f06c9 8
4 path.c:31 0x310f1319 12
4 path.c:31 0x310f1339 6
4 dynarray.c:112 0x310f1299 32
4 dynarray.c:113 0x310f0709 24
4 path.c:254 0x310f0f39 24
4 bdtBad4.c:263 0x310f11d9 32
4 path.c:246 0x310f10b9 26
4 path.c:31 0x310f0e69 6
4 path.c:31 0x310f0e89 8
4 path.c:31 0x310f0ea9 12
4 dynarray.c:112 0x310f0629 24
4 dynarray.c:113 0x310f0659 24
4 path.c:254 0x310f0f09 24
4 bdtBad4.c:263 0x310f0fe9 32
4 path.c:246 0x310f0da9 14
4 path.c:31 0x310f0dc9 6
4 path.c:31 0x310f0de9 8
4 dynarray.c:112 0x310f0d79 16
4 dynarray.c:113 0x310f09d9 24
4 path.c:254 0x310f0cc9 24
4 bdtBad4.c:263 0x310f0d39 32
2 path.c:128 0x310f0cc9 24
1 dynarray.c:84 0x310f1129 24
2 dynarray.c:95 0x310f09d9 16
2 path.c:90 0x310f0de9 6
1 path.c:143 0x310f08a9 6
2 path.c:178 0x310f0f09 24
1 dynarray.c:84 0x310f0d79 24
2 dynarray.c:95 0x310f0659 16
2 path.c:191 0x310f0dc9 6
2 path.c:205 0x310f0ea9 6
3 path.c:223 0x310f0dc9 0x310f0dc9 6 6
4 path.c:246 0x310f0dc9 6
4 path.c:31 0x310f0ea9 6
4 dynarray.c:112 0x310f0659 16
4 dynarray.c:113 0x310f0d79 24
4 path.c:254 0x310f0f09 24
4 path.c:246 0x310f08a9 6
4 path.c:31 0x310f0de9 6
4 dynarray.c:112 0x310f09d9 16
4 dynarray.c:113 0x310f1129 24
4 path.c:254 0x310f0cc9 24
2 path.c:128 0x310f0cc9 24
1 dynarray.c:84 0x310f0629 24
2 dynarray.c:95 0x310f1129 16
2 path.c:90 0x310f0de9 6
2 path.c:90 0x310f08a9 7
1 path.c:143 0x310f0da9 13
2 path.c:178 0x310f0f09 24
1 dynarray.c:84 0x310f09d9 24
2 dynarray.c:95 0x310f0d79 16
2 path.c:191 0x310f0ea9 13
2 path.c:205 0x310f0e89 6
3 path.c:223 0x310f0ea9 0x310f0ea9 13 6
4 path.c:246 0x310f0ea9 6
4 path.c:31 0x310f0e89 6
4 dynarray.c:112 0x310f0d79 16
4 dynarray.c:113 0x310f09d9 24
4 path.c:254 0x310f0f09 24
2 path.c:178 0x310f0f09 24
1 dynarray.c:84 0x310f0659 24
2 dynarray.c:95 0x310f09d9 16
2 path.c:191 0x310f0e89 13
2 path.c:205 0x310f0ea9 6
2 path.c:205 0x310f0e69 7
3 path.c:223 0x310f0e89 0x310f0e89 13 13
4 path.c:246 0x310f0e89 13
4 path.c:31 0x310f0ea9 6
4 path.c:31 0x310f0e69 7
4 dynarray.c:112 0x310f09d9 16
4 dynarray.c:113 0x310f0659 24
4 path.c:254 0x310f0f09 24
4 path.c:246 0x310f0da9 13
4 path.c:31 0x310f0de9 6
4 path.c:31 0x310f08a9 7
4 dynarray.c:112 0x310f1129 16
4 dynarray.c:113 0x310f0629 24
4 path.c:254 0x310f0cc9 24
2 path.c:128 0x310f0cc9 24
1 dynarray.c:84 0x310f0d79 24
2 dynarray.c:95 0x310f0629 16
2 path.c:90 0x310f08a9 6
2 path.c:90 0x310f0de9 8
1 path.c:143 0x310f0dc9 14
2 path.c:178 0x310f0f09 24
1 dynarray.c:84 0x310f1129 24
2 dynarray.c:95 0x310f0659 16
2 path.c:191 0x310f0da9 14
2 path.c:205 0x310f0ea9 6
3 path.c:223 0x310f0da9 0x310f0da9 14 6
4 path.c:246 0x310f0da9 6
4 path.c:31 0x310f0ea9 6
4 dynarray.c:112 0x310f0659 16
4 dynarray.c:113 0x310f1129 24
4 path.c:254 0x310f0f09 24
2 path.c:178 0x310f0f09 24
1 dynarray.c:84 0x310f09d9 24
2 dynarray.c:95 0x310f1129 16
2 path.c:191 0x310f0ea9 14
2 path.c:205 0x310f0da9 6
2 path.c:205 0x310f0e89 8
3 path.c:223 0x310f0ea9 0x310f0ea9 14 14
4 path.c:246 0x310f0ea9 14
4 path.c:31 0x310f0da9 6
4 path.c:31 0x310f0e89 8
4 dynarray.c:112 0x310f1129 16
4 dynarray.c:113 0x310f09d9 24
4 path.c:254 0x310f0f09 24
4 path.c:246 0x310f0dc9 14
4 path.c:31 0x310f08a9 6
4 path.c:31 0x310f0de9 8
4 dynarray.c:112 0x310f0629 16
4 dynarray.c:113 0x310f0d79 24
4 path.c:254 0x310f0cc9 24
2 path.c:128 0x310f0cc9 24
1 dynarray.c:84 0x310f0659 24
2 dynarray.c:95 0x310f0d79 16
2 path.c:90 0x310f0de9 6
2 path.c:90 0x310f08a9 8
2 path.c:90 0x310f0dc9 12
3 dynarray.c:69 0x310f0d39 0x310f0d79 16 32
1 path.c:143 0x310f0629 26
2 path.c:178 0x310f0d79 24
1 dynarray.c:84 0x310f0f09 24
2 dynarray.c:95 0x310f09d9 16
2 path.c:191 0x310f10b9 26
2 path.c:205 0x310f0e89 6
3 path.c:223 0x310f10b9 0x310f10b9 26 6
4 path.c:246 0x310f10b9 6
4 path.c:31 0x310f0e89 6
4 dynarray.c:112 0x310f09d9 16
4 dynarray.c:113 0x310f0f09 24
4 path.c:254 0x310f0d79 24
2 path.c:178 0x310f0d79 24
1 dynarray.c:84 0x310f1129 24
2 dynarray.c:95 0x310f0f09 16
2 path.c:191 0x310f10b9 26
2 path.c:205 0x310f0e89 6
2 path.c:205 0x310f0da9 8
3 path.c:223 0x310f10b9 0x310f10b9 26 14
4 path.c:246 0x310f10b9 14
4 path.c:31 0x310f0e89 6
4 path.c:31 0x310f0da9 8
4 dynarray.c:112 0x310f0f09 16
4 dynarray.c:113 0x310f1129 24
4 path.c:254 0x310f0d79 24
4 path.c:246 0x310f0629 26
4 path.c:31 0x310f0de9 6
4 path.c:31 0x310f08a9 8
4 path.c:31 0x310f0dc9 12
4 dynarray.c:112 0x310f0d39 32
4 dynarray.c:113 0x310f0659 24
4 path.c:254 0x310f0cc9 24
2 path.c:128 0x310f0cc9 24
1 dynarray.c:84 0x310f09d9 24
2 dynarray.c:95 0x310f0659 16
2 path.c:90 0x310f0dc9 6
2 path.c:90 0x310f08a9 8
2 path.c:90 0x310f0de9 12
3 dynarray.c:69 0x310f0d39 0x310f0659 16 32
2 path.c:90 0x310f0da9 6
1 path.c:143 0x310f1399 32
2 path.c:178 0x310f0659 24
1 dynarray.c:84 0x310f0629 24
2 dynarray.c:95 0x310f0d79 16
2 path.c:191 0x310f0fe9 32
2 path.c:205 0x310f0e89 6
3 path.c:223 0x310f0fe9 0x310f0fe9 32 6
4 path.c:246 0x310f0fe9 6
4 path.c:31 0x310f0e89 6
4 dynarray.c:112 0x310f0d79 16
4 dynarray.c:113 0x310f0629 24
4 path.c:254 0x310f0659 24
2 path.c:178 0x310f0659 24
1 dynarray.c:84 0x310f1129 24
2 dynarray.c:95 0x310f0629 16
2 path.c:191 0x310f1299 32
2 path.c:205 0x310f0e89 6
2 path.c:205 0x310f0fe9 8
3 path.c:223 0x310f1299 0x310f1299 32 14
4 path.c:246 0x310f1299 14
4 path.c:31 0x310f0e89 6
4 path.c:31 0x310f0fe9 8
4 dynarray.c:112 0x310f0629 16
4 dynarray.c:113 0x310f1129 24
4 path.c:254 0x310f0659 24
4 path.c:246 0x310f1399 32
4 path.c:31 0x310f0dc9 6
4 path.c:31 0x310f08a9 8
4 path.c:31 0x310f0de9 12
4 path.c:31 0x310f0da9 6
4 dynarray.c:112 0x310f0d39 32
4 dynarray.c:113 0x310f09d9 24
4 path.c:254 0x310f0cc9 24
1 dynarray.c:84 0x310f0d79 24
2 dynarray.c:95 0x310f0cc9 24
1 bdtBad4.c:663 0x310f11d9 42
4 dynarray.c:112 0x310f0cc9 24
4 dynarray.c:113 0x310f0d79 24
6 bdt_client.c:113 0x310f11d9
4 bdt_client.c:113 0x310f11d9 42
2 path.c:128 0x310f0d79 24
1 dynarray.c:84 0x310f09d9 24
2 dynarray.c:95 0x310f0cc9 16
2 path.c:90 0x310f0da9 13
1 path.c:143 0x310f0e69 13
2 path.c:178 0x310f1129 24
1 dynarray.c:84 0x310f0659 24
2 dynarray.c:95 0x310f0629 16
2 path.c:191 0x310f0de9 13
2 path.c:205 0x310f0dc9 13
3 path.c:223 0x310f0de9 0x310f0de9 13 13
4 path.c:246 0x310f0de9 13
4 path.c:31 0x310f0dc9 13
4 dynarray.c:112 0x310f0629 16
4 dynarray.c:113 0x310f0659 24
4 path.c:254 0x310f1129 24
4 path.c:246 0x310f0e69 13
4 path.c:31 0x310f0da9 13
4 dynarray.c:112 0x310f0cc9 16
4 dynarray.c:113 0x310f09d9 24
4 path.c:254 0x310f0d79 24
2 path.c:128 0x310f0d79 24
1 dynarray.c:84 0x310f0f09 24
2 dynarray.c:95 0x310f09d9 16
2 path.c:90 0x310f0da9 6
1 path.c:143 0x310f08a9 6
2 path.c:178 0x310f1129 24
1 dynarray.c:84 0x310f0cc9 24
2 dynarray.c:95 0x310f0659 16
2 path.c:191 0x310f0e69 6
2 path.c:205 0x310f0de9 6
3 path.c:223 0x310f0e69 0x310f0e69 6 6
4 path.c:246 0x310f0e69 6
4 path.c:31 0x310f0de9 6
4 dynarray.c:112 0x310f0659 16
4 dynarray.c:113 0x310f0cc9 24
4 path.c:254 0x310f1129 24
4 path.c:246 0x310f08a9 6
4 path.c:31 0x310f0da9 6
4 dynarray.c:112 0x310f09d9 16
4 dynarray.c:113 0x310f0f09 24
4 path.c:254 0x310f0d79 24
4 path.c:246 0x310f0bf9 25
4 path.c:31 0x310f0c29 6
4 path.c:31 0x310f0c49 7
4 path.c:31 0x310f0c69 12
4 dynarray.c:112 0x310f0bc9 24
4 dynarray.c:113 0x310f0909 24
4 path.c:254 0x310f0b99 24
4 bdtBad4.c:263 0x310f0b59 32
4 path.c:246 0x310f0aa9 13
4 path.c:31 0x310f0ac9 6
4 path.c:31 0x310f0ae9 7
4 dynarray.c:112 0x310f0a79 16
4 dynarray.c:113 0x310f0599 24
4 path.c:254 0x310f0a49 24
4 bdtBad4.c:263 0x310f0a09 32
4 path.c:246 0x310f0849 6
4 path.c:31 0x310f0869 6
4 dynarray.c:112 0x310f0819 16
4 dynarray.c:113 0x310f05f9 24
4 path.c:254 0x310f07e9 24
4 bdtBad4.c:263 0x310f07a9 32
2 path.c:128 0x310f07e9 24
1 dynarray.c:84 0x310f0629 24
2 dynarray.c:95 0x310f05f9 16
2 path.c:90 0x310f0869 6
2 path.c:90 0x310f0849 7
1 path.c:143 0x310f0dc9 13
4 path.c:246 0x310f0dc9 13
4 path.c:31 0x310f0869 6
4 path.c:31 0x310f0849 7
4 dynarray.c:112 0x310f05f9 16
4 dynarray.c:113 0x310f0629 24
4 path.c:254 0x310f07e9 24
2 path.c:128 0x310f07e9 24
1 dynarray.c:84 0x310f0819 24
2 dynarray.c:95 0x310f0629 16
2 path.c:90 0x310f0849 6
1 path.c:143 0x310f0dc9 6
4 path.c:246 0x310f0dc9 6
4 path.c:31 0x310f0849 6
4 dynarray.c:112 0x310f0629 16
4 dynarray.c:113 0x310f0819 24
4 path.c:254 0x310f07e9 24
2 path.c:128 0x310f07e9 24
1 dynarray.c:84 0x310f05f9 24
2 dynarray.c:95 0x310f0819 16
2 path.c:90 0x310f0849 6
1 path.c:143 0x310f0dc9 6
4 path.c:246 0x310f0dc9 6
4 path.c:31 0x310f0849 6
4 dynarray.c:112 0x310f0819 16
4 dynarray.c:113 0x310f05f9 24
4 path.c:254 0x310f07e9 24
2 path.c:128 0x310f07e9 24
1 dynarray.c:84 0x310f0629 24
2 dynarray.c:95 0x310f05f9 16
2 path.c:90 0x310f0849 13
1 path.c:143 0x310f0dc9 13
4 path.c:246 0x310f0dc9 13
4 path.c:31 0x310f0849 13
4 dynarray.c:112 0x310f05f9 16
4 dynarray.c:113 0x310f0629 24
4 path.c:254 0x310f07e9 24
1 dynarray.c:84 0x310f0819 24
2 dynarray.c:95 0x310f07e9 16
1 bdtBad4.c:663 0x310f0dc9 1
4 dynarray.c:112 0x310f07e9 16
4 dynarray.c:113 0x310f0819 24
4 bdt_client.c:124 0x310f0dc9 1
2 path.c:128 0x310f0819 24
1 dynarray.c:84 0x310f0629 24
2 dynarray.c:95 0x310f07e9 16
2 path.c:90 0x310f0849 2
2 path.c:90 0x310f0869 2
1 path.c:143 0x310f0dc9 4
2 path.c:178 0x310f0a49 24
1 dynarray.c:84 0x310f05f9 24
2 dynarray.c:95 0x310f0599 16
2 path.c:191 0x310f0ae9 4
2 path.c:205 0x310f0aa9 2
3 path.c:223 0x310f0ae9 0x310f0ae9 4 2
1 bdtBad4.c:143 0x310f11d9 32
2 path.c:178 0x310f0b99 24
1 dynarray.c:84 0x310f0a79 24
2 dynarray.c:95 0x310f0909 16
2 path.c:191 0x310f0c69 2
2 path.c:205 0x310f0c49 2
3 path.c:223 0x310f0c69 0x310f0c69 2 2
4 path.c:246 0x310f0ae9 2
4 path.c:31 0x310f0aa9 2
4 dynarray.c:112 0x310f0599 16
4 dynarray.c:113 0x310f05f9 24
4 path.c:254 0x310f0a49 24
2 path.c:178 0x310f0a49 24
1 dynarray.c:84 0x310f0bc9 24
2 dynarray.c:95 0x310f05f9 16
2 path.c:191 0x310f0aa9 4
2 path.c:205 0x310f0ae9 2
2 path.c:205 0x310f0c29 2
3 path.c:223 0x310f0aa9 0x310f0aa9 4 4
1 bdtBad4.c:143 0x310f0fa9 32
2 path.c:178 0x310f0bf9 24
1 dynarray.c:84 0x310f0599 24
2 dynarray.c:95 0x310f0d79 16
2 path.c:191 0x310f0da9 4
2 path.c:205 0x310f08a9 2
2 path.c:205 0x310f0de9 2
3 path.c:223 0x310f0da9 0x310f0da9 4 4
4 path.c:246 0x310f0aa9 4
4 path.c:31 0x310f0ae9 2
4 path.c:31 0x310f0c29 2
4 dynarray.c:112 0x310f05f9 16
4 dynarray.c:113 0x310f0bc9 24
4 path.c:254 0x310f0a49 24
4 path.c:246 0x310f0dc9 4
4 path.c:31 0x310f0849 2
4 path.c:31 0x310f0869 2
4 dynarray.c:112 0x310f07e9 16
4 dynarray.c:113 0x310f0629 24
4 path.c:254 0x310f0819 24
1 dynarray.c:84 0x310f0f09 24
2 dynarray.c:95 0x310f0819 16
1 bdtBad4.c:663 0x310f0ac9 5
4 dynarray.c:112 0x310f0819 16
4 dynarray.c:113 0x310f0f09 24
6 bdt_client.c:136 0x310f0ac9
4 bdt_client.c:136 0x310f0ac9 5
2 path.c:128 0x310f0f09 24
1 dynarray.c:84 0x310f0629 24
2 dynarray.c:95 0x310f0819 16
2 path.c:90 0x310f0869 2
2 path.c:90 0x310f0849 2
1 path.c:143 0x310f0ac9 4
2 path.c:178 0x310f0a49 24
1 dynarray.c:84 0x310f07e9 24
2 dynarray.c:95 0x310f0bc9 16
2 path.c:191 0x310f0dc9 4
2 path.c:205 0x310f0ae9 2
3 path.c:223 0x310f0dc9 0x310f0dc9 4 2
4 path.c:246 0x310f0dc9 2
4 path.c:31 0x310f0ae9 2
4 dynarray.c:112 0x310f0bc9 16
4 dynarray.c:113 0x310f07e9 24
4 path.c:254 0x310f0a49 24
2 path.c:178 0x310f0a49 24
1 dynarray.c:84 0x310f05f9 24
2 dynarray.c:95 0x310f07e9 16
2 path.c:191 0x310f0ae9 4
2 path.c:205 0x310f0dc9 2
2 path.c:205 0x310f0aa9 2
3 path.c:223 0x310f0ae9 0x310f0ae9 4 4
4 path.c:246 0x310f0ae9 4
4 path.c:31 0x310f0dc9 2
4 path.c:31 0x310f0aa9 2
4 dynarray.c:112 0x310f07e9 16
4 dynarray.c:113 0x310f05f9 24
4 path.c:254 0x310f0a49 24
2 path.c:178 0x310f0a49 24
1 dynarray.c:84 0x310f0bc9 24
2 dynarray.c:95 0x310f05f9 16
2 path.c:191 0x310f0aa9 4
2 path.c:205 0x310f0dc9 2
2 path.c:205 0x310f0ae9 2
3 path.c:223 0x310f0aa9 0x310f0aa9 4 4
1 bdtBad4.c:143 0x310f0f69 32
2 path.c:178 0x310f09d9 24
1 dynarray.c:84 0x310f07e9 24
2 dynarray.c:95 0x310f1129 16
2 path.c:191 0x310f0e69 4
2 path.c:205 0x310f0fe9 2
2 path.c:205 0x310f0e89 2
3 path.c:223 0x310f0e69 0x310f0e69 4 4
4 path.c:246 0x310f0aa9 4
4 path.c:31 0x310f0dc9 2
4 path.c:31 0x310f0ae9 2
4 dynarray.c:112 0x310f05f9 16
4 dynarray.c:113 0x310f0bc9 24
4 path.c:254 0x310f0a49 24
4 path.c:246 0x310f0ac9 4
4 path.c:31 0x310f0869 2
4 path.c:31 0x310f0849 2
4 dynarray.c:112 0x310f0819 16
4 dynarray.c:113 0x310f0629 24
4 path.c:254 0x310f0f09 24
1 dynarray.c:84 0x310f0cc9 24
2 dynarray.c:95 0x310f0f09 24
1 bdtBad4.c:663 0x310f0c29 8
4 dynarray.c:112 0x310f0f09 24
4 dynarray.c:113 0x310f0cc9 24
6 bdt_client.c:140 0x310f0c29
4 bdt_client.c:140 0x310f0c29 8
2 path.c:128 0x310f0cc9 24
1 dynarray.c:84 0x310f0629 24
2 dynarray.c:95 0x310f0f09 16
2 path.c:90 0x310f0849 2
2 path.c:90 0x310f0869 2
1 path.c:143 0x310f0c29 4
2 path.c:178 0x310f0a49 24
1 dynarray.c:84 0x310f0819 24
2 dynarray.c:95 0x310f0bc9 16
2 path.c:191 0x310f0ac9 4
2 path.c:205 0x310f0dc9 2
3 path.c:223 0x310f0ac9 0x310f0ac9 4 2
4 path.c:246 0x310f0ac9 2
4 path.c:31 0x310f0dc9 2
4 dynarray.c:112 0x310f0bc9 16
4 dynarray.c:113 0x310f0819 24
4 path.c:254 0x310f0a49 24
2 path.c:178 0x310f0a49 24
1 dynarray.c:84 0x310f05f9 24
2 dynarray.c:95 0x310f0819 16
2 path.c:191 0x310f0dc9 4
2 path.c:205 0x310f0ac9 2
2 path.c:205 0x310f0aa9 2
3 path.c:223 0x310f0dc9 0x310f0dc9 4 4
4 path.c:246 0x310f0dc9 4
4 path.c:31 0x310f0ac9 2
4 path.c:31 0x310f0aa9 2
4 dynarray.c:112 0x310f0819 16
4 dynarray.c:113 0x310f05f9 24
4 path.c:254 0x310f0a49 24
4 path.c:246 0x310f0c29 4
4 path.c:31 0x310f0849 2
4 path.c:31 0x310f0869 2
4 dynarray.c:112 0x310f0f09 16
4 dynarray.c:113 0x310f0629 24
4 path.c:254 0x310f0cc9 24
4 path.c:246 0x310f0da9 4
4 path.c:31 0x310f08a9 2
4 path.c:31 0x310f0de9 2
4 dynarray.c:112 0x310f0d79 16
4 dynarray.c:113 0x310f0599 24
4 path.c:254 0x310f0bf9 24
4 bdtBad4.c:263 0x310f0fa9 32
1 dynarray.c:84 0x310f0bc9 24
2 dynarray.c:95 0x310f0bf9 16
1 bdtBad4.c:663 0x310f0ae9 5
4 dynarray.c:112 0x310f0bf9 16
4 dynarray.c:113 0x310f0bc9 24
6 bdt_client.c:145 0x310f0ae9
4 bdt_client.c:145 0x310f0ae9 5
2 path.c:128 0x310f0bc9 24
1 dynarray.c:84 0x310f0599 24
2 dynarray.c:95 0x310f0bf9 16
2 path.c:90 0x310f0de9 2
2 path.c:90 0x310f08a9 3
1 path.c:143 0x310f0ae9 5
2 path.c:178 0x310f0cc9 24
1 dynarray.c:84 0x310f0d79 24
2 dynarray.c:95 0x310f0629 16
2 path.c:191 0x310f0da9 5
2 path.c:205 0x310f0849 2
3 path.c:223 0x310f0da9 0x310f0da9 5 2
4 path.c:246 0x310f0da9 2
4 path.c:31 0x310f0849 2
4 dynarray.c:112 0x310f0629 16
4 dynarray.c:113 0x310f0d79 24
4 path.c:254 0x310f0cc9 24
2 path.c:178 0x310f0cc9 24
1 dynarray.c:84 0x310f0f09 24
2 dynarray.c:95 0x310f0d79 16
2 path.c:191 0x310f0849 5
2 path.c:205 0x310f0da9 2
2 path.c:205 0x310f0c29 3
3 path.c:223 0x310f0849 0x310f0849 5 5
4 path.c:246 0x310f0849 5
4 path.c:31 0x310f0da9 2
4 path.c:31 0x310f0c29 3
4 dynarray.c:112 0x310f0d79 16
4 dynarray.c:113 0x310f0f09 24
4 path.c:254 0x310f0cc9 24
2 path.c:178 0x310f0cc9 24
1 dynarray.c:84 0x310f0629 24
2 dynarray.c:95 0x310f0f09 16
2 path.c:191 0x310f0c29 5
2 path.c:205 0x310f0da9 2
2 path.c:205 0x310f0849 3
3 path.c:223 0x310f0c29 0x310f0c29 5 5
1 bdtBad4.c:143 0x310f0fa9 32
2 path.c:178 0x310f0a49 24
1 dynarray.c:84 0x310f0d79 24
2 dynarray.c:95 0x310f05f9 16
2 path.c:191 0x310f0aa9 5
2 path.c:205 0x310f0ac9 2
2 path.c:205 0x310f0dc9 3
3 path.c:223 0x310f0aa9 0x310f0aa9 5 5
4 path.c:246 0x310f0c29 5
4 path.c:31 0x310f0da9 2
4 path.c:31 0x310f0849 3
4 dynarray.c:112 0x310f0f09 16
4 dynarray.c:113 0x310f0629 24
4 path.c:254 0x310f0cc9 24
4 path.c:246 0x310f0ae9 5
4 path.c:31 0x310f0de9 2
4 path.c:31 0x310f08a9 3
4 dynarray.c:112 0x310f0bf9 16
4 dynarray.c:113 0x310f0599 24
4 path.c:254 0x310f0bc9 24
1 dynarray.c:84 0x310f0819 24
2 dynarray.c:95 0x310f0bc9 24
1 bdtBad4.c:663 0x310f0869 9
4 dynarray.c:112 0x310f0bc9 24
4 dynarray.c:113 0x310f0819 24
6 bdt_client.c:149 0x310f0869
4 bdt_client.c:149 0x310f0869 9
2 path.c:128 0x310f0819 24
1 dynarray.c:84 0x310f0599 24
2 dynarray.c:95 0x310f0bc9 16
2 path.c:90 0x310f08a9 2
2 path.c:90 0x310f0de9 3
1 path.c:143 0x310f0869 5
2 path.c:178 0x310f0cc9 24
1 dynarray.c:84 0x310f0bf9 24
2 dynarray.c:95 0x310f0629 16
2 path.c:191 0x310f0ae9 5
2 path.c:205 0x310f0da9 2
3 path.c:223 0x310f0ae9 0x310f0ae9 5 2
4 path.c:246 0x310f0ae9 2
4 path.c:31 0x310f0da9 2
4 dynarray.c:112 0x310f0629 16
4 dynarray.c:113 0x310f0bf9 24
4 path.c:254 0x310f0cc9 24
2 path.c:178 0x310f0cc9 24
1 dynarray.c:84 0x310f0f09 24
2 dynarray.c:95 0x310f0bf9 16
2 path.c:191 0x310f0da9 5
2 path.c:205 0x310f0ae9 2
2 path.c:205 0x310f0c29 3
3 path.c:223 0x310f0da9 0x310f0da9 5 5
4 path.c:246 0x310f0da9 5
4 path.c:31 0x310f0ae9 2
4 path.c:31 0x310f0c29 3
4 dynarray.c:112 0x310f0bf9 16
4 dynarray.c:113 0x310f0f09 24
4 path.c:254 0x310f0cc9 24
4 path.c:246 0x310f0869 5
4 path.c:31 0x310f08a9 2
4 path.c:31 0x310f0de9 3
4 dynarray.c:112 0x310f0bc9 16
4 dynarray.c:113 0x310f0599 24
4 path.c:254 0x310f0819 24
4 path.c:246 0x310f0aa9 5
4 path.c:31 0x310f0ac9 2
4 path.c:31 0x310f0dc9 3
4 dynarray.c:112 0x310f05f9 16
4 dynarray.c:113 0x310f0d79 24
4 path.c:254 0x310f0a49 24
4 bdtBad4.c:263 0x310f0fa9 32
1 dynarray.c:84 0x310f0629 24
2 dynarray.c:95 0x310f0a49 16
1 bdtBad4.c:663 0x310f0849 5
4 dynarray.c:112 0x310f0a49 16
4 dynarray.c:113 0x310f0629 24
6 bdt_client.c:153 0x310f0849
4 bdt_client.c:153 0x310f0849 5
2 path.c:128 0x310f0629 24
1 dynarray.c:84 0x310f0d79 24
2 dynarray.c:95 0x310f0a49 16
2 path.c:90 0x310f0dc9 2
2 path.c:90 0x310f0ac9 3
1 path.c:143 0x310f0849 5
2 path.c:178 0x310f0819 24
1 dynarray.c:84 0x310f05f9 24
2 dynarray.c:95 0x310f0599 16
2 path.c:191 0x310f0aa9 5
2 path.c:205 0x310f08a9 2
3 path.c:223 0x310f0aa9 0x310f0aa9 5 2
4 path.c:246 0x310f0aa9 2
4 path.c:31 0x310f08a9 2
4 dynarray.c:112 0x310f0599 16
4 dynarray.c:113 0x310f05f9 24
4 path.c:254 0x310f0819 24
2 path.c:178 0x310f0819 24
1 dynarray.c:84 0x310f0bc9 24
2 dynarray.c:95 0x310f05f9 16
2 path.c:191 0x310f08a9 5
2 path.c:205 0x310f0aa9 2
2 path.c:205 0x310f0869 3
3 path.c:223 0x310f08a9 0x310f08a9 5 5
4 path.c:246 0x310f08a9 5
4 path.c:31 0x310f0aa9 2
4 path.c:31 0x310f0869 3
4 dynarray.c:112 0x310f05f9 16
4 dynarray.c:113 0x310f0bc9 24
4 path.c:254 0x310f0819 24
2 path.c:178 0x310f0819 24
1 dynarray.c:84 0x310f0599 24
2 dynarray.c:95 0x310f0bc9 16
2 path.c:191 0x310f0869 5
2 path.c:205 0x310f0aa9 2
2 path.c:205 0x310f08a9 3
3 path.c:223 0x310f0869 0x310f0869 5 5
1 bdtBad4.c:143 0x310f0fa9 32
2 path.c:178 0x310f0cc9 24
1 dynarray.c:84 0x310f05f9 24
2 dynarray.c:95 0x310f0f09 16
2 path.c:191 0x310f0c29 5
2 path.c:205 0x310f0ae9 2
2 path.c:205 0x310f0da9 3
3 path.c:223 0x310f0c29 0x310f0c29 5 5
4 path.c:246 0x310f0869 5
4 path.c:31 0x310f0aa9 2
4 path.c:31 0x310f08a9 3
4 dynarray.c:112 0x310f0bc9 16
4 dynarray.c:113 0x310f0599 24
4 path.c:254 0x310f0819 24
4 path.c:246 0x310f0849 5
4 path.c:31 0x310f0dc9 2
4 path.c:31 0x310f0ac9 3
4 dynarray.c:112 0x310f0a49 16
4 dynarray.c:113 0x310f0d79 24
4 path.c:254 0x310f0629 24
1 dynarray.c:84 0x310f0bf9 24
2 dynarray.c:95 0x310f0629 24
1 bdtBad4.c:663 0x310f0de9 9
4 dynarray.c:112 0x310f0629 24
4 dynarray.c:113 0x310f0bf9 24
6 bdt_client.c:157 0x310f0de9
4 bdt_client.c:157 0x310f0de9 9
2 path.c:128 0x310f0bf9 24
1 dynarray.c:84 0x310f0d79 24
2 dynarray.c:95 0x310f0629 16
2 path.c:90 0x310f0ac9 2
2 path.c:90 0x310f0dc9 2
1 path.c:143 0x310f0de9 4
2 path.c:178 0x310f0819 24
1 dynarray.c:84 0x310f0a49 24
2 dynarray.c:95 0x310f0599 16
2 path.c:191 0x310f0849 4
2 path.c:205 0x310f0aa9 2
3 path.c:223 0x310f0849 0x310f0849 4 2
4 path.c:246 0x310f0849 2
4 path.c:31 0x310f0aa9 2
4 dynarray.c:112 0x310f0599 16
4 dynarray.c:113 0x310f0a49 24
4 path.c:254 0x310f0819 24
2 path.c:178 0x310f0819 24
1 dynarray.c:84 0x310f0bc9 24
2 dynarray.c:95 0x310f0a49 16
2 path.c:191 0x310f0aa9 4
2 path.c:205 0x310f0849 2
2 path.c:205 0x310f0869 2
3 path.c:223 0x310f0aa9 0x310f0aa9 4 4
4 path.c:246 0x310f0aa9 4
4 path.c:31 0x310f0849 2
4 path.c:31 0x310f0869 2
4 dynarray.c:112 0x310f0a49 16
4 dynarray.c:113 0x310f0bc9 24
4 path.c:254 0x310f0819 24
4 path.c:246 0x310f0de9 4
4 path.c:31 0x310f0ac9 2
4 path.c:31 0x310f0dc9 2
4 dynarray.c:112 0x310f0629 16
4 dynarray.c:113 0x310f0d79 24
4 path.c:254 0x310f0bf9 24
4 path.c:246 0x310f0e69 4
4 path.c:31 0x310f0fe9 2
4 path.c:31 0x310f0e89 2
4 dynarray.c:112 0x310f1129 16
4 dynarray.c:113 0x310f07e9 24
4 path.c:254 0x310f09d9 24
4 bdtBad4.c:263 0x310f0f69 32
1 dynarray.c:84 0x310f0599 24
2 dynarray.c:95 0x310f09d9 16
1 bdtBad4.c:663 0x310f08a9 6
4 dynarray.c:112 0x310f09d9 16
4 dynarray.c:113 0x310f0599 24
6 bdt_client.c:161 0x310f08a9
4 bdt_client.c:161 0x310f08a9 6
4 path.c:246 0x310f0c29 5
4 path.c:31 0x310f0ae9 2
4 path.c:31 0x310f0da9 3
4 dynarray.c:112 0x310f0f09 16
4 dynarray.c:113 0x310f05f9 24
4 path.c:254 0x310f0cc9 24
4 bdtBad4.c:263 0x310f0fa9 32
4 path.c:246 0x310f0c69 2
4 path.c:31 0x310f0c49 2
4 dynarray.c:112 0x310f0909 16
4 dynarray.c:113 0x310f0a79 24
4 path.c:254 0x310f0b99 24
4 bdtBad4.c:263 0x310f11d9 32
