2 path.c:128 0x2ae692a9 24
4 path.c:254 0x2ae692a9 24
2 path.c:128 0x2ae6b4c9 24
1 dynarray.c:84 0x2ae692a9 24
2 dynarray.c:95 0x2ae6b4f9 16
2 path.c:90 0x2ae6b529 6
1 path.c:143 0x2ae6b549 6
4 path.c:246 0x2ae6b549 6
4 path.c:31 0x2ae6b529 6
4 dynarray.c:112 0x2ae6b4f9 16
4 dynarray.c:113 0x2ae692a9 24
4 path.c:254 0x2ae6b4c9 24
1 dynarray.c:84 0x2ae6b4c9 24
2 dynarray.c:95 0x2ae6b569 16
1 bdtBad4.c:663 0x2ae6b529 1
4 dynarray.c:112 0x2ae6b569 16
4 dynarray.c:113 0x2ae6b4c9 24
4 bdt_client.c:39 0x2ae6b529 1
2 path.c:128 0x2ae6b599 24
4 path.c:254 0x2ae6b599 24
2 path.c:128 0x2ae6b5c9 24
1 dynarray.c:84 0x2ae6b599 24
2 dynarray.c:95 0x2ae6b5f9 16
4 dynarray.c:112 0x2ae6b5f9 16
4 dynarray.c:113 0x2ae6b599 24
4 path.c:254 0x2ae6b5c9 24
2 path.c:128 0x2ae6b629 24
1 dynarray.c:84 0x2ae6b5c9 24
2 dynarray.c:95 0x2ae6b659 16
2 path.c:90 0x2ae6b689 6
2 path.c:90 0x2ae6b6a9 7
4 path.c:31 0x2ae6b689 6
4 path.c:31 0x2ae6b6a9 7
4 dynarray.c:112 0x2ae6b659 16
4 dynarray.c:113 0x2ae6b5c9 24
4 path.c:254 0x2ae6b629 24
2 path.c:128 0x2ae6b629 24
1 dynarray.c:84 0x2ae6b659 24
2 dynarray.c:95 0x2ae6b5c9 16
2 path.c:90 0x2ae6b6c9 6
4 path.c:31 0x2ae6b6c9 6
4 dynarray.c:112 0x2ae6b5c9 16
4 dynarray.c:113 0x2ae6b659 24
4 path.c:254 0x2ae6b629 24
2 path.c:128 0x2ae6b629 24
1 dynarray.c:84 0x2ae6b5c9 24
2 dynarray.c:95 0x2ae6b659 16
2 path.c:90 0x2ae6b6e9 6
1 path.c:143 0x2ae6b6c9 6
2 path.c:178 0x2ae6b709 24
1 dynarray.c:84 0x2ae6b599 24
2 dynarray.c:95 0x2ae6b739 16
2 path.c:191 0x2ae6b769 6
2 path.c:205 0x2ae6b789 6
3 path.c:223 0x2ae6b769 0x2ae6b769 6 6
1 bdtBad4.c:143 0x2ae6b7a9 32
2 path.c:178 0x2ae6b7e9 24
1 dynarray.c:84 0x2ae6b5f9 24
2 dynarray.c:95 0x2ae6b819 16
2 path.c:191 0x2ae6b849 6
2 path.c:205 0x2ae6b869 6
3 path.c:223 0x2ae6b849 0x2ae6b849 6 6
4 path.c:246 0x2ae6b769 6
4 path.c:31 0x2ae6b789 6
4 dynarray.c:112 0x2ae6b739 16
4 dynarray.c:113 0x2ae6b599 24
4 path.c:254 0x2ae6b709 24
4 path.c:246 0x2ae6b6c9 6
4 path.c:31 0x2ae6b6e9 6
4 dynarray.c:112 0x2ae6b659 16
4 dynarray.c:113 0x2ae6b5c9 24
4 path.c:254 0x2ae6b629 24
2 path.c:128 0x2ae6b629 24
1 dynarray.c:84 0x2ae6b709 24
2 dynarray.c:95 0x2ae6b5c9 16
2 path.c:90 0x2ae6b6e9 6
2 path.c:90 0x2ae6b889 7
2 path.c:90 0x2ae6b8a9 12
3 dynarray.c:69 0x2ae6b8c9 0x2ae6b5c9 16 32
1 path.c:143 0x2ae6b659 25
2 path.c:178 0x2ae6b5c9 24
1 dynarray.c:84 0x2ae6b599 24
2 dynarray.c:95 0x2ae6b909 16
2 path.c:191 0x2ae6b939 25
2 path.c:205 0x2ae6b969 6
3 path.c:223 0x2ae6b939 0x2ae6b939 25 6
4 path.c:246 0x2ae6b939 6
4 path.c:31 0x2ae6b969 6
4 dynarray.c:112 0x2ae6b909 16
4 dynarray.c:113 0x2ae6b599 24
4 path.c:254 0x2ae6b5c9 24
2 path.c:178 0x2ae6b5c9 24
1 dynarray.c:84 0x2ae6b909 24
2 dynarray.c:95 0x2ae6b599 16
2 path.c:191 0x2ae6b989 25
2 path.c:205 0x2ae6b969 6
2 path.c:205 0x2ae6b9b9 7
3 path.c:223 0x2ae6b989 0x2ae6b989 25 13
4 path.c:246 0x2ae6b989 13
4 path.c:31 0x2ae6b969 6
4 path.c:31 0x2ae6b9b9 7
4 dynarray.c:112 0x2ae6b599 16
4 dynarray.c:113 0x2ae6b909 24
4 path.c:254 0x2ae6b5c9 24
2 path.c:178 0x2ae6b5c9 24
1 dynarray.c:84 0x2ae6b989 24
2 dynarray.c:95 0x2ae6b909 16
2 path.c:191 0x2ae6b9d9 25
2 path.c:205 0x2ae6b9b9 6
2 path.c:205 0x2ae6b969 7
3 path.c:223 0x2ae6b9d9 0x2ae6b9d9 25 13
1 bdtBad4.c:143 0x2ae6ba09 32
2 path.c:178 0x2ae6ba49 24
1 dynarray.c:84 0x2ae6b599 24
2 dynarray.c:95 0x2ae6ba79 16
2 path.c:191 0x2ae6baa9 13
2 path.c:205 0x2ae6bac9 6
2 path.c:205 0x2ae6bae9 7
3 path.c:223 0x2ae6baa9 0x2ae6baa9 13 13
4 path.c:246 0x2ae6b9d9 13
4 path.c:31 0x2ae6b9b9 6
4 path.c:31 0x2ae6b969 7
4 dynarray.c:112 0x2ae6b909 16
4 dynarray.c:113 0x2ae6b989 24
4 path.c:254 0x2ae6b5c9 24
2 path.c:178 0x2ae6b5c9 24
1 dynarray.c:84 0x2ae6b9d9 24
2 dynarray.c:95 0x2ae6b989 24
2 path.c:191 0x2ae6bb09 25
2 path.c:205 0x2ae6b969 6
2 path.c:205 0x2ae6b9b9 7
2 path.c:205 0x2ae6bb39 12
3 path.c:223 0x2ae6bb09 0x2ae6bb09 25 25
1 bdtBad4.c:143 0x2ae6bb59 32
2 path.c:178 0x2ae6bb99 24
1 dynarray.c:84 0x2ae6b909 24
2 dynarray.c:95 0x2ae6bbc9 24
2 path.c:191 0x2ae6bbf9 25
2 path.c:205 0x2ae6bc29 6
2 path.c:205 0x2ae6bc49 7
2 path.c:205 0x2ae6bc69 12
3 path.c:223 0x2ae6bbf9 0x2ae6bbf9 25 25
4 path.c:246 0x2ae6bb09 25
4 path.c:31 0x2ae6b969 6
4 path.c:31 0x2ae6b9b9 7
4 path.c:31 0x2ae6bb39 12
4 dynarray.c:112 0x2ae6b989 24
4 dynarray.c:113 0x2ae6b9d9 24
4 path.c:254 0x2ae6b5c9 24
4 path.c:246 0x2ae6b659 25
4 path.c:31 0x2ae6b6e9 6
4 path.c:31 0x2ae6b889 7
4 path.c:31 0x2ae6b8a9 12
4 dynarray.c:112 0x2ae6b8c9 32
4 dynarray.c:113 0x2ae6b709 24
4 path.c:254 0x2ae6b629 24
2 path.c:128 0x2ae6b629 24
1 dynarray.c:84 0x2ae6bb09 24
2 dynarray.c:95 0x2ae6b709 16
2 path.c:90 0x2ae6b8a9 6
1 path.c:143 0x2ae6b6c9 6
2 path.c:178 0x2ae6b5c9 24
1 dynarray.c:84 0x2ae6b659 24
2 dynarray.c:95 0x2ae6b9d9 16
2 path.c:191 0x2ae6b889 6
2 path.c:205 0x2ae6bb39 6
3 path.c:223 0x2ae6b889 0x2ae6b889 6 6
4 path.c:246 0x2ae6b889 6
4 path.c:31 0x2ae6bb39 6
4 dynarray.c:112 0x2ae6b9d9 16
4 dynarray.c:113 0x2ae6b659 24
4 path.c:254 0x2ae6b5c9 24
4 path.c:246 0x2ae6b6c9 6
4 path.c:31 0x2ae6b8a9 6
4 dynarray.c:112 0x2ae6b709 16
4 dynarray.c:113 0x2ae6bb09 24
4 path.c:254 0x2ae6b629 24
2 path.c:128 0x2ae6b629 24
1 dynarray.c:84 0x2ae6b989 24
2 dynarray.c:95 0x2ae6bb09 16
2 path.c:90 0x2ae6b8a9 6
2 path.c:90 0x2ae6b6c9 7
1 path.c:143 0x2ae6b6e9 13
2 path.c:178 0x2ae6b5c9 24
1 dynarray.c:84 0x2ae6b709 24
2 dynarray.c:95 0x2ae6b659 16
2 path.c:191 0x2ae6bb39 13
2 path.c:205 0x2ae6b9b9 6
3 path.c:223 0x2ae6bb39 0x2ae6bb39 13 6
4 path.c:246 0x2ae6bb39 6
4 path.c:31 0x2ae6b9b9 6
4 dynarray.c:112 0x2ae6b659 16
4 dynarray.c:113 0x2ae6b709 24
4 path.c:254 0x2ae6b5c9 24
2 path.c:178 0x2ae6b5c9 24
1 dynarray.c:84 0x2ae6b9d9 24
2 dynarray.c:95 0x2ae6b709 16
2 path.c:191 0x2ae6b9b9 13
2 path.c:205 0x2ae6bb39 6
2 path.c:205 0x2ae6b969 7
3 path.c:223 0x2ae6b9b9 0x2ae6b9b9 13 13
4 path.c:246 0x2ae6b9b9 13
4 path.c:31 0x2ae6bb39 6
4 path.c:31 0x2ae6b969 7
4 dynarray.c:112 0x2ae6b709 16
4 dynarray.c:113 0x2ae6b9d9 24
4 path.c:254 0x2ae6b5c9 24
4 path.c:246 0x2ae6b6e9 13
4 path.c:31 0x2ae6b8a9 6
4 path.c:31 0x2ae6b6c9 7
4 dynarray.c:112 0x2ae6bb09 16
4 dynarray.c:113 0x2ae6b989 24
4 path.c:254 0x2ae6b629 24
2 path.c:128 0x2ae6b629 24
1 dynarray.c:84 0x2ae6b659 24
2 dynarray.c:95 0x2ae6b989 16
2 path.c:90 0x2ae6b6c9 6
2 path.c:90 0x2ae6b8a9 7
2 path.c:90 0x2ae6b6e9 12
3 dynarray.c:69 0x2ae6bc89 0x2ae6b989 16 32
1 path.c:143 0x2ae6bb09 25
2 path.c:178 0x2ae6b989 24
1 dynarray.c:84 0x2ae6b5c9 24
2 dynarray.c:95 0x2ae6b9d9 16
2 path.c:191 0x2ae6bcc9 25
2 path.c:205 0x2ae6b969 6
3 path.c:223 0x2ae6bcc9 0x2ae6bcc9 25 6
4 path.c:246 0x2ae6bcc9 6
4 path.c:31 0x2ae6b969 6
4 dynarray.c:112 0x2ae6b9d9 16
4 dynarray.c:113 0x2ae6b5c9 24
4 path.c:254 0x2ae6b989 24
2 path.c:178 0x2ae6b989 24
1 dynarray.c:84 0x2ae6b709 24
2 dynarray.c:95 0x2ae6b5c9 16
2 path.c:191 0x2ae6bcc9 25
2 path.c:205 0x2ae6b969 6
2 path.c:205 0x2ae6bb39 7
3 path.c:223 0x2ae6bcc9 0x2ae6bcc9 25 13
4 path.c:246 0x2ae6bcc9 13
4 path.c:31 0x2ae6b969 6
4 path.c:31 0x2ae6bb39 7
4 dynarray.c:112 0x2ae6b5c9 16
4 dynarray.c:113 0x2ae6b709 24
4 path.c:254 0x2ae6b989 24
2 path.c:178 0x2ae6b989 24
1 dynarray.c:84 0x2ae6b9d9 24
2 dynarray.c:95 0x2ae6b709 24
2 path.c:191 0x2ae6bcc9 25
2 path.c:205 0x2ae6bb39 6
2 path.c:205 0x2ae6b969 7
2 path.c:205 0x2ae6b9b9 12
3 path.c:223 0x2ae6bcc9 0x2ae6bcc9 25 25
4 path.c:246 0x2ae6bcc9 25
4 path.c:31 0x2ae6bb39 6
4 path.c:31 0x2ae6b969 7
4 path.c:31 0x2ae6b9b9 12
4 dynarray.c:112 0x2ae6b709 24
4 dynarray.c:113 0x2ae6b9d9 24
4 path.c:254 0x2ae6b989 24
4 path.c:246 0x2ae6bb09 25
4 path.c:31 0x2ae6b6c9 6
4 path.c:31 0x2ae6b8a9 7
4 path.c:31 0x2ae6b6e9 12
4 dynarray.c:112 0x2ae6bc89 32
4 dynarray.c:113 0x2ae6b659 24
4 path.c:254 0x2ae6b629 24
2 path.c:128 0x2ae6b629 24
1 dynarray.c:84 0x2ae6b5c9 24
2 dynarray.c:95 0x2ae6b659 16
2 path.c:90 0x2ae6b6e9 12
1 path.c:143 0x2ae6b889 12
2 path.c:178 0x2ae6b989 24
1 dynarray.c:84 0x2ae6bb09 24
2 dynarray.c:95 0x2ae6b9d9 16
2 path.c:191 0x2ae6b8a9 12
2 path.c:205 0x2ae6b9b9 12
3 path.c:223 0x2ae6b8a9 0x2ae6b8a9 12 12
4 path.c:246 0x2ae6b8a9 12
4 path.c:31 0x2ae6b9b9 12
4 dynarray.c:112 0x2ae6b9d9 16
4 dynarray.c:113 0x2ae6bb09 24
4 path.c:254 0x2ae6b989 24
4 path.c:246 0x2ae6b889 12
4 path.c:31 0x2ae6b6e9 12
4 dynarray.c:112 0x2ae6b659 16
4 dynarray.c:113 0x2ae6b5c9 24
4 path.c:254 0x2ae6b629 24
2 path.c:128 0x2ae6b629 24
1 dynarray.c:84 0x2ae6b709 24
2 dynarray.c:95 0x2ae6b5c9 16
2 path.c:90 0x2ae6b6e9 12
1 path.c:143 0x2ae6b6c9 12
2 path.c:178 0x2ae6b989 24
1 dynarray.c:84 0x2ae6b659 24
2 dynarray.c:95 0x2ae6bb09 16
2 path.c:191 0x2ae6b889 12
2 path.c:205 0x2ae6b8a9 12
3 path.c:223 0x2ae6b889 0x2ae6b889 12 12
4 path.c:246 0x2ae6b889 12
4 path.c:31 0x2ae6b8a9 12
4 dynarray.c:112 0x2ae6bb09 16
4 dynarray.c:113 0x2ae6b659 24
4 path.c:254 0x2ae6b989 24
4 path.c:246 0x2ae6b6c9 12
4 path.c:31 0x2ae6b6e9 12
4 dynarray.c:112 0x2ae6b5c9 16
4 dynarray.c:113 0x2ae6b709 24
4 path.c:254 0x2ae6b629 24
2 path.c:128 0x2ae6b629 24
1 dynarray.c:84 0x2ae6b9d9 24
2 dynarray.c:95 0x2ae6b709 16
2 path.c:90 0x2ae6b6e9 12
1 path.c:143 0x2ae6b9b9 12
2 path.c:178 0x2ae6b989 24
1 dynarray.c:84 0x2ae6b5c9 24
2 dynarray.c:95 0x2ae6b659 16
2 path.c:191 0x2ae6b6c9 12
2 path.c:205 0x2ae6b889 12
3 path.c:223 0x2ae6b6c9 0x2ae6b6c9 12 12
4 path.c:246 0x2ae6b6c9 12
4 path.c:31 0x2ae6b889 12
4 dynarray.c:112 0x2ae6b659 16
4 dynarray.c:113 0x2ae6b5c9 24
4 path.c:254 0x2ae6b989 24
4 path.c:246 0x2ae6b9b9 12
4 path.c:31 0x2ae6b6e9 12
4 dynarray.c:112 0x2ae6b709 16
4 dynarray.c:113 0x2ae6b9d9 24
4 path.c:254 0x2ae6b629 24
2 path.c:128 0x2ae6b629 24
1 dynarray.c:84 0x2ae6bb09 24
2 dynarray.c:95 0x2ae6b9d9 16
2 path.c:90 0x2ae6b6e9 6
2 path.c:90 0x2ae6b9b9 8
1 path.c:143 0x2ae6b8a9 14
2 path.c:178 0x2ae6b989 24
1 dynarray.c:84 0x2ae6b709 24
2 dynarray.c:95 0x2ae6b5c9 16
2 path.c:191 0x2ae6b889 14
2 path.c:205 0x2ae6b969 6
3 path.c:223 0x2ae6b889 0x2ae6b889 14 6
4 path.c:246 0x2ae6b889 6
4 path.c:31 0x2ae6b969 6
4 dynarray.c:112 0x2ae6b5c9 16
4 dynarray.c:113 0x2ae6b709 24
4 path.c:254 0x2ae6b989 24
2 path.c:178 0x2ae6b989 24
1 dynarray.c:84 0x2ae6b659 24
2 dynarray.c:95 0x2ae6b709 16
2 path.c:191 0x2ae6b969 14
2 path.c:205 0x2ae6b889 6
2 path.c:205 0x2ae6bb39 8
3 path.c:223 0x2ae6b969 0x2ae6b969 14 14
4 path.c:246 0x2ae6b969 14
4 path.c:31 0x2ae6b889 6
4 path.c:31 0x2ae6bb39 8
4 dynarray.c:112 0x2ae6b709 16
4 dynarray.c:113 0x2ae6b659 24
4 path.c:254 0x2ae6b989 24
4 path.c:246 0x2ae6b8a9 14
4 path.c:31 0x2ae6b6e9 6
4 path.c:31 0x2ae6b9b9 8
4 dynarray.c:112 0x2ae6b9d9 16
4 dynarray.c:113 0x2ae6bb09 24
4 path.c:254 0x2ae6b629 24
2 path.c:128 0x2ae6b629 24
1 dynarray.c:84 0x2ae6b5c9 24
2 dynarray.c:95 0x2ae6bb09 16
2 path.c:90 0x2ae6b9b9 6
2 path.c:90 0x2ae6b6e9 7
2 path.c:90 0x2ae6b8a9 12
3 dynarray.c:69 0x2ae6bcf9 0x2ae6bb09 16 32
1 path.c:143 0x2ae6b9d9 25
2 path.c:178 0x2ae6bb09 24
1 dynarray.c:84 0x2ae6b989 24
2 dynarray.c:95 0x2ae6b659 16
2 path.c:191 0x2ae6bcc9 25
2 path.c:205 0x2ae6bb39 6
3 path.c:223 0x2ae6bcc9 0x2ae6bcc9 25 6
4 path.c:246 0x2ae6bcc9 6
4 path.c:31 0x2ae6bb39 6
4 dynarray.c:112 0x2ae6b659 16
4 dynarray.c:113 0x2ae6b989 24
4 path.c:254 0x2ae6bb09 24
2 path.c:178 0x2ae6bb09 24
1 dynarray.c:84 0x2ae6b709 24
2 dynarray.c:95 0x2ae6b989 16
2 path.c:191 0x2ae6bcc9 25
2 path.c:205 0x2ae6bb39 6
2 path.c:205 0x2ae6b889 7
3 path.c:223 0x2ae6bcc9 0x2ae6bcc9 25 13
4 path.c:246 0x2ae6bcc9 13
4 path.c:31 0x2ae6bb39 6
4 path.c:31 0x2ae6b889 7
4 dynarray.c:112 0x2ae6b989 16
4 dynarray.c:113 0x2ae6b709 24
4 path.c:254 0x2ae6bb09 24
2 path.c:178 0x2ae6bb09 24
1 dynarray.c:84 0x2ae6b659 24
2 dynarray.c:95 0x2ae6b709 24
2 path.c:191 0x2ae6bcc9 25
2 path.c:205 0x2ae6b889 6
2 path.c:205 0x2ae6bb39 7
2 path.c:205 0x2ae6b969 12
3 path.c:223 0x2ae6bcc9 0x2ae6bcc9 25 25
4 path.c:246 0x2ae6bcc9 25
4 path.c:31 0x2ae6b889 6
4 path.c:31 0x2ae6bb39 7
4 path.c:31 0x2ae6b969 12
4 dynarray.c:112 0x2ae6b709 24
4 dynarray.c:113 0x2ae6b659 24
4 path.c:254 0x2ae6bb09 24
4 path.c:246 0x2ae6b9d9 25
4 path.c:31 0x2ae6b9b9 6
4 path.c:31 0x2ae6b6e9 7
4 path.c:31 0x2ae6b8a9 12
4 dynarray.c:112 0x2ae6bcf9 32
4 dynarray.c:113 0x2ae6b5c9 24
4 path.c:254 0x2ae6b629 24
2 path.c:128 0x2ae6b629 24
1 dynarray.c:84 0x2ae6b989 24
2 dynarray.c:95 0x2ae6b5c9 16
2 path.c:90 0x2ae6b8a9 12
2 path.c:90 0x2ae6b6e9 6
2 path.c:90 0x2ae6b9b9 9
3 dynarray.c:69 0x2ae6bd39 0x2ae6b5c9 16 32
1 path.c:143 0x2ae6b9d9 27
2 path.c:178 0x2ae6b5c9 24
1 dynarray.c:84 0x2ae6bb09 24
2 dynarray.c:95 0x2ae6b659 16
2 path.c:191 0x2ae6bcc9 27
2 path.c:205 0x2ae6b969 12
3 path.c:223 0x2ae6bcc9 0x2ae6bcc9 27 12
4 path.c:246 0x2ae6bcc9 12
4 path.c:31 0x2ae6b969 12
4 dynarray.c:112 0x2ae6b659 16
4 dynarray.c:113 0x2ae6bb09 24
4 path.c:254 0x2ae6b5c9 24
4 path.c:246 0x2ae6b9d9 27
4 path.c:31 0x2ae6b8a9 12
4 path.c:31 0x2ae6b6e9 6
4 path.c:31 0x2ae6b9b9 9
4 dynarray.c:112 0x2ae6bd39 32
4 dynarray.c:113 0x2ae6b989 24
4 path.c:254 0x2ae6b629 24
2 path.c:128 0x2ae6b629 24
1 dynarray.c:84 0x2ae6b709 24
2 dynarray.c:95 0x2ae6b989 16
2 path.c:90 0x2ae6b9b9 6
2 path.c:90 0x2ae6b6e9 8
1 path.c:143 0x2ae6b6c9 14
2 path.c:178 0x2ae6b5c9 24
1 dynarray.c:84 0x2ae6b9d9 24
2 dynarray.c:95 0x2ae6bb09 16
2 path.c:191 0x2ae6b8a9 14
2 path.c:205 0x2ae6bb39 6
3 path.c:223 0x2ae6b8a9 0x2ae6b8a9 14 6
4 path.c:246 0x2ae6b8a9 6
4 path.c:31 0x2ae6bb39 6
4 dynarray.c:112 0x2ae6bb09 16
4 dynarray.c:113 0x2ae6b9d9 24
4 path.c:254 0x2ae6b5c9 24
2 path.c:178 0x2ae6b5c9 24
1 dynarray.c:84 0x2ae6b659 24
2 dynarray.c:95 0x2ae6b9d9 16
2 path.c:191 0x2ae6bb39 14
2 path.c:205 0x2ae6b8a9 6
2 path.c:205 0x2ae6b889 8
3 path.c:223 0x2ae6bb39 0x2ae6bb39 14 14
4 path.c:246 0x2ae6bb39 14
4 path.c:31 0x2ae6b8a9 6
4 path.c:31 0x2ae6b889 8
4 dynarray.c:112 0x2ae6b9d9 16
4 dynarray.c:113 0x2ae6b659 24
4 path.c:254 0x2ae6b5c9 24
2 path.c:178 0x2ae6b5c9 24
1 dynarray.c:84 0x2ae6bb09 24
2 dynarray.c:95 0x2ae6b659 16
2 path.c:191 0x2ae6b889 14
2 path.c:205 0x2ae6b8a9 6
2 path.c:205 0x2ae6bb39 8
3 path.c:223 0x2ae6b889 0x2ae6b889 14 14
1 bdtBad4.c:143 0x2ae6bd39 32
2 path.c:178 0x2ae6bcc9 24
1 dynarray.c:84 0x2ae6b9d9 24
2 dynarray.c:95 0x2ae6bd79 16
2 path.c:191 0x2ae6bda9 14
2 path.c:205 0x2ae6bdc9 6
2 path.c:205 0x2ae6bde9 8
3 path.c:223 0x2ae6bda9 0x2ae6bda9 14 14
4 path.c:246 0x2ae6b889 14
4 path.c:31 0x2ae6b8a9 6
4 path.c:31 0x2ae6bb39 8
4 dynarray.c:112 0x2ae6b659 16
4 dynarray.c:113 0x2ae6bb09 24
4 path.c:254 0x2ae6b5c9 24
4 path.c:246 0x2ae6b6c9 14
4 path.c:31 0x2ae6b9b9 6
4 path.c:31 0x2ae6b6e9 8
4 dynarray.c:112 0x2ae6b989 16
4 dynarray.c:113 0x2ae6b709 24
4 path.c:254 0x2ae6b629 24
2 path.c:128 0x2ae6b629 24
1 dynarray.c:84 0x2ae6b659 24
2 dynarray.c:95 0x2ae6b709 16
2 path.c:90 0x2ae6b6e9 6
2 path.c:90 0x2ae6b9b9 7
1 path.c:143 0x2ae6b969 13
2 path.c:178 0x2ae6b5c9 24
1 dynarray.c:84 0x2ae6b989 24
2 dynarray.c:95 0x2ae6bb09 16
2 path.c:191 0x2ae6b6c9 13
2 path.c:205 0x2ae6b8a9 6
3 path.c:223 0x2ae6b6c9 0x2ae6b6c9 13 6
4 path.c:246 0x2ae6b6c9 6
4 path.c:31 0x2ae6b8a9 6
4 dynarray.c:112 0x2ae6bb09 16
4 dynarray.c:113 0x2ae6b989 24
4 path.c:254 0x2ae6b5c9 24
2 path.c:178 0x2ae6b5c9 24
1 dynarray.c:84 0x2ae6bb09 24
2 dynarray.c:95 0x2ae6b989 16
2 path.c:191 0x2ae6b8a9 13
2 path.c:205 0x2ae6b6c9 6
2 path.c:205 0x2ae6b889 7
3 path.c:223 0x2ae6b8a9 0x2ae6b8a9 13 13
4 path.c:246 0x2ae6b8a9 13
4 path.c:31 0x2ae6b6c9 6
4 path.c:31 0x2ae6b889 7
4 dynarray.c:112 0x2ae6b989 16
4 dynarray.c:113 0x2ae6bb09 24
4 path.c:254 0x2ae6b5c9 24
2 path.c:178 0x2ae6b5c9 24
1 dynarray.c:84 0x2ae6b989 24
2 dynarray.c:95 0x2ae6bb09 16
2 path.c:191 0x2ae6b889 13
2 path.c:205 0x2ae6b6c9 6
2 path.c:205 0x2ae6b8a9 7
3 path.c:223 0x2ae6b889 0x2ae6b889 13 13
1 bdtBad4.c:143 0x2ae6bcf9 32
2 path.c:178 0x2ae6be09 24
1 dynarray.c:84 0x2ae6b939 24
2 dynarray.c:95 0x2ae6be39 16
2 path.c:191 0x2ae6be69 13
2 path.c:205 0x2ae6be89 6
2 path.c:205 0x2ae6bea9 7
3 path.c:223 0x2ae6be69 0x2ae6be69 13 13
4 path.c:246 0x2ae6be69 13
4 path.c:31 0x2ae6be89 6
4 path.c:31 0x2ae6bea9 7
4 dynarray.c:112 0x2ae6be39 16
4 dynarray.c:113 0x2ae6b939 24
4 path.c:254 0x2ae6be09 24
4 bdtBad4.c:193 0x2ae6bcf9 32
4 path.c:246 0x2ae6b969 13
4 path.c:31 0x2ae6b6e9 6
4 path.c:31 0x2ae6b9b9 7
4 dynarray.c:112 0x2ae6b709 16
4 dynarray.c:113 0x2ae6b659 24
4 path.c:254 0x2ae6b629 24
4 path.c:246 0x2ae6b889 13
4 path.c:31 0x2ae6b6c9 6
4 path.c:31 0x2ae6b8a9 7
4 dynarray.c:112 0x2ae6bb09 16
4 dynarray.c:113 0x2ae6b989 24
4 path.c:254 0x2ae6b5c9 24
2 path.c:128 0x2ae6b5c9 24
1 dynarray.c:84 0x2ae6b939 24
2 dynarray.c:95 0x2ae6b989 16
2 path.c:90 0x2ae6b8a9 6
2 path.c:90 0x2ae6b6c9 4
2 path.c:90 0x2ae6b889 5
3 dynarray.c:69 0x2ae6bec9 0x2ae6b989 16 32
2 path.c:90 0x2ae6b9b9 7
1 path.c:143 0x2ae6bb09 22
2 path.c:178 0x2ae6b989 24
1 dynarray.c:84 0x2ae6b629 24
2 dynarray.c:95 0x2ae6b659 16
2 path.c:191 0x2ae6be09 22
2 path.c:205 0x2ae6b6e9 6
3 path.c:223 0x2ae6be09 0x2ae6be09 22 6
4 path.c:246 0x2ae6be09 6
4 path.c:31 0x2ae6b6e9 6
4 dynarray.c:112 0x2ae6b659 16
4 dynarray.c:113 0x2ae6b629 24
4 path.c:254 0x2ae6b989 24
2 path.c:178 0x2ae6b989 24
1 dynarray.c:84 0x2ae6b709 24
2 dynarray.c:95 0x2ae6b629 16
2 path.c:191 0x2ae6be09 22
2 path.c:205 0x2ae6b6e9 6
2 path.c:205 0x2ae6b969 4
3 path.c:223 0x2ae6be09 0x2ae6be09 22 10
4 path.c:246 0x2ae6be09 10
4 path.c:31 0x2ae6b6e9 6
4 path.c:31 0x2ae6b969 4
4 dynarray.c:112 0x2ae6b629 16
4 dynarray.c:113 0x2ae6b709 24
4 path.c:254 0x2ae6b989 24
2 path.c:178 0x2ae6b989 24
1 dynarray.c:84 0x2ae6b659 24
2 dynarray.c:95 0x2ae6b709 16
2 path.c:191 0x2ae6be09 22
2 path.c:205 0x2ae6b969 6
2 path.c:205 0x2ae6b6e9 4
3 path.c:223 0x2ae6be09 0x2ae6be09 22 10
1 bdtBad4.c:143 0x2ae6bcf9 32
2 path.c:178 0x2ae6bf09 24
1 dynarray.c:84 0x2ae6b629 24
2 dynarray.c:95 0x2ae6bf39 16
2 path.c:191 0x2ae6bea9 10
2 path.c:205 0x2ae6be89 6
2 path.c:205 0x2ae6be69 4
3 path.c:223 0x2ae6bea9 0x2ae6bea9 10 10
4 path.c:246 0x2ae6bea9 10
4 path.c:31 0x2ae6be89 6
4 path.c:31 0x2ae6be69 4
4 dynarray.c:112 0x2ae6bf39 16
4 dynarray.c:113 0x2ae6b629 24
4 path.c:254 0x2ae6bf09 24
4 bdtBad4.c:193 0x2ae6bcf9 32
4 path.c:246 0x2ae6bb09 22
4 path.c:31 0x2ae6b8a9 6
4 path.c:31 0x2ae6b6c9 4
4 path.c:31 0x2ae6b889 5
4 path.c:31 0x2ae6b9b9 7
4 dynarray.c:112 0x2ae6bec9 32
4 dynarray.c:113 0x2ae6b939 24
4 path.c:254 0x2ae6b5c9 24
4 path.c:246 0x2ae6be09 10
4 path.c:31 0x2ae6b969 6
4 path.c:31 0x2ae6b6e9 4
4 dynarray.c:112 0x2ae6b709 16
4 dynarray.c:113 0x2ae6b659 24
4 path.c:254 0x2ae6b989 24
2 path.c:128 0x2ae6b989 24
1 dynarray.c:84 0x2ae6bf39 24
2 dynarray.c:95 0x2ae6b659 16
2 path.c:90 0x2ae6b6e9 6
1 path.c:143 0x2ae6bb39 6
2 path.c:178 0x2ae6be09 24
1 dynarray.c:84 0x2ae6b709 24
2 dynarray.c:95 0x2ae6b5c9 16
2 path.c:191 0x2ae6b969 6
2 path.c:205 0x2ae6b889 6
3 path.c:223 0x2ae6b969 0x2ae6b969 6 6
4 path.c:246 0x2ae6b969 6
4 path.c:31 0x2ae6b889 6
4 dynarray.c:112 0x2ae6b5c9 16
4 dynarray.c:113 0x2ae6b709 24
4 path.c:254 0x2ae6be09 24
4 path.c:246 0x2ae6bb39 6
4 path.c:31 0x2ae6b6e9 6
4 dynarray.c:112 0x2ae6b659 16
4 dynarray.c:113 0x2ae6bf39 24
4 path.c:254 0x2ae6b989 24
2 path.c:128 0x2ae6b989 24
1 dynarray.c:84 0x2ae6b939 24
2 dynarray.c:95 0x2ae6bf39 16
2 path.c:90 0x2ae6b6e9 6
2 path.c:90 0x2ae6bb39 7
1 path.c:143 0x2ae6b9b9 13
2 path.c:178 0x2ae6be09 24
1 dynarray.c:84 0x2ae6b659 24
2 dynarray.c:95 0x2ae6b709 16
2 path.c:191 0x2ae6b889 13
2 path.c:205 0x2ae6b6c9 6
3 path.c:223 0x2ae6b889 0x2ae6b889 13 6
4 path.c:246 0x2ae6b889 6
4 path.c:31 0x2ae6b6c9 6
4 dynarray.c:112 0x2ae6b709 16
4 dynarray.c:113 0x2ae6b659 24
4 path.c:254 0x2ae6be09 24
2 path.c:178 0x2ae6be09 24
1 dynarray.c:84 0x2ae6b5c9 24
2 dynarray.c:95 0x2ae6b659 16
2 path.c:191 0x2ae6b6c9 13
2 path.c:205 0x2ae6b889 6
2 path.c:205 0x2ae6b8a9 7
3 path.c:223 0x2ae6b6c9 0x2ae6b6c9 13 13
4 path.c:246 0x2ae6b6c9 13
4 path.c:31 0x2ae6b889 6
4 path.c:31 0x2ae6b8a9 7
4 dynarray.c:112 0x2ae6b659 16
4 dynarray.c:113 0x2ae6b5c9 24
4 path.c:254 0x2ae6be09 24
4 path.c:246 0x2ae6b9b9 13
4 path.c:31 0x2ae6b6e9 6
4 path.c:31 0x2ae6bb39 7
4 dynarray.c:112 0x2ae6bf39 16
4 dynarray.c:113 0x2ae6b939 24
4 path.c:254 0x2ae6b989 24
2 path.c:128 0x2ae6b989 24
1 dynarray.c:84 0x2ae6b709 24
2 dynarray.c:95 0x2ae6b939 16
2 path.c:90 0x2ae6bb39 6
2 path.c:90 0x2ae6b6e9 8
1 path.c:143 0x2ae6b969 14
2 path.c:178 0x2ae6be09 24
1 dynarray.c:84 0x2ae6bf39 24
2 dynarray.c:95 0x2ae6b5c9 16
2 path.c:191 0x2ae6b9b9 14
2 path.c:205 0x2ae6b889 6
3 path.c:223 0x2ae6b9b9 0x2ae6b9b9 14 6
4 path.c:246 0x2ae6b9b9 6
4 path.c:31 0x2ae6b889 6
4 dynarray.c:112 0x2ae6b5c9 16
4 dynarray.c:113 0x2ae6bf39 24
4 path.c:254 0x2ae6be09 24
2 path.c:178 0x2ae6be09 24
1 dynarray.c:84 0x2ae6b659 24
2 dynarray.c:95 0x2ae6bf39 16
2 path.c:191 0x2ae6b889 14
2 path.c:205 0x2ae6b9b9 6
2 path.c:205 0x2ae6b6c9 8
3 path.c:223 0x2ae6b889 0x2ae6b889 14 14
4 path.c:246 0x2ae6b889 14
4 path.c:31 0x2ae6b9b9 6
4 path.c:31 0x2ae6b6c9 8
4 dynarray.c:112 0x2ae6bf39 16
4 dynarray.c:113 0x2ae6b659 24
4 path.c:254 0x2ae6be09 24
4 path.c:246 0x2ae6b969 14
4 path.c:31 0x2ae6bb39 6
4 path.c:31 0x2ae6b6e9 8
4 dynarray.c:112 0x2ae6b939 16
4 dynarray.c:113 0x2ae6b709 24
4 path.c:254 0x2ae6b989 24
2 path.c:128 0x2ae6b989 24
1 dynarray.c:84 0x2ae6b5c9 24
2 dynarray.c:95 0x2ae6b709 16
2 path.c:90 0x2ae6b6e9 6
2 path.c:90 0x2ae6bb39 7
1 path.c:143 0x2ae6b8a9 13
2 path.c:178 0x2ae6be09 24
1 dynarray.c:84 0x2ae6b939 24
2 dynarray.c:95 0x2ae6b659 16
2 path.c:191 0x2ae6b969 13
2 path.c:205 0x2ae6b9b9 6
3 path.c:223 0x2ae6b969 0x2ae6b969 13 6
4 path.c:246 0x2ae6b969 6
4 path.c:31 0x2ae6b9b9 6
4 dynarray.c:112 0x2ae6b659 16
4 dynarray.c:113 0x2ae6b939 24
4 path.c:254 0x2ae6be09 24
2 path.c:178 0x2ae6be09 24
1 dynarray.c:84 0x2ae6bf39 24
2 dynarray.c:95 0x2ae6b939 16
2 path.c:191 0x2ae6b9b9 13
2 path.c:205 0x2ae6b969 6
2 path.c:205 0x2ae6b889 7
3 path.c:223 0x2ae6b9b9 0x2ae6b9b9 13 13
4 path.c:246 0x2ae6b9b9 13
4 path.c:31 0x2ae6b969 6
4 path.c:31 0x2ae6b889 7
4 dynarray.c:112 0x2ae6b939 16
4 dynarray.c:113 0x2ae6bf39 24
4 path.c:254 0x2ae6be09 24
4 path.c:246 0x2ae6b8a9 13
4 path.c:31 0x2ae6b6e9 6
4 path.c:31 0x2ae6bb39 7
4 dynarray.c:112 0x2ae6b709 16
4 dynarray.c:113 0x2ae6b5c9 24
4 path.c:254 0x2ae6b989 24
2 path.c:128 0x2ae6b989 24
1 dynarray.c:84 0x2ae6b659 24
2 dynarray.c:95 0x2ae6b5c9 16
2 path.c:90 0x2ae6bb39 6
2 path.c:90 0x2ae6b6e9 4
1 path.c:143 0x2ae6b6c9 10
2 path.c:178 0x2ae6be09 24
1 dynarray.c:84 0x2ae6b709 24
2 dynarray.c:95 0x2ae6bf39 16
2 path.c:191 0x2ae6b8a9 10
2 path.c:205 0x2ae6b969 6
3 path.c:223 0x2ae6b8a9 0x2ae6b8a9 10 6
4 path.c:246 0x2ae6b8a9 6
4 path.c:31 0x2ae6b969 6
4 dynarray.c:112 0x2ae6bf39 16
4 dynarray.c:113 0x2ae6b709 24
4 path.c:254 0x2ae6be09 24
2 path.c:178 0x2ae6be09 24
1 dynarray.c:84 0x2ae6b939 24
2 dynarray.c:95 0x2ae6b709 16
2 path.c:191 0x2ae6b969 10
2 path.c:205 0x2ae6b8a9 6
2 path.c:205 0x2ae6b9b9 4
3 path.c:223 0x2ae6b969 0x2ae6b969 10 10
4 path.c:246 0x2ae6b969 10
4 path.c:31 0x2ae6b8a9 6
4 path.c:31 0x2ae6b9b9 4
4 dynarray.c:112 0x2ae6b709 16
4 dynarray.c:113 0x2ae6b939 24
4 path.c:254 0x2ae6be09 24
4 path.c:246 0x2ae6b6c9 10
4 path.c:31 0x2ae6bb39 6
4 path.c:31 0x2ae6b6e9 4
4 dynarray.c:112 0x2ae6b5c9 16
4 dynarray.c:113 0x2ae6b659 24
4 path.c:254 0x2ae6b989 24
2 path.c:128 0x2ae6b989 24
1 dynarray.c:84 0x2ae6bf39 24
2 dynarray.c:95 0x2ae6b659 16
2 path.c:90 0x2ae6b6e9 6
2 path.c:90 0x2ae6bb39 4
2 path.c:90 0x2ae6b6c9 5
3 dynarray.c:69 0x2ae6bf69 0x2ae6b659 16 32
1 path.c:143 0x2ae6b5c9 15
2 path.c:178 0x2ae6b659 24
1 dynarray.c:84 0x2ae6be09 24
2 dynarray.c:95 0x2ae6b939 16
2 path.c:191 0x2ae6bb09 15
2 path.c:205 0x2ae6b9b9 6
3 path.c:223 0x2ae6bb09 0x2ae6bb09 15 6
4 path.c:246 0x2ae6bb09 6
4 path.c:31 0x2ae6b9b9 6
4 dynarray.c:112 0x2ae6b939 16
4 dynarray.c:113 0x2ae6be09 24
4 path.c:254 0x2ae6b659 24
2 path.c:178 0x2ae6b659 24
1 dynarray.c:84 0x2ae6b709 24
2 dynarray.c:95 0x2ae6be09 16
2 path.c:191 0x2ae6bb09 15
2 path.c:205 0x2ae6b9b9 6
2 path.c:205 0x2ae6b8a9 4
3 path.c:223 0x2ae6bb09 0x2ae6bb09 15 10
4 path.c:246 0x2ae6bb09 10
4 path.c:31 0x2ae6b9b9 6
4 path.c:31 0x2ae6b8a9 4
4 dynarray.c:112 0x2ae6be09 16
4 dynarray.c:113 0x2ae6b709 24
4 path.c:254 0x2ae6b659 24
4 path.c:246 0x2ae6b5c9 15
4 path.c:31 0x2ae6b6e9 6
4 path.c:31 0x2ae6bb39 4
4 path.c:31 0x2ae6b6c9 5
4 dynarray.c:112 0x2ae6bf69 32
4 dynarray.c:113 0x2ae6bf39 24
4 path.c:254 0x2ae6b989 24
2 path.c:128 0x2ae6b989 24
1 dynarray.c:84 0x2ae6b939 24
2 dynarray.c:95 0x2ae6bf39 16
2 path.c:90 0x2ae6b6c9 6
2 path.c:90 0x2ae6bb39 4
2 path.c:90 0x2ae6b6e9 5
3 dynarray.c:69 0x2ae6bfa9 0x2ae6bf39 16 32
2 path.c:90 0x2ae6b8a9 7
1 path.c:143 0x2ae6b5c9 22
2 path.c:178 0x2ae6bf39 24
1 dynarray.c:84 0x2ae6b659 24
2 dynarray.c:95 0x2ae6b709 16
2 path.c:191 0x2ae6bb09 22
2 path.c:205 0x2ae6b9b9 6
3 path.c:223 0x2ae6bb09 0x2ae6bb09 22 6
4 path.c:246 0x2ae6bb09 6
4 path.c:31 0x2ae6b9b9 6
4 dynarray.c:112 0x2ae6b709 16
4 dynarray.c:113 0x2ae6b659 24
4 path.c:254 0x2ae6bf39 24
2 path.c:178 0x2ae6bf39 24
1 dynarray.c:84 0x2ae6be09 24
2 dynarray.c:95 0x2ae6b659 16
2 path.c:191 0x2ae6bb09 22
2 path.c:205 0x2ae6b9b9 6
2 path.c:205 0x2ae6b969 4
3 path.c:223 0x2ae6bb09 0x2ae6bb09 22 10
4 path.c:246 0x2ae6bb09 10
4 path.c:31 0x2ae6b9b9 6
4 path.c:31 0x2ae6b969 4
4 dynarray.c:112 0x2ae6b659 16
4 dynarray.c:113 0x2ae6be09 24
4 path.c:254 0x2ae6bf39 24
4 path.c:246 0x2ae6b5c9 22
4 path.c:31 0x2ae6b6c9 6
4 path.c:31 0x2ae6bb39 4
4 path.c:31 0x2ae6b6e9 5
4 path.c:31 0x2ae6b8a9 7
4 dynarray.c:112 0x2ae6bfa9 32
4 dynarray.c:113 0x2ae6b939 24
4 path.c:254 0x2ae6b989 24
1 dynarray.c:84 0x2ae6b709 24
2 dynarray.c:95 0x2ae6bfe9 32
1 bdtBad4.c:663 0x2ae6c029 55
4 dynarray.c:112 0x2ae6bfe9 32
4 dynarray.c:113 0x2ae6b709 24
6 bdt_client.c:82 0x2ae6c029
4 bdt_client.c:82 0x2ae6c029 55
2 path.c:128 0x2ae6b989 24
1 dynarray.c:84 0x2ae6b709 24
2 dynarray.c:95 0x2ae6b939 16
2 path.c:90 0x2ae6b8a9 6
2 path.c:90 0x2ae6b6e9 7
2 path.c:90 0x2ae6bb39 12
3 dynarray.c:69 0x2ae6c079 0x2ae6b939 16 32
1 path.c:143 0x2ae6b5c9 25
2 path.c:178 0x2ae6b939 24
1 dynarray.c:84 0x2ae6bf39 24
2 dynarray.c:95 0x2ae6be09 16
2 path.c:191 0x2ae6bb09 25
2 path.c:205 0x2ae6b6c9 6
3 path.c:223 0x2ae6bb09 0x2ae6bb09 25 6
4 path.c:246 0x2ae6bb09 6
4 path.c:31 0x2ae6b6c9 6
4 dynarray.c:112 0x2ae6be09 16
4 dynarray.c:113 0x2ae6bf39 24
4 path.c:254 0x2ae6b939 24
2 path.c:178 0x2ae6b939 24
1 dynarray.c:84 0x2ae6b659 24
2 dynarray.c:95 0x2ae6bf39 16
2 path.c:191 0x2ae6bb09 25
2 path.c:205 0x2ae6b6c9 6
2 path.c:205 0x2ae6b969 7
3 path.c:223 0x2ae6bb09 0x2ae6bb09 25 13
4 path.c:246 0x2ae6bb09 13
4 path.c:31 0x2ae6b6c9 6
4 path.c:31 0x2ae6b969 7
4 dynarray.c:112 0x2ae6bf39 16
4 dynarray.c:113 0x2ae6b659 24
4 path.c:254 0x2ae6b939 24
2 path.c:178 0x2ae6b939 24
1 dynarray.c:84 0x2ae6be09 24
2 dynarray.c:95 0x2ae6b659 24
2 path.c:191 0x2ae6bb09 25
2 path.c:205 0x2ae6b969 6
2 path.c:205 0x2ae6b6c9 7
2 path.c:205 0x2ae6b9b9 12
3 path.c:223 0x2ae6bb09 0x2ae6bb09 25 25
4 path.c:246 0x2ae6bb09 25
4 path.c:31 0x2ae6b969 6
4 path.c:31 0x2ae6b6c9 7
4 path.c:31 0x2ae6b9b9 12
4 dynarray.c:112 0x2ae6b659 24
4 dynarray.c:113 0x2ae6be09 24
4 path.c:254 0x2ae6b939 24
4 path.c:246 0x2ae6b5c9 25
4 path.c:31 0x2ae6b8a9 6
4 path.c:31 0x2ae6b6e9 7
4 path.c:31 0x2ae6bb39 12
4 dynarray.c:112 0x2ae6c079 32
4 dynarray.c:113 0x2ae6b709 24
4 path.c:254 0x2ae6b989 24
2 path.c:128 0x2ae6b989 24
1 dynarray.c:84 0x2ae6bf39 24
2 dynarray.c:95 0x2ae6b709 16
2 path.c:90 0x2ae6bb39 6
2 path.c:90 0x2ae6b6e9 8
2 path.c:90 0x2ae6b8a9 12
3 dynarray.c:69 0x2ae6c079 0x2ae6b709 16 32
1 path.c:143 0x2ae6b5c9 26
2 path.c:178 0x2ae6b709 24
1 dynarray.c:84 0x2ae6b939 24
2 dynarray.c:95 0x2ae6be09 16
2 path.c:191 0x2ae6bb09 26
2 path.c:205 0x2ae6b9b9 6
3 path.c:223 0x2ae6bb09 0x2ae6bb09 26 6
4 path.c:246 0x2ae6bb09 6
4 path.c:31 0x2ae6b9b9 6
4 dynarray.c:112 0x2ae6be09 16
4 dynarray.c:113 0x2ae6b939 24
4 path.c:254 0x2ae6b709 24
2 path.c:178 0x2ae6b709 24
1 dynarray.c:84 0x2ae6b659 24
2 dynarray.c:95 0x2ae6b939 16
2 path.c:191 0x2ae6bb09 26
2 path.c:205 0x2ae6b9b9 6
2 path.c:205 0x2ae6b6c9 8
3 path.c:223 0x2ae6bb09 0x2ae6bb09 26 14
4 path.c:246 0x2ae6bb09 14
4 path.c:31 0x2ae6b9b9 6
4 path.c:31 0x2ae6b6c9 8
4 dynarray.c:112 0x2ae6b939 16
4 dynarray.c:113 0x2ae6b659 24
4 path.c:254 0x2ae6b709 24
2 path.c:178 0x2ae6b709 24
1 dynarray.c:84 0x2ae6be09 24
2 dynarray.c:95 0x2ae6b659 24
2 path.c:191 0x2ae6bb09 26
2 path.c:205 0x2ae6b6c9 6
2 path.c:205 0x2ae6b9b9 8
2 path.c:205 0x2ae6b969 12
3 path.c:223 0x2ae6bb09 0x2ae6bb09 26 26
4 path.c:246 0x2ae6bb09 26
4 path.c:31 0x2ae6b6c9 6
4 path.c:31 0x2ae6b9b9 8
4 path.c:31 0x2ae6b969 12
4 dynarray.c:112 0x2ae6b659 24
4 dynarray.c:113 0x2ae6be09 24
4 path.c:254 0x2ae6b709 24
4 path.c:246 0x2ae6b5c9 26
4 path.c:31 0x2ae6bb39 6
4 path.c:31 0x2ae6b6e9 8
4 path.c:31 0x2ae6b8a9 12
4 dynarray.c:112 0x2ae6c079 32
4 dynarray.c:113 0x2ae6bf39 24
4 path.c:254 0x2ae6b989 24
2 path.c:128 0x2ae6b989 24
1 dynarray.c:84 0x2ae6b939 24
2 dynarray.c:95 0x2ae6bf39 16
2 path.c:90 0x2ae6b8a9 6
2 path.c:90 0x2ae6b6e9 8
2 path.c:90 0x2ae6bb39 12
3 dynarray.c:69 0x2ae6c079 0x2ae6bf39 16 32
1 path.c:143 0x2ae6b5c9 26
2 path.c:178 0x2ae6bf39 24
1 dynarray.c:84 0x2ae6b709 24
2 dynarray.c:95 0x2ae6be09 16
2 path.c:191 0x2ae6bb09 26
2 path.c:205 0x2ae6b969 6
3 path.c:223 0x2ae6bb09 0x2ae6bb09 26 6
4 path.c:246 0x2ae6bb09 6
4 path.c:31 0x2ae6b969 6
4 dynarray.c:112 0x2ae6be09 16
4 dynarray.c:113 0x2ae6b709 24
4 path.c:254 0x2ae6bf39 24
2 path.c:178 0x2ae6bf39 24
1 dynarray.c:84 0x2ae6b659 24
2 dynarray.c:95 0x2ae6b709 16
2 path.c:191 0x2ae6bb09 26
2 path.c:205 0x2ae6b969 6
2 path.c:205 0x2ae6b9b9 8
3 path.c:223 0x2ae6bb09 0x2ae6bb09 26 14
4 path.c:246 0x2ae6bb09 14
4 path.c:31 0x2ae6b969 6
4 path.c:31 0x2ae6b9b9 8
4 dynarray.c:112 0x2ae6b709 16
4 dynarray.c:113 0x2ae6b659 24
4 path.c:254 0x2ae6bf39 24
2 path.c:178 0x2ae6bf39 24
1 dynarray.c:84 0x2ae6be09 24
2 dynarray.c:95 0x2ae6b659 24
2 path.c:191 0x2ae6bb09 26
2 path.c:205 0x2ae6b9b9 6
2 path.c:205 0x2ae6b969 8
2 path.c:205 0x2ae6b6c9 12
3 path.c:223 0x2ae6bb09 0x2ae6bb09 26 26
4 path.c:246 0x2ae6bb09 26
4 path.c:31 0x2ae6b9b9 6
4 path.c:31 0x2ae6b969 8
4 path.c:31 0x2ae6b6c9 12
4 dynarray.c:112 0x2ae6b659 24
4 dynarray.c:113 0x2ae6be09 24
4 path.c:254 0x2ae6bf39 24
2 path.c:178 0x2ae6bf39 24
1 dynarray.c:84 0x2ae6b709 24
2 dynarray.c:95 0x2ae6be09 24
2 path.c:191 0x2ae6bb09 26
2 path.c:205 0x2ae6b6c9 6
2 path.c:205 0x2ae6b969 8
2 path.c:205 0x2ae6b9b9 12
3 path.c:223 0x2ae6bb09 0x2ae6bb09 26 26
1 bdtBad4.c:143 0x2ae6bfe9 32
2 path.c:178 0x2ae6bf09 24
1 dynarray.c:84 0x2ae6b659 24
2 dynarray.c:95 0x2ae6b629 24
2 path.c:191 0x2ae6c0b9 26
2 path.c:205 0x2ae6be69 6
2 path.c:205 0x2ae6be89 8
2 path.c:205 0x2ae6bea9 12
3 path.c:223 0x2ae6c0b9 0x2ae6c0b9 26 26
4 path.c:246 0x2ae6bb09 26
4 path.c:31 0x2ae6b6c9 6
4 path.c:31 0x2ae6b969 8
4 path.c:31 0x2ae6b9b9 12
4 dynarray.c:112 0x2ae6be09 24
4 dynarray.c:113 0x2ae6b709 24
4 path.c:254 0x2ae6bf39 24
4 path.c:246 0x2ae6b5c9 26
4 path.c:31 0x2ae6b8a9 6
4 path.c:31 0x2ae6b6e9 8
4 path.c:31 0x2ae6bb39 12
4 dynarray.c:112 0x2ae6c079 32
4 dynarray.c:113 0x2ae6b939 24
4 path.c:254 0x2ae6b989 24
2 path.c:128 0x2ae6b989 24
1 dynarray.c:84 0x2ae6bb09 24
2 dynarray.c:95 0x2ae6b939 16
2 path.c:90 0x2ae6bb39 6
2 path.c:90 0x2ae6b6e9 7
2 path.c:90 0x2ae6b8a9 12
3 dynarray.c:69 0x2ae6c0e9 0x2ae6b939 16 32
1 path.c:143 0x2ae6b5c9 25
2 path.c:178 0x2ae6b939 24
1 dynarray.c:84 0x2ae6bf39 24
2 dynarray.c:95 0x2ae6b709 16
2 path.c:191 0x2ae6c129 25
2 path.c:205 0x2ae6b9b9 6
3 path.c:223 0x2ae6c129 0x2ae6c129 25 6
4 path.c:246 0x2ae6c129 6
4 path.c:31 0x2ae6b9b9 6
4 dynarray.c:112 0x2ae6b709 16
4 dynarray.c:113 0x2ae6bf39 24
4 path.c:254 0x2ae6b939 24
2 path.c:178 0x2ae6b939 24
1 dynarray.c:84 0x2ae6be09 24
2 dynarray.c:95 0x2ae6bf39 16
2 path.c:191 0x2ae6c129 25
2 path.c:205 0x2ae6b9b9 6
2 path.c:205 0x2ae6b969 7
3 path.c:223 0x2ae6c129 0x2ae6c129 25 13
4 path.c:246 0x2ae6c129 13
4 path.c:31 0x2ae6b9b9 6
4 path.c:31 0x2ae6b969 7
4 dynarray.c:112 0x2ae6bf39 16
4 dynarray.c:113 0x2ae6be09 24
4 path.c:254 0x2ae6b939 24
2 path.c:178 0x2ae6b939 24
1 dynarray.c:84 0x2ae6b709 24
2 dynarray.c:95 0x2ae6be09 24
2 path.c:191 0x2ae6c129 25
2 path.c:205 0x2ae6b969 6
2 path.c:205 0x2ae6b9b9 7
2 path.c:205 0x2ae6b6c9 12
3 path.c:223 0x2ae6c129 0x2ae6c129 25 25
4 path.c:246 0x2ae6c129 25
4 path.c:31 0x2ae6b969 6
4 path.c:31 0x2ae6b9b9 7
4 path.c:31 0x2ae6b6c9 12
4 dynarray.c:112 0x2ae6be09 24
4 dynarray.c:113 0x2ae6b709 24
4 path.c:254 0x2ae6b939 24
4 path.c:246 0x2ae6b5c9 25
4 path.c:31 0x2ae6bb39 6
4 path.c:31 0x2ae6b6e9 7
4 path.c:31 0x2ae6b8a9 12
4 dynarray.c:112 0x2ae6c0e9 32
4 dynarray.c:113 0x2ae6bb09 24
4 path.c:254 0x2ae6b989 24
2 path.c:128 0x2ae6b989 24
1 dynarray.c:84 0x2ae6bf39 24
2 dynarray.c:95 0x2ae6bb09 16
2 path.c:90 0x2ae6b8a9 6
2 path.c:90 0x2ae6b6e9 8
2 path.c:90 0x2ae6bb39 12
3 dynarray.c:69 0x2ae6c0e9 0x2ae6bb09 16 32
1 path.c:143 0x2ae6b5c9 26
2 path.c:178 0x2ae6bb09 24
1 dynarray.c:84 0x2ae6b939 24
2 dynarray.c:95 0x2ae6b709 16
2 path.c:191 0x2ae6c129 26
2 path.c:205 0x2ae6b6c9 6
3 path.c:223 0x2ae6c129 0x2ae6c129 26 6
4 path.c:246 0x2ae6c129 6
4 path.c:31 0x2ae6b6c9 6
4 dynarray.c:112 0x2ae6b709 16
4 dynarray.c:113 0x2ae6b939 24
4 path.c:254 0x2ae6bb09 24
2 path.c:178 0x2ae6bb09 24
1 dynarray.c:84 0x2ae6be09 24
2 dynarray.c:95 0x2ae6b939 16
2 path.c:191 0x2ae6c129 26
2 path.c:205 0x2ae6b6c9 6
2 path.c:205 0x2ae6b9b9 8
3 path.c:223 0x2ae6c129 0x2ae6c129 26 14
4 path.c:246 0x2ae6c129 14
4 path.c:31 0x2ae6b6c9 6
4 path.c:31 0x2ae6b9b9 8
4 dynarray.c:112 0x2ae6b939 16
4 dynarray.c:113 0x2ae6be09 24
4 path.c:254 0x2ae6bb09 24
2 path.c:178 0x2ae6bb09 24
1 dynarray.c:84 0x2ae6b709 24
2 dynarray.c:95 0x2ae6be09 24
2 path.c:191 0x2ae6c129 26
2 path.c:205 0x2ae6b9b9 6
2 path.c:205 0x2ae6b6c9 8
2 path.c:205 0x2ae6b969 12
3 path.c:223 0x2ae6c129 0x2ae6c129 26 26
4 path.c:246 0x2ae6c129 26
4 path.c:31 0x2ae6b9b9 6
4 path.c:31 0x2ae6b6c9 8
4 path.c:31 0x2ae6b969 12
4 dynarray.c:112 0x2ae6be09 24
4 dynarray.c:113 0x2ae6b709 24
4 path.c:254 0x2ae6bb09 24
4 path.c:246 0x2ae6b5c9 26
4 path.c:31 0x2ae6b8a9 6
4 path.c:31 0x2ae6b6e9 8
4 path.c:31 0x2ae6bb39 12
4 dynarray.c:112 0x2ae6c0e9 32
4 dynarray.c:113 0x2ae6bf39 24
4 path.c:254 0x2ae6b989 24
2 path.c:128 0x2ae6b989 24
1 dynarray.c:84 0x2ae6b939 24
2 dynarray.c:95 0x2ae6bf39 16
2 path.c:90 0x2ae6bb39 6
2 path.c:90 0x2ae6b6e9 8
2 path.c:90 0x2ae6b8a9 12
3 dynarray.c:69 0x2ae6c0e9 0x2ae6bf39 16 32
1 path.c:143 0x2ae6b5c9 26
2 path.c:178 0x2ae6bf39 24
1 dynarray.c:84 0x2ae6bb09 24
2 dynarray.c:95 0x2ae6b709 16
2 path.c:191 0x2ae6c129 26
2 path.c:205 0x2ae6b969 6
3 path.c:223 0x2ae6c129 0x2ae6c129 26 6
4 path.c:246 0x2ae6c129 6
4 path.c:31 0x2ae6b969 6
4 dynarray.c:112 0x2ae6b709 16
4 dynarray.c:113 0x2ae6bb09 24
4 path.c:254 0x2ae6bf39 24
2 path.c:178 0x2ae6bf39 24
1 dynarray.c:84 0x2ae6be09 24
2 dynarray.c:95 0x2ae6bb09 16
2 path.c:191 0x2ae6c129 26
2 path.c:205 0x2ae6b969 6
2 path.c:205 0x2ae6b6c9 8
3 path.c:223 0x2ae6c129 0x2ae6c129 26 14
4 path.c:246 0x2ae6c129 14
4 path.c:31 0x2ae6b969 6
4 path.c:31 0x2ae6b6c9 8
4 dynarray.c:112 0x2ae6bb09 16
4 dynarray.c:113 0x2ae6be09 24
4 path.c:254 0x2ae6bf39 24
2 path.c:178 0x2ae6bf39 24
1 dynarray.c:84 0x2ae6b709 24
2 dynarray.c:95 0x2ae6be09 24
2 path.c:191 0x2ae6c129 26
2 path.c:205 0x2ae6b6c9 6
2 path.c:205 0x2ae6b969 8
2 path.c:205 0x2ae6b9b9 12
3 path.c:223 0x2ae6c129 0x2ae6c129 26 26
4 path.c:246 0x2ae6c129 26
4 path.c:31 0x2ae6b6c9 6
4 path.c:31 0x2ae6b969 8
4 path.c:31 0x2ae6b9b9 12
4 dynarray.c:112 0x2ae6be09 24
4 dynarray.c:113 0x2ae6b709 24
4 path.c:254 0x2ae6bf39 24
4 path.c:246 0x2ae6b5c9 26
4 path.c:31 0x2ae6bb39 6
4 path.c:31 0x2ae6b6e9 8
4 path.c:31 0x2ae6b8a9 12
4 dynarray.c:112 0x2ae6c0e9 32
4 dynarray.c:113 0x2ae6b939 24
4 path.c:254 0x2ae6b989 24
2 path.c:128 0x2ae6b989 24
1 dynarray.c:84 0x2ae6bb09 24
2 dynarray.c:95 0x2ae6b939 16
2 path.c:90 0x2ae6b8a9 6
2 path.c:90 0x2ae6b6e9 8
2 path.c:90 0x2ae6bb39 12
3 dynarray.c:69 0x2ae6c0e9 0x2ae6b939 16 32
2 path.c:90 0x2ae6b9b9 6
1 path.c:143 0x2ae6c079 32
2 path.c:178 0x2ae6b939 24
1 dynarray.c:84 0x2ae6b5c9 24
2 dynarray.c:95 0x2ae6bf39 16
2 path.c:191 0x2ae6c159 32
2 path.c:205 0x2ae6b969 6
3 path.c:223 0x2ae6c159 0x2ae6c159 32 6
4 path.c:246 0x2ae6c159 6
4 path.c:31 0x2ae6b969 6
4 dynarray.c:112 0x2ae6bf39 16
4 dynarray.c:113 0x2ae6b5c9 24
4 path.c:254 0x2ae6b939 24
2 path.c:178 0x2ae6b939 24
1 dynarray.c:84 0x2ae6b709 24
2 dynarray.c:95 0x2ae6b5c9 16
2 path.c:191 0x2ae6c199 32
2 path.c:205 0x2ae6b969 6
2 path.c:205 0x2ae6c159 8
3 path.c:223 0x2ae6c199 0x2ae6c199 32 14
4 path.c:246 0x2ae6c199 14
4 path.c:31 0x2ae6b969 6
4 path.c:31 0x2ae6c159 8
4 dynarray.c:112 0x2ae6b5c9 16
4 dynarray.c:113 0x2ae6b709 24
4 path.c:254 0x2ae6b939 24
2 path.c:178 0x2ae6b939 24
1 dynarray.c:84 0x2ae6bf39 24
2 dynarray.c:95 0x2ae6b709 24
2 path.c:191 0x2ae6c1d9 32
2 path.c:205 0x2ae6c159 6
2 path.c:205 0x2ae6b969 8
2 path.c:205 0x2ae6c199 12
3 path.c:223 0x2ae6c1d9 0x2ae6c1d9 32 26
4 path.c:246 0x2ae6c1d9 26
4 path.c:31 0x2ae6c159 6
4 path.c:31 0x2ae6b969 8
4 path.c:31 0x2ae6c199 12
4 dynarray.c:112 0x2ae6b709 24
4 dynarray.c:113 0x2ae6bf39 24
4 path.c:254 0x2ae6b939 24
2 path.c:178 0x2ae6b939 24
1 dynarray.c:84 0x2ae6b5c9 24
2 dynarray.c:95 0x2ae6c219 32
2 path.c:191 0x2ae6c259 32
2 path.c:205 0x2ae6c199 6
2 path.c:205 0x2ae6b969 8
2 path.c:205 0x2ae6c159 12
2 path.c:205 0x2ae6c1b9 6
3 path.c:223 0x2ae6c259 0x2ae6c259 32 32
4 path.c:246 0x2ae6c259 32
4 path.c:31 0x2ae6c199 6
4 path.c:31 0x2ae6b969 8
4 path.c:31 0x2ae6c159 12
4 path.c:31 0x2ae6c1b9 6
4 dynarray.c:112 0x2ae6c219 32
4 dynarray.c:113 0x2ae6b5c9 24
4 path.c:254 0x2ae6b939 24
2 path.c:178 0x2ae6b939 24
1 dynarray.c:84 0x2ae6b5c9 24
2 dynarray.c:95 0x2ae6c219 32
2 path.c:191 0x2ae6c259 32
2 path.c:205 0x2ae6c1b9 6
2 path.c:205 0x2ae6c159 8
2 path.c:205 0x2ae6b969 12
2 path.c:205 0x2ae6c199 6
3 path.c:223 0x2ae6c259 0x2ae6c259 32 32
1 bdtBad4.c:143 0x2ae6c1d9 32
2 path.c:178 0x2ae6bf39 24
1 dynarray.c:84 0x2ae6b709 24
2 dynarray.c:95 0x2ae6c299 32
2 path.c:191 0x2ae6c2d9 32
2 path.c:205 0x2ae6c179 6
2 path.c:205 0x2ae6b6c9 8
2 path.c:205 0x2ae6c319 12
2 path.c:205 0x2ae6c339 6
3 path.c:223 0x2ae6c2d9 0x2ae6c2d9 32 32
4 path.c:246 0x2ae6c259 32
4 path.c:31 0x2ae6c1b9 6
4 path.c:31 0x2ae6c159 8
4 path.c:31 0x2ae6b969 12
4 path.c:31 0x2ae6c199 6
4 dynarray.c:112 0x2ae6c219 32
4 dynarray.c:113 0x2ae6b5c9 24
4 path.c:254 0x2ae6b939 24
4 path.c:246 0x2ae6c079 32
4 path.c:31 0x2ae6b8a9 6
4 path.c:31 0x2ae6b6e9 8
4 path.c:31 0x2ae6bb39 12
4 path.c:31 0x2ae6b9b9 6
4 dynarray.c:112 0x2ae6c0e9 32
4 dynarray.c:113 0x2ae6bb09 24
4 path.c:254 0x2ae6b989 24
2 path.c:128 0x2ae6b989 24
1 dynarray.c:84 0x2ae6b5c9 24
2 dynarray.c:95 0x2ae6bb09 16
2 path.c:90 0x2ae6b9b9 6
2 path.c:90 0x2ae6bb39 8
2 path.c:90 0x2ae6b6e9 12
3 dynarray.c:69 0x2ae6c0e9 0x2ae6bb09 16 32
2 path.c:90 0x2ae6b8a9 6
1 path.c:143 0x2ae6c259 32
2 path.c:178 0x2ae6bb09 24
1 dynarray.c:84 0x2ae6b939 24
2 dynarray.c:95 0x2ae6be09 16
2 path.c:191 0x2ae6c079 32
2 path.c:205 0x2ae6c199 6
3 path.c:223 0x2ae6c079 0x2ae6c079 32 6
4 path.c:246 0x2ae6c079 6
4 path.c:31 0x2ae6c199 6
4 dynarray.c:112 0x2ae6be09 16
4 dynarray.c:113 0x2ae6b939 24
4 path.c:254 0x2ae6bb09 24
2 path.c:178 0x2ae6bb09 24
1 dynarray.c:84 0x2ae6c129 24
2 dynarray.c:95 0x2ae6b939 16
2 path.c:191 0x2ae6c359 32
2 path.c:205 0x2ae6c199 6
2 path.c:205 0x2ae6c079 8
3 path.c:223 0x2ae6c359 0x2ae6c359 32 14
4 path.c:246 0x2ae6c359 14
4 path.c:31 0x2ae6c199 6
4 path.c:31 0x2ae6c079 8
4 dynarray.c:112 0x2ae6b939 16
4 dynarray.c:113 0x2ae6c129 24
4 path.c:254 0x2ae6bb09 24
2 path.c:178 0x2ae6bb09 24
1 dynarray.c:84 0x2ae6be09 24
2 dynarray.c:95 0x2ae6c129 24
2 path.c:191 0x2ae6c399 32
2 path.c:205 0x2ae6c079 6
2 path.c:205 0x2ae6c199 8
2 path.c:205 0x2ae6c359 12
3 path.c:223 0x2ae6c399 0x2ae6c399 32 26
4 path.c:246 0x2ae6c399 26
4 path.c:31 0x2ae6c079 6
4 path.c:31 0x2ae6c199 8
4 path.c:31 0x2ae6c359 12
4 dynarray.c:112 0x2ae6c129 24
4 dynarray.c:113 0x2ae6be09 24
4 path.c:254 0x2ae6bb09 24
2 path.c:178 0x2ae6bb09 24
1 dynarray.c:84 0x2ae6b939 24
2 dynarray.c:95 0x2ae6c399 32
2 path.c:191 0x2ae6c3d9 32
2 path.c:205 0x2ae6c359 6
2 path.c:205 0x2ae6c199 8
2 path.c:205 0x2ae6c079 12
2 path.c:205 0x2ae6c379 6
3 path.c:223 0x2ae6c3d9 0x2ae6c3d9 32 32
4 path.c:246 0x2ae6c3d9 32
4 path.c:31 0x2ae6c359 6
4 path.c:31 0x2ae6c199 8
4 path.c:31 0x2ae6c079 12
4 path.c:31 0x2ae6c379 6
4 dynarray.c:112 0x2ae6c399 32
4 dynarray.c:113 0x2ae6b939 24
4 path.c:254 0x2ae6bb09 24
4 path.c:246 0x2ae6c259 32
4 path.c:31 0x2ae6b9b9 6
4 path.c:31 0x2ae6bb39 8
4 path.c:31 0x2ae6b6e9 12
4 path.c:31 0x2ae6b8a9 6
4 dynarray.c:112 0x2ae6c0e9 32
4 dynarray.c:113 0x2ae6b5c9 24
4 path.c:254 0x2ae6b989 24
1 dynarray.c:84 0x2ae6b939 24
2 dynarray.c:95 0x2ae6c419 48
1 bdtBad4.c:663 0x2ae6c469 111
4 dynarray.c:112 0x2ae6c419 48
4 dynarray.c:113 0x2ae6b939 24
6 bdt_client.c:96 0x2ae6c469
4 bdt_client.c:96 0x2ae6c469 111
2 path.c:128 0x2ae6b989 24
1 dynarray.c:84 0x2ae6b939 24
2 dynarray.c:95 0x2ae6b5c9 16
2 path.c:90 0x2ae6b8a9 6
2 path.c:90 0x2ae6b6e9 8
2 path.c:90 0x2ae6bb39 12
3 dynarray.c:69 0x2ae6c0e9 0x2ae6b5c9 16 32
2 path.c:90 0x2ae6b9b9 6
1 path.c:143 0x2ae6c219 32
2 path.c:178 0x2ae6b5c9 24
1 dynarray.c:84 0x2ae6bb09 24
2 dynarray.c:95 0x2ae6be09 16
2 path.c:191 0x2ae6c259 32
2 path.c:205 0x2ae6c379 6
3 path.c:223 0x2ae6c259 0x2ae6c259 32 6
4 path.c:246 0x2ae6c259 6
4 path.c:31 0x2ae6c379 6
4 dynarray.c:112 0x2ae6be09 16
4 dynarray.c:113 0x2ae6bb09 24
4 path.c:254 0x2ae6b5c9 24
2 path.c:178 0x2ae6b5c9 24
1 dynarray.c:84 0x2ae6c129 24
2 dynarray.c:95 0x2ae6bb09 16
2 path.c:191 0x2ae6c3d9 32
2 path.c:205 0x2ae6c379 6
2 path.c:205 0x2ae6c259 8
3 path.c:223 0x2ae6c3d9 0x2ae6c3d9 32 14
4 path.c:246 0x2ae6c3d9 14
4 path.c:31 0x2ae6c379 6
4 path.c:31 0x2ae6c259 8
4 dynarray.c:112 0x2ae6bb09 16
4 dynarray.c:113 0x2ae6c129 24
4 path.c:254 0x2ae6b5c9 24
2 path.c:178 0x2ae6b5c9 24
1 dynarray.c:84 0x2ae6be09 24
2 dynarray.c:95 0x2ae6c129 24
2 path.c:191 0x2ae6c4f9 32
2 path.c:205 0x2ae6c259 6
2 path.c:205 0x2ae6c379 8
2 path.c:205 0x2ae6c3d9 12
3 path.c:223 0x2ae6c4f9 0x2ae6c4f9 32 26
4 path.c:246 0x2ae6c4f9 26
4 path.c:31 0x2ae6c259 6
4 path.c:31 0x2ae6c379 8
4 path.c:31 0x2ae6c3d9 12
4 dynarray.c:112 0x2ae6c129 24
4 dynarray.c:113 0x2ae6be09 24
4 path.c:254 0x2ae6b5c9 24
2 path.c:178 0x2ae6b5c9 24
1 dynarray.c:84 0x2ae6bb09 24
2 dynarray.c:95 0x2ae6c4f9 32
2 path.c:191 0x2ae6c539 32
2 path.c:205 0x2ae6c3d9 6
2 path.c:205 0x2ae6c379 8
2 path.c:205 0x2ae6c259 12
2 path.c:205 0x2ae6c3f9 6
3 path.c:223 0x2ae6c539 0x2ae6c539 32 32
4 path.c:246 0x2ae6c539 32
4 path.c:31 0x2ae6c3d9 6
4 path.c:31 0x2ae6c379 8
4 path.c:31 0x2ae6c259 12
4 path.c:31 0x2ae6c3f9 6
4 dynarray.c:112 0x2ae6c4f9 32
4 dynarray.c:113 0x2ae6bb09 24
4 path.c:254 0x2ae6b5c9 24
4 path.c:246 0x2ae6c219 32
4 path.c:31 0x2ae6b8a9 6
4 path.c:31 0x2ae6b6e9 8
4 path.c:31 0x2ae6bb39 12
4 path.c:31 0x2ae6b9b9 6
4 dynarray.c:112 0x2ae6c0e9 32
4 dynarray.c:113 0x2ae6b939 24
4 path.c:254 0x2ae6b989 24
2 path.c:128 0x2ae6b989 24
1 dynarray.c:84 0x2ae6bb09 24
2 dynarray.c:95 0x2ae6b939 16
2 path.c:90 0x2ae6b9b9 6
2 path.c:90 0x2ae6bb39 8
2 path.c:90 0x2ae6b6e9 8
3 dynarray.c:69 0x2ae6c0e9 0x2ae6b939 16 32
1 path.c:143 0x2ae6b5c9 22
2 path.c:178 0x2ae6b939 24
1 dynarray.c:84 0x2ae6be09 24
2 dynarray.c:95 0x2ae6c129 16
2 path.c:191 0x2ae6c579 22
2 path.c:205 0x2ae6b8a9 6
3 path.c:223 0x2ae6c579 0x2ae6c579 22 6
4 path.c:246 0x2ae6c579 6
4 path.c:31 0x2ae6b8a9 6
4 dynarray.c:112 0x2ae6c129 16
4 dynarray.c:113 0x2ae6be09 24
4 path.c:254 0x2ae6b939 24
2 path.c:178 0x2ae6b939 24
1 dynarray.c:84 0x2ae6c579 24
2 dynarray.c:95 0x2ae6be09 16
2 path.c:191 0x2ae6c5a9 22
2 path.c:205 0x2ae6b8a9 6
2 path.c:205 0x2ae6c3f9 8
3 path.c:223 0x2ae6c5a9 0x2ae6c5a9 22 14
4 path.c:246 0x2ae6c5a9 14
4 path.c:31 0x2ae6b8a9 6
4 path.c:31 0x2ae6c3f9 8
4 dynarray.c:112 0x2ae6be09 16
4 dynarray.c:113 0x2ae6c579 24
4 path.c:254 0x2ae6b939 24
2 path.c:178 0x2ae6b939 24
1 dynarray.c:84 0x2ae6c129 24
2 dynarray.c:95 0x2ae6c579 24
2 path.c:191 0x2ae6c5a9 22
2 path.c:205 0x2ae6c3f9 6
2 path.c:205 0x2ae6b8a9 8
2 path.c:205 0x2ae6c259 8
3 path.c:223 0x2ae6c5a9 0x2ae6c5a9 22 22
4 path.c:246 0x2ae6c5a9 22
4 path.c:31 0x2ae6c3f9 6
4 path.c:31 0x2ae6b8a9 8
4 path.c:31 0x2ae6c259 8
4 dynarray.c:112 0x2ae6c579 24
4 dynarray.c:113 0x2ae6c129 24
4 path.c:254 0x2ae6b939 24
4 path.c:246 0x2ae6b5c9 22
4 path.c:31 0x2ae6b9b9 6
4 path.c:31 0x2ae6bb39 8
4 path.c:31 0x2ae6b6e9 8
4 dynarray.c:112 0x2ae6c0e9 32
4 dynarray.c:113 0x2ae6bb09 24
4 path.c:254 0x2ae6b989 24
2 path.c:128 0x2ae6b989 24
1 dynarray.c:84 0x2ae6be09 24
2 dynarray.c:95 0x2ae6bb09 16
2 path.c:90 0x2ae6b6e9 6
2 path.c:90 0x2ae6bb39 8
2 path.c:90 0x2ae6b9b9 8
3 dynarray.c:69 0x2ae6c0e9 0x2ae6bb09 16 32
1 path.c:143 0x2ae6b5c9 22
2 path.c:178 0x2ae6bb09 24
1 dynarray.c:84 0x2ae6b939 24
2 dynarray.c:95 0x2ae6c129 16
2 path.c:191 0x2ae6c5a9 22
2 path.c:205 0x2ae6c259 6
3 path.c:223 0x2ae6c5a9 0x2ae6c5a9 22 6
4 path.c:246 0x2ae6c5a9 6
4 path.c:31 0x2ae6c259 6
4 dynarray.c:112 0x2ae6c129 16
4 dynarray.c:113 0x2ae6b939 24
4 path.c:254 0x2ae6bb09 24
2 path.c:178 0x2ae6bb09 24
1 dynarray.c:84 0x2ae6c579 24
2 dynarray.c:95 0x2ae6b939 16
2 path.c:191 0x2ae6c5a9 22
2 path.c:205 0x2ae6c259 6
2 path.c:205 0x2ae6b8a9 8
3 path.c:223 0x2ae6c5a9 0x2ae6c5a9 22 14
4 path.c:246 0x2ae6c5a9 14
4 path.c:31 0x2ae6c259 6
4 path.c:31 0x2ae6b8a9 8
4 dynarray.c:112 0x2ae6b939 16
4 dynarray.c:113 0x2ae6c579 24
4 path.c:254 0x2ae6bb09 24
2 path.c:178 0x2ae6bb09 24
1 dynarray.c:84 0x2ae6c129 24
2 dynarray.c:95 0x2ae6c579 24
2 path.c:191 0x2ae6c5a9 22
2 path.c:205 0x2ae6b8a9 6
2 path.c:205 0x2ae6c259 8
2 path.c:205 0x2ae6c3f9 8
3 path.c:223 0x2ae6c5a9 0x2ae6c5a9 22 22
4 path.c:246 0x2ae6c5a9 22
4 path.c:31 0x2ae6b8a9 6
4 path.c:31 0x2ae6c259 8
4 path.c:31 0x2ae6c3f9 8
4 dynarray.c:112 0x2ae6c579 24
4 dynarray.c:113 0x2ae6c129 24
4 path.c:254 0x2ae6bb09 24
4 path.c:246 0x2ae6b5c9 22
4 path.c:31 0x2ae6b6e9 6
4 path.c:31 0x2ae6bb39 8
4 path.c:31 0x2ae6b9b9 8
4 dynarray.c:112 0x2ae6c0e9 32
4 dynarray.c:113 0x2ae6be09 24
4 path.c:254 0x2ae6b989 24
2 path.c:128 0x2ae6b989 24
1 dynarray.c:84 0x2ae6b939 24
2 dynarray.c:95 0x2ae6be09 16
2 path.c:90 0x2ae6b9b9 6
2 path.c:90 0x2ae6bb39 8
2 path.c:90 0x2ae6b6e9 8
3 dynarray.c:69 0x2ae6c0e9 0x2ae6be09 16 32
1 path.c:143 0x2ae6b5c9 22
2 path.c:178 0x2ae6be09 24
1 dynarray.c:84 0x2ae6bb09 24
2 dynarray.c:95 0x2ae6c129 16
2 path.c:191 0x2ae6c5a9 22
2 path.c:205 0x2ae6c3f9 6
3 path.c:223 0x2ae6c5a9 0x2ae6c5a9 22 6
4 path.c:246 0x2ae6c5a9 6
4 path.c:31 0x2ae6c3f9 6
4 dynarray.c:112 0x2ae6c129 16
4 dynarray.c:113 0x2ae6bb09 24
4 path.c:254 0x2ae6be09 24
2 path.c:178 0x2ae6be09 24
1 dynarray.c:84 0x2ae6c579 24
2 dynarray.c:95 0x2ae6bb09 16
2 path.c:191 0x2ae6c5a9 22
2 path.c:205 0x2ae6c3f9 6
2 path.c:205 0x2ae6c259 8
3 path.c:223 0x2ae6c5a9 0x2ae6c5a9 22 14
4 path.c:246 0x2ae6c5a9 14
4 path.c:31 0x2ae6c3f9 6
4 path.c:31 0x2ae6c259 8
4 dynarray.c:112 0x2ae6bb09 16
4 dynarray.c:113 0x2ae6c579 24
4 path.c:254 0x2ae6be09 24
2 path.c:178 0x2ae6be09 24
1 dynarray.c:84 0x2ae6c129 24
2 dynarray.c:95 0x2ae6c579 24
2 path.c:191 0x2ae6c5a9 22
2 path.c:205 0x2ae6c259 6
2 path.c:205 0x2ae6c3f9 8
2 path.c:205 0x2ae6b8a9 8
3 path.c:223 0x2ae6c5a9 0x2ae6c5a9 22 22
4 path.c:246 0x2ae6c5a9 22
4 path.c:31 0x2ae6c259 6
4 path.c:31 0x2ae6c3f9 8
4 path.c:31 0x2ae6b8a9 8
4 dynarray.c:112 0x2ae6c579 24
4 dynarray.c:113 0x2ae6c129 24
4 path.c:254 0x2ae6be09 24
4 path.c:246 0x2ae6b5c9 22
4 path.c:31 0x2ae6b9b9 6
4 path.c:31 0x2ae6bb39 8
4 path.c:31 0x2ae6b6e9 8
4 dynarray.c:112 0x2ae6c0e9 32
4 dynarray.c:113 0x2ae6b939 24
4 path.c:254 0x2ae6b989 24
2 path.c:128 0x2ae6b989 24
1 dynarray.c:84 0x2ae6bb09 24
2 dynarray.c:95 0x2ae6b939 16
2 path.c:90 0x2ae6b6e9 6
2 path.c:90 0x2ae6bb39 8
1 path.c:143 0x2ae6b889 14
2 path.c:178 0x2ae6be09 24
1 dynarray.c:84 0x2ae6b5c9 24
2 dynarray.c:95 0x2ae6c129 16
2 path.c:191 0x2ae6b9b9 14
2 path.c:205 0x2ae6c3f9 6
3 path.c:223 0x2ae6b9b9 0x2ae6b9b9 14 6
4 path.c:246 0x2ae6b9b9 6
4 path.c:31 0x2ae6c3f9 6
4 dynarray.c:112 0x2ae6c129 16
4 dynarray.c:113 0x2ae6b5c9 24
4 path.c:254 0x2ae6be09 24
2 path.c:178 0x2ae6be09 24
1 dynarray.c:84 0x2ae6c579 24
2 dynarray.c:95 0x2ae6b5c9 16
2 path.c:191 0x2ae6c3f9 14
2 path.c:205 0x2ae6b9b9 6
2 path.c:205 0x2ae6c259 8
3 path.c:223 0x2ae6c3f9 0x2ae6c3f9 14 14
4 path.c:246 0x2ae6c3f9 14
4 path.c:31 0x2ae6b9b9 6
4 path.c:31 0x2ae6c259 8
4 dynarray.c:112 0x2ae6b5c9 16
4 dynarray.c:113 0x2ae6c579 24
4 path.c:254 0x2ae6be09 24
4 path.c:246 0x2ae6b889 14
4 path.c:31 0x2ae6b6e9 6
4 path.c:31 0x2ae6bb39 8
4 dynarray.c:112 0x2ae6b939 16
4 dynarray.c:113 0x2ae6bb09 24
4 path.c:254 0x2ae6b989 24
4 path.c:246 0x2ae6c2d9 32
4 path.c:31 0x2ae6c179 6
4 path.c:31 0x2ae6b6c9 8
4 path.c:31 0x2ae6c319 12
4 path.c:31 0x2ae6c339 6
4 dynarray.c:112 0x2ae6c299 32
4 dynarray.c:113 0x2ae6b709 24
4 path.c:254 0x2ae6bf39 24
4 bdtBad4.c:263 0x2ae6c1d9 32
4 path.c:246 0x2ae6c0b9 26
4 path.c:31 0x2ae6be69 6
4 path.c:31 0x2ae6be89 8
4 path.c:31 0x2ae6bea9 12
4 dynarray.c:112 0x2ae6b629 24
4 dynarray.c:113 0x2ae6b659 24
4 path.c:254 0x2ae6bf09 24
4 bdtBad4.c:263 0x2ae6bfe9 32
4 path.c:246 0x2ae6bda9 14
4 path.c:31 0x2ae6bdc9 6
4 path.c:31 0x2ae6bde9 8
4 dynarray.c:112 0x2ae6bd79 16
4 dynarray.c:113 0x2ae6b9d9 24
4 path.c:254 0x2ae6bcc9 24
4 bdtBad4.c:263 0x2ae6bd39 32
2 path.c:128 0x2ae6bcc9 24
1 dynarray.c:84 0x2ae6c129 24
2 dynarray.c:95 0x2ae6b9d9 16
2 path.c:90 0x2ae6bde9 6
1 path.c:143 0x2ae6b8a9 6
2 path.c:178 0x2ae6bf09 24
1 dynarray.c:84 0x2ae6bd79 24
2 dynarray.c:95 0x2ae6b659 16
2 path.c:191 0x2ae6bdc9 6
2 path.c:205 0x2ae6bea9 6
3 path.c:223 0x2ae6bdc9 0x2ae6bdc9 6 6
4 path.c:246 0x2ae6bdc9 6
4 path.c:31 0x2ae6bea9 6
4 dynarray.c:112 0x2ae6b659 16
4 dynarray.c:113 0x2ae6bd79 24
4 path.c:254 0x2ae6bf09 24
4 path.c:246 0x2ae6b8a9 6
4 path.c:31 0x2ae6bde9 6
4 dynarray.c:112 0x2ae6b9d9 16
4 dynarray.c:113 0x2ae6c129 24
4 path.c:254 0x2ae6bcc9 24
2 path.c:128 0x2ae6bcc9 24
1 dynarray.c:84 0x2ae6b629 24
2 dynarray.c:95 0x2ae6c129 16
2 path.c:90 0x2ae6bde9 6
2 path.c:90 0x2ae6b8a9 7
1 path.c:143 0x2ae6bda9 13
2 path.c:178 0x2ae6bf09 24
1 dynarray.c:84 0x2ae6b9d9 24
2 dynarray.c:95 0x2ae6bd79 16
2 path.c:191 0x2ae6bea9 13
2 path.c:205 0x2ae6be89 6
3 path.c:223 0x2ae6bea9 0x2ae6bea9 13 6
4 path.c:246 0x2ae6bea9 6
4 path.c:31 0x2ae6be89 6
4 dynarray.c:112 0x2ae6bd79 16
4 dynarray.c:113 0x2ae6b9d9 24
4 path.c:254 0x2ae6bf09 24
2 path.c:178 0x2ae6bf09 24
1 dynarray.c:84 0x2ae6b659 24
2 dynarray.c:95 0x2ae6b9d9 16
2 path.c:191 0x2ae6be89 13
2 path.c:205 0x2ae6bea9 6
2 path.c:205 0x2ae6be69 7
3 path.c:223 0x2ae6be89 0x2ae6be89 13 13
4 path.c:246 0x2ae6be89 13
4 path.c:31 0x2ae6bea9 6
4 path.c:31 0x2ae6be69 7
4 dynarray.c:112 0x2ae6b9d9 16
4 dynarray.c:113 0x2ae6b659 24
4 path.c:254 0x2ae6bf09 24
4 path.c:246 0x2ae6bda9 13
4 path.c:31 0x2ae6bde9 6
4 path.c:31 0x2ae6b8a9 7
4 dynarray.c:112 0x2ae6c129 16
4 dynarray.c:113 0x2ae6b629 24
4 path.c:254 0x2ae6bcc9 24
2 path.c:128 0x2ae6bcc9 24
1 dynarray.c:84 0x2ae6bd79 24
2 dynarray.c:95 0x2ae6b629 16
2 path.c:90 0x2ae6b8a9 6
2 path.c:90 0x2ae6bde9 8
1 path.c:143 0x2ae6bdc9 14
2 path.c:178 0x2ae6bf09 24
1 dynarray.c:84 0x2ae6c129 24
2 dynarray.c:95 0x2ae6b659 16
2 path.c:191 0x2ae6bda9 14
2 path.c:205 0x2ae6bea9 6
3 path.c:223 0x2ae6bda9 0x2ae6bda9 14 6
4 path.c:246 0x2ae6bda9 6
4 path.c:31 0x2ae6bea9 6
4 dynarray.c:112 0x2ae6b659 16
4 dynarray.c:113 0x2ae6c129 24
4 path.c:254 0x2ae6bf09 24
2 path.c:178 0x2ae6bf09 24
1 dynarray.c:84 0x2ae6b9d9 24
2 dynarray.c:95 0x2ae6c129 16
2 path.c:191 0x2ae6bea9 14
2 path.c:205 0x2ae6bda9 6
2 path.c:205 0x2ae6be89 8
3 path.c:223 0x2ae6bea9 0x2ae6bea9 14 14
4 path.c:246 0x2ae6bea9 14
4 path.c:31 0x2ae6bda9 6
4 path.c:31 0x2ae6be89 8
4 dynarray.c:112 0x2ae6c129 16
4 dynarray.c:113 0x2ae6b9d9 24
4 path.c:254 0x2ae6bf09 24
4 path.c:246 0x2ae6bdc9 14
4 path.c:31 0x2ae6b8a9 6
4 path.c:31 0x2ae6bde9 8
4 dynarray.c:112 0x2ae6b629 16
4 dynarray.c:113 0x2ae6bd79 24
4 path.c:254 0x2ae6bcc9 24
2 path.c:128 0x2ae6bcc9 24
1 dynarray.c:84 0x2ae6b659 24
2 dynarray.c:95 0x2ae6bd79 16
2 path.c:90 0x2ae6bde9 6
2 path.c:90 0x2ae6b8a9 8
2 path.c:90 0x2ae6bdc9 12
3 dynarray.c:69 0x2ae6bd39 0x2ae6bd79 16 32
1 path.c:143 0x2ae6b629 26
2 path.c:178 0x2ae6bd79 24
1 dynarray.c:84 0x2ae6bf09 24
2 dynarray.c:95 0x2ae6b9d9 16
2 path.c:191 0x2ae6c0b9 26
2 path.c:205 0x2ae6be89 6
3 path.c:223 0x2ae6c0b9 0x2ae6c0b9 26 6
4 path.c:246 0x2ae6c0b9 6
4 path.c:31 0x2ae6be89 6
4 dynarray.c:112 0x2ae6b9d9 16
4 dynarray.c:113 0x2ae6bf09 24
4 path.c:254 0x2ae6bd79 24
2 path.c:178 0x2ae6bd79 24
1 dynarray.c:84 0x2ae6c129 24
2 dynarray.c:95 0x2ae6bf09 16
2 path.c:191 0x2ae6c0b9 26
2 path.c:205 0x2ae6be89 6
2 path.c:205 0x2ae6bda9 8
3 path.c:223 0x2ae6c0b9 0x2ae6c0b9 26 14
4 path.c:246 0x2ae6c0b9 14
4 path.c:31 0x2ae6be89 6
4 path.c:31 0x2ae6bda9 8
4 dynarray.c:112 0x2ae6bf09 16
4 dynarray.c:113 0x2ae6c129 24
4 path.c:254 0x2ae6bd79 24
4 path.c:246 0x2ae6b629 26
4 path.c:31 0x2ae6bde9 6
4 path.c:31 0x2ae6b8a9 8
4 path.c:31 0x2ae6bdc9 12
4 dynarray.c:112 0x2ae6bd39 32
4 dynarray.c:113 0x2ae6b659 24
4 path.c:254 0x2ae6bcc9 24
2 path.c:128 0x2ae6bcc9 24
1 dynarray.c:84 0x2ae6b9d9 24
2 dynarray.c:95 0x2ae6b659 16
2 path.c:90 0x2ae6bdc9 6
2 path.c:90 0x2ae6b8a9 8
2 path.c:90 0x2ae6bde9 12
3 dynarray.c:69 0x2ae6bd39 0x2ae6b659 16 32
2 path.c:90 0x2ae6bda9 6
1 path.c:143 0x2ae6c399 32
2 path.c:178 0x2ae6b659 24
1 dynarray.c:84 0x2ae6b629 24
2 dynarray.c:95 0x2ae6bd79 16
2 path.c:191 0x2ae6bfe9 32
2 path.c:205 0x2ae6be89 6
3 path.c:223 0x2ae6bfe9 0x2ae6bfe9 32 6
4 path.c:246 0x2ae6bfe9 6
4 path.c:31 0x2ae6be89 6
4 dynarray.c:112 0x2ae6bd79 16
4 dynarray.c:113 0x2ae6b629 24
4 path.c:254 0x2ae6b659 24
2 path.c:178 0x2ae6b659 24
1 dynarray.c:84 0x2ae6c129 24
2 dynarray.c:95 0x2ae6b629 16
2 path.c:191 0x2ae6c299 32
2 path.c:205 0x2ae6be89 6
2 path.c:205 0x2ae6bfe9 8
3 path.c:223 0x2ae6c299 0x2ae6c299 32 14
4 path.c:246 0x2ae6c299 14
4 path.c:31 0x2ae6be89 6
4 path.c:31 0x2ae6bfe9 8
4 dynarray.c:112 0x2ae6b629 16
4 dynarray.c:113 0x2ae6c129 24
4 path.c:254 0x2ae6b659 24
4 path.c:246 0x2ae6c399 32
4 path.c:31 0x2ae6bdc9 6
4 path.c:31 0x2ae6b8a9 8
4 path.c:31 0x2ae6bde9 12
4 path.c:31 0x2ae6bda9 6
4 dynarray.c:112 0x2ae6bd39 32
4 dynarray.c:113 0x2ae6b9d9 24
4 path.c:254 0x2ae6bcc9 24
1 dynarray.c:84 0x2ae6bd79 24
2 dynarray.c:95 0x2ae6bcc9 24
1 bdtBad4.c:663 0x2ae6c1d9 42
4 dynarray.c:112 0x2ae6bcc9 24
4 dynarray.c:113 0x2ae6bd79 24
6 bdt_client.c:113 0x2ae6c1d9
4 bdt_client.c:113 0x2ae6c1d9 42
2 path.c:128 0x2ae6bd79 24
1 dynarray.c:84 0x2ae6b9d9 24
2 dynarray.c:95 0x2ae6bcc9 16
2 path.c:90 0x2ae6bda9 13
1 path.c:143 0x2ae6be69 13
2 path.c:178 0x2ae6c129 24
1 dynarray.c:84 0x2ae6b659 24
2 dynarray.c:95 0x2ae6b629 16
2 path.c:191 0x2ae6bde9 13
2 path.c:205 0x2ae6bdc9 13
3 path.c:223 0x2ae6bde9 0x2ae6bde9 13 13
4 path.c:246 0x2ae6bde9 13
4 path.c:31 0x2ae6bdc9 13
4 dynarray.c:112 0x2ae6b629 16
4 dynarray.c:113 0x2ae6b659 24
4 path.c:254 0x2ae6c129 24
4 path.c:246 0x2ae6be69 13
4 path.c:31 0x2ae6bda9 13
4 dynarray.c:112 0x2ae6bcc9 16
4 dynarray.c:113 0x2ae6b9d9 24
4 path.c:254 0x2ae6bd79 24
2 path.c:128 0x2ae6bd79 24
1 dynarray.c:84 0x2ae6bf09 24
2 dynarray.c:95 0x2ae6b9d9 16
2 path.c:90 0x2ae6bda9 6
1 path.c:143 0x2ae6b8a9 6
2 path.c:178 0x2ae6c129 24
1 dynarray.c:84 0x2ae6bcc9 24
2 dynarray.c:95 0x2ae6b659 16
2 path.c:191 0x2ae6be69 6
2 path.c:205 0x2ae6bde9 6
3 path.c:223 0x2ae6be69 0x2ae6be69 6 6
4 path.c:246 0x2ae6be69 6
4 path.c:31 0x2ae6bde9 6
4 dynarray.c:112 0x2ae6b659 16
4 dynarray.c:113 0x2ae6bcc9 24
4 path.c:254 0x2ae6c129 24
4 path.c:246 0x2ae6b8a9 6
4 path.c:31 0x2ae6bda9 6
4 dynarray.c:112 0x2ae6b9d9 16
4 dynarray.c:113 0x2ae6bf09 24
4 path.c:254 0x2ae6bd79 24
4 path.c:246 0x2ae6bbf9 25
4 path.c:31 0x2ae6bc29 6
4 path.c:31 0x2ae6bc49 7
4 path.c:31 0x2ae6bc69 12
4 dynarray.c:112 0x2ae6bbc9 24
4 dynarray.c:113 0x2ae6b909 24
4 path.c:254 0x2ae6bb99 24
4 bdtBad4.c:263 0x2ae6bb59 32
4 path.c:246 0x2ae6baa9 13
4 path.c:31 0x2ae6bac9 6
4 path.c:31 0x2ae6bae9 7
4 dynarray.c:112 0x2ae6ba79 16
4 dynarray.c:113 0x2ae6b599 24
4 path.c:254 0x2ae6ba49 24
4 bdtBad4.c:263 0x2ae6ba09 32
4 path.c:246 0x2ae6b849 6
4 path.c:31 0x2ae6b869 6
4 dynarray.c:112 0x2ae6b819 16
4 dynarray.c:113 0x2ae6b5f9 24
4 path.c:254 0x2ae6b7e9 24
4 bdtBad4.c:263 0x2ae6b7a9 32
2 path.c:128 0x2ae6b7e9 24
1 dynarray.c:84 0x2ae6b629 24
2 dynarray.c:95 0x2ae6b5f9 16
2 path.c:90 0x2ae6b869 6
2 path.c:90 0x2ae6b849 7
1 path.c:143 0x2ae6bdc9 13
4 path.c:246 0x2ae6bdc9 13
4 path.c:31 0x2ae6b869 6
4 path.c:31 0x2ae6b849 7
4 dynarray.c:112 0x2ae6b5f9 16
4 dynarray.c:113 0x2ae6b629 24
4 path.c:254 0x2ae6b7e9 24
2 path.c:128 0x2ae6b7e9 24
1 dynarray.c:84 0x2ae6b819 24
2 dynarray.c:95 0x2ae6b629 16
2 path.c:90 0x2ae6b849 6
1 path.c:143 0x2ae6bdc9 6
4 path.c:246 0x2ae6bdc9 6
4 path.c:31 0x2ae6b849 6
4 dynarray.c:112 0x2ae6b629 16
4 dynarray.c:113 0x2ae6b819 24
4 path.c:254 0x2ae6b7e9 24
2 path.c:128 0x2ae6b7e9 24
1 dynarray.c:84 0x2ae6b5f9 24
2 dynarray.c:95 0x2ae6b819 16
2 path.c:90 0x2ae6b849 6
1 path.c:143 0x2ae6bdc9 6
4 path.c:246 0x2ae6bdc9 6
4 path.c:31 0x2ae6b849 6
4 dynarray.c:112 0x2ae6b819 16
4 dynarray.c:113 0x2ae6b5f9 24
4 path.c:254 0x2ae6b7e9 24
2 path.c:128 0x2ae6b7e9 24
1 dynarray.c:84 0x2ae6b629 24
2 dynarray.c:95 0x2ae6b5f9 16
2 path.c:90 0x2ae6b849 13
1 path.c:143 0x2ae6bdc9 13
4 path.c:246 0x2ae6bdc9 13
4 path.c:31 0x2ae6b849 13
4 dynarray.c:112 0x2ae6b5f9 16
4 dynarray.c:113 0x2ae6b629 24
4 path.c:254 0x2ae6b7e9 24
1 dynarray.c:84 0x2ae6b819 24
2 dynarray.c:95 0x2ae6b7e9 16
1 bdtBad4.c:663 0x2ae6bdc9 1
4 dynarray.c:112 0x2ae6b7e9 16
4 dynarray.c:113 0x2ae6b819 24
4 bdt_client.c:124 0x2ae6bdc9 1
2 path.c:128 0x2ae6b819 24
1 dynarray.c:84 0x2ae6b629 24
2 dynarray.c:95 0x2ae6b7e9 16
2 path.c:90 0x2ae6b849 2
2 path.c:90 0x2ae6b869 2
1 path.c:143 0x2ae6bdc9 4
2 path.c:178 0x2ae6ba49 24
1 dynarray.c:84 0x2ae6b5f9 24
2 dynarray.c:95 0x2ae6b599 16
2 path.c:191 0x2ae6bae9 4
2 path.c:205 0x2ae6baa9 2
3 path.c:223 0x2ae6bae9 0x2ae6bae9 4 2
1 bdtBad4.c:143 0x2ae6c1d9 32
2 path.c:178 0x2ae6bb99 24
1 dynarray.c:84 0x2ae6ba79 24
2 dynarray.c:95 0x2ae6b909 16
2 path.c:191 0x2ae6bc69 2
2 path.c:205 0x2ae6bc49 2
3 path.c:223 0x2ae6bc69 0x2ae6bc69 2 2
4 path.c:246 0x2ae6bae9 2
4 path.c:31 0x2ae6baa9 2
4 dynarray.c:112 0x2ae6b599 16
4 dynarray.c:113 0x2ae6b5f9 24
4 path.c:254 0x2ae6ba49 24
2 path.c:178 0x2ae6ba49 24
1 dynarray.c:84 0x2ae6bbc9 24
2 dynarray.c:95 0x2ae6b5f9 16
2 path.c:191 0x2ae6baa9 4
2 path.c:205 0x2ae6bae9 2
2 path.c:205 0x2ae6bc29 2
3 path.c:223 0x2ae6baa9 0x2ae6baa9 4 4
1 bdtBad4.c:143 0x2ae6bfa9 32
2 path.c:178 0x2ae6bbf9 24
1 dynarray.c:84 0x2ae6b599 24
2 dynarray.c:95 0x2ae6bd79 16
2 path.c:191 0x2ae6bda9 4
2 path.c:205 0x2ae6b8a9 2
2 path.c:205 0x2ae6bde9 2
3 path.c:223 0x2ae6bda9 0x2ae6bda9 4 4
4 path.c:246 0x2ae6baa9 4
4 path.c:31 0x2ae6bae9 2
4 path.c:31 0x2ae6bc29 2
4 dynarray.c:112 0x2ae6b5f9 16
4 dynarray.c:113 0x2ae6bbc9 24
4 path.c:254 0x2ae6ba49 24
4 path.c:246 0x2ae6bdc9 4
4 path.c:31 0x2ae6b849 2
4 path.c:31 0x2ae6b869 2
4 dynarray.c:112 0x2ae6b7e9 16
4 dynarray.c:113 0x2ae6b629 24
4 path.c:254 0x2ae6b819 24
1 dynarray.c:84 0x2ae6bf09 24
2 dynarray.c:95 0x2ae6b819 16
1 bdtBad4.c:663 0x2ae6bac9 5
4 dynarray.c:112 0x2ae6b819 16
4 dynarray.c:113 0x2ae6bf09 24
6 bdt_client.c:136 0x2ae6bac9
4 bdt_client.c:136 0x2ae6bac9 5
2 path.c:128 0x2ae6bf09 24
1 dynarray.c:84 0x2ae6b629 24
2 dynarray.c:95 0x2ae6b819 16
2 path.c:90 0x2ae6b869 2
2 path.c:90 0x2ae6b849 2
1 path.c:143 0x2ae6bac9 4
2 path.c:178 0x2ae6ba49 24
1 dynarray.c:84 0x2ae6b7e9 24
2 dynarray.c:95 0x2ae6bbc9 16
2 path.c:191 0x2ae6bdc9 4
2 path.c:205 0x2ae6bae9 2
3 path.c:223 0x2ae6bdc9 0x2ae6bdc9 4 2
4 path.c:246 0x2ae6bdc9 2
4 path.c:31 0x2ae6bae9 2
4 dynarray.c:112 0x2ae6bbc9 16
4 dynarray.c:113 0x2ae6b7e9 24
4 path.c:254 0x2ae6ba49 24
2 path.c:178 0x2ae6ba49 24
1 dynarray.c:84 0x2ae6b5f9 24
2 dynarray.c:95 0x2ae6b7e9 16
2 path.c:191 0x2ae6bae9 4
2 path.c:205 0x2ae6bdc9 2
2 path.c:205 0x2ae6baa9 2
3 path.c:223 0x2ae6bae9 0x2ae6bae9 4 4
4 path.c:246 0x2ae6bae9 4
4 path.c:31 0x2ae6bdc9 2
4 path.c:31 0x2ae6baa9 2
4 dynarray.c:112 0x2ae6b7e9 16
4 dynarray.c:113 0x2ae6b5f9 24
4 path.c:254 0x2ae6ba49 24
2 path.c:178 0x2ae6ba49 24
1 dynarray.c:84 0x2ae6bbc9 24
2 dynarray.c:95 0x2ae6b5f9 16
2 path.c:191 0x2ae6baa9 4
2 path.c:205 0x2ae6bdc9 2
2 path.c:205 0x2ae6bae9 2
3 path.c:223 0x2ae6baa9 0x2ae6baa9 4 4
1 bdtBad4.c:143 0x2ae6bf69 32
2 path.c:178 0x2ae6b9d9 24
1 dynarray.c:84 0x2ae6b7e9 24
2 dynarray.c:95 0x2ae6c129 16
2 path.c:191 0x2ae6be69 4
2 path.c:205 0x2ae6bfe9 2
2 path.c:205 0x2ae6be89 2
3 path.c:223 0x2ae6be69 0x2ae6be69 4 4
4 path.c:246 0x2ae6baa9 4
4 path.c:31 0x2ae6bdc9 2
4 path.c:31 0x2ae6bae9 2
4 dynarray.c:112 0x2ae6b5f9 16
4 dynarray.c:113 0x2ae6bbc9 24
4 path.c:254 0x2ae6ba49 24
4 path.c:246 0x2ae6bac9 4
4 path.c:31 0x2ae6b869 2
4 path.c:31 0x2ae6b849 2
4 dynarray.c:112 0x2ae6b819 16
4 dynarray.c:113 0x2ae6b629 24
4 path.c:254 0x2ae6bf09 24
1 dynarray.c:84 0x2ae6bcc9 24
2 dynarray.c:95 0x2ae6bf09 24
1 bdtBad4.c:663 0x2ae6bc29 8
4 dynarray.c:112 0x2ae6bf09 24
4 dynarray.c:113 0x2ae6bcc9 24
6 bdt_client.c:140 0x2ae6bc29
4 bdt_client.c:140 0x2ae6bc29 8
2 path.c:128 0x2ae6bcc9 24
1 dynarray.c:84 0x2ae6b629 24
2 dynarray.c:95 0x2ae6bf09 16
2 path.c:90 0x2ae6b849 2
2 path.c:90 0x2ae6b869 2
1 path.c:143 0x2ae6bc29 4
2 path.c:178 0x2ae6ba49 24
1 dynarray.c:84 0x2ae6b819 24
2 dynarray.c:95 0x2ae6bbc9 16
2 path.c:191 0x2ae6bac9 4
2 path.c:205 0x2ae6bdc9 2
3 path.c:223 0x2ae6bac9 0x2ae6bac9 4 2
4 path.c:246 0x2ae6bac9 2
4 path.c:31 0x2ae6bdc9 2
4 dynarray.c:112 0x2ae6bbc9 16
4 dynarray.c:113 0x2ae6b819 24
4 path.c:254 0x2ae6ba49 24
2 path.c:178 0x2ae6ba49 24
1 dynarray.c:84 0x2ae6b5f9 24
2 dynarray.c:95 0x2ae6b819 16
2 path.c:191 0x2ae6bdc9 4
2 path.c:205 0x2ae6bac9 2
2 path.c:205 0x2ae6baa9 2
3 path.c:223 0x2ae6bdc9 0x2ae6bdc9 4 4
4 path.c:246 0x2ae6bdc9 4
4 path.c:31 0x2ae6bac9 2
4 path.c:31 0x2ae6baa9 2
4 dynarray.c:112 0x2ae6b819 16
4 dynarray.c:113 0x2ae6b5f9 24
4 path.c:254 0x2ae6ba49 24
4 path.c:246 0x2ae6bc29 4
4 path.c:31 0x2ae6b849 2
4 path.c:31 0x2ae6b869 2
4 dynarray.c:112 0x2ae6bf09 16
4 dynarray.c:113 0x2ae6b629 24
4 path.c:254 0x2ae6bcc9 24
4 path.c:246 0x2ae6bda9 4
4 path.c:31 0x2ae6b8a9 2
4 path.c:31 0x2ae6bde9 2
4 dynarray.c:112 0x2ae6bd79 16
4 dynarray.c:113 0x2ae6b599 24
4 path.c:254 0x2ae6bbf9 24
4 bdtBad4.c:263 0x2ae6bfa9 32
1 dynarray.c:84 0x2ae6bbc9 24
2 dynarray.c:95 0x2ae6bbf9 16
1 bdtBad4.c:663 0x2ae6bae9 5
4 dynarray.c:112 0x2ae6bbf9 16
4 dynarray.c:113 0x2ae6bbc9 24
6 bdt_client.c:144 0x2ae6bae9
4 bdt_client.c:144 0x2ae6bae9 5
2 path.c:128 0x2ae6bbc9 24
1 dynarray.c:84 0x2ae6b599 24
2 dynarray.c:95 0x2ae6bbf9 16
2 path.c:90 0x2ae6bde9 2
2 path.c:90 0x2ae6b8a9 3
1 path.c:143 0x2ae6bae9 5
2 path.c:178 0x2ae6bcc9 24
1 dynarray.c:84 0x2ae6bd79 24
2 dynarray.c:95 0x2ae6b629 16
2 path.c:191 0x2ae6bda9 5
2 path.c:205 0x2ae6b849 2
3 path.c:223 0x2ae6bda9 0x2ae6bda9 5 2
4 path.c:246 0x2ae6bda9 2
4 path.c:31 0x2ae6b849 2
4 dynarray.c:112 0x2ae6b629 16
4 dynarray.c:113 0x2ae6bd79 24
4 path.c:254 0x2ae6bcc9 24
2 path.c:178 0x2ae6bcc9 24
1 dynarray.c:84 0x2ae6bf09 24
2 dynarray.c:95 0x2ae6bd79 16
2 path.c:191 0x2ae6b849 5
2 path.c:205 0x2ae6bda9 2
2 path.c:205 0x2ae6bc29 3
3 path.c:223 0x2ae6b849 0x2ae6b849 5 5
4 path.c:246 0x2ae6b849 5
4 path.c:31 0x2ae6bda9 2
4 path.c:31 0x2ae6bc29 3
4 dynarray.c:112 0x2ae6bd79 16
4 dynarray.c:113 0x2ae6bf09 24
4 path.c:254 0x2ae6bcc9 24
2 path.c:178 0x2ae6bcc9 24
1 dynarray.c:84 0x2ae6b629 24
2 dynarray.c:95 0x2ae6bf09 16
2 path.c:191 0x2ae6bc29 5
2 path.c:205 0x2ae6bda9 2
2 path.c:205 0x2ae6b849 3
3 path.c:223 0x2ae6bc29 0x2ae6bc29 5 5
1 bdtBad4.c:143 0x2ae6bfa9 32
2 path.c:178 0x2ae6ba49 24
1 dynarray.c:84 0x2ae6bd79 24
2 dynarray.c:95 0x2ae6b5f9 16
2 path.c:191 0x2ae6baa9 5
2 path.c:205 0x2ae6bac9 2
2 path.c:205 0x2ae6bdc9 3
3 path.c:223 0x2ae6baa9 0x2ae6baa9 5 5
4 path.c:246 0x2ae6bc29 5
4 path.c:31 0x2ae6bda9 2
4 path.c:31 0x2ae6b849 3
4 dynarray.c:112 0x2ae6bf09 16
4 dynarray.c:113 0x2ae6b629 24
4 path.c:254 0x2ae6bcc9 24
4 path.c:246 0x2ae6bae9 5
4 path.c:31 0x2ae6bde9 2
4 path.c:31 0x2ae6b8a9 3
4 dynarray.c:112 0x2ae6bbf9 16
4 dynarray.c:113 0x2ae6b599 24
4 path.c:254 0x2ae6bbc9 24
1 dynarray.c:84 0x2ae6b819 24
2 dynarray.c:95 0x2ae6bbc9 24
1 bdtBad4.c:663 0x2ae6b869 9
4 dynarray.c:112 0x2ae6bbc9 24
4 dynarray.c:113 0x2ae6b819 24
6 bdt_client.c:148 0x2ae6b869
4 bdt_client.c:148 0x2ae6b869 9
2 path.c:128 0x2ae6b819 24
1 dynarray.c:84 0x2ae6b599 24
2 dynarray.c:95 0x2ae6bbc9 16
2 path.c:90 0x2ae6b8a9 2
2 path.c:90 0x2ae6bde9 3
1 path.c:143 0x2ae6b869 5
2 path.c:178 0x2ae6bcc9 24
1 dynarray.c:84 0x2ae6bbf9 24
2 dynarray.c:95 0x2ae6b629 16
2 path.c:191 0x2ae6bae9 5
2 path.c:205 0x2ae6bda9 2
3 path.c:223 0x2ae6bae9 0x2ae6bae9 5 2
4 path.c:246 0x2ae6bae9 2
4 path.c:31 0x2ae6bda9 2
4 dynarray.c:112 0x2ae6b629 16
4 dynarray.c:113 0x2ae6bbf9 24
4 path.c:254 0x2ae6bcc9 24
2 path.c:178 0x2ae6bcc9 24
1 dynarray.c:84 0x2ae6bf09 24
2 dynarray.c:95 0x2ae6bbf9 16
2 path.c:191 0x2ae6bda9 5
2 path.c:205 0x2ae6bae9 2
2 path.c:205 0x2ae6bc29 3
3 path.c:223 0x2ae6bda9 0x2ae6bda9 5 5
4 path.c:246 0x2ae6bda9 5
4 path.c:31 0x2ae6bae9 2
4 path.c:31 0x2ae6bc29 3
4 dynarray.c:112 0x2ae6bbf9 16
4 dynarray.c:113 0x2ae6bf09 24
4 path.c:254 0x2ae6bcc9 24
4 path.c:246 0x2ae6b869 5
4 path.c:31 0x2ae6b8a9 2
4 path.c:31 0x2ae6bde9 3
4 dynarray.c:112 0x2ae6bbc9 16
4 dynarray.c:113 0x2ae6b599 24
4 path.c:254 0x2ae6b819 24
4 path.c:246 0x2ae6baa9 5
4 path.c:31 0x2ae6bac9 2
4 path.c:31 0x2ae6bdc9 3
4 dynarray.c:112 0x2ae6b5f9 16
4 dynarray.c:113 0x2ae6bd79 24
4 path.c:254 0x2ae6ba49 24
4 bdtBad4.c:263 0x2ae6bfa9 32
1 dynarray.c:84 0x2ae6b629 24
2 dynarray.c:95 0x2ae6ba49 16
1 bdtBad4.c:663 0x2ae6b849 5
4 dynarray.c:112 0x2ae6ba49 16
4 dynarray.c:113 0x2ae6b629 24
6 bdt_client.c:152 0x2ae6b849
4 bdt_client.c:152 0x2ae6b849 5
2 path.c:128 0x2ae6b629 24
1 dynarray.c:84 0x2ae6bd79 24
2 dynarray.c:95 0x2ae6ba49 16
2 path.c:90 0x2ae6bdc9 2
2 path.c:90 0x2ae6bac9 3
1 path.c:143 0x2ae6b849 5
2 path.c:178 0x2ae6b819 24
1 dynarray.c:84 0x2ae6b5f9 24
2 dynarray.c:95 0x2ae6b599 16
2 path.c:191 0x2ae6baa9 5
2 path.c:205 0x2ae6b8a9 2
3 path.c:223 0x2ae6baa9 0x2ae6baa9 5 2
4 path.c:246 0x2ae6baa9 2
4 path.c:31 0x2ae6b8a9 2
4 dynarray.c:112 0x2ae6b599 16
4 dynarray.c:113 0x2ae6b5f9 24
4 path.c:254 0x2ae6b819 24
2 path.c:178 0x2ae6b819 24
1 dynarray.c:84 0x2ae6bbc9 24
2 dynarray.c:95 0x2ae6b5f9 16
2 path.c:191 0x2ae6b8a9 5
2 path.c:205 0x2ae6baa9 2
2 path.c:205 0x2ae6b869 3
3 path.c:223 0x2ae6b8a9 0x2ae6b8a9 5 5
4 path.c:246 0x2ae6b8a9 5
4 path.c:31 0x2ae6baa9 2
4 path.c:31 0x2ae6b869 3
4 dynarray.c:112 0x2ae6b5f9 16
4 dynarray.c:113 0x2ae6bbc9 24
4 path.c:254 0x2ae6b819 24
2 path.c:178 0x2ae6b819 24
1 dynarray.c:84 0x2ae6b599 24
2 dynarray.c:95 0x2ae6bbc9 16
2 path.c:191 0x2ae6b869 5
2 path.c:205 0x2ae6baa9 2
2 path.c:205 0x2ae6b8a9 3
3 path.c:223 0x2ae6b869 0x2ae6b869 5 5
1 bdtBad4.c:143 0x2ae6bfa9 32
2 path.c:178 0x2ae6bcc9 24
1 dynarray.c:84 0x2ae6b5f9 24
2 dynarray.c:95 0x2ae6bf09 16
2 path.c:191 0x2ae6bc29 5
2 path.c:205 0x2ae6bae9 2
2 path.c:205 0x2ae6bda9 3
3 path.c:223 0x2ae6bc29 0x2ae6bc29 5 5
4 path.c:246 0x2ae6b869 5
4 path.c:31 0x2ae6baa9 2
4 path.c:31 0x2ae6b8a9 3
4 dynarray.c:112 0x2ae6bbc9 16
4 dynarray.c:113 0x2ae6b599 24
4 path.c:254 0x2ae6b819 24
4 path.c:246 0x2ae6b849 5
4 path.c:31 0x2ae6bdc9 2
4 path.c:31 0x2ae6bac9 3
4 dynarray.c:112 0x2ae6ba49 16
4 dynarray.c:113 0x2ae6bd79 24
4 path.c:254 0x2ae6b629 24
1 dynarray.c:84 0x2ae6bbf9 24
2 dynarray.c:95 0x2ae6b629 24
1 bdtBad4.c:663 0x2ae6bde9 9
4 dynarray.c:112 0x2ae6b629 24
4 dynarray.c:113 0x2ae6bbf9 24
6 bdt_client.c:156 0x2ae6bde9
4 bdt_client.c:156 0x2ae6bde9 9
2 path.c:128 0x2ae6bbf9 24
1 dynarray.c:84 0x2ae6bd79 24
2 dynarray.c:95 0x2ae6b629 16
2 path.c:90 0x2ae6bac9 2
2 path.c:90 0x2ae6bdc9 2
1 path.c:143 0x2ae6bde9 4
2 path.c:178 0x2ae6b819 24
1 dynarray.c:84 0x2ae6ba49 24
2 dynarray.c:95 0x2ae6b599 16
2 path.c:191 0x2ae6b849 4
2 path.c:205 0x2ae6baa9 2
3 path.c:223 0x2ae6b849 0x2ae6b849 4 2
4 path.c:246 0x2ae6b849 2
4 path.c:31 0x2ae6baa9 2
4 dynarray.c:112 0x2ae6b599 16
4 dynarray.c:113 0x2ae6ba49 24
4 path.c:254 0x2ae6b819 24
2 path.c:178 0x2ae6b819 24
1 dynarray.c:84 0x2ae6bbc9 24
2 dynarray.c:95 0x2ae6ba49 16
2 path.c:191 0x2ae6baa9 4
2 path.c:205 0x2ae6b849 2
2 path.c:205 0x2ae6b869 2
3 path.c:223 0x2ae6baa9 0x2ae6baa9 4 4
4 path.c:246 0x2ae6baa9 4
4 path.c:31 0x2ae6b849 2
4 path.c:31 0x2ae6b869 2
4 dynarray.c:112 0x2ae6ba49 16
4 dynarray.c:113 0x2ae6bbc9 24
4 path.c:254 0x2ae6b819 24
4 path.c:246 0x2ae6bde9 4
4 path.c:31 0x2ae6bac9 2
4 path.c:31 0x2ae6bdc9 2
4 dynarray.c:112 0x2ae6b629 16
4 dynarray.c:113 0x2ae6bd79 24
4 path.c:254 0x2ae6bbf9 24
4 path.c:246 0x2ae6be69 4
4 path.c:31 0x2ae6bfe9 2
4 path.c:31 0x2ae6be89 2
4 dynarray.c:112 0x2ae6c129 16
4 dynarray.c:113 0x2ae6b7e9 24
4 path.c:254 0x2ae6b9d9 24
4 bdtBad4.c:263 0x2ae6bf69 32
1 dynarray.c:84 0x2ae6b599 24
2 dynarray.c:95 0x2ae6b9d9 16
1 bdtBad4.c:663 0x2ae6b8a9 6
4 dynarray.c:112 0x2ae6b9d9 16
4 dynarray.c:113 0x2ae6b599 24
6 bdt_client.c:160 0x2ae6b8a9
4 bdt_client.c:160 0x2ae6b8a9 6
4 path.c:246 0x2ae6bc29 5
4 path.c:31 0x2ae6bae9 2
4 path.c:31 0x2ae6bda9 3
4 dynarray.c:112 0x2ae6bf09 16
4 dynarray.c:113 0x2ae6b5f9 24
4 path.c:254 0x2ae6bcc9 24
4 bdtBad4.c:263 0x2ae6bfa9 32
4 path.c:246 0x2ae6bc69 2
4 path.c:31 0x2ae6bc49 2
4 dynarray.c:112 0x2ae6b909 16
4 dynarray.c:113 0x2ae6ba79 24
4 path.c:254 0x2ae6bb99 24
4 bdtBad4.c:263 0x2ae6c1d9 32
