2 path.c:128 0x39eba2a9 24
4 path.c:254 0x39eba2a9 24
2 path.c:128 0x39ebc4c9 24
1 dynarray.c:84 0x39eba2a9 24
2 dynarray.c:95 0x39ebc4f9 16
2 path.c:90 0x39ebc529 6
1 path.c:143 0x39ebc549 6
4 path.c:246 0x39ebc549 6
4 path.c:31 0x39ebc529 6
4 dynarray.c:112 0x39ebc4f9 16
4 dynarray.c:113 0x39eba2a9 24
4 path.c:254 0x39ebc4c9 24
1 dynarray.c:84 0x39ebc4c9 24
2 dynarray.c:95 0x39ebc569 16
1 bdtBad5.c:662 0x39ebc529 1
4 dynarray.c:112 0x39ebc569 16
4 dynarray.c:113 0x39ebc4c9 24
4 bdt_client.c:39 0x39ebc529 1
2 path.c:128 0x39ebc599 24
4 path.c:254 0x39ebc599 24
2 path.c:128 0x39ebc5c9 24
1 dynarray.c:84 0x39ebc599 24
2 dynarray.c:95 0x39ebc5f9 16
4 dynarray.c:112 0x39ebc5f9 16
4 dynarray.c:113 0x39ebc599 24
4 path.c:254 0x39ebc5c9 24
2 path.c:128 0x39ebc629 24
1 dynarray.c:84 0x39ebc5c9 24
2 dynarray.c:95 0x39ebc659 16
2 path.c:90 0x39ebc689 6
2 path.c:90 0x39ebc6a9 7
4 path.c:31 0x39ebc689 6
4 path.c:31 0x39ebc6a9 7
4 dynarray.c:112 0x39ebc659 16
4 dynarray.c:113 0x39ebc5c9 24
4 path.c:254 0x39ebc629 24
2 path.c:128 0x39ebc629 24
1 dynarray.c:84 0x39ebc659 24
2 dynarray.c:95 0x39ebc5c9 16
2 path.c:90 0x39ebc6c9 6
4 path.c:31 0x39ebc6c9 6
4 dynarray.c:112 0x39ebc5c9 16
4 dynarray.c:113 0x39ebc659 24
4 path.c:254 0x39ebc629 24
2 path.c:128 0x39ebc629 24
1 dynarray.c:84 0x39ebc5c9 24
2 dynarray.c:95 0x39ebc659 16
2 path.c:90 0x39ebc6e9 6
1 path.c:143 0x39ebc6c9 6
2 path.c:178 0x39ebc709 24
1 dynarray.c:84 0x39ebc599 24
2 dynarray.c:95 0x39ebc739 16
2 path.c:191 0x39ebc769 6
2 path.c:205 0x39ebc789 6
3 path.c:223 0x39ebc769 0x39ebc769 6 6
1 bdtBad5.c:143 0x39ebc7a9 32
2 path.c:178 0x39ebc7e9 24
1 dynarray.c:84 0x39ebc5f9 24
2 dynarray.c:95 0x39ebc819 16
2 path.c:191 0x39ebc849 6
2 path.c:205 0x39ebc869 6
3 path.c:223 0x39ebc849 0x39ebc849 6 6
4 path.c:246 0x39ebc769 6
4 path.c:31 0x39ebc789 6
4 dynarray.c:112 0x39ebc739 16
4 dynarray.c:113 0x39ebc599 24
4 path.c:254 0x39ebc709 24
4 path.c:246 0x39ebc6c9 6
4 path.c:31 0x39ebc6e9 6
4 dynarray.c:112 0x39ebc659 16
4 dynarray.c:113 0x39ebc5c9 24
4 path.c:254 0x39ebc629 24
2 path.c:128 0x39ebc629 24
1 dynarray.c:84 0x39ebc709 24
2 dynarray.c:95 0x39ebc5c9 16
2 path.c:90 0x39ebc6e9 6
2 path.c:90 0x39ebc889 7
2 path.c:90 0x39ebc8a9 12
3 dynarray.c:69 0x39ebc8c9 0x39ebc5c9 16 32
1 path.c:143 0x39ebc659 25
2 path.c:178 0x39ebc5c9 24
1 dynarray.c:84 0x39ebc599 24
2 dynarray.c:95 0x39ebc909 16
2 path.c:191 0x39ebc939 25
2 path.c:205 0x39ebc969 6
3 path.c:223 0x39ebc939 0x39ebc939 25 6
4 path.c:246 0x39ebc939 6
4 path.c:31 0x39ebc969 6
4 dynarray.c:112 0x39ebc909 16
4 dynarray.c:113 0x39ebc599 24
4 path.c:254 0x39ebc5c9 24
2 path.c:178 0x39ebc5c9 24
1 dynarray.c:84 0x39ebc909 24
2 dynarray.c:95 0x39ebc599 16
2 path.c:191 0x39ebc989 25
2 path.c:205 0x39ebc969 6
2 path.c:205 0x39ebc9b9 7
3 path.c:223 0x39ebc989 0x39ebc989 25 13
4 path.c:246 0x39ebc989 13
4 path.c:31 0x39ebc969 6
4 path.c:31 0x39ebc9b9 7
4 dynarray.c:112 0x39ebc599 16
4 dynarray.c:113 0x39ebc909 24
4 path.c:254 0x39ebc5c9 24
2 path.c:178 0x39ebc5c9 24
1 dynarray.c:84 0x39ebc989 24
2 dynarray.c:95 0x39ebc909 16
2 path.c:191 0x39ebc9d9 25
2 path.c:205 0x39ebc9b9 6
2 path.c:205 0x39ebc969 7
3 path.c:223 0x39ebc9d9 0x39ebc9d9 25 13
1 bdtBad5.c:143 0x39ebca09 32
2 path.c:178 0x39ebca49 24
1 dynarray.c:84 0x39ebc599 24
2 dynarray.c:95 0x39ebca79 16
2 path.c:191 0x39ebcaa9 13
2 path.c:205 0x39ebcac9 6
2 path.c:205 0x39ebcae9 7
3 path.c:223 0x39ebcaa9 0x39ebcaa9 13 13
4 path.c:246 0x39ebc9d9 13
4 path.c:31 0x39ebc9b9 6
4 path.c:31 0x39ebc969 7
4 dynarray.c:112 0x39ebc909 16
4 dynarray.c:113 0x39ebc989 24
4 path.c:254 0x39ebc5c9 24
2 path.c:178 0x39ebc5c9 24
1 dynarray.c:84 0x39ebc9d9 24
2 dynarray.c:95 0x39ebc989 24
2 path.c:191 0x39ebcb09 25
2 path.c:205 0x39ebc969 6
2 path.c:205 0x39ebc9b9 7
2 path.c:205 0x39ebcb39 12
3 path.c:223 0x39ebcb09 0x39ebcb09 25 25
1 bdtBad5.c:143 0x39ebcb59 32
2 path.c:178 0x39ebcb99 24
1 dynarray.c:84 0x39ebc909 24
2 dynarray.c:95 0x39ebcbc9 24
2 path.c:191 0x39ebcbf9 25
2 path.c:205 0x39ebcc29 6
2 path.c:205 0x39ebcc49 7
2 path.c:205 0x39ebcc69 12
3 path.c:223 0x39ebcbf9 0x39ebcbf9 25 25
4 path.c:246 0x39ebcb09 25
4 path.c:31 0x39ebc969 6
4 path.c:31 0x39ebc9b9 7
4 path.c:31 0x39ebcb39 12
4 dynarray.c:112 0x39ebc989 24
4 dynarray.c:113 0x39ebc9d9 24
4 path.c:254 0x39ebc5c9 24
4 path.c:246 0x39ebc659 25
4 path.c:31 0x39ebc6e9 6
4 path.c:31 0x39ebc889 7
4 path.c:31 0x39ebc8a9 12
4 dynarray.c:112 0x39ebc8c9 32
4 dynarray.c:113 0x39ebc709 24
4 path.c:254 0x39ebc629 24
2 path.c:128 0x39ebc629 24
1 dynarray.c:84 0x39ebcb09 24
2 dynarray.c:95 0x39ebc709 16
2 path.c:90 0x39ebc8a9 6
1 path.c:143 0x39ebc6c9 6
2 path.c:178 0x39ebc5c9 24
1 dynarray.c:84 0x39ebc659 24
2 dynarray.c:95 0x39ebc9d9 16
2 path.c:191 0x39ebc889 6
2 path.c:205 0x39ebcb39 6
3 path.c:223 0x39ebc889 0x39ebc889 6 6
4 path.c:246 0x39ebc889 6
4 path.c:31 0x39ebcb39 6
4 dynarray.c:112 0x39ebc9d9 16
4 dynarray.c:113 0x39ebc659 24
4 path.c:254 0x39ebc5c9 24
4 path.c:246 0x39ebc6c9 6
4 path.c:31 0x39ebc8a9 6
4 dynarray.c:112 0x39ebc709 16
4 dynarray.c:113 0x39ebcb09 24
4 path.c:254 0x39ebc629 24
2 path.c:128 0x39ebc629 24
1 dynarray.c:84 0x39ebc989 24
2 dynarray.c:95 0x39ebcb09 16
2 path.c:90 0x39ebc8a9 6
2 path.c:90 0x39ebc6c9 7
1 path.c:143 0x39ebc6e9 13
2 path.c:178 0x39ebc5c9 24
1 dynarray.c:84 0x39ebc709 24
2 dynarray.c:95 0x39ebc659 16
2 path.c:191 0x39ebcb39 13
2 path.c:205 0x39ebc9b9 6
3 path.c:223 0x39ebcb39 0x39ebcb39 13 6
4 path.c:246 0x39ebcb39 6
4 path.c:31 0x39ebc9b9 6
4 dynarray.c:112 0x39ebc659 16
4 dynarray.c:113 0x39ebc709 24
4 path.c:254 0x39ebc5c9 24
2 path.c:178 0x39ebc5c9 24
1 dynarray.c:84 0x39ebc9d9 24
2 dynarray.c:95 0x39ebc709 16
2 path.c:191 0x39ebc9b9 13
2 path.c:205 0x39ebcb39 6
2 path.c:205 0x39ebc969 7
3 path.c:223 0x39ebc9b9 0x39ebc9b9 13 13
4 path.c:246 0x39ebc9b9 13
4 path.c:31 0x39ebcb39 6
4 path.c:31 0x39ebc969 7
4 dynarray.c:112 0x39ebc709 16
4 dynarray.c:113 0x39ebc9d9 24
4 path.c:254 0x39ebc5c9 24
4 path.c:246 0x39ebc6e9 13
4 path.c:31 0x39ebc8a9 6
4 path.c:31 0x39ebc6c9 7
4 dynarray.c:112 0x39ebcb09 16
4 dynarray.c:113 0x39ebc989 24
4 path.c:254 0x39ebc629 24
2 path.c:128 0x39ebc629 24
1 dynarray.c:84 0x39ebc659 24
2 dynarray.c:95 0x39ebc989 16
2 path.c:90 0x39ebc6c9 6
2 path.c:90 0x39ebc8a9 7
2 path.c:90 0x39ebc6e9 12
3 dynarray.c:69 0x39ebcc89 0x39ebc989 16 32
1 path.c:143 0x39ebcb09 25
2 path.c:178 0x39ebc989 24
1 dynarray.c:84 0x39ebc5c9 24
2 dynarray.c:95 0x39ebc9d9 16
2 path.c:191 0x39ebccc9 25
2 path.c:205 0x39ebc969 6
3 path.c:223 0x39ebccc9 0x39ebccc9 25 6
4 path.c:246 0x39ebccc9 6
4 path.c:31 0x39ebc969 6
4 dynarray.c:112 0x39ebc9d9 16
4 dynarray.c:113 0x39ebc5c9 24
4 path.c:254 0x39ebc989 24
2 path.c:178 0x39ebc989 24
1 dynarray.c:84 0x39ebc709 24
2 dynarray.c:95 0x39ebc5c9 16
2 path.c:191 0x39ebccc9 25
2 path.c:205 0x39ebc969 6
2 path.c:205 0x39ebcb39 7
3 path.c:223 0x39ebccc9 0x39ebccc9 25 13
4 path.c:246 0x39ebccc9 13
4 path.c:31 0x39ebc969 6
4 path.c:31 0x39ebcb39 7
4 dynarray.c:112 0x39ebc5c9 16
4 dynarray.c:113 0x39ebc709 24
4 path.c:254 0x39ebc989 24
2 path.c:178 0x39ebc989 24
1 dynarray.c:84 0x39ebc9d9 24
2 dynarray.c:95 0x39ebc709 24
2 path.c:191 0x39ebccc9 25
2 path.c:205 0x39ebcb39 6
2 path.c:205 0x39ebc969 7
2 path.c:205 0x39ebc9b9 12
3 path.c:223 0x39ebccc9 0x39ebccc9 25 25
4 path.c:246 0x39ebccc9 25
4 path.c:31 0x39ebcb39 6
4 path.c:31 0x39ebc969 7
4 path.c:31 0x39ebc9b9 12
4 dynarray.c:112 0x39ebc709 24
4 dynarray.c:113 0x39ebc9d9 24
4 path.c:254 0x39ebc989 24
4 path.c:246 0x39ebcb09 25
4 path.c:31 0x39ebc6c9 6
4 path.c:31 0x39ebc8a9 7
4 path.c:31 0x39ebc6e9 12
4 dynarray.c:112 0x39ebcc89 32
4 dynarray.c:113 0x39ebc659 24
4 path.c:254 0x39ebc629 24
2 path.c:128 0x39ebc629 24
1 dynarray.c:84 0x39ebc5c9 24
2 dynarray.c:95 0x39ebc659 16
2 path.c:90 0x39ebc6e9 12
1 path.c:143 0x39ebc889 12
2 path.c:178 0x39ebc989 24
1 dynarray.c:84 0x39ebcb09 24
2 dynarray.c:95 0x39ebc9d9 16
2 path.c:191 0x39ebc8a9 12
2 path.c:205 0x39ebc9b9 12
3 path.c:223 0x39ebc8a9 0x39ebc8a9 12 12
4 path.c:246 0x39ebc8a9 12
4 path.c:31 0x39ebc9b9 12
4 dynarray.c:112 0x39ebc9d9 16
4 dynarray.c:113 0x39ebcb09 24
4 path.c:254 0x39ebc989 24
4 path.c:246 0x39ebc889 12
4 path.c:31 0x39ebc6e9 12
4 dynarray.c:112 0x39ebc659 16
4 dynarray.c:113 0x39ebc5c9 24
4 path.c:254 0x39ebc629 24
2 path.c:128 0x39ebc629 24
1 dynarray.c:84 0x39ebc709 24
2 dynarray.c:95 0x39ebc5c9 16
2 path.c:90 0x39ebc6e9 12
1 path.c:143 0x39ebc6c9 12
2 path.c:178 0x39ebc989 24
1 dynarray.c:84 0x39ebc659 24
2 dynarray.c:95 0x39ebcb09 16
2 path.c:191 0x39ebc889 12
2 path.c:205 0x39ebc8a9 12
3 path.c:223 0x39ebc889 0x39ebc889 12 12
4 path.c:246 0x39ebc889 12
4 path.c:31 0x39ebc8a9 12
4 dynarray.c:112 0x39ebcb09 16
4 dynarray.c:113 0x39ebc659 24
4 path.c:254 0x39ebc989 24
4 path.c:246 0x39ebc6c9 12
4 path.c:31 0x39ebc6e9 12
4 dynarray.c:112 0x39ebc5c9 16
4 dynarray.c:113 0x39ebc709 24
4 path.c:254 0x39ebc629 24
2 path.c:128 0x39ebc629 24
1 dynarray.c:84 0x39ebc9d9 24
2 dynarray.c:95 0x39ebc709 16
2 path.c:90 0x39ebc6e9 12
1 path.c:143 0x39ebc9b9 12
2 path.c:178 0x39ebc989 24
1 dynarray.c:84 0x39ebc5c9 24
2 dynarray.c:95 0x39ebc659 16
2 path.c:191 0x39ebc6c9 12
2 path.c:205 0x39ebc889 12
3 path.c:223 0x39ebc6c9 0x39ebc6c9 12 12
4 path.c:246 0x39ebc6c9 12
4 path.c:31 0x39ebc889 12
4 dynarray.c:112 0x39ebc659 16
4 dynarray.c:113 0x39ebc5c9 24
4 path.c:254 0x39ebc989 24
4 path.c:246 0x39ebc9b9 12
4 path.c:31 0x39ebc6e9 12
4 dynarray.c:112 0x39ebc709 16
4 dynarray.c:113 0x39ebc9d9 24
4 path.c:254 0x39ebc629 24
2 path.c:128 0x39ebc629 24
1 dynarray.c:84 0x39ebcb09 24
2 dynarray.c:95 0x39ebc9d9 16
2 path.c:90 0x39ebc6e9 6
2 path.c:90 0x39ebc9b9 8
1 path.c:143 0x39ebc8a9 14
2 path.c:178 0x39ebc989 24
1 dynarray.c:84 0x39ebc709 24
2 dynarray.c:95 0x39ebc5c9 16
2 path.c:191 0x39ebc889 14
2 path.c:205 0x39ebc969 6
3 path.c:223 0x39ebc889 0x39ebc889 14 6
4 path.c:246 0x39ebc889 6
4 path.c:31 0x39ebc969 6
4 dynarray.c:112 0x39ebc5c9 16
4 dynarray.c:113 0x39ebc709 24
4 path.c:254 0x39ebc989 24
2 path.c:178 0x39ebc989 24
1 dynarray.c:84 0x39ebc659 24
2 dynarray.c:95 0x39ebc709 16
2 path.c:191 0x39ebc969 14
2 path.c:205 0x39ebc889 6
2 path.c:205 0x39ebcb39 8
3 path.c:223 0x39ebc969 0x39ebc969 14 14
4 path.c:246 0x39ebc969 14
4 path.c:31 0x39ebc889 6
4 path.c:31 0x39ebcb39 8
4 dynarray.c:112 0x39ebc709 16
4 dynarray.c:113 0x39ebc659 24
4 path.c:254 0x39ebc989 24
2 path.c:128 0x39ebc989 24
1 dynarray.c:84 0x39ebc5c9 24
2 dynarray.c:95 0x39ebc659 16
2 path.c:90 0x39ebcb39 6
2 path.c:90 0x39ebc889 7
2 path.c:90 0x39ebc969 12
3 dynarray.c:69 0x39ebccf9 0x39ebc659 16 32
1 path.c:143 0x39ebc709 25
2 path.c:178 0x39ebc659 24
1 dynarray.c:84 0x39ebccc9 24
2 dynarray.c:95 0x39ebcd39 16
2 path.c:191 0x39ebcd69 25
2 path.c:205 0x39ebcd99 6
3 path.c:223 0x39ebcd69 0x39ebcd69 25 6
4 path.c:246 0x39ebcd69 6
4 path.c:31 0x39ebcd99 6
4 dynarray.c:112 0x39ebcd39 16
4 dynarray.c:113 0x39ebccc9 24
4 path.c:254 0x39ebc659 24
2 path.c:178 0x39ebc659 24
1 dynarray.c:84 0x39ebcd69 24
2 dynarray.c:95 0x39ebccc9 16
2 path.c:191 0x39ebcdb9 25
2 path.c:205 0x39ebcd99 6
2 path.c:205 0x39ebcde9 7
3 path.c:223 0x39ebcdb9 0x39ebcdb9 25 13
4 path.c:246 0x39ebcdb9 13
4 path.c:31 0x39ebcd99 6
4 path.c:31 0x39ebcde9 7
4 dynarray.c:112 0x39ebccc9 16
4 dynarray.c:113 0x39ebcd69 24
4 path.c:254 0x39ebc659 24
2 path.c:178 0x39ebc659 24
1 dynarray.c:84 0x39ebcd39 24
2 dynarray.c:95 0x39ebcd69 24
2 path.c:191 0x39ebcdb9 25
2 path.c:205 0x39ebcde9 6
2 path.c:205 0x39ebcd99 7
2 path.c:205 0x39ebce09 12
3 path.c:223 0x39ebcdb9 0x39ebcdb9 25 25
4 path.c:246 0x39ebcdb9 25
4 path.c:31 0x39ebcde9 6
4 path.c:31 0x39ebcd99 7
4 path.c:31 0x39ebce09 12
4 dynarray.c:112 0x39ebcd69 24
4 dynarray.c:113 0x39ebcd39 24
4 path.c:254 0x39ebc659 24
4 path.c:246 0x39ebc709 25
4 path.c:31 0x39ebcb39 6
4 path.c:31 0x39ebc889 7
4 path.c:31 0x39ebc969 12
4 dynarray.c:112 0x39ebccf9 32
4 dynarray.c:113 0x39ebc5c9 24
4 path.c:254 0x39ebc989 24
2 path.c:128 0x39ebc989 24
1 dynarray.c:84 0x39ebccc9 24
2 dynarray.c:95 0x39ebc5c9 16
2 path.c:90 0x39ebc969 12
2 path.c:90 0x39ebc889 6
2 path.c:90 0x39ebcb39 9
3 dynarray.c:69 0x39ebce29 0x39ebc5c9 16 32
1 path.c:143 0x39ebc709 27
2 path.c:178 0x39ebc5c9 24
1 dynarray.c:84 0x39ebc659 24
2 dynarray.c:95 0x39ebcd39 16
2 path.c:191 0x39ebcdb9 27
2 path.c:205 0x39ebce09 12
3 path.c:223 0x39ebcdb9 0x39ebcdb9 27 12
4 path.c:246 0x39ebcdb9 12
4 path.c:31 0x39ebce09 12
4 dynarray.c:112 0x39ebcd39 16
4 dynarray.c:113 0x39ebc659 24
4 path.c:254 0x39ebc5c9 24
4 path.c:246 0x39ebc709 27
4 path.c:31 0x39ebc969 12
4 path.c:31 0x39ebc889 6
4 path.c:31 0x39ebcb39 9
4 dynarray.c:112 0x39ebce29 32
4 dynarray.c:113 0x39ebccc9 24
4 path.c:254 0x39ebc989 24
2 path.c:128 0x39ebc989 24
1 dynarray.c:84 0x39ebcd69 24
2 dynarray.c:95 0x39ebccc9 16
2 path.c:90 0x39ebcb39 6
2 path.c:90 0x39ebc889 8
1 path.c:143 0x39ebc6c9 14
2 path.c:178 0x39ebc5c9 24
1 dynarray.c:84 0x39ebc709 24
2 dynarray.c:95 0x39ebc659 16
2 path.c:191 0x39ebc969 14
2 path.c:205 0x39ebcd99 6
3 path.c:223 0x39ebc969 0x39ebc969 14 6
4 path.c:246 0x39ebc969 6
4 path.c:31 0x39ebcd99 6
4 dynarray.c:112 0x39ebc659 16
4 dynarray.c:113 0x39ebc709 24
4 path.c:254 0x39ebc5c9 24
2 path.c:178 0x39ebc5c9 24
1 dynarray.c:84 0x39ebcd39 24
2 dynarray.c:95 0x39ebc709 16
2 path.c:191 0x39ebcd99 14
2 path.c:205 0x39ebc969 6
2 path.c:205 0x39ebcde9 8
3 path.c:223 0x39ebcd99 0x39ebcd99 14 14
4 path.c:246 0x39ebcd99 14
4 path.c:31 0x39ebc969 6
4 path.c:31 0x39ebcde9 8
4 dynarray.c:112 0x39ebc709 16
4 dynarray.c:113 0x39ebcd39 24
4 path.c:254 0x39ebc5c9 24
2 path.c:178 0x39ebc5c9 24
1 dynarray.c:84 0x39ebc659 24
2 dynarray.c:95 0x39ebcd39 16
2 path.c:191 0x39ebcde9 14
2 path.c:205 0x39ebc969 6
2 path.c:205 0x39ebcd99 8
3 path.c:223 0x39ebcde9 0x39ebcde9 14 14
1 bdtBad5.c:143 0x39ebce29 32
2 path.c:178 0x39ebcdb9 24
1 dynarray.c:84 0x39ebc709 24
2 dynarray.c:95 0x39ebce69 16
2 path.c:191 0x39ebce99 14
2 path.c:205 0x39ebceb9 6
2 path.c:205 0x39ebced9 8
3 path.c:223 0x39ebce99 0x39ebce99 14 14
4 path.c:246 0x39ebcde9 14
4 path.c:31 0x39ebc969 6
4 path.c:31 0x39ebcd99 8
4 dynarray.c:112 0x39ebcd39 16
4 dynarray.c:113 0x39ebc659 24
4 path.c:254 0x39ebc5c9 24
4 path.c:246 0x39ebc6c9 14
4 path.c:31 0x39ebcb39 6
4 path.c:31 0x39ebc889 8
4 dynarray.c:112 0x39ebccc9 16
4 dynarray.c:113 0x39ebcd69 24
4 path.c:254 0x39ebc989 24
2 path.c:128 0x39ebc989 24
1 dynarray.c:84 0x39ebcd39 24
2 dynarray.c:95 0x39ebcd69 16
2 path.c:90 0x39ebc889 6
2 path.c:90 0x39ebcb39 7
1 path.c:143 0x39ebce09 13
2 path.c:178 0x39ebc5c9 24
1 dynarray.c:84 0x39ebccc9 24
2 dynarray.c:95 0x39ebc659 16
2 path.c:191 0x39ebc6c9 13
2 path.c:205 0x39ebc969 6
3 path.c:223 0x39ebc6c9 0x39ebc6c9 13 6
4 path.c:246 0x39ebc6c9 6
4 path.c:31 0x39ebc969 6
4 dynarray.c:112 0x39ebc659 16
4 dynarray.c:113 0x39ebccc9 24
4 path.c:254 0x39ebc5c9 24
2 path.c:178 0x39ebc5c9 24
1 dynarray.c:84 0x39ebc659 24
2 dynarray.c:95 0x39ebccc9 16
2 path.c:191 0x39ebc969 13
2 path.c:205 0x39ebc6c9 6
2 path.c:205 0x39ebcde9 7
3 path.c:223 0x39ebc969 0x39ebc969 13 13
4 path.c:246 0x39ebc969 13
4 path.c:31 0x39ebc6c9 6
4 path.c:31 0x39ebcde9 7
4 dynarray.c:112 0x39ebccc9 16
4 dynarray.c:113 0x39ebc659 24
4 path.c:254 0x39ebc5c9 24
2 path.c:178 0x39ebc5c9 24
1 dynarray.c:84 0x39ebccc9 24
2 dynarray.c:95 0x39ebc659 16
2 path.c:191 0x39ebcde9 13
2 path.c:205 0x39ebc6c9 6
2 path.c:205 0x39ebc969 7
3 path.c:223 0x39ebcde9 0x39ebcde9 13 13
1 bdtBad5.c:143 0x39ebccf9 32
2 path.c:178 0x39ebcef9 24
1 dynarray.c:84 0x39ebc939 24
2 dynarray.c:95 0x39ebcf29 16
2 path.c:191 0x39ebcf59 13
2 path.c:205 0x39ebcf79 6
2 path.c:205 0x39ebcf99 7
3 path.c:223 0x39ebcf59 0x39ebcf59 13 13
4 path.c:246 0x39ebcf59 13
4 path.c:31 0x39ebcf79 6
4 path.c:31 0x39ebcf99 7
4 dynarray.c:112 0x39ebcf29 16
4 dynarray.c:113 0x39ebc939 24
4 path.c:254 0x39ebcef9 24
4 bdtBad5.c:193 0x39ebccf9 32
4 path.c:246 0x39ebce09 13
4 path.c:31 0x39ebc889 6
4 path.c:31 0x39ebcb39 7
4 dynarray.c:112 0x39ebcd69 16
4 dynarray.c:113 0x39ebcd39 24
4 path.c:254 0x39ebc989 24
4 path.c:246 0x39ebcde9 13
4 path.c:31 0x39ebc6c9 6
4 path.c:31 0x39ebc969 7
4 dynarray.c:112 0x39ebc659 16
4 dynarray.c:113 0x39ebccc9 24
4 path.c:254 0x39ebc5c9 24
2 path.c:128 0x39ebc5c9 24
1 dynarray.c:84 0x39ebc939 24
2 dynarray.c:95 0x39ebccc9 16
2 path.c:90 0x39ebc969 6
2 path.c:90 0x39ebc6c9 4
2 path.c:90 0x39ebcde9 5
3 dynarray.c:69 0x39ebcfb9 0x39ebccc9 16 32
2 path.c:90 0x39ebcb39 7
1 path.c:143 0x39ebc659 22
2 path.c:178 0x39ebccc9 24
1 dynarray.c:84 0x39ebc989 24
2 dynarray.c:95 0x39ebcd39 16
2 path.c:191 0x39ebcef9 22
2 path.c:205 0x39ebc889 6
3 path.c:223 0x39ebcef9 0x39ebcef9 22 6
4 path.c:246 0x39ebcef9 6
4 path.c:31 0x39ebc889 6
4 dynarray.c:112 0x39ebcd39 16
4 dynarray.c:113 0x39ebc989 24
4 path.c:254 0x39ebccc9 24
2 path.c:178 0x39ebccc9 24
1 dynarray.c:84 0x39ebcd69 24
2 dynarray.c:95 0x39ebc989 16
2 path.c:191 0x39ebcef9 22
2 path.c:205 0x39ebc889 6
2 path.c:205 0x39ebce09 4
3 path.c:223 0x39ebcef9 0x39ebcef9 22 10
4 path.c:246 0x39ebcef9 10
4 path.c:31 0x39ebc889 6
4 path.c:31 0x39ebce09 4
4 dynarray.c:112 0x39ebc989 16
4 dynarray.c:113 0x39ebcd69 24
4 path.c:254 0x39ebccc9 24
2 path.c:178 0x39ebccc9 24
1 dynarray.c:84 0x39ebcd39 24
2 dynarray.c:95 0x39ebcd69 16
2 path.c:191 0x39ebcef9 22
2 path.c:205 0x39ebce09 6
2 path.c:205 0x39ebc889 4
3 path.c:223 0x39ebcef9 0x39ebcef9 22 10
1 bdtBad5.c:143 0x39ebccf9 32
2 path.c:178 0x39ebcff9 24
1 dynarray.c:84 0x39ebc989 24
2 dynarray.c:95 0x39ebd029 16
2 path.c:191 0x39ebcf99 10
2 path.c:205 0x39ebcf79 6
2 path.c:205 0x39ebcf59 4
3 path.c:223 0x39ebcf99 0x39ebcf99 10 10
4 path.c:246 0x39ebcf99 10
4 path.c:31 0x39ebcf79 6
4 path.c:31 0x39ebcf59 4
4 dynarray.c:112 0x39ebd029 16
4 dynarray.c:113 0x39ebc989 24
4 path.c:254 0x39ebcff9 24
4 bdtBad5.c:193 0x39ebccf9 32
4 path.c:246 0x39ebc659 22
4 path.c:31 0x39ebc969 6
4 path.c:31 0x39ebc6c9 4
4 path.c:31 0x39ebcde9 5
4 path.c:31 0x39ebcb39 7
4 dynarray.c:112 0x39ebcfb9 32
4 dynarray.c:113 0x39ebc939 24
4 path.c:254 0x39ebc5c9 24
4 path.c:246 0x39ebcef9 10
4 path.c:31 0x39ebce09 6
4 path.c:31 0x39ebc889 4
4 dynarray.c:112 0x39ebcd69 16
4 dynarray.c:113 0x39ebcd39 24
4 path.c:254 0x39ebccc9 24
2 path.c:128 0x39ebccc9 24
1 dynarray.c:84 0x39ebd029 24
2 dynarray.c:95 0x39ebcd39 16
2 path.c:90 0x39ebc889 6
1 path.c:143 0x39ebcd99 6
2 path.c:178 0x39ebcef9 24
1 dynarray.c:84 0x39ebcd69 24
2 dynarray.c:95 0x39ebc5c9 16
2 path.c:191 0x39ebce09 6
2 path.c:205 0x39ebcde9 6
3 path.c:223 0x39ebce09 0x39ebce09 6 6
4 path.c:246 0x39ebce09 6
4 path.c:31 0x39ebcde9 6
4 dynarray.c:112 0x39ebc5c9 16
4 dynarray.c:113 0x39ebcd69 24
4 path.c:254 0x39ebcef9 24
4 path.c:246 0x39ebcd99 6
4 path.c:31 0x39ebc889 6
4 dynarray.c:112 0x39ebcd39 16
4 dynarray.c:113 0x39ebd029 24
4 path.c:254 0x39ebccc9 24
2 path.c:128 0x39ebccc9 24
1 dynarray.c:84 0x39ebc939 24
2 dynarray.c:95 0x39ebd029 16
2 path.c:90 0x39ebc889 6
2 path.c:90 0x39ebcd99 7
1 path.c:143 0x39ebcb39 13
2 path.c:178 0x39ebcef9 24
1 dynarray.c:84 0x39ebcd39 24
2 dynarray.c:95 0x39ebcd69 16
2 path.c:191 0x39ebcde9 13
2 path.c:205 0x39ebc6c9 6
3 path.c:223 0x39ebcde9 0x39ebcde9 13 6
4 path.c:246 0x39ebcde9 6
4 path.c:31 0x39ebc6c9 6
4 dynarray.c:112 0x39ebcd69 16
4 dynarray.c:113 0x39ebcd39 24
4 path.c:254 0x39ebcef9 24
2 path.c:178 0x39ebcef9 24
1 dynarray.c:84 0x39ebc5c9 24
2 dynarray.c:95 0x39ebcd39 16
2 path.c:191 0x39ebc6c9 13
2 path.c:205 0x39ebcde9 6
2 path.c:205 0x39ebc969 7
3 path.c:223 0x39ebc6c9 0x39ebc6c9 13 13
4 path.c:246 0x39ebc6c9 13
4 path.c:31 0x39ebcde9 6
4 path.c:31 0x39ebc969 7
4 dynarray.c:112 0x39ebcd39 16
4 dynarray.c:113 0x39ebc5c9 24
4 path.c:254 0x39ebcef9 24
4 path.c:246 0x39ebcb39 13
4 path.c:31 0x39ebc889 6
4 path.c:31 0x39ebcd99 7
4 dynarray.c:112 0x39ebd029 16
4 dynarray.c:113 0x39ebc939 24
4 path.c:254 0x39ebccc9 24
2 path.c:128 0x39ebccc9 24
1 dynarray.c:84 0x39ebcd69 24
2 dynarray.c:95 0x39ebc939 16
2 path.c:90 0x39ebcd99 6
2 path.c:90 0x39ebc889 8
1 path.c:143 0x39ebce09 14
2 path.c:178 0x39ebcef9 24
1 dynarray.c:84 0x39ebd029 24
2 dynarray.c:95 0x39ebc5c9 16
2 path.c:191 0x39ebcb39 14
2 path.c:205 0x39ebcde9 6
3 path.c:223 0x39ebcb39 0x39ebcb39 14 6
4 path.c:246 0x39ebcb39 6
4 path.c:31 0x39ebcde9 6
4 dynarray.c:112 0x39ebc5c9 16
4 dynarray.c:113 0x39ebd029 24
4 path.c:254 0x39ebcef9 24
2 path.c:178 0x39ebcef9 24
1 dynarray.c:84 0x39ebcd39 24
2 dynarray.c:95 0x39ebd029 16
2 path.c:191 0x39ebcde9 14
2 path.c:205 0x39ebcb39 6
2 path.c:205 0x39ebc6c9 8
3 path.c:223 0x39ebcde9 0x39ebcde9 14 14
4 path.c:246 0x39ebcde9 14
4 path.c:31 0x39ebcb39 6
4 path.c:31 0x39ebc6c9 8
4 dynarray.c:112 0x39ebd029 16
4 dynarray.c:113 0x39ebcd39 24
4 path.c:254 0x39ebcef9 24
4 path.c:246 0x39ebce09 14
4 path.c:31 0x39ebcd99 6
4 path.c:31 0x39ebc889 8
4 dynarray.c:112 0x39ebc939 16
4 dynarray.c:113 0x39ebcd69 24
4 path.c:254 0x39ebccc9 24
2 path.c:128 0x39ebccc9 24
1 dynarray.c:84 0x39ebc5c9 24
2 dynarray.c:95 0x39ebcd69 16
2 path.c:90 0x39ebc889 6
2 path.c:90 0x39ebcd99 7
1 path.c:143 0x39ebc969 13
2 path.c:178 0x39ebcef9 24
1 dynarray.c:84 0x39ebc939 24
2 dynarray.c:95 0x39ebcd39 16
2 path.c:191 0x39ebce09 13
2 path.c:205 0x39ebcb39 6
3 path.c:223 0x39ebce09 0x39ebce09 13 6
4 path.c:246 0x39ebce09 6
4 path.c:31 0x39ebcb39 6
4 dynarray.c:112 0x39ebcd39 16
4 dynarray.c:113 0x39ebc939 24
4 path.c:254 0x39ebcef9 24
2 path.c:178 0x39ebcef9 24
1 dynarray.c:84 0x39ebd029 24
2 dynarray.c:95 0x39ebc939 16
2 path.c:191 0x39ebcb39 13
2 path.c:205 0x39ebce09 6
2 path.c:205 0x39ebcde9 7
3 path.c:223 0x39ebcb39 0x39ebcb39 13 13
4 path.c:246 0x39ebcb39 13
4 path.c:31 0x39ebce09 6
4 path.c:31 0x39ebcde9 7
4 dynarray.c:112 0x39ebc939 16
4 dynarray.c:113 0x39ebd029 24
4 path.c:254 0x39ebcef9 24
2 path.c:128 0x39ebcef9 24
1 dynarray.c:84 0x39ebcd39 24
2 dynarray.c:95 0x39ebd029 16
2 path.c:90 0x39ebcde9 6
2 path.c:90 0x39ebce09 4
1 path.c:143 0x39ebc6c9 10
2 path.c:178 0x39ebc659 24
1 dynarray.c:84 0x39ebc939 24
2 dynarray.c:95 0x39ebcff9 16
2 path.c:191 0x39ebcb39 10
2 path.c:205 0x39ebcf79 6
3 path.c:223 0x39ebcb39 0x39ebcb39 10 6
4 path.c:246 0x39ebcb39 6
4 path.c:31 0x39ebcf79 6
4 dynarray.c:112 0x39ebcff9 16
4 dynarray.c:113 0x39ebc939 24
4 path.c:254 0x39ebc659 24
2 path.c:178 0x39ebc659 24
1 dynarray.c:84 0x39ebc989 24
2 dynarray.c:95 0x39ebc939 16
2 path.c:191 0x39ebcf79 10
2 path.c:205 0x39ebcb39 6
2 path.c:205 0x39ebcf99 4
3 path.c:223 0x39ebcf79 0x39ebcf79 10 10
4 path.c:246 0x39ebcf79 10
4 path.c:31 0x39ebcb39 6
4 path.c:31 0x39ebcf99 4
4 dynarray.c:112 0x39ebc939 16
4 dynarray.c:113 0x39ebc989 24
4 path.c:254 0x39ebc659 24
2 path.c:128 0x39ebc659 24
1 dynarray.c:84 0x39ebcff9 24
2 dynarray.c:95 0x39ebc989 16
2 path.c:90 0x39ebcf99 6
2 path.c:90 0x39ebcb39 4
2 path.c:90 0x39ebcf79 5
3 dynarray.c:69 0x39ebd059 0x39ebc989 16 32
1 path.c:143 0x39ebc939 15
2 path.c:178 0x39ebc989 24
1 dynarray.c:84 0x39ebcf29 24
2 dynarray.c:95 0x39ebd099 16
2 path.c:191 0x39ebd0c9 15
2 path.c:205 0x39ebd0f9 6
3 path.c:223 0x39ebd0c9 0x39ebd0c9 15 6
4 path.c:246 0x39ebd0c9 6
4 path.c:31 0x39ebd0f9 6
4 dynarray.c:112 0x39ebd099 16
4 dynarray.c:113 0x39ebcf29 24
4 path.c:254 0x39ebc989 24
2 path.c:178 0x39ebc989 24
1 dynarray.c:84 0x39ebd099 24
2 dynarray.c:95 0x39ebcf29 16
2 path.c:191 0x39ebd119 15
2 path.c:205 0x39ebd0f9 6
2 path.c:205 0x39ebd149 4
3 path.c:223 0x39ebd119 0x39ebd119 15 10
4 path.c:246 0x39ebd119 10
4 path.c:31 0x39ebd0f9 6
4 path.c:31 0x39ebd149 4
4 dynarray.c:112 0x39ebcf29 16
4 dynarray.c:113 0x39ebd099 24
4 path.c:254 0x39ebc989 24
2 path.c:128 0x39ebc989 24
1 dynarray.c:84 0x39ebd119 24
2 dynarray.c:95 0x39ebd099 16
2 path.c:90 0x39ebd149 6
2 path.c:90 0x39ebd0f9 4
2 path.c:90 0x39ebd169 5
3 dynarray.c:69 0x39ebd189 0x39ebd099 16 32
2 path.c:90 0x39ebd1c9 7
1 path.c:143 0x39ebcf29 22
2 path.c:178 0x39ebd099 24
1 dynarray.c:84 0x39ebd0c9 24
2 dynarray.c:95 0x39ebd1e9 16
2 path.c:191 0x39ebd219 22
2 path.c:205 0x39ebd249 6
3 path.c:223 0x39ebd219 0x39ebd219 22 6
4 path.c:246 0x39ebd219 6
4 path.c:31 0x39ebd249 6
4 dynarray.c:112 0x39ebd1e9 16
4 dynarray.c:113 0x39ebd0c9 24
4 path.c:254 0x39ebd099 24
2 path.c:178 0x39ebd099 24
1 dynarray.c:84 0x39ebd1e9 24
2 dynarray.c:95 0x39ebd0c9 16
2 path.c:191 0x39ebd269 22
2 path.c:205 0x39ebd249 6
2 path.c:205 0x39ebd299 4
3 path.c:223 0x39ebd269 0x39ebd269 22 10
4 path.c:246 0x39ebd269 10
4 path.c:31 0x39ebd249 6
4 path.c:31 0x39ebd299 4
4 dynarray.c:112 0x39ebd0c9 16
4 dynarray.c:113 0x39ebd1e9 24
4 path.c:254 0x39ebd099 24
1 dynarray.c:84 0x39ebd269 24
2 dynarray.c:95 0x39ebd2b9 32
1 bdtBad5.c:662 0x39ebd2f9 59
4 dynarray.c:112 0x39ebd2b9 32
4 dynarray.c:113 0x39ebd269 24
4 bdt_client.c:82 0x39ebd2f9 59
2 path.c:128 0x39ebd099 24
1 dynarray.c:84 0x39ebd269 24
2 dynarray.c:95 0x39ebd1e9 16
2 path.c:90 0x39ebd299 6
2 path.c:90 0x39ebd249 7
2 path.c:90 0x39ebd349 12
3 dynarray.c:69 0x39ebd369 0x39ebd1e9 16 32
1 path.c:143 0x39ebd0c9 25
2 path.c:178 0x39ebd1e9 24
1 dynarray.c:84 0x39ebd219 24
2 dynarray.c:95 0x39ebd3a9 16
2 path.c:191 0x39ebd3d9 25
2 path.c:205 0x39ebd409 6
3 path.c:223 0x39ebd3d9 0x39ebd3d9 25 6
4 path.c:246 0x39ebd3d9 6
4 path.c:31 0x39ebd409 6
4 dynarray.c:112 0x39ebd3a9 16
4 dynarray.c:113 0x39ebd219 24
4 path.c:254 0x39ebd1e9 24
2 path.c:178 0x39ebd1e9 24
1 dynarray.c:84 0x39ebd3a9 24
2 dynarray.c:95 0x39ebd219 16
2 path.c:191 0x39ebd429 25
2 path.c:205 0x39ebd409 6
2 path.c:205 0x39ebd459 7
3 path.c:223 0x39ebd429 0x39ebd429 25 13
4 path.c:246 0x39ebd429 13
4 path.c:31 0x39ebd409 6
4 path.c:31 0x39ebd459 7
4 dynarray.c:112 0x39ebd219 16
4 dynarray.c:113 0x39ebd3a9 24
4 path.c:254 0x39ebd1e9 24
2 path.c:178 0x39ebd1e9 24
1 dynarray.c:84 0x39ebd429 24
2 dynarray.c:95 0x39ebd3a9 24
2 path.c:191 0x39ebd479 25
2 path.c:205 0x39ebd459 6
2 path.c:205 0x39ebd409 7
2 path.c:205 0x39ebd4a9 12
3 path.c:223 0x39ebd479 0x39ebd479 25 25
4 path.c:246 0x39ebd479 25
4 path.c:31 0x39ebd459 6
4 path.c:31 0x39ebd409 7
4 path.c:31 0x39ebd4a9 12
4 dynarray.c:112 0x39ebd3a9 24
4 dynarray.c:113 0x39ebd429 24
4 path.c:254 0x39ebd1e9 24
4 path.c:246 0x39ebd0c9 25
4 path.c:31 0x39ebd299 6
4 path.c:31 0x39ebd249 7
4 path.c:31 0x39ebd349 12
4 dynarray.c:112 0x39ebd369 32
4 dynarray.c:113 0x39ebd269 24
4 path.c:254 0x39ebd099 24
2 path.c:128 0x39ebd099 24
1 dynarray.c:84 0x39ebd219 24
2 dynarray.c:95 0x39ebd269 16
2 path.c:90 0x39ebd349 6
2 path.c:90 0x39ebd249 8
2 path.c:90 0x39ebd299 12
3 dynarray.c:69 0x39ebd4c9 0x39ebd269 16 32
1 path.c:143 0x39ebd0c9 26
2 path.c:178 0x39ebd269 24
1 dynarray.c:84 0x39ebd1e9 24
2 dynarray.c:95 0x39ebd429 16
2 path.c:191 0x39ebd479 26
2 path.c:205 0x39ebd4a9 6
3 path.c:223 0x39ebd479 0x39ebd479 26 6
4 path.c:246 0x39ebd479 6
4 path.c:31 0x39ebd4a9 6
4 dynarray.c:112 0x39ebd429 16
4 dynarray.c:113 0x39ebd1e9 24
4 path.c:254 0x39ebd269 24
2 path.c:178 0x39ebd269 24
1 dynarray.c:84 0x39ebd3a9 24
2 dynarray.c:95 0x39ebd1e9 16
2 path.c:191 0x39ebd479 26
2 path.c:205 0x39ebd4a9 6
2 path.c:205 0x39ebd409 8
3 path.c:223 0x39ebd479 0x39ebd479 26 14
4 path.c:246 0x39ebd479 14
4 path.c:31 0x39ebd4a9 6
4 path.c:31 0x39ebd409 8
4 dynarray.c:112 0x39ebd1e9 16
4 dynarray.c:113 0x39ebd3a9 24
4 path.c:254 0x39ebd269 24
2 path.c:178 0x39ebd269 24
1 dynarray.c:84 0x39ebd429 24
2 dynarray.c:95 0x39ebd3a9 24
2 path.c:191 0x39ebd479 26
2 path.c:205 0x39ebd409 6
2 path.c:205 0x39ebd4a9 8
2 path.c:205 0x39ebd459 12
3 path.c:223 0x39ebd479 0x39ebd479 26 26
4 path.c:246 0x39ebd479 26
4 path.c:31 0x39ebd409 6
4 path.c:31 0x39ebd4a9 8
4 path.c:31 0x39ebd459 12
4 dynarray.c:112 0x39ebd3a9 24
4 dynarray.c:113 0x39ebd429 24
4 path.c:254 0x39ebd269 24
2 path.c:128 0x39ebd269 24
1 dynarray.c:84 0x39ebd1e9 24
2 dynarray.c:95 0x39ebd429 16
2 path.c:90 0x39ebd459 6
2 path.c:90 0x39ebd4a9 8
2 path.c:90 0x39ebd409 12
3 dynarray.c:69 0x39ebd509 0x39ebd429 16 32
1 path.c:143 0x39ebd3a9 26
2 path.c:178 0x39ebd429 24
1 dynarray.c:84 0x39ebd479 24
2 dynarray.c:95 0x39ebd549 16
2 path.c:191 0x39ebd579 26
2 path.c:205 0x39ebd5a9 6
3 path.c:223 0x39ebd579 0x39ebd579 26 6
4 path.c:246 0x39ebd579 6
4 path.c:31 0x39ebd5a9 6
4 dynarray.c:112 0x39ebd549 16
4 dynarray.c:113 0x39ebd479 24
4 path.c:254 0x39ebd429 24
2 path.c:178 0x39ebd429 24
1 dynarray.c:84 0x39ebd579 24
2 dynarray.c:95 0x39ebd479 16
2 path.c:191 0x39ebd5c9 26
2 path.c:205 0x39ebd5a9 6
2 path.c:205 0x39ebd5f9 8
3 path.c:223 0x39ebd5c9 0x39ebd5c9 26 14
4 path.c:246 0x39ebd5c9 14
4 path.c:31 0x39ebd5a9 6
4 path.c:31 0x39ebd5f9 8
4 dynarray.c:112 0x39ebd479 16
4 dynarray.c:113 0x39ebd579 24
4 path.c:254 0x39ebd429 24
2 path.c:178 0x39ebd429 24
1 dynarray.c:84 0x39ebd549 24
2 dynarray.c:95 0x39ebd579 24
2 path.c:191 0x39ebd5c9 26
2 path.c:205 0x39ebd5f9 6
2 path.c:205 0x39ebd5a9 8
2 path.c:205 0x39ebd619 12
3 path.c:223 0x39ebd5c9 0x39ebd5c9 26 26
4 path.c:246 0x39ebd5c9 26
4 path.c:31 0x39ebd5f9 6
4 path.c:31 0x39ebd5a9 8
4 path.c:31 0x39ebd619 12
4 dynarray.c:112 0x39ebd579 24
4 dynarray.c:113 0x39ebd549 24
4 path.c:254 0x39ebd429 24
2 path.c:178 0x39ebd429 24
1 dynarray.c:84 0x39ebd479 24
2 dynarray.c:95 0x39ebd549 24
2 path.c:191 0x39ebd5c9 26
2 path.c:205 0x39ebd619 6
2 path.c:205 0x39ebd5a9 8
2 path.c:205 0x39ebd5f9 12
3 path.c:223 0x39ebd5c9 0x39ebd5c9 26 26
1 bdtBad5.c:143 0x39ebd369 32
2 path.c:178 0x39ebd639 24
1 dynarray.c:84 0x39ebd579 24
2 dynarray.c:95 0x39ebd669 24
2 path.c:191 0x39ebd699 26
2 path.c:205 0x39ebd6c9 6
2 path.c:205 0x39ebd6e9 8
2 path.c:205 0x39ebd709 12
3 path.c:223 0x39ebd699 0x39ebd699 26 26
4 path.c:246 0x39ebd5c9 26
4 path.c:31 0x39ebd619 6
4 path.c:31 0x39ebd5a9 8
4 path.c:31 0x39ebd5f9 12
4 dynarray.c:112 0x39ebd549 24
4 dynarray.c:113 0x39ebd479 24
4 path.c:254 0x39ebd429 24
4 path.c:246 0x39ebd3a9 26
4 path.c:31 0x39ebd459 6
4 path.c:31 0x39ebd4a9 8
4 path.c:31 0x39ebd409 12
4 dynarray.c:112 0x39ebd509 32
4 dynarray.c:113 0x39ebd1e9 24
4 path.c:254 0x39ebd269 24
2 path.c:128 0x39ebd269 24
1 dynarray.c:84 0x39ebd5c9 24
2 dynarray.c:95 0x39ebd1e9 16
2 path.c:90 0x39ebd409 6
2 path.c:90 0x39ebd4a9 7
2 path.c:90 0x39ebd459 12
3 dynarray.c:69 0x39ebd729 0x39ebd1e9 16 32
1 path.c:143 0x39ebd3a9 25
2 path.c:178 0x39ebd1e9 24
1 dynarray.c:84 0x39ebd429 24
2 dynarray.c:95 0x39ebd479 16
2 path.c:191 0x39ebd769 25
2 path.c:205 0x39ebd5f9 6
3 path.c:223 0x39ebd769 0x39ebd769 25 6
4 path.c:246 0x39ebd769 6
4 path.c:31 0x39ebd5f9 6
4 dynarray.c:112 0x39ebd479 16
4 dynarray.c:113 0x39ebd429 24
4 path.c:254 0x39ebd1e9 24
2 path.c:178 0x39ebd1e9 24
1 dynarray.c:84 0x39ebd549 24
2 dynarray.c:95 0x39ebd429 16
2 path.c:191 0x39ebd769 25
2 path.c:205 0x39ebd5f9 6
2 path.c:205 0x39ebd5a9 7
3 path.c:223 0x39ebd769 0x39ebd769 25 13
4 path.c:246 0x39ebd769 13
4 path.c:31 0x39ebd5f9 6
4 path.c:31 0x39ebd5a9 7
4 dynarray.c:112 0x39ebd429 16
4 dynarray.c:113 0x39ebd549 24
4 path.c:254 0x39ebd1e9 24
2 path.c:178 0x39ebd1e9 24
1 dynarray.c:84 0x39ebd479 24
2 dynarray.c:95 0x39ebd549 24
2 path.c:191 0x39ebd769 25
2 path.c:205 0x39ebd5a9 6
2 path.c:205 0x39ebd5f9 7
2 path.c:205 0x39ebd619 12
3 path.c:223 0x39ebd769 0x39ebd769 25 25
4 path.c:246 0x39ebd769 25
4 path.c:31 0x39ebd5a9 6
4 path.c:31 0x39ebd5f9 7
4 path.c:31 0x39ebd619 12
4 dynarray.c:112 0x39ebd549 24
4 dynarray.c:113 0x39ebd479 24
4 path.c:254 0x39ebd1e9 24
4 path.c:246 0x39ebd3a9 25
4 path.c:31 0x39ebd409 6
4 path.c:31 0x39ebd4a9 7
4 path.c:31 0x39ebd459 12
4 dynarray.c:112 0x39ebd729 32
4 dynarray.c:113 0x39ebd5c9 24
4 path.c:254 0x39ebd269 24
2 path.c:128 0x39ebd269 24
1 dynarray.c:84 0x39ebd429 24
2 dynarray.c:95 0x39ebd5c9 16
2 path.c:90 0x39ebd459 6
2 path.c:90 0x39ebd4a9 8
2 path.c:90 0x39ebd409 12
3 dynarray.c:69 0x39ebd799 0x39ebd5c9 16 32
1 path.c:143 0x39ebd3a9 26
2 path.c:178 0x39ebd5c9 24
1 dynarray.c:84 0x39ebd1e9 24
2 dynarray.c:95 0x39ebd479 16
2 path.c:191 0x39ebd769 26
2 path.c:205 0x39ebd619 6
3 path.c:223 0x39ebd769 0x39ebd769 26 6
4 path.c:246 0x39ebd769 6
4 path.c:31 0x39ebd619 6
4 dynarray.c:112 0x39ebd479 16
4 dynarray.c:113 0x39ebd1e9 24
4 path.c:254 0x39ebd5c9 24
2 path.c:178 0x39ebd5c9 24
1 dynarray.c:84 0x39ebd549 24
2 dynarray.c:95 0x39ebd1e9 16
2 path.c:191 0x39ebd769 26
2 path.c:205 0x39ebd619 6
2 path.c:205 0x39ebd5f9 8
3 path.c:223 0x39ebd769 0x39ebd769 26 14
4 path.c:246 0x39ebd769 14
4 path.c:31 0x39ebd619 6
4 path.c:31 0x39ebd5f9 8
4 dynarray.c:112 0x39ebd1e9 16
4 dynarray.c:113 0x39ebd549 24
4 path.c:254 0x39ebd5c9 24
2 path.c:178 0x39ebd5c9 24
1 dynarray.c:84 0x39ebd479 24
2 dynarray.c:95 0x39ebd549 24
2 path.c:191 0x39ebd769 26
2 path.c:205 0x39ebd5f9 6
2 path.c:205 0x39ebd619 8
2 path.c:205 0x39ebd5a9 12
3 path.c:223 0x39ebd769 0x39ebd769 26 26
4 path.c:246 0x39ebd769 26
4 path.c:31 0x39ebd5f9 6
4 path.c:31 0x39ebd619 8
4 path.c:31 0x39ebd5a9 12
4 dynarray.c:112 0x39ebd549 24
4 dynarray.c:113 0x39ebd479 24
4 path.c:254 0x39ebd5c9 24
4 path.c:246 0x39ebd3a9 26
4 path.c:31 0x39ebd459 6
4 path.c:31 0x39ebd4a9 8
4 path.c:31 0x39ebd409 12
4 dynarray.c:112 0x39ebd799 32
4 dynarray.c:113 0x39ebd429 24
4 path.c:254 0x39ebd269 24
2 path.c:128 0x39ebd269 24
1 dynarray.c:84 0x39ebd1e9 24
2 dynarray.c:95 0x39ebd429 16
2 path.c:90 0x39ebd409 6
2 path.c:90 0x39ebd4a9 8
2 path.c:90 0x39ebd459 12
3 dynarray.c:69 0x39ebd799 0x39ebd429 16 32
1 path.c:143 0x39ebd3a9 26
2 path.c:178 0x39ebd429 24
1 dynarray.c:84 0x39ebd5c9 24
2 dynarray.c:95 0x39ebd479 16
2 path.c:191 0x39ebd769 26
2 path.c:205 0x39ebd5a9 6
3 path.c:223 0x39ebd769 0x39ebd769 26 6
4 path.c:246 0x39ebd769 6
4 path.c:31 0x39ebd5a9 6
4 dynarray.c:112 0x39ebd479 16
4 dynarray.c:113 0x39ebd5c9 24
4 path.c:254 0x39ebd429 24
2 path.c:178 0x39ebd429 24
1 dynarray.c:84 0x39ebd549 24
2 dynarray.c:95 0x39ebd5c9 16
2 path.c:191 0x39ebd769 26
2 path.c:205 0x39ebd5a9 6
2 path.c:205 0x39ebd619 8
3 path.c:223 0x39ebd769 0x39ebd769 26 14
4 path.c:246 0x39ebd769 14
4 path.c:31 0x39ebd5a9 6
4 path.c:31 0x39ebd619 8
4 dynarray.c:112 0x39ebd5c9 16
4 dynarray.c:113 0x39ebd549 24
4 path.c:254 0x39ebd429 24
2 path.c:178 0x39ebd429 24
1 dynarray.c:84 0x39ebd479 24
2 dynarray.c:95 0x39ebd549 24
2 path.c:191 0x39ebd769 26
2 path.c:205 0x39ebd619 6
2 path.c:205 0x39ebd5a9 8
2 path.c:205 0x39ebd5f9 12
3 path.c:223 0x39ebd769 0x39ebd769 26 26
4 path.c:246 0x39ebd769 26
4 path.c:31 0x39ebd619 6
4 path.c:31 0x39ebd5a9 8
4 path.c:31 0x39ebd5f9 12
4 dynarray.c:112 0x39ebd549 24
4 dynarray.c:113 0x39ebd479 24
4 path.c:254 0x39ebd429 24
4 path.c:246 0x39ebd3a9 26
4 path.c:31 0x39ebd409 6
4 path.c:31 0x39ebd4a9 8
4 path.c:31 0x39ebd459 12
4 dynarray.c:112 0x39ebd799 32
4 dynarray.c:113 0x39ebd1e9 24
4 path.c:254 0x39ebd269 24
2 path.c:128 0x39ebd269 24
1 dynarray.c:84 0x39ebd5c9 24
2 dynarray.c:95 0x39ebd1e9 16
2 path.c:90 0x39ebd459 6
2 path.c:90 0x39ebd4a9 8
2 path.c:90 0x39ebd409 12
3 dynarray.c:69 0x39ebd799 0x39ebd1e9 16 32
2 path.c:90 0x39ebd5f9 6
1 path.c:143 0x39ebd729 32
2 path.c:178 0x39ebd1e9 24
1 dynarray.c:84 0x39ebd3a9 24
2 dynarray.c:95 0x39ebd429 16
2 path.c:191 0x39ebd7d9 32
2 path.c:205 0x39ebd5a9 6
3 path.c:223 0x39ebd7d9 0x39ebd7d9 32 6
4 path.c:246 0x39ebd7d9 6
4 path.c:31 0x39ebd5a9 6
4 dynarray.c:112 0x39ebd429 16
4 dynarray.c:113 0x39ebd3a9 24
4 path.c:254 0x39ebd1e9 24
2 path.c:178 0x39ebd1e9 24
1 dynarray.c:84 0x39ebd479 24
2 dynarray.c:95 0x39ebd3a9 16
2 path.c:191 0x39ebd819 32
2 path.c:205 0x39ebd5a9 6
2 path.c:205 0x39ebd7d9 8
3 path.c:223 0x39ebd819 0x39ebd819 32 14
4 path.c:246 0x39ebd819 14
4 path.c:31 0x39ebd5a9 6
4 path.c:31 0x39ebd7d9 8
4 dynarray.c:112 0x39ebd3a9 16
4 dynarray.c:113 0x39ebd479 24
4 path.c:254 0x39ebd1e9 24
2 path.c:178 0x39ebd1e9 24
1 dynarray.c:84 0x39ebd429 24
2 dynarray.c:95 0x39ebd479 24
2 path.c:191 0x39ebd859 32
2 path.c:205 0x39ebd7d9 6
2 path.c:205 0x39ebd5a9 8
2 path.c:205 0x39ebd819 12
3 path.c:223 0x39ebd859 0x39ebd859 32 26
4 path.c:246 0x39ebd859 26
4 path.c:31 0x39ebd7d9 6
4 path.c:31 0x39ebd5a9 8
4 path.c:31 0x39ebd819 12
4 dynarray.c:112 0x39ebd479 24
4 dynarray.c:113 0x39ebd429 24
4 path.c:254 0x39ebd1e9 24
2 path.c:178 0x39ebd1e9 24
1 dynarray.c:84 0x39ebd3a9 24
2 dynarray.c:95 0x39ebd899 32
2 path.c:191 0x39ebd8d9 32
2 path.c:205 0x39ebd819 6
2 path.c:205 0x39ebd5a9 8
2 path.c:205 0x39ebd7d9 12
2 path.c:205 0x39ebd839 6
3 path.c:223 0x39ebd8d9 0x39ebd8d9 32 32
4 path.c:246 0x39ebd8d9 32
4 path.c:31 0x39ebd819 6
4 path.c:31 0x39ebd5a9 8
4 path.c:31 0x39ebd7d9 12
4 path.c:31 0x39ebd839 6
4 dynarray.c:112 0x39ebd899 32
4 dynarray.c:113 0x39ebd3a9 24
4 path.c:254 0x39ebd1e9 24
2 path.c:178 0x39ebd1e9 24
1 dynarray.c:84 0x39ebd3a9 24
2 dynarray.c:95 0x39ebd899 32
2 path.c:191 0x39ebd8d9 32
2 path.c:205 0x39ebd839 6
2 path.c:205 0x39ebd7d9 8
2 path.c:205 0x39ebd5a9 12
2 path.c:205 0x39ebd819 6
3 path.c:223 0x39ebd8d9 0x39ebd8d9 32 32
1 bdtBad5.c:143 0x39ebd859 32
2 path.c:178 0x39ebd429 24
1 dynarray.c:84 0x39ebd479 24
2 dynarray.c:95 0x39ebd919 32
2 path.c:191 0x39ebd959 32
2 path.c:205 0x39ebd7f9 6
2 path.c:205 0x39ebd619 8
2 path.c:205 0x39ebd999 12
2 path.c:205 0x39ebd9b9 6
3 path.c:223 0x39ebd959 0x39ebd959 32 32
4 path.c:246 0x39ebd8d9 32
4 path.c:31 0x39ebd839 6
4 path.c:31 0x39ebd7d9 8
4 path.c:31 0x39ebd5a9 12
4 path.c:31 0x39ebd819 6
4 dynarray.c:112 0x39ebd899 32
4 dynarray.c:113 0x39ebd3a9 24
4 path.c:254 0x39ebd1e9 24
4 path.c:246 0x39ebd729 32
4 path.c:31 0x39ebd459 6
4 path.c:31 0x39ebd4a9 8
4 path.c:31 0x39ebd409 12
4 path.c:31 0x39ebd5f9 6
4 dynarray.c:112 0x39ebd799 32
4 dynarray.c:113 0x39ebd5c9 24
4 path.c:254 0x39ebd269 24
2 path.c:128 0x39ebd269 24
1 dynarray.c:84 0x39ebd3a9 24
2 dynarray.c:95 0x39ebd5c9 16
2 path.c:90 0x39ebd5f9 6
2 path.c:90 0x39ebd409 8
2 path.c:90 0x39ebd4a9 12
3 dynarray.c:69 0x39ebd799 0x39ebd5c9 16 32
2 path.c:90 0x39ebd459 6
1 path.c:143 0x39ebd8d9 32
2 path.c:178 0x39ebd5c9 24
1 dynarray.c:84 0x39ebd1e9 24
2 dynarray.c:95 0x39ebd549 16
2 path.c:191 0x39ebd729 32
2 path.c:205 0x39ebd819 6
3 path.c:223 0x39ebd729 0x39ebd729 32 6
4 path.c:246 0x39ebd729 6
4 path.c:31 0x39ebd819 6
4 dynarray.c:112 0x39ebd549 16
4 dynarray.c:113 0x39ebd1e9 24
4 path.c:254 0x39ebd5c9 24
2 path.c:178 0x39ebd5c9 24
1 dynarray.c:84 0x39ebd769 24
2 dynarray.c:95 0x39ebd1e9 16
2 path.c:191 0x39ebd9d9 32
2 path.c:205 0x39ebd819 6
2 path.c:205 0x39ebd729 8
3 path.c:223 0x39ebd9d9 0x39ebd9d9 32 14
4 path.c:246 0x39ebd9d9 14
4 path.c:31 0x39ebd819 6
4 path.c:31 0x39ebd729 8
4 dynarray.c:112 0x39ebd1e9 16
4 dynarray.c:113 0x39ebd769 24
4 path.c:254 0x39ebd5c9 24
2 path.c:178 0x39ebd5c9 24
1 dynarray.c:84 0x39ebd549 24
2 dynarray.c:95 0x39ebd769 24
2 path.c:191 0x39ebda19 32
2 path.c:205 0x39ebd729 6
2 path.c:205 0x39ebd819 8
2 path.c:205 0x39ebd9d9 12
3 path.c:223 0x39ebda19 0x39ebda19 32 26
4 path.c:246 0x39ebda19 26
4 path.c:31 0x39ebd729 6
4 path.c:31 0x39ebd819 8
4 path.c:31 0x39ebd9d9 12
4 dynarray.c:112 0x39ebd769 24
4 dynarray.c:113 0x39ebd549 24
4 path.c:254 0x39ebd5c9 24
2 path.c:178 0x39ebd5c9 24
1 dynarray.c:84 0x39ebd1e9 24
2 dynarray.c:95 0x39ebda19 32
2 path.c:191 0x39ebda59 32
2 path.c:205 0x39ebd9d9 6
2 path.c:205 0x39ebd819 8
2 path.c:205 0x39ebd729 12
2 path.c:205 0x39ebd9f9 6
3 path.c:223 0x39ebda59 0x39ebda59 32 32
4 path.c:246 0x39ebda59 32
4 path.c:31 0x39ebd9d9 6
4 path.c:31 0x39ebd819 8
4 path.c:31 0x39ebd729 12
4 path.c:31 0x39ebd9f9 6
4 dynarray.c:112 0x39ebda19 32
4 dynarray.c:113 0x39ebd1e9 24
4 path.c:254 0x39ebd5c9 24
4 path.c:246 0x39ebd8d9 32
4 path.c:31 0x39ebd5f9 6
4 path.c:31 0x39ebd409 8
4 path.c:31 0x39ebd4a9 12
4 path.c:31 0x39ebd459 6
4 dynarray.c:112 0x39ebd799 32
4 dynarray.c:113 0x39ebd3a9 24
4 path.c:254 0x39ebd269 24
1 dynarray.c:84 0x39ebd1e9 24
2 dynarray.c:95 0x39ebda99 48
1 bdtBad5.c:662 0x39ebdae9 117
4 dynarray.c:112 0x39ebda99 48
4 dynarray.c:113 0x39ebd1e9 24
4 bdt_client.c:96 0x39ebdae9 117
2 path.c:128 0x39ebd269 24
1 dynarray.c:84 0x39ebd1e9 24
2 dynarray.c:95 0x39ebd3a9 16
2 path.c:90 0x39ebd459 6
2 path.c:90 0x39ebd4a9 8
2 path.c:90 0x39ebd409 12
3 dynarray.c:69 0x39ebd799 0x39ebd3a9 16 32
2 path.c:90 0x39ebd5f9 6
1 path.c:143 0x39ebd899 32
2 path.c:178 0x39ebd3a9 24
1 dynarray.c:84 0x39ebd5c9 24
2 dynarray.c:95 0x39ebd549 16
2 path.c:191 0x39ebd8d9 32
2 path.c:205 0x39ebd9f9 6
3 path.c:223 0x39ebd8d9 0x39ebd8d9 32 6
4 path.c:246 0x39ebd8d9 6
4 path.c:31 0x39ebd9f9 6
4 dynarray.c:112 0x39ebd549 16
4 dynarray.c:113 0x39ebd5c9 24
4 path.c:254 0x39ebd3a9 24
2 path.c:178 0x39ebd3a9 24
1 dynarray.c:84 0x39ebd769 24
2 dynarray.c:95 0x39ebd5c9 16
2 path.c:191 0x39ebda59 32
2 path.c:205 0x39ebd9f9 6
2 path.c:205 0x39ebd8d9 8
3 path.c:223 0x39ebda59 0x39ebda59 32 14
4 path.c:246 0x39ebda59 14
4 path.c:31 0x39ebd9f9 6
4 path.c:31 0x39ebd8d9 8
4 dynarray.c:112 0x39ebd5c9 16
4 dynarray.c:113 0x39ebd769 24
4 path.c:254 0x39ebd3a9 24
2 path.c:178 0x39ebd3a9 24
1 dynarray.c:84 0x39ebd549 24
2 dynarray.c:95 0x39ebd769 24
2 path.c:191 0x39ebdb79 32
2 path.c:205 0x39ebd8d9 6
2 path.c:205 0x39ebd9f9 8
2 path.c:205 0x39ebda59 12
3 path.c:223 0x39ebdb79 0x39ebdb79 32 26
4 path.c:246 0x39ebdb79 26
4 path.c:31 0x39ebd8d9 6
4 path.c:31 0x39ebd9f9 8
4 path.c:31 0x39ebda59 12
4 dynarray.c:112 0x39ebd769 24
4 dynarray.c:113 0x39ebd549 24
4 path.c:254 0x39ebd3a9 24
2 path.c:178 0x39ebd3a9 24
1 dynarray.c:84 0x39ebd5c9 24
2 dynarray.c:95 0x39ebdb79 32
2 path.c:191 0x39ebdbb9 32
2 path.c:205 0x39ebda59 6
2 path.c:205 0x39ebd9f9 8
2 path.c:205 0x39ebd8d9 12
2 path.c:205 0x39ebda79 6
3 path.c:223 0x39ebdbb9 0x39ebdbb9 32 32
4 path.c:246 0x39ebdbb9 32
4 path.c:31 0x39ebda59 6
4 path.c:31 0x39ebd9f9 8
4 path.c:31 0x39ebd8d9 12
4 path.c:31 0x39ebda79 6
4 dynarray.c:112 0x39ebdb79 32
4 dynarray.c:113 0x39ebd5c9 24
4 path.c:254 0x39ebd3a9 24
4 path.c:246 0x39ebd899 32
4 path.c:31 0x39ebd459 6
4 path.c:31 0x39ebd4a9 8
4 path.c:31 0x39ebd409 12
4 path.c:31 0x39ebd5f9 6
4 dynarray.c:112 0x39ebd799 32
4 dynarray.c:113 0x39ebd1e9 24
4 path.c:254 0x39ebd269 24
2 path.c:128 0x39ebd269 24
1 dynarray.c:84 0x39ebd5c9 24
2 dynarray.c:95 0x39ebd1e9 16
2 path.c:90 0x39ebd5f9 6
2 path.c:90 0x39ebd409 8
2 path.c:90 0x39ebd4a9 8
3 dynarray.c:69 0x39ebd799 0x39ebd1e9 16 32
1 path.c:143 0x39ebd3a9 22
2 path.c:178 0x39ebd1e9 24
1 dynarray.c:84 0x39ebd549 24
2 dynarray.c:95 0x39ebd769 16
2 path.c:191 0x39ebdbf9 22
2 path.c:205 0x39ebd459 6
3 path.c:223 0x39ebdbf9 0x39ebdbf9 22 6
4 path.c:246 0x39ebdbf9 6
4 path.c:31 0x39ebd459 6
4 dynarray.c:112 0x39ebd769 16
4 dynarray.c:113 0x39ebd549 24
4 path.c:254 0x39ebd1e9 24
2 path.c:178 0x39ebd1e9 24
1 dynarray.c:84 0x39ebdbf9 24
2 dynarray.c:95 0x39ebd549 16
2 path.c:191 0x39ebdc29 22
2 path.c:205 0x39ebd459 6
2 path.c:205 0x39ebda79 8
3 path.c:223 0x39ebdc29 0x39ebdc29 22 14
4 path.c:246 0x39ebdc29 14
4 path.c:31 0x39ebd459 6
4 path.c:31 0x39ebda79 8
4 dynarray.c:112 0x39ebd549 16
4 dynarray.c:113 0x39ebdbf9 24
4 path.c:254 0x39ebd1e9 24
2 path.c:178 0x39ebd1e9 24
1 dynarray.c:84 0x39ebd769 24
2 dynarray.c:95 0x39ebdbf9 24
2 path.c:191 0x39ebdc29 22
2 path.c:205 0x39ebda79 6
2 path.c:205 0x39ebd459 8
2 path.c:205 0x39ebd8d9 8
3 path.c:223 0x39ebdc29 0x39ebdc29 22 22
4 path.c:246 0x39ebdc29 22
4 path.c:31 0x39ebda79 6
4 path.c:31 0x39ebd459 8
4 path.c:31 0x39ebd8d9 8
4 dynarray.c:112 0x39ebdbf9 24
4 dynarray.c:113 0x39ebd769 24
4 path.c:254 0x39ebd1e9 24
2 path.c:128 0x39ebd1e9 24
1 dynarray.c:84 0x39ebd549 24
2 dynarray.c:95 0x39ebd769 16
2 path.c:90 0x39ebd8d9 6
2 path.c:90 0x39ebd459 8
2 path.c:90 0x39ebda79 8
3 dynarray.c:69 0x39ebd899 0x39ebd769 16 32
1 path.c:143 0x39ebdbf9 22
2 path.c:178 0x39ebd769 24
1 dynarray.c:84 0x39ebdc29 24
2 dynarray.c:95 0x39ebdc59 16
2 path.c:191 0x39ebdc89 22
2 path.c:205 0x39ebd9f9 6
3 path.c:223 0x39ebdc89 0x39ebdc89 22 6
4 path.c:246 0x39ebdc89 6
4 path.c:31 0x39ebd9f9 6
4 dynarray.c:112 0x39ebdc59 16
4 dynarray.c:113 0x39ebdc29 24
4 path.c:254 0x39ebd769 24
2 path.c:178 0x39ebd769 24
1 dynarray.c:84 0x39ebdc89 24
2 dynarray.c:95 0x39ebdc29 16
2 path.c:191 0x39ebdcb9 22
2 path.c:205 0x39ebd9f9 6
2 path.c:205 0x39ebda59 8
3 path.c:223 0x39ebdcb9 0x39ebdcb9 22 14
4 path.c:246 0x39ebdcb9 14
4 path.c:31 0x39ebd9f9 6
4 path.c:31 0x39ebda59 8
4 dynarray.c:112 0x39ebdc29 16
4 dynarray.c:113 0x39ebdc89 24
4 path.c:254 0x39ebd769 24
2 path.c:178 0x39ebd769 24
1 dynarray.c:84 0x39ebdc59 24
2 dynarray.c:95 0x39ebdc89 24
2 path.c:191 0x39ebdcb9 22
2 path.c:205 0x39ebda59 6
2 path.c:205 0x39ebd9f9 8
2 path.c:205 0x39ebd8f9 8
3 path.c:223 0x39ebdcb9 0x39ebdcb9 22 22
4 path.c:246 0x39ebdcb9 22
4 path.c:31 0x39ebda59 6
4 path.c:31 0x39ebd9f9 8
4 path.c:31 0x39ebd8f9 8
4 dynarray.c:112 0x39ebdc89 24
4 dynarray.c:113 0x39ebdc59 24
4 path.c:254 0x39ebd769 24
2 path.c:128 0x39ebd769 24
1 dynarray.c:84 0x39ebdc29 24
2 dynarray.c:95 0x39ebdc59 16
2 path.c:90 0x39ebd8f9 6
2 path.c:90 0x39ebd9f9 8
2 path.c:90 0x39ebda59 8
3 dynarray.c:69 0x39ebdb79 0x39ebdc59 16 32
1 path.c:143 0x39ebdc89 22
2 path.c:178 0x39ebdc59 24
1 dynarray.c:84 0x39ebdcb9 24
2 dynarray.c:95 0x39ebdce9 16
2 path.c:191 0x39ebdd19 22
2 path.c:205 0x39ebd729 6
3 path.c:223 0x39ebdd19 0x39ebdd19 22 6
4 path.c:246 0x39ebdd19 6
4 path.c:31 0x39ebd729 6
4 dynarray.c:112 0x39ebdce9 16
4 dynarray.c:113 0x39ebdcb9 24
4 path.c:254 0x39ebdc59 24
2 path.c:178 0x39ebdc59 24
1 dynarray.c:84 0x39ebdd19 24
2 dynarray.c:95 0x39ebdcb9 16
2 path.c:191 0x39ebdd49 22
2 path.c:205 0x39ebd729 6
2 path.c:205 0x39ebd819 8
3 path.c:223 0x39ebdd49 0x39ebdd49 22 14
4 path.c:246 0x39ebdd49 14
4 path.c:31 0x39ebd729 6
4 path.c:31 0x39ebd819 8
4 dynarray.c:112 0x39ebdcb9 16
4 dynarray.c:113 0x39ebdd19 24
4 path.c:254 0x39ebdc59 24
2 path.c:178 0x39ebdc59 24
1 dynarray.c:84 0x39ebdce9 24
2 dynarray.c:95 0x39ebdd19 24
2 path.c:191 0x39ebdd49 22
2 path.c:205 0x39ebd819 6
2 path.c:205 0x39ebd729 8
2 path.c:205 0x39ebd9d9 8
3 path.c:223 0x39ebdd49 0x39ebdd49 22 22
4 path.c:246 0x39ebdd49 22
4 path.c:31 0x39ebd819 6
4 path.c:31 0x39ebd729 8
4 path.c:31 0x39ebd9d9 8
4 dynarray.c:112 0x39ebdd19 24
4 dynarray.c:113 0x39ebdce9 24
4 path.c:254 0x39ebdc59 24
2 path.c:128 0x39ebdc59 24
1 dynarray.c:84 0x39ebdcb9 24
2 dynarray.c:95 0x39ebdce9 16
2 path.c:90 0x39ebd9d9 6
2 path.c:90 0x39ebd729 8
1 path.c:143 0x39ebcf59 14
2 path.c:178 0x39ebdd49 24
1 dynarray.c:84 0x39ebdd19 24
2 dynarray.c:95 0x39ebdd79 16
2 path.c:191 0x39ebd819 14
2 path.c:205 0x39ebd5a9 6
3 path.c:223 0x39ebd819 0x39ebd819 14 6
4 path.c:246 0x39ebd819 6
4 path.c:31 0x39ebd5a9 6
4 dynarray.c:112 0x39ebdd79 16
4 dynarray.c:113 0x39ebdd19 24
4 path.c:254 0x39ebdd49 24
2 path.c:178 0x39ebdd49 24
1 dynarray.c:84 0x39ebdd79 24
2 dynarray.c:95 0x39ebdd19 16
2 path.c:191 0x39ebd5a9 14
2 path.c:205 0x39ebd819 6
2 path.c:205 0x39ebd7d9 8
3 path.c:223 0x39ebd5a9 0x39ebd5a9 14 14
4 path.c:246 0x39ebd5a9 14
4 path.c:31 0x39ebd819 6
4 path.c:31 0x39ebd7d9 8
4 dynarray.c:112 0x39ebdd19 16
4 dynarray.c:113 0x39ebdd79 24
4 path.c:254 0x39ebdd49 24
4 path.c:246 0x39ebcf59 14
4 path.c:31 0x39ebd9d9 6
4 path.c:31 0x39ebd729 8
4 dynarray.c:112 0x39ebdce9 16
4 dynarray.c:113 0x39ebdcb9 24
4 path.c:254 0x39ebdc59 24
4 path.c:246 0x39ebd959 32
4 path.c:31 0x39ebd7f9 6
4 path.c:31 0x39ebd619 8
4 path.c:31 0x39ebd999 12
4 path.c:31 0x39ebd9b9 6
4 dynarray.c:112 0x39ebd919 32
4 dynarray.c:113 0x39ebd479 24
4 path.c:254 0x39ebd429 24
4 bdtBad5.c:263 0x39ebd859 32
4 path.c:246 0x39ebd699 26
4 path.c:31 0x39ebd6c9 6
4 path.c:31 0x39ebd6e9 8
4 path.c:31 0x39ebd709 12
4 dynarray.c:112 0x39ebd669 24
4 dynarray.c:113 0x39ebd579 24
4 path.c:254 0x39ebd639 24
4 bdtBad5.c:263 0x39ebd369 32
4 path.c:246 0x39ebce99 14
4 path.c:31 0x39ebceb9 6
4 path.c:31 0x39ebced9 8
4 dynarray.c:112 0x39ebce69 16
4 dynarray.c:113 0x39ebc709 24
4 path.c:254 0x39ebcdb9 24
4 bdtBad5.c:263 0x39ebce29 32
2 path.c:128 0x39ebcdb9 24
1 dynarray.c:84 0x39ebdd19 24
2 dynarray.c:95 0x39ebc709 16
2 path.c:90 0x39ebced9 6
1 path.c:143 0x39ebd749 6
2 path.c:178 0x39ebd639 24
1 dynarray.c:84 0x39ebce69 24
2 dynarray.c:95 0x39ebd579 16
2 path.c:191 0x39ebceb9 6
2 path.c:205 0x39ebd709 6
3 path.c:223 0x39ebceb9 0x39ebceb9 6 6
4 path.c:246 0x39ebceb9 6
4 path.c:31 0x39ebd709 6
4 dynarray.c:112 0x39ebd579 16
4 dynarray.c:113 0x39ebce69 24
4 path.c:254 0x39ebd639 24
4 path.c:246 0x39ebd749 6
4 path.c:31 0x39ebced9 6
4 dynarray.c:112 0x39ebc709 16
4 dynarray.c:113 0x39ebdd19 24
4 path.c:254 0x39ebcdb9 24
2 path.c:128 0x39ebcdb9 24
1 dynarray.c:84 0x39ebd669 24
2 dynarray.c:95 0x39ebdd19 16
2 path.c:90 0x39ebced9 6
2 path.c:90 0x39ebd749 7
1 path.c:143 0x39ebce99 13
2 path.c:178 0x39ebd639 24
1 dynarray.c:84 0x39ebc709 24
2 dynarray.c:95 0x39ebce69 16
2 path.c:191 0x39ebd709 13
2 path.c:205 0x39ebd6e9 6
3 path.c:223 0x39ebd709 0x39ebd709 13 6
4 path.c:246 0x39ebd709 6
4 path.c:31 0x39ebd6e9 6
4 dynarray.c:112 0x39ebce69 16
4 dynarray.c:113 0x39ebc709 24
4 path.c:254 0x39ebd639 24
2 path.c:178 0x39ebd639 24
1 dynarray.c:84 0x39ebd579 24
2 dynarray.c:95 0x39ebc709 16
2 path.c:191 0x39ebd6e9 13
2 path.c:205 0x39ebd709 6
2 path.c:205 0x39ebd6c9 7
3 path.c:223 0x39ebd6e9 0x39ebd6e9 13 13
4 path.c:246 0x39ebd6e9 13
4 path.c:31 0x39ebd709 6
4 path.c:31 0x39ebd6c9 7
4 dynarray.c:112 0x39ebc709 16
4 dynarray.c:113 0x39ebd579 24
4 path.c:254 0x39ebd639 24
4 path.c:246 0x39ebce99 13
4 path.c:31 0x39ebced9 6
4 path.c:31 0x39ebd749 7
4 dynarray.c:112 0x39ebdd19 16
4 dynarray.c:113 0x39ebd669 24
4 path.c:254 0x39ebcdb9 24
2 path.c:128 0x39ebcdb9 24
1 dynarray.c:84 0x39ebce69 24
2 dynarray.c:95 0x39ebd669 16
2 path.c:90 0x39ebd749 6
2 path.c:90 0x39ebced9 8
1 path.c:143 0x39ebceb9 14
2 path.c:178 0x39ebd639 24
1 dynarray.c:84 0x39ebdd19 24
2 dynarray.c:95 0x39ebd579 16
2 path.c:191 0x39ebce99 14
2 path.c:205 0x39ebd709 6
3 path.c:223 0x39ebce99 0x39ebce99 14 6
4 path.c:246 0x39ebce99 6
4 path.c:31 0x39ebd709 6
4 dynarray.c:112 0x39ebd579 16
4 dynarray.c:113 0x39ebdd19 24
4 path.c:254 0x39ebd639 24
2 path.c:178 0x39ebd639 24
1 dynarray.c:84 0x39ebc709 24
2 dynarray.c:95 0x39ebdd19 16
2 path.c:191 0x39ebd709 14
2 path.c:205 0x39ebce99 6
2 path.c:205 0x39ebd6e9 8
3 path.c:223 0x39ebd709 0x39ebd709 14 14
4 path.c:246 0x39ebd709 14
4 path.c:31 0x39ebce99 6
4 path.c:31 0x39ebd6e9 8
4 dynarray.c:112 0x39ebdd19 16
4 dynarray.c:113 0x39ebc709 24
4 path.c:254 0x39ebd639 24
2 path.c:128 0x39ebd639 24
1 dynarray.c:84 0x39ebd579 24
2 dynarray.c:95 0x39ebc709 16
2 path.c:90 0x39ebd6e9 6
2 path.c:90 0x39ebce99 8
2 path.c:90 0x39ebd709 12
3 dynarray.c:69 0x39ebce29 0x39ebc709 16 32
1 path.c:143 0x39ebdd19 26
2 path.c:178 0x39ebc709 24
1 dynarray.c:84 0x39ebd699 24
2 dynarray.c:95 0x39ebd429 16
2 path.c:191 0x39ebdc59 26
2 path.c:205 0x39ebd9b9 6
3 path.c:223 0x39ebdc59 0x39ebdc59 26 6
4 path.c:246 0x39ebdc59 6
4 path.c:31 0x39ebd9b9 6
4 dynarray.c:112 0x39ebd429 16
4 dynarray.c:113 0x39ebd699 24
4 path.c:254 0x39ebc709 24
2 path.c:178 0x39ebc709 24
1 dynarray.c:84 0x39ebd479 24
2 dynarray.c:95 0x39ebd699 16
2 path.c:191 0x39ebdc59 26
2 path.c:205 0x39ebd9b9 6
2 path.c:205 0x39ebd999 8
3 path.c:223 0x39ebdc59 0x39ebdc59 26 14
4 path.c:246 0x39ebdc59 14
4 path.c:31 0x39ebd9b9 6
4 path.c:31 0x39ebd999 8
4 dynarray.c:112 0x39ebd699 16
4 dynarray.c:113 0x39ebd479 24
4 path.c:254 0x39ebc709 24
2 path.c:128 0x39ebc709 24
1 dynarray.c:84 0x39ebd429 24
2 dynarray.c:95 0x39ebd479 16
2 path.c:90 0x39ebd999 6
2 path.c:90 0x39ebd9b9 8
2 path.c:90 0x39ebd619 12
3 dynarray.c:69 0x39ebd369 0x39ebd479 16 32
2 path.c:90 0x39ebd7f9 6
1 path.c:143 0x39ebda19 32
2 path.c:178 0x39ebd479 24
1 dynarray.c:84 0x39ebd699 24
2 dynarray.c:95 0x39ebdc59 16
2 path.c:191 0x39ebd859 32
2 path.c:205 0x39ebd729 6
3 path.c:223 0x39ebd859 0x39ebd859 32 6
4 path.c:246 0x39ebd859 6
4 path.c:31 0x39ebd729 6
4 dynarray.c:112 0x39ebdc59 16
4 dynarray.c:113 0x39ebd699 24
4 path.c:254 0x39ebd479 24
2 path.c:178 0x39ebd479 24
1 dynarray.c:84 0x39ebdcb9 24
2 dynarray.c:95 0x39ebd699 16
2 path.c:191 0x39ebd959 32
2 path.c:205 0x39ebd729 6
2 path.c:205 0x39ebd859 8
3 path.c:223 0x39ebd959 0x39ebd959 32 14
4 path.c:246 0x39ebd959 14
4 path.c:31 0x39ebd729 6
4 path.c:31 0x39ebd859 8
4 dynarray.c:112 0x39ebd699 16
4 dynarray.c:113 0x39ebdcb9 24
4 path.c:254 0x39ebd479 24
1 dynarray.c:84 0x39ebdc59 24
2 dynarray.c:95 0x39ebd479 24
1 bdtBad5.c:662 0x39ebd919 45
4 dynarray.c:112 0x39ebd479 24
4 dynarray.c:113 0x39ebdc59 24
4 bdt_client.c:113 0x39ebd919 45
2 path.c:128 0x39ebdc59 24
1 dynarray.c:84 0x39ebdcb9 24
2 dynarray.c:95 0x39ebd479 16
2 path.c:90 0x39ebd859 13
1 path.c:143 0x39ebd6c9 13
2 path.c:178 0x39ebdce9 24
1 dynarray.c:84 0x39ebd699 24
2 dynarray.c:95 0x39ebdd49 16
2 path.c:191 0x39ebd729 13
2 path.c:205 0x39ebd979 13
3 path.c:223 0x39ebd729 0x39ebd729 13 13
4 path.c:246 0x39ebd729 13
4 path.c:31 0x39ebd979 13
4 dynarray.c:112 0x39ebdd49 16
4 dynarray.c:113 0x39ebd699 24
4 path.c:254 0x39ebdce9 24
4 path.c:246 0x39ebd6c9 13
4 path.c:31 0x39ebd859 13
4 dynarray.c:112 0x39ebd479 16
4 dynarray.c:113 0x39ebdcb9 24
4 path.c:254 0x39ebdc59 24
2 path.c:128 0x39ebdc59 24
1 dynarray.c:84 0x39ebdd79 24
2 dynarray.c:95 0x39ebdcb9 16
2 path.c:90 0x39ebd859 6
1 path.c:143 0x39ebd959 6
2 path.c:178 0x39ebdce9 24
1 dynarray.c:84 0x39ebd479 24
2 dynarray.c:95 0x39ebd699 16
2 path.c:191 0x39ebd6c9 6
2 path.c:205 0x39ebd729 6
3 path.c:223 0x39ebd6c9 0x39ebd6c9 6 6
4 path.c:246 0x39ebd6c9 6
4 path.c:31 0x39ebd729 6
4 dynarray.c:112 0x39ebd699 16
4 dynarray.c:113 0x39ebd479 24
4 path.c:254 0x39ebdce9 24
4 path.c:246 0x39ebd959 6
4 path.c:31 0x39ebd859 6
4 dynarray.c:112 0x39ebdcb9 16
4 dynarray.c:113 0x39ebdd79 24
4 path.c:254 0x39ebdc59 24
4 path.c:246 0x39ebcbf9 25
4 path.c:31 0x39ebcc29 6
4 path.c:31 0x39ebcc49 7
4 path.c:31 0x39ebcc69 12
4 dynarray.c:112 0x39ebcbc9 24
4 dynarray.c:113 0x39ebc909 24
4 path.c:254 0x39ebcb99 24
4 bdtBad5.c:263 0x39ebcb59 32
4 path.c:246 0x39ebcaa9 13
4 path.c:31 0x39ebcac9 6
4 path.c:31 0x39ebcae9 7
4 dynarray.c:112 0x39ebca79 16
4 dynarray.c:113 0x39ebc599 24
4 path.c:254 0x39ebca49 24
4 bdtBad5.c:263 0x39ebca09 32
4 path.c:246 0x39ebc849 6
4 path.c:31 0x39ebc869 6
4 dynarray.c:112 0x39ebc819 16
4 dynarray.c:113 0x39ebc5f9 24
4 path.c:254 0x39ebc7e9 24
4 bdtBad5.c:263 0x39ebc7a9 32
2 path.c:128 0x39ebc7e9 24
1 dynarray.c:84 0x39ebdd49 24
2 dynarray.c:95 0x39ebc5f9 16
2 path.c:90 0x39ebc869 6
2 path.c:90 0x39ebc849 7
1 path.c:143 0x39ebd979 13
4 path.c:246 0x39ebd979 13
4 path.c:31 0x39ebc869 6
4 path.c:31 0x39ebc849 7
4 dynarray.c:112 0x39ebc5f9 16
4 dynarray.c:113 0x39ebdd49 24
4 path.c:254 0x39ebc7e9 24
2 path.c:128 0x39ebc7e9 24
1 dynarray.c:84 0x39ebc819 24
2 dynarray.c:95 0x39ebdd49 16
2 path.c:90 0x39ebc849 6
1 path.c:143 0x39ebd979 6
4 path.c:246 0x39ebd979 6
4 path.c:31 0x39ebc849 6
4 dynarray.c:112 0x39ebdd49 16
4 dynarray.c:113 0x39ebc819 24
4 path.c:254 0x39ebc7e9 24
2 path.c:128 0x39ebc7e9 24
1 dynarray.c:84 0x39ebc5f9 24
2 dynarray.c:95 0x39ebc819 16
2 path.c:90 0x39ebc849 6
1 path.c:143 0x39ebd979 6
4 path.c:246 0x39ebd979 6
4 path.c:31 0x39ebc849 6
4 dynarray.c:112 0x39ebc819 16
4 dynarray.c:113 0x39ebc5f9 24
4 path.c:254 0x39ebc7e9 24
2 path.c:128 0x39ebc7e9 24
1 dynarray.c:84 0x39ebdd49 24
2 dynarray.c:95 0x39ebc5f9 16
2 path.c:90 0x39ebc849 13
1 path.c:143 0x39ebd979 13
4 path.c:246 0x39ebd979 13
4 path.c:31 0x39ebc849 13
4 dynarray.c:112 0x39ebc5f9 16
4 dynarray.c:113 0x39ebdd49 24
4 path.c:254 0x39ebc7e9 24
1 dynarray.c:84 0x39ebc819 24
2 dynarray.c:95 0x39ebc7e9 16
1 bdtBad5.c:662 0x39ebd979 1
4 dynarray.c:112 0x39ebc7e9 16
4 dynarray.c:113 0x39ebc819 24
4 bdt_client.c:124 0x39ebd979 1
2 path.c:128 0x39ebc819 24
1 dynarray.c:84 0x39ebdd49 24
2 dynarray.c:95 0x39ebc7e9 16
2 path.c:90 0x39ebc849 2
2 path.c:90 0x39ebc869 2
1 path.c:143 0x39ebd979 4
2 path.c:178 0x39ebca49 24
1 dynarray.c:84 0x39ebc5f9 24
2 dynarray.c:95 0x39ebc599 16
2 path.c:191 0x39ebcae9 4
2 path.c:205 0x39ebcaa9 2
3 path.c:223 0x39ebcae9 0x39ebcae9 4 2
1 bdtBad5.c:143 0x39ebd919 32
2 path.c:178 0x39ebcb99 24
1 dynarray.c:84 0x39ebca79 24
2 dynarray.c:95 0x39ebc909 16
2 path.c:191 0x39ebcc69 2
2 path.c:205 0x39ebcc49 2
3 path.c:223 0x39ebcc69 0x39ebcc69 2 2
4 path.c:246 0x39ebcae9 2
4 path.c:31 0x39ebcaa9 2
4 dynarray.c:112 0x39ebc599 16
4 dynarray.c:113 0x39ebc5f9 24
4 path.c:254 0x39ebca49 24
2 path.c:178 0x39ebca49 24
1 dynarray.c:84 0x39ebcbc9 24
2 dynarray.c:95 0x39ebc5f9 16
2 path.c:191 0x39ebcaa9 4
2 path.c:205 0x39ebcae9 2
2 path.c:205 0x39ebcc29 2
3 path.c:223 0x39ebcaa9 0x39ebcaa9 4 4
1 bdtBad5.c:143 0x39ebd509 32
2 path.c:178 0x39ebcbf9 24
1 dynarray.c:84 0x39ebc599 24
2 dynarray.c:95 0x39ebdc59 16
2 path.c:191 0x39ebd859 4
2 path.c:205 0x39ebd959 2
2 path.c:205 0x39ebd729 2
3 path.c:223 0x39ebd859 0x39ebd859 4 4
4 path.c:246 0x39ebcaa9 4
4 path.c:31 0x39ebcae9 2
4 path.c:31 0x39ebcc29 2
4 dynarray.c:112 0x39ebc5f9 16
4 dynarray.c:113 0x39ebcbc9 24
4 path.c:254 0x39ebca49 24
4 path.c:246 0x39ebd979 4
4 path.c:31 0x39ebc849 2
4 path.c:31 0x39ebc869 2
4 dynarray.c:112 0x39ebc7e9 16
4 dynarray.c:113 0x39ebdd49 24
4 path.c:254 0x39ebc819 24
1 dynarray.c:84 0x39ebdd79 24
2 dynarray.c:95 0x39ebc819 16
1 bdtBad5.c:662 0x39ebcac9 7
4 dynarray.c:112 0x39ebc819 16
4 dynarray.c:113 0x39ebdd79 24
4 bdt_client.c:136 0x39ebcac9 7
2 path.c:128 0x39ebdd79 24
1 dynarray.c:84 0x39ebdd49 24
2 dynarray.c:95 0x39ebc819 16
2 path.c:90 0x39ebc869 2
2 path.c:90 0x39ebc849 2
1 path.c:143 0x39ebcac9 4
2 path.c:178 0x39ebca49 24
1 dynarray.c:84 0x39ebc7e9 24
2 dynarray.c:95 0x39ebcbc9 16
2 path.c:191 0x39ebd979 4
2 path.c:205 0x39ebcae9 2
3 path.c:223 0x39ebd979 0x39ebd979 4 2
4 path.c:246 0x39ebd979 2
4 path.c:31 0x39ebcae9 2
4 dynarray.c:112 0x39ebcbc9 16
4 dynarray.c:113 0x39ebc7e9 24
4 path.c:254 0x39ebca49 24
2 path.c:178 0x39ebca49 24
1 dynarray.c:84 0x39ebc5f9 24
2 dynarray.c:95 0x39ebc7e9 16
2 path.c:191 0x39ebcae9 4
2 path.c:205 0x39ebd979 2
2 path.c:205 0x39ebcaa9 2
3 path.c:223 0x39ebcae9 0x39ebcae9 4 4
4 path.c:246 0x39ebcae9 4
4 path.c:31 0x39ebd979 2
4 path.c:31 0x39ebcaa9 2
4 dynarray.c:112 0x39ebc7e9 16
4 dynarray.c:113 0x39ebc5f9 24
4 path.c:254 0x39ebca49 24
2 path.c:178 0x39ebca49 24
1 dynarray.c:84 0x39ebcbc9 24
2 dynarray.c:95 0x39ebc5f9 16
2 path.c:191 0x39ebcaa9 4
2 path.c:205 0x39ebd979 2
2 path.c:205 0x39ebcae9 2
3 path.c:223 0x39ebcaa9 0x39ebcaa9 4 4
1 bdtBad5.c:143 0x39ebd2b9 32
2 path.c:178 0x39ebdcb9 24
1 dynarray.c:84 0x39ebc7e9 24
2 dynarray.c:95 0x39ebdce9 16
2 path.c:191 0x39ebd6c9 4
2 path.c:205 0x39ebd879 2
2 path.c:205 0x39ebd9d9 2
3 path.c:223 0x39ebd6c9 0x39ebd6c9 4 4
4 path.c:246 0x39ebcaa9 4
4 path.c:31 0x39ebd979 2
4 path.c:31 0x39ebcae9 2
4 dynarray.c:112 0x39ebc5f9 16
4 dynarray.c:113 0x39ebcbc9 24
4 path.c:254 0x39ebca49 24
4 path.c:246 0x39ebcac9 4
4 path.c:31 0x39ebc869 2
4 path.c:31 0x39ebc849 2
4 dynarray.c:112 0x39ebc819 16
4 dynarray.c:113 0x39ebdd49 24
4 path.c:254 0x39ebdd79 24
1 dynarray.c:84 0x39ebd479 24
2 dynarray.c:95 0x39ebdd79 24
1 bdtBad5.c:662 0x39ebcc29 11
4 dynarray.c:112 0x39ebdd79 24
4 dynarray.c:113 0x39ebd479 24
4 bdt_client.c:140 0x39ebcc29 11
2 path.c:128 0x39ebd479 24
1 dynarray.c:84 0x39ebdd49 24
2 dynarray.c:95 0x39ebdd79 16
2 path.c:90 0x39ebc849 2
2 path.c:90 0x39ebc869 2
1 path.c:143 0x39ebcc29 4
2 path.c:178 0x39ebca49 24
1 dynarray.c:84 0x39ebc819 24
2 dynarray.c:95 0x39ebcbc9 16
2 path.c:191 0x39ebcac9 4
2 path.c:205 0x39ebd979 2
3 path.c:223 0x39ebcac9 0x39ebcac9 4 2
4 path.c:246 0x39ebcac9 2
4 path.c:31 0x39ebd979 2
4 dynarray.c:112 0x39ebcbc9 16
4 dynarray.c:113 0x39ebc819 24
4 path.c:254 0x39ebca49 24
2 path.c:178 0x39ebca49 24
1 dynarray.c:84 0x39ebc5f9 24
2 dynarray.c:95 0x39ebc819 16
2 path.c:191 0x39ebd979 4
2 path.c:205 0x39ebcac9 2
2 path.c:205 0x39ebcaa9 2
3 path.c:223 0x39ebd979 0x39ebd979 4 4
4 path.c:246 0x39ebd979 4
4 path.c:31 0x39ebcac9 2
4 path.c:31 0x39ebcaa9 2
4 dynarray.c:112 0x39ebc819 16
4 dynarray.c:113 0x39ebc5f9 24
4 path.c:254 0x39ebca49 24
4 path.c:246 0x39ebcc29 4
4 path.c:31 0x39ebc849 2
4 path.c:31 0x39ebc869 2
4 dynarray.c:112 0x39ebdd79 16
4 dynarray.c:113 0x39ebdd49 24
4 path.c:254 0x39ebd479 24
4 path.c:246 0x39ebd859 4
4 path.c:31 0x39ebd959 2
4 path.c:31 0x39ebd729 2
4 dynarray.c:112 0x39ebdc59 16
4 dynarray.c:113 0x39ebc599 24
4 path.c:254 0x39ebcbf9 24
4 bdtBad5.c:263 0x39ebd509 32
1 dynarray.c:84 0x39ebcbc9 24
2 dynarray.c:95 0x39ebcbf9 16
1 bdtBad5.c:662 0x39ebcae9 7
4 dynarray.c:112 0x39ebcbf9 16
4 dynarray.c:113 0x39ebcbc9 24
4 bdt_client.c:145 0x39ebcae9 7
2 path.c:128 0x39ebcbc9 24
1 dynarray.c:84 0x39ebc599 24
2 dynarray.c:95 0x39ebcbf9 16
2 path.c:90 0x39ebd729 2
2 path.c:90 0x39ebd959 3
1 path.c:143 0x39ebcae9 5
2 path.c:178 0x39ebd479 24
1 dynarray.c:84 0x39ebdc59 24
2 dynarray.c:95 0x39ebdd49 16
2 path.c:191 0x39ebd859 5
2 path.c:205 0x39ebc849 2
3 path.c:223 0x39ebd859 0x39ebd859 5 2
4 path.c:246 0x39ebd859 2
4 path.c:31 0x39ebc849 2
4 dynarray.c:112 0x39ebdd49 16
4 dynarray.c:113 0x39ebdc59 24
4 path.c:254 0x39ebd479 24
2 path.c:178 0x39ebd479 24
1 dynarray.c:84 0x39ebdd79 24
2 dynarray.c:95 0x39ebdc59 16
2 path.c:191 0x39ebc849 5
2 path.c:205 0x39ebd859 2
2 path.c:205 0x39ebcc29 3
3 path.c:223 0x39ebc849 0x39ebc849 5 5
4 path.c:246 0x39ebc849 5
4 path.c:31 0x39ebd859 2
4 path.c:31 0x39ebcc29 3
4 dynarray.c:112 0x39ebdc59 16
4 dynarray.c:113 0x39ebdd79 24
4 path.c:254 0x39ebd479 24
2 path.c:178 0x39ebd479 24
1 dynarray.c:84 0x39ebdd49 24
2 dynarray.c:95 0x39ebdd79 16
2 path.c:191 0x39ebcc29 5
2 path.c:205 0x39ebd859 2
2 path.c:205 0x39ebc849 3
3 path.c:223 0x39ebcc29 0x39ebcc29 5 5
1 bdtBad5.c:143 0x39ebd509 32
2 path.c:178 0x39ebca49 24
1 dynarray.c:84 0x39ebdc59 24
2 dynarray.c:95 0x39ebc5f9 16
2 path.c:191 0x39ebcaa9 5
2 path.c:205 0x39ebcac9 2
2 path.c:205 0x39ebd979 3
3 path.c:223 0x39ebcaa9 0x39ebcaa9 5 5
4 path.c:246 0x39ebcc29 5
4 path.c:31 0x39ebd859 2
4 path.c:31 0x39ebc849 3
4 dynarray.c:112 0x39ebdd79 16
4 dynarray.c:113 0x39ebdd49 24
4 path.c:254 0x39ebd479 24
4 path.c:246 0x39ebcae9 5
4 path.c:31 0x39ebd729 2
4 path.c:31 0x39ebd959 3
4 dynarray.c:112 0x39ebcbf9 16
4 dynarray.c:113 0x39ebc599 24
4 path.c:254 0x39ebcbc9 24
1 dynarray.c:84 0x39ebc819 24
2 dynarray.c:95 0x39ebcbc9 24
1 bdtBad5.c:662 0x39ebc869 12
4 dynarray.c:112 0x39ebcbc9 24
4 dynarray.c:113 0x39ebc819 24
4 bdt_client.c:149 0x39ebc869 12
2 path.c:128 0x39ebc819 24
1 dynarray.c:84 0x39ebc599 24
2 dynarray.c:95 0x39ebcbc9 16
2 path.c:90 0x39ebd959 2
2 path.c:90 0x39ebd729 3
1 path.c:143 0x39ebc869 5
2 path.c:178 0x39ebd479 24
1 dynarray.c:84 0x39ebcbf9 24
2 dynarray.c:95 0x39ebdd49 16
2 path.c:191 0x39ebcae9 5
2 path.c:205 0x39ebd859 2
3 path.c:223 0x39ebcae9 0x39ebcae9 5 2
4 path.c:246 0x39ebcae9 2
4 path.c:31 0x39ebd859 2
4 dynarray.c:112 0x39ebdd49 16
4 dynarray.c:113 0x39ebcbf9 24
4 path.c:254 0x39ebd479 24
2 path.c:178 0x39ebd479 24
1 dynarray.c:84 0x39ebdd79 24
2 dynarray.c:95 0x39ebcbf9 16
2 path.c:191 0x39ebd859 5
2 path.c:205 0x39ebcae9 2
2 path.c:205 0x39ebcc29 3
3 path.c:223 0x39ebd859 0x39ebd859 5 5
4 path.c:246 0x39ebd859 5
4 path.c:31 0x39ebcae9 2
4 path.c:31 0x39ebcc29 3
4 dynarray.c:112 0x39ebcbf9 16
4 dynarray.c:113 0x39ebdd79 24
4 path.c:254 0x39ebd479 24
4 path.c:246 0x39ebc869 5
4 path.c:31 0x39ebd959 2
4 path.c:31 0x39ebd729 3
4 dynarray.c:112 0x39ebcbc9 16
4 dynarray.c:113 0x39ebc599 24
4 path.c:254 0x39ebc819 24
4 path.c:246 0x39ebcaa9 5
4 path.c:31 0x39ebcac9 2
4 path.c:31 0x39ebd979 3
4 dynarray.c:112 0x39ebc5f9 16
4 dynarray.c:113 0x39ebdc59 24
4 path.c:254 0x39ebca49 24
4 bdtBad5.c:263 0x39ebd509 32
1 dynarray.c:84 0x39ebdd49 24
2 dynarray.c:95 0x39ebca49 16
1 bdtBad5.c:662 0x39ebc849 7
4 dynarray.c:112 0x39ebca49 16
4 dynarray.c:113 0x39ebdd49 24
4 bdt_client.c:153 0x39ebc849 7
2 path.c:128 0x39ebdd49 24
1 dynarray.c:84 0x39ebdc59 24
2 dynarray.c:95 0x39ebca49 16
2 path.c:90 0x39ebd979 2
2 path.c:90 0x39ebcac9 3
1 path.c:143 0x39ebc849 5
2 path.c:178 0x39ebc819 24
1 dynarray.c:84 0x39ebc5f9 24
2 dynarray.c:95 0x39ebc599 16
2 path.c:191 0x39ebcaa9 5
2 path.c:205 0x39ebd959 2
3 path.c:223 0x39ebcaa9 0x39ebcaa9 5 2
4 path.c:246 0x39ebcaa9 2
4 path.c:31 0x39ebd959 2
4 dynarray.c:112 0x39ebc599 16
4 dynarray.c:113 0x39ebc5f9 24
4 path.c:254 0x39ebc819 24
2 path.c:178 0x39ebc819 24
1 dynarray.c:84 0x39ebcbc9 24
2 dynarray.c:95 0x39ebc5f9 16
2 path.c:191 0x39ebd959 5
2 path.c:205 0x39ebcaa9 2
2 path.c:205 0x39ebc869 3
3 path.c:223 0x39ebd959 0x39ebd959 5 5
4 path.c:246 0x39ebd959 5
4 path.c:31 0x39ebcaa9 2
4 path.c:31 0x39ebc869 3
4 dynarray.c:112 0x39ebc5f9 16
4 dynarray.c:113 0x39ebcbc9 24
4 path.c:254 0x39ebc819 24
2 path.c:178 0x39ebc819 24
1 dynarray.c:84 0x39ebc599 24
2 dynarray.c:95 0x39ebcbc9 16
2 path.c:191 0x39ebc869 5
2 path.c:205 0x39ebcaa9 2
2 path.c:205 0x39ebd959 3
3 path.c:223 0x39ebc869 0x39ebc869 5 5
1 bdtBad5.c:143 0x39ebd509 32
2 path.c:178 0x39ebd479 24
1 dynarray.c:84 0x39ebc5f9 24
2 dynarray.c:95 0x39ebdd79 16
2 path.c:191 0x39ebcc29 5
2 path.c:205 0x39ebcae9 2
2 path.c:205 0x39ebd859 3
3 path.c:223 0x39ebcc29 0x39ebcc29 5 5
4 path.c:246 0x39ebc869 5
4 path.c:31 0x39ebcaa9 2
4 path.c:31 0x39ebd959 3
4 dynarray.c:112 0x39ebcbc9 16
4 dynarray.c:113 0x39ebc599 24
4 path.c:254 0x39ebc819 24
4 path.c:246 0x39ebc849 5
4 path.c:31 0x39ebd979 2
4 path.c:31 0x39ebcac9 3
4 dynarray.c:112 0x39ebca49 16
4 dynarray.c:113 0x39ebdc59 24
4 path.c:254 0x39ebdd49 24
1 dynarray.c:84 0x39ebcbf9 24
2 dynarray.c:95 0x39ebdd49 24
1 bdtBad5.c:662 0x39ebd729 12
4 dynarray.c:112 0x39ebdd49 24
4 dynarray.c:113 0x39ebcbf9 24
4 bdt_client.c:157 0x39ebd729 12
2 path.c:128 0x39ebcbf9 24
1 dynarray.c:84 0x39ebdc59 24
2 dynarray.c:95 0x39ebdd49 16
2 path.c:90 0x39ebcac9 2
2 path.c:90 0x39ebd979 2
1 path.c:143 0x39ebd729 4
2 path.c:178 0x39ebc819 24
1 dynarray.c:84 0x39ebca49 24
2 dynarray.c:95 0x39ebc599 16
2 path.c:191 0x39ebc849 4
2 path.c:205 0x39ebcaa9 2
3 path.c:223 0x39ebc849 0x39ebc849 4 2
4 path.c:246 0x39ebc849 2
4 path.c:31 0x39ebcaa9 2
4 dynarray.c:112 0x39ebc599 16
4 dynarray.c:113 0x39ebca49 24
4 path.c:254 0x39ebc819 24
2 path.c:178 0x39ebc819 24
1 dynarray.c:84 0x39ebcbc9 24
2 dynarray.c:95 0x39ebca49 16
2 path.c:191 0x39ebcaa9 4
2 path.c:205 0x39ebc849 2
2 path.c:205 0x39ebc869 2
3 path.c:223 0x39ebcaa9 0x39ebcaa9 4 4
4 path.c:246 0x39ebcaa9 4
4 path.c:31 0x39ebc849 2
4 path.c:31 0x39ebc869 2
4 dynarray.c:112 0x39ebca49 16
4 dynarray.c:113 0x39ebcbc9 24
4 path.c:254 0x39ebc819 24
4 path.c:246 0x39ebd729 4
4 path.c:31 0x39ebcac9 2
4 path.c:31 0x39ebd979 2
4 dynarray.c:112 0x39ebdd49 16
4 dynarray.c:113 0x39ebdc59 24
4 path.c:254 0x39ebcbf9 24
4 path.c:246 0x39ebd6c9 4
4 path.c:31 0x39ebd879 2
4 path.c:31 0x39ebd9d9 2
4 dynarray.c:112 0x39ebdce9 16
4 dynarray.c:113 0x39ebc7e9 24
4 path.c:254 0x39ebdcb9 24
4 bdtBad5.c:263 0x39ebd2b9 32
1 dynarray.c:84 0x39ebc599 24
2 dynarray.c:95 0x39ebdcb9 16
1 bdtBad5.c:662 0x39ebd959 8
4 dynarray.c:112 0x39ebdcb9 16
4 dynarray.c:113 0x39ebc599 24
4 bdt_client.c:161 0x39ebd959 8
4 path.c:246 0x39ebcc29 5
4 path.c:31 0x39ebcae9 2
4 path.c:31 0x39ebd859 3
4 dynarray.c:112 0x39ebdd79 16
4 dynarray.c:113 0x39ebc5f9 24
4 path.c:254 0x39ebd479 24
4 bdtBad5.c:263 0x39ebd509 32
4 path.c:246 0x39ebcc69 2
4 path.c:31 0x39ebcc49 2
4 dynarray.c:112 0x39ebc909 16
4 dynarray.c:113 0x39ebca79 24
4 path.c:254 0x39ebcb99 24
4 bdtBad5.c:263 0x39ebd919 32
