2 path.c:128 0x2e7ca2a9 24
4 path.c:254 0x2e7ca2a9 24
2 path.c:128 0x2e7cc4c9 24
1 dynarray.c:84 0x2e7ca2a9 24
2 dynarray.c:95 0x2e7cc4f9 16
2 path.c:90 0x2e7cc529 6
1 path.c:143 0x2e7cc549 6
4 path.c:246 0x2e7cc549 6
4 path.c:31 0x2e7cc529 6
4 dynarray.c:112 0x2e7cc4f9 16
4 dynarray.c:113 0x2e7ca2a9 24
4 path.c:254 0x2e7cc4c9 24
1 dynarray.c:84 0x2e7cc4c9 24
2 dynarray.c:95 0x2e7cc569 16
1 bdtBad5.c:662 0x2e7cc529 1
4 dynarray.c:112 0x2e7cc569 16
4 dynarray.c:113 0x2e7cc4c9 24
4 bdt_client.c:39 0x2e7cc529 1
2 path.c:128 0x2e7cc599 24
4 path.c:254 0x2e7cc599 24
2 path.c:128 0x2e7cc5c9 24
1 dynarray.c:84 0x2e7cc599 24
2 dynarray.c:95 0x2e7cc5f9 16
4 dynarray.c:112 0x2e7cc5f9 16
4 dynarray.c:113 0x2e7cc599 24
4 path.c:254 0x2e7cc5c9 24
2 path.c:128 0x2e7cc629 24
1 dynarray.c:84 0x2e7cc5c9 24
2 dynarray.c:95 0x2e7cc659 16
2 path.c:90 0x2e7cc689 6
2 path.c:90 0x2e7cc6a9 7
4 path.c:31 0x2e7cc689 6
4 path.c:31 0x2e7cc6a9 7
4 dynarray.c:112 0x2e7cc659 16
4 dynarray.c:113 0x2e7cc5c9 24
4 path.c:254 0x2e7cc629 24
2 path.c:128 0x2e7cc629 24
1 dynarray.c:84 0x2e7cc659 24
2 dynarray.c:95 0x2e7cc5c9 16
2 path.c:90 0x2e7cc6c9 6
4 path.c:31 0x2e7cc6c9 6
4 dynarray.c:112 0x2e7cc5c9 16
4 dynarray.c:113 0x2e7cc659 24
4 path.c:254 0x2e7cc629 24
2 path.c:128 0x2e7cc629 24
1 dynarray.c:84 0x2e7cc5c9 24
2 dynarray.c:95 0x2e7cc659 16
2 path.c:90 0x2e7cc6e9 6
1 path.c:143 0x2e7cc6c9 6
2 path.c:178 0x2e7cc709 24
1 dynarray.c:84 0x2e7cc599 24
2 dynarray.c:95 0x2e7cc739 16
2 path.c:191 0x2e7cc769 6
2 path.c:205 0x2e7cc789 6
3 path.c:223 0x2e7cc769 0x2e7cc769 6 6
1 bdtBad5.c:143 0x2e7cc7a9 32
2 path.c:178 0x2e7cc7e9 24
1 dynarray.c:84 0x2e7cc5f9 24
2 dynarray.c:95 0x2e7cc819 16
2 path.c:191 0x2e7cc849 6
2 path.c:205 0x2e7cc869 6
3 path.c:223 0x2e7cc849 0x2e7cc849 6 6
4 path.c:246 0x2e7cc769 6
4 path.c:31 0x2e7cc789 6
4 dynarray.c:112 0x2e7cc739 16
4 dynarray.c:113 0x2e7cc599 24
4 path.c:254 0x2e7cc709 24
4 path.c:246 0x2e7cc6c9 6
4 path.c:31 0x2e7cc6e9 6
4 dynarray.c:112 0x2e7cc659 16
4 dynarray.c:113 0x2e7cc5c9 24
4 path.c:254 0x2e7cc629 24
2 path.c:128 0x2e7cc629 24
1 dynarray.c:84 0x2e7cc709 24
2 dynarray.c:95 0x2e7cc5c9 16
2 path.c:90 0x2e7cc6e9 6
2 path.c:90 0x2e7cc889 7
2 path.c:90 0x2e7cc8a9 12
3 dynarray.c:69 0x2e7cc8c9 0x2e7cc5c9 16 32
1 path.c:143 0x2e7cc659 25
2 path.c:178 0x2e7cc5c9 24
1 dynarray.c:84 0x2e7cc599 24
2 dynarray.c:95 0x2e7cc909 16
2 path.c:191 0x2e7cc939 25
2 path.c:205 0x2e7cc969 6
3 path.c:223 0x2e7cc939 0x2e7cc939 25 6
4 path.c:246 0x2e7cc939 6
4 path.c:31 0x2e7cc969 6
4 dynarray.c:112 0x2e7cc909 16
4 dynarray.c:113 0x2e7cc599 24
4 path.c:254 0x2e7cc5c9 24
2 path.c:178 0x2e7cc5c9 24
1 dynarray.c:84 0x2e7cc909 24
2 dynarray.c:95 0x2e7cc599 16
2 path.c:191 0x2e7cc989 25
2 path.c:205 0x2e7cc969 6
2 path.c:205 0x2e7cc9b9 7
3 path.c:223 0x2e7cc989 0x2e7cc989 25 13
4 path.c:246 0x2e7cc989 13
4 path.c:31 0x2e7cc969 6
4 path.c:31 0x2e7cc9b9 7
4 dynarray.c:112 0x2e7cc599 16
4 dynarray.c:113 0x2e7cc909 24
4 path.c:254 0x2e7cc5c9 24
2 path.c:178 0x2e7cc5c9 24
1 dynarray.c:84 0x2e7cc989 24
2 dynarray.c:95 0x2e7cc909 16
2 path.c:191 0x2e7cc9d9 25
2 path.c:205 0x2e7cc9b9 6
2 path.c:205 0x2e7cc969 7
3 path.c:223 0x2e7cc9d9 0x2e7cc9d9 25 13
1 bdtBad5.c:143 0x2e7cca09 32
2 path.c:178 0x2e7cca49 24
1 dynarray.c:84 0x2e7cc599 24
2 dynarray.c:95 0x2e7cca79 16
2 path.c:191 0x2e7ccaa9 13
2 path.c:205 0x2e7ccac9 6
2 path.c:205 0x2e7ccae9 7
3 path.c:223 0x2e7ccaa9 0x2e7ccaa9 13 13
4 path.c:246 0x2e7cc9d9 13
4 path.c:31 0x2e7cc9b9 6
4 path.c:31 0x2e7cc969 7
4 dynarray.c:112 0x2e7cc909 16
4 dynarray.c:113 0x2e7cc989 24
4 path.c:254 0x2e7cc5c9 24
2 path.c:178 0x2e7cc5c9 24
1 dynarray.c:84 0x2e7cc9d9 24
2 dynarray.c:95 0x2e7cc989 24
2 path.c:191 0x2e7ccb09 25
2 path.c:205 0x2e7cc969 6
2 path.c:205 0x2e7cc9b9 7
2 path.c:205 0x2e7ccb39 12
3 path.c:223 0x2e7ccb09 0x2e7ccb09 25 25
1 bdtBad5.c:143 0x2e7ccb59 32
2 path.c:178 0x2e7ccb99 24
1 dynarray.c:84 0x2e7cc909 24
2 dynarray.c:95 0x2e7ccbc9 24
2 path.c:191 0x2e7ccbf9 25
2 path.c:205 0x2e7ccc29 6
2 path.c:205 0x2e7ccc49 7
2 path.c:205 0x2e7ccc69 12
3 path.c:223 0x2e7ccbf9 0x2e7ccbf9 25 25
4 path.c:246 0x2e7ccb09 25
4 path.c:31 0x2e7cc969 6
4 path.c:31 0x2e7cc9b9 7
4 path.c:31 0x2e7ccb39 12
4 dynarray.c:112 0x2e7cc989 24
4 dynarray.c:113 0x2e7cc9d9 24
4 path.c:254 0x2e7cc5c9 24
4 path.c:246 0x2e7cc659 25
4 path.c:31 0x2e7cc6e9 6
4 path.c:31 0x2e7cc889 7
4 path.c:31 0x2e7cc8a9 12
4 dynarray.c:112 0x2e7cc8c9 32
4 dynarray.c:113 0x2e7cc709 24
4 path.c:254 0x2e7cc629 24
