2 path.c:128 0x2a8282a9 24
4 path.c:254 0x2a8282a9 24
2 path.c:128 0x2a82a4c9 24
1 dynarray.c:84 0x2a8282a9 24
2 dynarray.c:95 0x2a82a4f9 16
2 path.c:90 0x2a82a529 6
1 path.c:143 0x2a82a549 6
4 path.c:246 0x2a82a549 6
4 path.c:31 0x2a82a529 6
4 dynarray.c:112 0x2a82a4f9 16
4 dynarray.c:113 0x2a8282a9 24
4 path.c:254 0x2a82a4c9 24
1 dynarray.c:84 0x2a82a4c9 24
2 dynarray.c:95 0x2a82a569 16
1 bdtBad5.c:662 0x2a82a529 1
4 dynarray.c:112 0x2a82a569 16
4 dynarray.c:113 0x2a82a4c9 24
4 bdt_client.c:39 0x2a82a529 1
2 path.c:128 0x2a82a599 24
4 path.c:254 0x2a82a599 24
2 path.c:128 0x2a82a5c9 24
1 dynarray.c:84 0x2a82a599 24
2 dynarray.c:95 0x2a82a5f9 16
4 dynarray.c:112 0x2a82a5f9 16
4 dynarray.c:113 0x2a82a599 24
4 path.c:254 0x2a82a5c9 24
2 path.c:128 0x2a82a629 24
1 dynarray.c:84 0x2a82a5c9 24
2 dynarray.c:95 0x2a82a659 16
2 path.c:90 0x2a82a689 6
2 path.c:90 0x2a82a6a9 7
4 path.c:31 0x2a82a689 6
4 path.c:31 0x2a82a6a9 7
4 dynarray.c:112 0x2a82a659 16
4 dynarray.c:113 0x2a82a5c9 24
4 path.c:254 0x2a82a629 24
2 path.c:128 0x2a82a629 24
1 dynarray.c:84 0x2a82a659 24
2 dynarray.c:95 0x2a82a5c9 16
2 path.c:90 0x2a82a6c9 6
4 path.c:31 0x2a82a6c9 6
4 dynarray.c:112 0x2a82a5c9 16
4 dynarray.c:113 0x2a82a659 24
4 path.c:254 0x2a82a629 24
2 path.c:128 0x2a82a629 24
1 dynarray.c:84 0x2a82a5c9 24
2 dynarray.c:95 0x2a82a659 16
2 path.c:90 0x2a82a6e9 6
1 path.c:143 0x2a82a6c9 6
2 path.c:178 0x2a82a709 24
1 dynarray.c:84 0x2a82a599 24
2 dynarray.c:95 0x2a82a739 16
2 path.c:191 0x2a82a769 6
2 path.c:205 0x2a82a789 6
3 path.c:223 0x2a82a769 0x2a82a769 6 6
1 bdtBad5.c:143 0x2a82a7a9 32
2 path.c:178 0x2a82a7e9 24
1 dynarray.c:84 0x2a82a5f9 24
2 dynarray.c:95 0x2a82a819 16
2 path.c:191 0x2a82a849 6
2 path.c:205 0x2a82a869 6
3 path.c:223 0x2a82a849 0x2a82a849 6 6
4 path.c:246 0x2a82a769 6
4 path.c:31 0x2a82a789 6
4 dynarray.c:112 0x2a82a739 16
4 dynarray.c:113 0x2a82a599 24
4 path.c:254 0x2a82a709 24
4 path.c:246 0x2a82a6c9 6
4 path.c:31 0x2a82a6e9 6
4 dynarray.c:112 0x2a82a659 16
4 dynarray.c:113 0x2a82a5c9 24
4 path.c:254 0x2a82a629 24
2 path.c:128 0x2a82a629 24
1 dynarray.c:84 0x2a82a709 24
2 dynarray.c:95 0x2a82a5c9 16
2 path.c:90 0x2a82a6e9 6
2 path.c:90 0x2a82a889 7
2 path.c:90 0x2a82a8a9 12
3 dynarray.c:69 0x2a82a8c9 0x2a82a5c9 16 32
1 path.c:143 0x2a82a659 25
2 path.c:178 0x2a82a5c9 24
1 dynarray.c:84 0x2a82a599 24
2 dynarray.c:95 0x2a82a909 16
2 path.c:191 0x2a82a939 25
2 path.c:205 0x2a82a969 6
3 path.c:223 0x2a82a939 0x2a82a939 25 6
4 path.c:246 0x2a82a939 6
4 path.c:31 0x2a82a969 6
4 dynarray.c:112 0x2a82a909 16
4 dynarray.c:113 0x2a82a599 24
4 path.c:254 0x2a82a5c9 24
2 path.c:178 0x2a82a5c9 24
1 dynarray.c:84 0x2a82a909 24
2 dynarray.c:95 0x2a82a599 16
2 path.c:191 0x2a82a989 25
2 path.c:205 0x2a82a969 6
2 path.c:205 0x2a82a9b9 7
3 path.c:223 0x2a82a989 0x2a82a989 25 13
4 path.c:246 0x2a82a989 13
4 path.c:31 0x2a82a969 6
4 path.c:31 0x2a82a9b9 7
4 dynarray.c:112 0x2a82a599 16
4 dynarray.c:113 0x2a82a909 24
4 path.c:254 0x2a82a5c9 24
2 path.c:178 0x2a82a5c9 24
1 dynarray.c:84 0x2a82a989 24
2 dynarray.c:95 0x2a82a909 16
2 path.c:191 0x2a82a9d9 25
2 path.c:205 0x2a82a9b9 6
2 path.c:205 0x2a82a969 7
3 path.c:223 0x2a82a9d9 0x2a82a9d9 25 13
1 bdtBad5.c:143 0x2a82aa09 32
2 path.c:178 0x2a82aa49 24
1 dynarray.c:84 0x2a82a599 24
2 dynarray.c:95 0x2a82aa79 16
2 path.c:191 0x2a82aaa9 13
2 path.c:205 0x2a82aac9 6
2 path.c:205 0x2a82aae9 7
3 path.c:223 0x2a82aaa9 0x2a82aaa9 13 13
4 path.c:246 0x2a82a9d9 13
4 path.c:31 0x2a82a9b9 6
4 path.c:31 0x2a82a969 7
4 dynarray.c:112 0x2a82a909 16
4 dynarray.c:113 0x2a82a989 24
4 path.c:254 0x2a82a5c9 24
2 path.c:178 0x2a82a5c9 24
1 dynarray.c:84 0x2a82a9d9 24
2 dynarray.c:95 0x2a82a989 24
2 path.c:191 0x2a82ab09 25
2 path.c:205 0x2a82a969 6
2 path.c:205 0x2a82a9b9 7
2 path.c:205 0x2a82ab39 12
3 path.c:223 0x2a82ab09 0x2a82ab09 25 25
1 bdtBad5.c:143 0x2a82ab59 32
2 path.c:178 0x2a82ab99 24
1 dynarray.c:84 0x2a82a909 24
2 dynarray.c:95 0x2a82abc9 24
2 path.c:191 0x2a82abf9 25
2 path.c:205 0x2a82ac29 6
2 path.c:205 0x2a82ac49 7
2 path.c:205 0x2a82ac69 12
3 path.c:223 0x2a82abf9 0x2a82abf9 25 25
4 path.c:246 0x2a82ab09 25
4 path.c:31 0x2a82a969 6
4 path.c:31 0x2a82a9b9 7
4 path.c:31 0x2a82ab39 12
4 dynarray.c:112 0x2a82a989 24
4 dynarray.c:113 0x2a82a9d9 24
4 path.c:254 0x2a82a5c9 24
4 path.c:246 0x2a82a659 25
4 path.c:31 0x2a82a6e9 6
4 path.c:31 0x2a82a889 7
4 path.c:31 0x2a82a8a9 12
4 dynarray.c:112 0x2a82a8c9 32
4 dynarray.c:113 0x2a82a709 24
4 path.c:254 0x2a82a629 24
2 path.c:128 0x2a82a629 24
1 dynarray.c:84 0x2a82ab09 24
2 dynarray.c:95 0x2a82a709 16
2 path.c:90 0x2a82a8a9 6
1 path.c:143 0x2a82a6c9 6
2 path.c:178 0x2a82a5c9 24
1 dynarray.c:84 0x2a82a659 24
2 dynarray.c:95 0x2a82a9d9 16
2 path.c:191 0x2a82a889 6
2 path.c:205 0x2a82ab39 6
3 path.c:223 0x2a82a889 0x2a82a889 6 6
4 path.c:246 0x2a82a889 6
4 path.c:31 0x2a82ab39 6
4 dynarray.c:112 0x2a82a9d9 16
4 dynarray.c:113 0x2a82a659 24
4 path.c:254 0x2a82a5c9 24
4 path.c:246 0x2a82a6c9 6
4 path.c:31 0x2a82a8a9 6
4 dynarray.c:112 0x2a82a709 16
4 dynarray.c:113 0x2a82ab09 24
4 path.c:254 0x2a82a629 24
2 path.c:128 0x2a82a629 24
1 dynarray.c:84 0x2a82a989 24
2 dynarray.c:95 0x2a82ab09 16
2 path.c:90 0x2a82a8a9 6
2 path.c:90 0x2a82a6c9 7
1 path.c:143 0x2a82a6e9 13
2 path.c:178 0x2a82a5c9 24
1 dynarray.c:84 0x2a82a709 24
2 dynarray.c:95 0x2a82a659 16
2 path.c:191 0x2a82ab39 13
2 path.c:205 0x2a82a9b9 6
3 path.c:223 0x2a82ab39 0x2a82ab39 13 6
4 path.c:246 0x2a82ab39 6
4 path.c:31 0x2a82a9b9 6
4 dynarray.c:112 0x2a82a659 16
4 dynarray.c:113 0x2a82a709 24
4 path.c:254 0x2a82a5c9 24
2 path.c:178 0x2a82a5c9 24
1 dynarray.c:84 0x2a82a9d9 24
2 dynarray.c:95 0x2a82a709 16
2 path.c:191 0x2a82a9b9 13
2 path.c:205 0x2a82ab39 6
2 path.c:205 0x2a82a969 7
3 path.c:223 0x2a82a9b9 0x2a82a9b9 13 13
4 path.c:246 0x2a82a9b9 13
4 path.c:31 0x2a82ab39 6
4 path.c:31 0x2a82a969 7
4 dynarray.c:112 0x2a82a709 16
4 dynarray.c:113 0x2a82a9d9 24
4 path.c:254 0x2a82a5c9 24
4 path.c:246 0x2a82a6e9 13
4 path.c:31 0x2a82a8a9 6
4 path.c:31 0x2a82a6c9 7
4 dynarray.c:112 0x2a82ab09 16
4 dynarray.c:113 0x2a82a989 24
4 path.c:254 0x2a82a629 24
2 path.c:128 0x2a82a629 24
1 dynarray.c:84 0x2a82a659 24
2 dynarray.c:95 0x2a82a989 16
2 path.c:90 0x2a82a6c9 6
2 path.c:90 0x2a82a8a9 7
2 path.c:90 0x2a82a6e9 12
3 dynarray.c:69 0x2a82ac89 0x2a82a989 16 32
1 path.c:143 0x2a82ab09 25
2 path.c:178 0x2a82a989 24
1 dynarray.c:84 0x2a82a5c9 24
2 dynarray.c:95 0x2a82a9d9 16
2 path.c:191 0x2a82acc9 25
2 path.c:205 0x2a82a969 6
3 path.c:223 0x2a82acc9 0x2a82acc9 25 6
4 path.c:246 0x2a82acc9 6
4 path.c:31 0x2a82a969 6
4 dynarray.c:112 0x2a82a9d9 16
4 dynarray.c:113 0x2a82a5c9 24
4 path.c:254 0x2a82a989 24
2 path.c:178 0x2a82a989 24
1 dynarray.c:84 0x2a82a709 24
2 dynarray.c:95 0x2a82a5c9 16
2 path.c:191 0x2a82acc9 25
2 path.c:205 0x2a82a969 6
2 path.c:205 0x2a82ab39 7
3 path.c:223 0x2a82acc9 0x2a82acc9 25 13
4 path.c:246 0x2a82acc9 13
4 path.c:31 0x2a82a969 6
4 path.c:31 0x2a82ab39 7
4 dynarray.c:112 0x2a82a5c9 16
4 dynarray.c:113 0x2a82a709 24
4 path.c:254 0x2a82a989 24
2 path.c:178 0x2a82a989 24
1 dynarray.c:84 0x2a82a9d9 24
2 dynarray.c:95 0x2a82a709 24
2 path.c:191 0x2a82acc9 25
2 path.c:205 0x2a82ab39 6
2 path.c:205 0x2a82a969 7
2 path.c:205 0x2a82a9b9 12
3 path.c:223 0x2a82acc9 0x2a82acc9 25 25
4 path.c:246 0x2a82acc9 25
4 path.c:31 0x2a82ab39 6
4 path.c:31 0x2a82a969 7
4 path.c:31 0x2a82a9b9 12
4 dynarray.c:112 0x2a82a709 24
4 dynarray.c:113 0x2a82a9d9 24
4 path.c:254 0x2a82a989 24
4 path.c:246 0x2a82ab09 25
4 path.c:31 0x2a82a6c9 6
4 path.c:31 0x2a82a8a9 7
4 path.c:31 0x2a82a6e9 12
4 dynarray.c:112 0x2a82ac89 32
4 dynarray.c:113 0x2a82a659 24
4 path.c:254 0x2a82a629 24
2 path.c:128 0x2a82a629 24
1 dynarray.c:84 0x2a82a5c9 24
2 dynarray.c:95 0x2a82a659 16
2 path.c:90 0x2a82a6e9 12
1 path.c:143 0x2a82a889 12
2 path.c:178 0x2a82a989 24
1 dynarray.c:84 0x2a82ab09 24
2 dynarray.c:95 0x2a82a9d9 16
2 path.c:191 0x2a82a8a9 12
2 path.c:205 0x2a82a9b9 12
3 path.c:223 0x2a82a8a9 0x2a82a8a9 12 12
4 path.c:246 0x2a82a8a9 12
4 path.c:31 0x2a82a9b9 12
4 dynarray.c:112 0x2a82a9d9 16
4 dynarray.c:113 0x2a82ab09 24
4 path.c:254 0x2a82a989 24
4 path.c:246 0x2a82a889 12
4 path.c:31 0x2a82a6e9 12
4 dynarray.c:112 0x2a82a659 16
4 dynarray.c:113 0x2a82a5c9 24
4 path.c:254 0x2a82a629 24
2 path.c:128 0x2a82a629 24
1 dynarray.c:84 0x2a82a709 24
2 dynarray.c:95 0x2a82a5c9 16
2 path.c:90 0x2a82a6e9 12
1 path.c:143 0x2a82a6c9 12
2 path.c:178 0x2a82a989 24
1 dynarray.c:84 0x2a82a659 24
2 dynarray.c:95 0x2a82ab09 16
2 path.c:191 0x2a82a889 12
2 path.c:205 0x2a82a8a9 12
3 path.c:223 0x2a82a889 0x2a82a889 12 12
4 path.c:246 0x2a82a889 12
4 path.c:31 0x2a82a8a9 12
4 dynarray.c:112 0x2a82ab09 16
4 dynarray.c:113 0x2a82a659 24
4 path.c:254 0x2a82a989 24
4 path.c:246 0x2a82a6c9 12
4 path.c:31 0x2a82a6e9 12
4 dynarray.c:112 0x2a82a5c9 16
4 dynarray.c:113 0x2a82a709 24
4 path.c:254 0x2a82a629 24
2 path.c:128 0x2a82a629 24
1 dynarray.c:84 0x2a82a9d9 24
2 dynarray.c:95 0x2a82a709 16
2 path.c:90 0x2a82a6e9 12
1 path.c:143 0x2a82a9b9 12
2 path.c:178 0x2a82a989 24
1 dynarray.c:84 0x2a82a5c9 24
2 dynarray.c:95 0x2a82a659 16
2 path.c:191 0x2a82a6c9 12
2 path.c:205 0x2a82a889 12
3 path.c:223 0x2a82a6c9 0x2a82a6c9 12 12
4 path.c:246 0x2a82a6c9 12
4 path.c:31 0x2a82a889 12
4 dynarray.c:112 0x2a82a659 16
4 dynarray.c:113 0x2a82a5c9 24
4 path.c:254 0x2a82a989 24
4 path.c:246 0x2a82a9b9 12
4 path.c:31 0x2a82a6e9 12
4 dynarray.c:112 0x2a82a709 16
4 dynarray.c:113 0x2a82a9d9 24
4 path.c:254 0x2a82a629 24
2 path.c:128 0x2a82a629 24
1 dynarray.c:84 0x2a82ab09 24
2 dynarray.c:95 0x2a82a9d9 16
2 path.c:90 0x2a82a6e9 6
2 path.c:90 0x2a82a9b9 8
1 path.c:143 0x2a82a8a9 14
2 path.c:178 0x2a82a989 24
1 dynarray.c:84 0x2a82a709 24
2 dynarray.c:95 0x2a82a5c9 16
2 path.c:191 0x2a82a889 14
2 path.c:205 0x2a82a969 6
3 path.c:223 0x2a82a889 0x2a82a889 14 6
4 path.c:246 0x2a82a889 6
4 path.c:31 0x2a82a969 6
4 dynarray.c:112 0x2a82a5c9 16
4 dynarray.c:113 0x2a82a709 24
4 path.c:254 0x2a82a989 24
2 path.c:178 0x2a82a989 24
1 dynarray.c:84 0x2a82a659 24
2 dynarray.c:95 0x2a82a709 16
2 path.c:191 0x2a82a969 14
2 path.c:205 0x2a82a889 6
2 path.c:205 0x2a82ab39 8
3 path.c:223 0x2a82a969 0x2a82a969 14 14
4 path.c:246 0x2a82a969 14
4 path.c:31 0x2a82a889 6
4 path.c:31 0x2a82ab39 8
4 dynarray.c:112 0x2a82a709 16
4 dynarray.c:113 0x2a82a659 24
4 path.c:254 0x2a82a989 24
2 path.c:128 0x2a82a989 24
1 dynarray.c:84 0x2a82a5c9 24
2 dynarray.c:95 0x2a82a659 16
2 path.c:90 0x2a82ab39 6
2 path.c:90 0x2a82a889 7
2 path.c:90 0x2a82a969 12
3 dynarray.c:69 0x2a82acf9 0x2a82a659 16 32
1 path.c:143 0x2a82a709 25
2 path.c:178 0x2a82a659 24
1 dynarray.c:84 0x2a82acc9 24
2 dynarray.c:95 0x2a82ad39 16
2 path.c:191 0x2a82ad69 25
2 path.c:205 0x2a82ad99 6
3 path.c:223 0x2a82ad69 0x2a82ad69 25 6
4 path.c:246 0x2a82ad69 6
4 path.c:31 0x2a82ad99 6
4 dynarray.c:112 0x2a82ad39 16
4 dynarray.c:113 0x2a82acc9 24
4 path.c:254 0x2a82a659 24
2 path.c:178 0x2a82a659 24
1 dynarray.c:84 0x2a82ad69 24
2 dynarray.c:95 0x2a82acc9 16
2 path.c:191 0x2a82adb9 25
2 path.c:205 0x2a82ad99 6
2 path.c:205 0x2a82ade9 7
3 path.c:223 0x2a82adb9 0x2a82adb9 25 13
4 path.c:246 0x2a82adb9 13
4 path.c:31 0x2a82ad99 6
4 path.c:31 0x2a82ade9 7
4 dynarray.c:112 0x2a82acc9 16
4 dynarray.c:113 0x2a82ad69 24
4 path.c:254 0x2a82a659 24
2 path.c:178 0x2a82a659 24
1 dynarray.c:84 0x2a82ad39 24
2 dynarray.c:95 0x2a82ad69 24
2 path.c:191 0x2a82adb9 25
2 path.c:205 0x2a82ade9 6
2 path.c:205 0x2a82ad99 7
2 path.c:205 0x2a82ae09 12
3 path.c:223 0x2a82adb9 0x2a82adb9 25 25
4 path.c:246 0x2a82adb9 25
4 path.c:31 0x2a82ade9 6
4 path.c:31 0x2a82ad99 7
4 path.c:31 0x2a82ae09 12
4 dynarray.c:112 0x2a82ad69 24
4 dynarray.c:113 0x2a82ad39 24
4 path.c:254 0x2a82a659 24
4 path.c:246 0x2a82a709 25
4 path.c:31 0x2a82ab39 6
4 path.c:31 0x2a82a889 7
4 path.c:31 0x2a82a969 12
4 dynarray.c:112 0x2a82acf9 32
4 dynarray.c:113 0x2a82a5c9 24
4 path.c:254 0x2a82a989 24
2 path.c:128 0x2a82a989 24
1 dynarray.c:84 0x2a82acc9 24
2 dynarray.c:95 0x2a82a5c9 16
2 path.c:90 0x2a82a969 12
2 path.c:90 0x2a82a889 6
2 path.c:90 0x2a82ab39 9
3 dynarray.c:69 0x2a82ae29 0x2a82a5c9 16 32
1 path.c:143 0x2a82a709 27
2 path.c:178 0x2a82a5c9 24
1 dynarray.c:84 0x2a82a659 24
2 dynarray.c:95 0x2a82ad39 16
2 path.c:191 0x2a82adb9 27
2 path.c:205 0x2a82ae09 12
3 path.c:223 0x2a82adb9 0x2a82adb9 27 12
4 path.c:246 0x2a82adb9 12
4 path.c:31 0x2a82ae09 12
4 dynarray.c:112 0x2a82ad39 16
4 dynarray.c:113 0x2a82a659 24
4 path.c:254 0x2a82a5c9 24
4 path.c:246 0x2a82a709 27
4 path.c:31 0x2a82a969 12
4 path.c:31 0x2a82a889 6
4 path.c:31 0x2a82ab39 9
4 dynarray.c:112 0x2a82ae29 32
4 dynarray.c:113 0x2a82acc9 24
4 path.c:254 0x2a82a989 24
