2 path.c:128 0x285952a9 24
4 path.c:254 0x285952a9 24
2 path.c:128 0x285974c9 24
1 dynarray.c:84 0x285952a9 24
2 dynarray.c:95 0x285974f9 16
2 path.c:90 0x28597529 6
1 path.c:143 0x28597549 6
4 path.c:246 0x28597549 6
4 path.c:31 0x28597529 6
4 dynarray.c:112 0x285974f9 16
4 dynarray.c:113 0x285952a9 24
4 path.c:254 0x285974c9 24
1 dynarray.c:84 0x285974c9 24
2 dynarray.c:95 0x28597569 16
1 bdtBad4.c:663 0x28597529 1
4 dynarray.c:112 0x28597569 16
4 dynarray.c:113 0x285974c9 24
4 bdt_client.c:39 0x28597529 1
2 path.c:128 0x28597599 24
4 path.c:254 0x28597599 24
2 path.c:128 0x285975c9 24
1 dynarray.c:84 0x28597599 24
2 dynarray.c:95 0x285975f9 16
4 dynarray.c:112 0x285975f9 16
4 dynarray.c:113 0x28597599 24
4 path.c:254 0x285975c9 24
2 path.c:128 0x28597629 24
1 dynarray.c:84 0x285975c9 24
2 dynarray.c:95 0x28597659 16
2 path.c:90 0x28597689 6
2 path.c:90 0x285976a9 7
4 path.c:31 0x28597689 6
4 path.c:31 0x285976a9 7
4 dynarray.c:112 0x28597659 16
4 dynarray.c:113 0x285975c9 24
4 path.c:254 0x28597629 24
2 path.c:128 0x28597629 24
1 dynarray.c:84 0x28597659 24
2 dynarray.c:95 0x285975c9 16
2 path.c:90 0x285976c9 6
4 path.c:31 0x285976c9 6
4 dynarray.c:112 0x285975c9 16
4 dynarray.c:113 0x28597659 24
4 path.c:254 0x28597629 24
2 path.c:128 0x28597629 24
1 dynarray.c:84 0x285975c9 24
2 dynarray.c:95 0x28597659 16
2 path.c:90 0x285976e9 6
1 path.c:143 0x285976c9 6
2 path.c:178 0x28597709 24
1 dynarray.c:84 0x28597599 24
2 dynarray.c:95 0x28597739 16
2 path.c:191 0x28597769 6
2 path.c:205 0x28597789 6
3 path.c:223 0x28597769 0x28597769 6 6
1 bdtBad4.c:143 0x285977a9 32
2 path.c:178 0x285977e9 24
1 dynarray.c:84 0x285975f9 24
2 dynarray.c:95 0x28597819 16
2 path.c:191 0x28597849 6
2 path.c:205 0x28597869 6
3 path.c:223 0x28597849 0x28597849 6 6
4 path.c:246 0x28597769 6
4 path.c:31 0x28597789 6
4 dynarray.c:112 0x28597739 16
4 dynarray.c:113 0x28597599 24
4 path.c:254 0x28597709 24
4 path.c:246 0x285976c9 6
4 path.c:31 0x285976e9 6
4 dynarray.c:112 0x28597659 16
4 dynarray.c:113 0x285975c9 24
4 path.c:254 0x28597629 24
2 path.c:128 0x28597629 24
1 dynarray.c:84 0x28597709 24
2 dynarray.c:95 0x285975c9 16
2 path.c:90 0x285976e9 6
2 path.c:90 0x28597889 7
2 path.c:90 0x285978a9 12
3 dynarray.c:69 0x285978c9 0x285975c9 16 32
1 path.c:143 0x28597659 25
2 path.c:178 0x285975c9 24
1 dynarray.c:84 0x28597599 24
2 dynarray.c:95 0x28597909 16
2 path.c:191 0x28597939 25
2 path.c:205 0x28597969 6
3 path.c:223 0x28597939 0x28597939 25 6
4 path.c:246 0x28597939 6
4 path.c:31 0x28597969 6
4 dynarray.c:112 0x28597909 16
4 dynarray.c:113 0x28597599 24
4 path.c:254 0x285975c9 24
2 path.c:178 0x285975c9 24
1 dynarray.c:84 0x28597909 24
2 dynarray.c:95 0x28597599 16
2 path.c:191 0x28597989 25
2 path.c:205 0x28597969 6
2 path.c:205 0x285979b9 7
3 path.c:223 0x28597989 0x28597989 25 13
4 path.c:246 0x28597989 13
4 path.c:31 0x28597969 6
4 path.c:31 0x285979b9 7
4 dynarray.c:112 0x28597599 16
4 dynarray.c:113 0x28597909 24
4 path.c:254 0x285975c9 24
2 path.c:178 0x285975c9 24
1 dynarray.c:84 0x28597989 24
2 dynarray.c:95 0x28597909 16
2 path.c:191 0x285979d9 25
2 path.c:205 0x285979b9 6
2 path.c:205 0x28597969 7
3 path.c:223 0x285979d9 0x285979d9 25 13
1 bdtBad4.c:143 0x28597a09 32
2 path.c:178 0x28597a49 24
1 dynarray.c:84 0x28597599 24
2 dynarray.c:95 0x28597a79 16
2 path.c:191 0x28597aa9 13
2 path.c:205 0x28597ac9 6
2 path.c:205 0x28597ae9 7
3 path.c:223 0x28597aa9 0x28597aa9 13 13
4 path.c:246 0x285979d9 13
4 path.c:31 0x285979b9 6
4 path.c:31 0x28597969 7
4 dynarray.c:112 0x28597909 16
4 dynarray.c:113 0x28597989 24
4 path.c:254 0x285975c9 24
2 path.c:178 0x285975c9 24
1 dynarray.c:84 0x285979d9 24
2 dynarray.c:95 0x28597989 24
2 path.c:191 0x28597b09 25
2 path.c:205 0x28597969 6
2 path.c:205 0x285979b9 7
2 path.c:205 0x28597b39 12
3 path.c:223 0x28597b09 0x28597b09 25 25
1 bdtBad4.c:143 0x28597b59 32
2 path.c:178 0x28597b99 24
1 dynarray.c:84 0x28597909 24
2 dynarray.c:95 0x28597bc9 24
2 path.c:191 0x28597bf9 25
2 path.c:205 0x28597c29 6
2 path.c:205 0x28597c49 7
2 path.c:205 0x28597c69 12
3 path.c:223 0x28597bf9 0x28597bf9 25 25
4 path.c:246 0x28597b09 25
4 path.c:31 0x28597969 6
4 path.c:31 0x285979b9 7
4 path.c:31 0x28597b39 12
4 dynarray.c:112 0x28597989 24
4 dynarray.c:113 0x285979d9 24
4 path.c:254 0x285975c9 24
4 path.c:246 0x28597659 25
4 path.c:31 0x285976e9 6
4 path.c:31 0x28597889 7
4 path.c:31 0x285978a9 12
4 dynarray.c:112 0x285978c9 32
4 dynarray.c:113 0x28597709 24
4 path.c:254 0x28597629 24
2 path.c:128 0x28597629 24
1 dynarray.c:84 0x28597b09 24
2 dynarray.c:95 0x28597709 16
2 path.c:90 0x285978a9 6
1 path.c:143 0x285976c9 6
2 path.c:178 0x285975c9 24
1 dynarray.c:84 0x28597659 24
2 dynarray.c:95 0x285979d9 16
2 path.c:191 0x28597889 6
2 path.c:205 0x28597b39 6
3 path.c:223 0x28597889 0x28597889 6 6
4 path.c:246 0x28597889 6
4 path.c:31 0x28597b39 6
4 dynarray.c:112 0x285979d9 16
4 dynarray.c:113 0x28597659 24
4 path.c:254 0x285975c9 24
4 path.c:246 0x285976c9 6
4 path.c:31 0x285978a9 6
4 dynarray.c:112 0x28597709 16
4 dynarray.c:113 0x28597b09 24
4 path.c:254 0x28597629 24
2 path.c:128 0x28597629 24
1 dynarray.c:84 0x28597989 24
2 dynarray.c:95 0x28597b09 16
2 path.c:90 0x285978a9 6
2 path.c:90 0x285976c9 7
1 path.c:143 0x285976e9 13
2 path.c:178 0x285975c9 24
1 dynarray.c:84 0x28597709 24
2 dynarray.c:95 0x28597659 16
2 path.c:191 0x28597b39 13
2 path.c:205 0x285979b9 6
3 path.c:223 0x28597b39 0x28597b39 13 6
4 path.c:246 0x28597b39 6
4 path.c:31 0x285979b9 6
4 dynarray.c:112 0x28597659 16
4 dynarray.c:113 0x28597709 24
4 path.c:254 0x285975c9 24
2 path.c:178 0x285975c9 24
1 dynarray.c:84 0x285979d9 24
2 dynarray.c:95 0x28597709 16
2 path.c:191 0x285979b9 13
2 path.c:205 0x28597b39 6
2 path.c:205 0x28597969 7
3 path.c:223 0x285979b9 0x285979b9 13 13
4 path.c:246 0x285979b9 13
4 path.c:31 0x28597b39 6
4 path.c:31 0x28597969 7
4 dynarray.c:112 0x28597709 16
4 dynarray.c:113 0x285979d9 24
4 path.c:254 0x285975c9 24
4 path.c:246 0x285976e9 13
4 path.c:31 0x285978a9 6
4 path.c:31 0x285976c9 7
4 dynarray.c:112 0x28597b09 16
4 dynarray.c:113 0x28597989 24
4 path.c:254 0x28597629 24
2 path.c:128 0x28597629 24
1 dynarray.c:84 0x28597659 24
2 dynarray.c:95 0x28597989 16
2 path.c:90 0x285976c9 6
2 path.c:90 0x285978a9 7
2 path.c:90 0x285976e9 12
3 dynarray.c:69 0x28597c89 0x28597989 16 32
1 path.c:143 0x28597b09 25
2 path.c:178 0x28597989 24
1 dynarray.c:84 0x285975c9 24
2 dynarray.c:95 0x285979d9 16
2 path.c:191 0x28597cc9 25
2 path.c:205 0x28597969 6
3 path.c:223 0x28597cc9 0x28597cc9 25 6
4 path.c:246 0x28597cc9 6
4 path.c:31 0x28597969 6
4 dynarray.c:112 0x285979d9 16
4 dynarray.c:113 0x285975c9 24
4 path.c:254 0x28597989 24
2 path.c:178 0x28597989 24
1 dynarray.c:84 0x28597709 24
2 dynarray.c:95 0x285975c9 16
2 path.c:191 0x28597cc9 25
2 path.c:205 0x28597969 6
2 path.c:205 0x28597b39 7
3 path.c:223 0x28597cc9 0x28597cc9 25 13
4 path.c:246 0x28597cc9 13
4 path.c:31 0x28597969 6
4 path.c:31 0x28597b39 7
4 dynarray.c:112 0x285975c9 16
4 dynarray.c:113 0x28597709 24
4 path.c:254 0x28597989 24
2 path.c:178 0x28597989 24
1 dynarray.c:84 0x285979d9 24
2 dynarray.c:95 0x28597709 24
2 path.c:191 0x28597cc9 25
2 path.c:205 0x28597b39 6
2 path.c:205 0x28597969 7
2 path.c:205 0x285979b9 12
3 path.c:223 0x28597cc9 0x28597cc9 25 25
4 path.c:246 0x28597cc9 25
4 path.c:31 0x28597b39 6
4 path.c:31 0x28597969 7
4 path.c:31 0x285979b9 12
4 dynarray.c:112 0x28597709 24
4 dynarray.c:113 0x285979d9 24
4 path.c:254 0x28597989 24
4 path.c:246 0x28597b09 25
4 path.c:31 0x285976c9 6
4 path.c:31 0x285978a9 7
4 path.c:31 0x285976e9 12
4 dynarray.c:112 0x28597c89 32
4 dynarray.c:113 0x28597659 24
4 path.c:254 0x28597629 24
2 path.c:128 0x28597629 24
1 dynarray.c:84 0x285975c9 24
2 dynarray.c:95 0x28597659 16
2 path.c:90 0x285976e9 12
1 path.c:143 0x28597889 12
2 path.c:178 0x28597989 24
1 dynarray.c:84 0x28597b09 24
2 dynarray.c:95 0x285979d9 16
2 path.c:191 0x285978a9 12
2 path.c:205 0x285979b9 12
3 path.c:223 0x285978a9 0x285978a9 12 12
4 path.c:246 0x285978a9 12
4 path.c:31 0x285979b9 12
4 dynarray.c:112 0x285979d9 16
4 dynarray.c:113 0x28597b09 24
4 path.c:254 0x28597989 24
4 path.c:246 0x28597889 12
4 path.c:31 0x285976e9 12
4 dynarray.c:112 0x28597659 16
4 dynarray.c:113 0x285975c9 24
4 path.c:254 0x28597629 24
2 path.c:128 0x28597629 24
1 dynarray.c:84 0x28597709 24
2 dynarray.c:95 0x285975c9 16
2 path.c:90 0x285976e9 12
1 path.c:143 0x285976c9 12
2 path.c:178 0x28597989 24
1 dynarray.c:84 0x28597659 24
2 dynarray.c:95 0x28597b09 16
2 path.c:191 0x28597889 12
2 path.c:205 0x285978a9 12
3 path.c:223 0x28597889 0x28597889 12 12
4 path.c:246 0x28597889 12
4 path.c:31 0x285978a9 12
4 dynarray.c:112 0x28597b09 16
4 dynarray.c:113 0x28597659 24
4 path.c:254 0x28597989 24
4 path.c:246 0x285976c9 12
4 path.c:31 0x285976e9 12
4 dynarray.c:112 0x285975c9 16
4 dynarray.c:113 0x28597709 24
4 path.c:254 0x28597629 24
2 path.c:128 0x28597629 24
1 dynarray.c:84 0x285979d9 24
2 dynarray.c:95 0x28597709 16
2 path.c:90 0x285976e9 12
1 path.c:143 0x285979b9 12
2 path.c:178 0x28597989 24
1 dynarray.c:84 0x285975c9 24
2 dynarray.c:95 0x28597659 16
2 path.c:191 0x285976c9 12
2 path.c:205 0x28597889 12
3 path.c:223 0x285976c9 0x285976c9 12 12
4 path.c:246 0x285976c9 12
4 path.c:31 0x28597889 12
4 dynarray.c:112 0x28597659 16
4 dynarray.c:113 0x285975c9 24
4 path.c:254 0x28597989 24
4 path.c:246 0x285979b9 12
4 path.c:31 0x285976e9 12
4 dynarray.c:112 0x28597709 16
4 dynarray.c:113 0x285979d9 24
4 path.c:254 0x28597629 24
2 path.c:128 0x28597629 24
1 dynarray.c:84 0x28597b09 24
2 dynarray.c:95 0x285979d9 16
2 path.c:90 0x285976e9 6
2 path.c:90 0x285979b9 8
1 path.c:143 0x285978a9 14
2 path.c:178 0x28597989 24
1 dynarray.c:84 0x28597709 24
2 dynarray.c:95 0x285975c9 16
2 path.c:191 0x28597889 14
2 path.c:205 0x28597969 6
3 path.c:223 0x28597889 0x28597889 14 6
4 path.c:246 0x28597889 6
4 path.c:31 0x28597969 6
4 dynarray.c:112 0x285975c9 16
4 dynarray.c:113 0x28597709 24
4 path.c:254 0x28597989 24
2 path.c:178 0x28597989 24
1 dynarray.c:84 0x28597659 24
2 dynarray.c:95 0x28597709 16
2 path.c:191 0x28597969 14
2 path.c:205 0x28597889 6
2 path.c:205 0x28597b39 8
3 path.c:223 0x28597969 0x28597969 14 14
4 path.c:246 0x28597969 14
4 path.c:31 0x28597889 6
4 path.c:31 0x28597b39 8
4 dynarray.c:112 0x28597709 16
4 dynarray.c:113 0x28597659 24
4 path.c:254 0x28597989 24
4 path.c:246 0x285978a9 14
4 path.c:31 0x285976e9 6
4 path.c:31 0x285979b9 8
4 dynarray.c:112 0x285979d9 16
4 dynarray.c:113 0x28597b09 24
4 path.c:254 0x28597629 24
2 path.c:128 0x28597629 24
1 dynarray.c:84 0x285975c9 24
2 dynarray.c:95 0x28597b09 16
2 path.c:90 0x285979b9 6
2 path.c:90 0x285976e9 7
2 path.c:90 0x285978a9 12
3 dynarray.c:69 0x28597cf9 0x28597b09 16 32
1 path.c:143 0x285979d9 25
2 path.c:178 0x28597b09 24
1 dynarray.c:84 0x28597989 24
2 dynarray.c:95 0x28597659 16
2 path.c:191 0x28597cc9 25
2 path.c:205 0x28597b39 6
3 path.c:223 0x28597cc9 0x28597cc9 25 6
4 path.c:246 0x28597cc9 6
4 path.c:31 0x28597b39 6
4 dynarray.c:112 0x28597659 16
4 dynarray.c:113 0x28597989 24
4 path.c:254 0x28597b09 24
2 path.c:178 0x28597b09 24
1 dynarray.c:84 0x28597709 24
2 dynarray.c:95 0x28597989 16
2 path.c:191 0x28597cc9 25
2 path.c:205 0x28597b39 6
2 path.c:205 0x28597889 7
3 path.c:223 0x28597cc9 0x28597cc9 25 13
4 path.c:246 0x28597cc9 13
4 path.c:31 0x28597b39 6
4 path.c:31 0x28597889 7
4 dynarray.c:112 0x28597989 16
4 dynarray.c:113 0x28597709 24
4 path.c:254 0x28597b09 24
2 path.c:178 0x28597b09 24
1 dynarray.c:84 0x28597659 24
2 dynarray.c:95 0x28597709 24
2 path.c:191 0x28597cc9 25
2 path.c:205 0x28597889 6
2 path.c:205 0x28597b39 7
2 path.c:205 0x28597969 12
3 path.c:223 0x28597cc9 0x28597cc9 25 25
4 path.c:246 0x28597cc9 25
4 path.c:31 0x28597889 6
4 path.c:31 0x28597b39 7
4 path.c:31 0x28597969 12
4 dynarray.c:112 0x28597709 24
4 dynarray.c:113 0x28597659 24
4 path.c:254 0x28597b09 24
4 path.c:246 0x285979d9 25
4 path.c:31 0x285979b9 6
4 path.c:31 0x285976e9 7
4 path.c:31 0x285978a9 12
4 dynarray.c:112 0x28597cf9 32
4 dynarray.c:113 0x285975c9 24
4 path.c:254 0x28597629 24
2 path.c:128 0x28597629 24
1 dynarray.c:84 0x28597989 24
2 dynarray.c:95 0x285975c9 16
2 path.c:90 0x285978a9 12
2 path.c:90 0x285976e9 6
2 path.c:90 0x285979b9 9
3 dynarray.c:69 0x28597d39 0x285975c9 16 32
1 path.c:143 0x285979d9 27
2 path.c:178 0x285975c9 24
1 dynarray.c:84 0x28597b09 24
2 dynarray.c:95 0x28597659 16
2 path.c:191 0x28597cc9 27
2 path.c:205 0x28597969 12
3 path.c:223 0x28597cc9 0x28597cc9 27 12
4 path.c:246 0x28597cc9 12
4 path.c:31 0x28597969 12
4 dynarray.c:112 0x28597659 16
4 dynarray.c:113 0x28597b09 24
4 path.c:254 0x285975c9 24
4 path.c:246 0x285979d9 27
4 path.c:31 0x285978a9 12
4 path.c:31 0x285976e9 6
4 path.c:31 0x285979b9 9
4 dynarray.c:112 0x28597d39 32
4 dynarray.c:113 0x28597989 24
4 path.c:254 0x28597629 24
2 path.c:128 0x28597629 24
1 dynarray.c:84 0x28597709 24
2 dynarray.c:95 0x28597989 16
2 path.c:90 0x285979b9 6
2 path.c:90 0x285976e9 8
1 path.c:143 0x285976c9 14
2 path.c:178 0x285975c9 24
1 dynarray.c:84 0x285979d9 24
2 dynarray.c:95 0x28597b09 16
2 path.c:191 0x285978a9 14
2 path.c:205 0x28597b39 6
3 path.c:223 0x285978a9 0x285978a9 14 6
4 path.c:246 0x285978a9 6
4 path.c:31 0x28597b39 6
4 dynarray.c:112 0x28597b09 16
4 dynarray.c:113 0x285979d9 24
4 path.c:254 0x285975c9 24
2 path.c:178 0x285975c9 24
1 dynarray.c:84 0x28597659 24
2 dynarray.c:95 0x285979d9 16
2 path.c:191 0x28597b39 14
2 path.c:205 0x285978a9 6
2 path.c:205 0x28597889 8
3 path.c:223 0x28597b39 0x28597b39 14 14
4 path.c:246 0x28597b39 14
4 path.c:31 0x285978a9 6
4 path.c:31 0x28597889 8
4 dynarray.c:112 0x285979d9 16
4 dynarray.c:113 0x28597659 24
4 path.c:254 0x285975c9 24
2 path.c:178 0x285975c9 24
1 dynarray.c:84 0x28597b09 24
2 dynarray.c:95 0x28597659 16
2 path.c:191 0x28597889 14
2 path.c:205 0x285978a9 6
2 path.c:205 0x28597b39 8
3 path.c:223 0x28597889 0x28597889 14 14
1 bdtBad4.c:143 0x28597d39 32
2 path.c:178 0x28597cc9 24
1 dynarray.c:84 0x285979d9 24
2 dynarray.c:95 0x28597d79 16
2 path.c:191 0x28597da9 14
2 path.c:205 0x28597dc9 6
2 path.c:205 0x28597de9 8
3 path.c:223 0x28597da9 0x28597da9 14 14
4 path.c:246 0x28597889 14
4 path.c:31 0x285978a9 6
4 path.c:31 0x28597b39 8
4 dynarray.c:112 0x28597659 16
4 dynarray.c:113 0x28597b09 24
4 path.c:254 0x285975c9 24
4 path.c:246 0x285976c9 14
4 path.c:31 0x285979b9 6
4 path.c:31 0x285976e9 8
4 dynarray.c:112 0x28597989 16
4 dynarray.c:113 0x28597709 24
4 path.c:254 0x28597629 24
2 path.c:128 0x28597629 24
1 dynarray.c:84 0x28597659 24
2 dynarray.c:95 0x28597709 16
2 path.c:90 0x285976e9 6
2 path.c:90 0x285979b9 7
1 path.c:143 0x28597969 13
2 path.c:178 0x285975c9 24
1 dynarray.c:84 0x28597989 24
2 dynarray.c:95 0x28597b09 16
2 path.c:191 0x285976c9 13
2 path.c:205 0x285978a9 6
3 path.c:223 0x285976c9 0x285976c9 13 6
4 path.c:246 0x285976c9 6
4 path.c:31 0x285978a9 6
4 dynarray.c:112 0x28597b09 16
4 dynarray.c:113 0x28597989 24
4 path.c:254 0x285975c9 24
2 path.c:178 0x285975c9 24
1 dynarray.c:84 0x28597b09 24
2 dynarray.c:95 0x28597989 16
2 path.c:191 0x285978a9 13
2 path.c:205 0x285976c9 6
2 path.c:205 0x28597889 7
3 path.c:223 0x285978a9 0x285978a9 13 13
4 path.c:246 0x285978a9 13
4 path.c:31 0x285976c9 6
4 path.c:31 0x28597889 7
4 dynarray.c:112 0x28597989 16
4 dynarray.c:113 0x28597b09 24
4 path.c:254 0x285975c9 24
2 path.c:178 0x285975c9 24
1 dynarray.c:84 0x28597989 24
2 dynarray.c:95 0x28597b09 16
2 path.c:191 0x28597889 13
2 path.c:205 0x285976c9 6
2 path.c:205 0x285978a9 7
3 path.c:223 0x28597889 0x28597889 13 13
1 bdtBad4.c:143 0x28597cf9 32
2 path.c:178 0x28597e09 24
1 dynarray.c:84 0x28597939 24
2 dynarray.c:95 0x28597e39 16
2 path.c:191 0x28597e69 13
2 path.c:205 0x28597e89 6
2 path.c:205 0x28597ea9 7
3 path.c:223 0x28597e69 0x28597e69 13 13
4 path.c:246 0x28597e69 13
4 path.c:31 0x28597e89 6
4 path.c:31 0x28597ea9 7
4 dynarray.c:112 0x28597e39 16
4 dynarray.c:113 0x28597939 24
4 path.c:254 0x28597e09 24
4 bdtBad4.c:193 0x28597cf9 32
4 path.c:246 0x28597969 13
4 path.c:31 0x285976e9 6
4 path.c:31 0x285979b9 7
4 dynarray.c:112 0x28597709 16
4 dynarray.c:113 0x28597659 24
4 path.c:254 0x28597629 24
4 path.c:246 0x28597889 13
4 path.c:31 0x285976c9 6
4 path.c:31 0x285978a9 7
4 dynarray.c:112 0x28597b09 16
4 dynarray.c:113 0x28597989 24
4 path.c:254 0x285975c9 24
2 path.c:128 0x285975c9 24
1 dynarray.c:84 0x28597939 24
2 dynarray.c:95 0x28597989 16
2 path.c:90 0x285978a9 6
2 path.c:90 0x285976c9 4
2 path.c:90 0x28597889 5
3 dynarray.c:69 0x28597ec9 0x28597989 16 32
2 path.c:90 0x285979b9 7
1 path.c:143 0x28597b09 22
2 path.c:178 0x28597989 24
1 dynarray.c:84 0x28597629 24
2 dynarray.c:95 0x28597659 16
2 path.c:191 0x28597e09 22
2 path.c:205 0x285976e9 6
3 path.c:223 0x28597e09 0x28597e09 22 6
4 path.c:246 0x28597e09 6
4 path.c:31 0x285976e9 6
4 dynarray.c:112 0x28597659 16
4 dynarray.c:113 0x28597629 24
4 path.c:254 0x28597989 24
2 path.c:178 0x28597989 24
1 dynarray.c:84 0x28597709 24
2 dynarray.c:95 0x28597629 16
2 path.c:191 0x28597e09 22
2 path.c:205 0x285976e9 6
2 path.c:205 0x28597969 4
3 path.c:223 0x28597e09 0x28597e09 22 10
4 path.c:246 0x28597e09 10
4 path.c:31 0x285976e9 6
4 path.c:31 0x28597969 4
4 dynarray.c:112 0x28597629 16
4 dynarray.c:113 0x28597709 24
4 path.c:254 0x28597989 24
2 path.c:178 0x28597989 24
1 dynarray.c:84 0x28597659 24
2 dynarray.c:95 0x28597709 16
2 path.c:191 0x28597e09 22
2 path.c:205 0x28597969 6
2 path.c:205 0x285976e9 4
3 path.c:223 0x28597e09 0x28597e09 22 10
1 bdtBad4.c:143 0x28597cf9 32
2 path.c:178 0x28597f09 24
1 dynarray.c:84 0x28597629 24
2 dynarray.c:95 0x28597f39 16
2 path.c:191 0x28597ea9 10
2 path.c:205 0x28597e89 6
2 path.c:205 0x28597e69 4
3 path.c:223 0x28597ea9 0x28597ea9 10 10
4 path.c:246 0x28597ea9 10
4 path.c:31 0x28597e89 6
4 path.c:31 0x28597e69 4
4 dynarray.c:112 0x28597f39 16
4 dynarray.c:113 0x28597629 24
4 path.c:254 0x28597f09 24
4 bdtBad4.c:193 0x28597cf9 32
4 path.c:246 0x28597b09 22
4 path.c:31 0x285978a9 6
4 path.c:31 0x285976c9 4
4 path.c:31 0x28597889 5
4 path.c:31 0x285979b9 7
4 dynarray.c:112 0x28597ec9 32
4 dynarray.c:113 0x28597939 24
4 path.c:254 0x285975c9 24
4 path.c:246 0x28597e09 10
4 path.c:31 0x28597969 6
4 path.c:31 0x285976e9 4
4 dynarray.c:112 0x28597709 16
4 dynarray.c:113 0x28597659 24
4 path.c:254 0x28597989 24
2 path.c:128 0x28597989 24
1 dynarray.c:84 0x28597f39 24
2 dynarray.c:95 0x28597659 16
2 path.c:90 0x285976e9 6
1 path.c:143 0x28597b39 6
2 path.c:178 0x28597e09 24
1 dynarray.c:84 0x28597709 24
2 dynarray.c:95 0x285975c9 16
2 path.c:191 0x28597969 6
2 path.c:205 0x28597889 6
3 path.c:223 0x28597969 0x28597969 6 6
4 path.c:246 0x28597969 6
4 path.c:31 0x28597889 6
4 dynarray.c:112 0x285975c9 16
4 dynarray.c:113 0x28597709 24
4 path.c:254 0x28597e09 24
4 path.c:246 0x28597b39 6
4 path.c:31 0x285976e9 6
4 dynarray.c:112 0x28597659 16
4 dynarray.c:113 0x28597f39 24
4 path.c:254 0x28597989 24
2 path.c:128 0x28597989 24
1 dynarray.c:84 0x28597939 24
2 dynarray.c:95 0x28597f39 16
2 path.c:90 0x285976e9 6
2 path.c:90 0x28597b39 7
1 path.c:143 0x285979b9 13
2 path.c:178 0x28597e09 24
1 dynarray.c:84 0x28597659 24
2 dynarray.c:95 0x28597709 16
2 path.c:191 0x28597889 13
2 path.c:205 0x285976c9 6
3 path.c:223 0x28597889 0x28597889 13 6
4 path.c:246 0x28597889 6
4 path.c:31 0x285976c9 6
4 dynarray.c:112 0x28597709 16
4 dynarray.c:113 0x28597659 24
4 path.c:254 0x28597e09 24
2 path.c:178 0x28597e09 24
1 dynarray.c:84 0x285975c9 24
2 dynarray.c:95 0x28597659 16
2 path.c:191 0x285976c9 13
2 path.c:205 0x28597889 6
2 path.c:205 0x285978a9 7
3 path.c:223 0x285976c9 0x285976c9 13 13
4 path.c:246 0x285976c9 13
4 path.c:31 0x28597889 6
4 path.c:31 0x285978a9 7
4 dynarray.c:112 0x28597659 16
4 dynarray.c:113 0x285975c9 24
4 path.c:254 0x28597e09 24
4 path.c:246 0x285979b9 13
4 path.c:31 0x285976e9 6
4 path.c:31 0x28597b39 7
4 dynarray.c:112 0x28597f39 16
4 dynarray.c:113 0x28597939 24
4 path.c:254 0x28597989 24
2 path.c:128 0x28597989 24
1 dynarray.c:84 0x28597709 24
2 dynarray.c:95 0x28597939 16
2 path.c:90 0x28597b39 6
2 path.c:90 0x285976e9 8
1 path.c:143 0x28597969 14
2 path.c:178 0x28597e09 24
1 dynarray.c:84 0x28597f39 24
2 dynarray.c:95 0x285975c9 16
2 path.c:191 0x285979b9 14
2 path.c:205 0x28597889 6
3 path.c:223 0x285979b9 0x285979b9 14 6
4 path.c:246 0x285979b9 6
4 path.c:31 0x28597889 6
4 dynarray.c:112 0x285975c9 16
4 dynarray.c:113 0x28597f39 24
4 path.c:254 0x28597e09 24
2 path.c:178 0x28597e09 24
1 dynarray.c:84 0x28597659 24
2 dynarray.c:95 0x28597f39 16
2 path.c:191 0x28597889 14
2 path.c:205 0x285979b9 6
2 path.c:205 0x285976c9 8
3 path.c:223 0x28597889 0x28597889 14 14
4 path.c:246 0x28597889 14
4 path.c:31 0x285979b9 6
4 path.c:31 0x285976c9 8
4 dynarray.c:112 0x28597f39 16
4 dynarray.c:113 0x28597659 24
4 path.c:254 0x28597e09 24
4 path.c:246 0x28597969 14
4 path.c:31 0x28597b39 6
4 path.c:31 0x285976e9 8
4 dynarray.c:112 0x28597939 16
4 dynarray.c:113 0x28597709 24
4 path.c:254 0x28597989 24
2 path.c:128 0x28597989 24
1 dynarray.c:84 0x285975c9 24
2 dynarray.c:95 0x28597709 16
2 path.c:90 0x285976e9 6
2 path.c:90 0x28597b39 7
1 path.c:143 0x285978a9 13
2 path.c:178 0x28597e09 24
1 dynarray.c:84 0x28597939 24
2 dynarray.c:95 0x28597659 16
2 path.c:191 0x28597969 13
2 path.c:205 0x285979b9 6
3 path.c:223 0x28597969 0x28597969 13 6
4 path.c:246 0x28597969 6
4 path.c:31 0x285979b9 6
4 dynarray.c:112 0x28597659 16
4 dynarray.c:113 0x28597939 24
4 path.c:254 0x28597e09 24
2 path.c:178 0x28597e09 24
1 dynarray.c:84 0x28597f39 24
2 dynarray.c:95 0x28597939 16
2 path.c:191 0x285979b9 13
2 path.c:205 0x28597969 6
2 path.c:205 0x28597889 7
3 path.c:223 0x285979b9 0x285979b9 13 13
4 path.c:246 0x285979b9 13
4 path.c:31 0x28597969 6
4 path.c:31 0x28597889 7
4 dynarray.c:112 0x28597939 16
4 dynarray.c:113 0x28597f39 24
4 path.c:254 0x28597e09 24
4 path.c:246 0x285978a9 13
4 path.c:31 0x285976e9 6
4 path.c:31 0x28597b39 7
4 dynarray.c:112 0x28597709 16
4 dynarray.c:113 0x285975c9 24
4 path.c:254 0x28597989 24
2 path.c:128 0x28597989 24
1 dynarray.c:84 0x28597659 24
2 dynarray.c:95 0x285975c9 16
2 path.c:90 0x28597b39 6
2 path.c:90 0x285976e9 4
1 path.c:143 0x285976c9 10
2 path.c:178 0x28597e09 24
1 dynarray.c:84 0x28597709 24
2 dynarray.c:95 0x28597f39 16
2 path.c:191 0x285978a9 10
2 path.c:205 0x28597969 6
3 path.c:223 0x285978a9 0x285978a9 10 6
4 path.c:246 0x285978a9 6
4 path.c:31 0x28597969 6
4 dynarray.c:112 0x28597f39 16
4 dynarray.c:113 0x28597709 24
4 path.c:254 0x28597e09 24
2 path.c:178 0x28597e09 24
1 dynarray.c:84 0x28597939 24
2 dynarray.c:95 0x28597709 16
2 path.c:191 0x28597969 10
2 path.c:205 0x285978a9 6
2 path.c:205 0x285979b9 4
3 path.c:223 0x28597969 0x28597969 10 10
4 path.c:246 0x28597969 10
4 path.c:31 0x285978a9 6
4 path.c:31 0x285979b9 4
4 dynarray.c:112 0x28597709 16
4 dynarray.c:113 0x28597939 24
4 path.c:254 0x28597e09 24
4 path.c:246 0x285976c9 10
4 path.c:31 0x28597b39 6
4 path.c:31 0x285976e9 4
4 dynarray.c:112 0x285975c9 16
4 dynarray.c:113 0x28597659 24
4 path.c:254 0x28597989 24
2 path.c:128 0x28597989 24
1 dynarray.c:84 0x28597f39 24
2 dynarray.c:95 0x28597659 16
2 path.c:90 0x285976e9 6
2 path.c:90 0x28597b39 4
2 path.c:90 0x285976c9 5
3 dynarray.c:69 0x28597f69 0x28597659 16 32
1 path.c:143 0x285975c9 15
2 path.c:178 0x28597659 24
1 dynarray.c:84 0x28597e09 24
2 dynarray.c:95 0x28597939 16
2 path.c:191 0x28597b09 15
2 path.c:205 0x285979b9 6
3 path.c:223 0x28597b09 0x28597b09 15 6
4 path.c:246 0x28597b09 6
4 path.c:31 0x285979b9 6
4 dynarray.c:112 0x28597939 16
4 dynarray.c:113 0x28597e09 24
4 path.c:254 0x28597659 24
2 path.c:178 0x28597659 24
1 dynarray.c:84 0x28597709 24
2 dynarray.c:95 0x28597e09 16
2 path.c:191 0x28597b09 15
2 path.c:205 0x285979b9 6
2 path.c:205 0x285978a9 4
3 path.c:223 0x28597b09 0x28597b09 15 10
4 path.c:246 0x28597b09 10
4 path.c:31 0x285979b9 6
4 path.c:31 0x285978a9 4
4 dynarray.c:112 0x28597e09 16
4 dynarray.c:113 0x28597709 24
4 path.c:254 0x28597659 24
4 path.c:246 0x285975c9 15
4 path.c:31 0x285976e9 6
4 path.c:31 0x28597b39 4
4 path.c:31 0x285976c9 5
4 dynarray.c:112 0x28597f69 32
4 dynarray.c:113 0x28597f39 24
4 path.c:254 0x28597989 24
2 path.c:128 0x28597989 24
1 dynarray.c:84 0x28597939 24
2 dynarray.c:95 0x28597f39 16
2 path.c:90 0x285976c9 6
2 path.c:90 0x28597b39 4
2 path.c:90 0x285976e9 5
3 dynarray.c:69 0x28597fa9 0x28597f39 16 32
2 path.c:90 0x285978a9 7
1 path.c:143 0x285975c9 22
2 path.c:178 0x28597f39 24
1 dynarray.c:84 0x28597659 24
2 dynarray.c:95 0x28597709 16
2 path.c:191 0x28597b09 22
2 path.c:205 0x285979b9 6
3 path.c:223 0x28597b09 0x28597b09 22 6
4 path.c:246 0x28597b09 6
4 path.c:31 0x285979b9 6
4 dynarray.c:112 0x28597709 16
4 dynarray.c:113 0x28597659 24
4 path.c:254 0x28597f39 24
2 path.c:178 0x28597f39 24
1 dynarray.c:84 0x28597e09 24
2 dynarray.c:95 0x28597659 16
2 path.c:191 0x28597b09 22
2 path.c:205 0x285979b9 6
2 path.c:205 0x28597969 4
3 path.c:223 0x28597b09 0x28597b09 22 10
4 path.c:246 0x28597b09 10
4 path.c:31 0x285979b9 6
4 path.c:31 0x28597969 4
4 dynarray.c:112 0x28597659 16
4 dynarray.c:113 0x28597e09 24
4 path.c:254 0x28597f39 24
4 path.c:246 0x285975c9 22
4 path.c:31 0x285976c9 6
4 path.c:31 0x28597b39 4
4 path.c:31 0x285976e9 5
4 path.c:31 0x285978a9 7
4 dynarray.c:112 0x28597fa9 32
4 dynarray.c:113 0x28597939 24
4 path.c:254 0x28597989 24
1 dynarray.c:84 0x28597709 24
2 dynarray.c:95 0x28597fe9 32
1 bdtBad4.c:663 0x28598029 55
4 dynarray.c:112 0x28597fe9 32
4 dynarray.c:113 0x28597709 24
6 bdt_client.c:82 0x28598029
4 bdt_client.c:82 0x28598029 55
2 path.c:128 0x28597989 24
1 dynarray.c:84 0x28597709 24
2 dynarray.c:95 0x28597939 16
2 path.c:90 0x285978a9 6
2 path.c:90 0x285976e9 7
2 path.c:90 0x28597b39 12
3 dynarray.c:69 0x28598079 0x28597939 16 32
1 path.c:143 0x285975c9 25
2 path.c:178 0x28597939 24
1 dynarray.c:84 0x28597f39 24
2 dynarray.c:95 0x28597e09 16
2 path.c:191 0x28597b09 25
2 path.c:205 0x285976c9 6
3 path.c:223 0x28597b09 0x28597b09 25 6
4 path.c:246 0x28597b09 6
4 path.c:31 0x285976c9 6
4 dynarray.c:112 0x28597e09 16
4 dynarray.c:113 0x28597f39 24
4 path.c:254 0x28597939 24
2 path.c:178 0x28597939 24
1 dynarray.c:84 0x28597659 24
2 dynarray.c:95 0x28597f39 16
2 path.c:191 0x28597b09 25
2 path.c:205 0x285976c9 6
2 path.c:205 0x28597969 7
3 path.c:223 0x28597b09 0x28597b09 25 13
4 path.c:246 0x28597b09 13
4 path.c:31 0x285976c9 6
4 path.c:31 0x28597969 7
4 dynarray.c:112 0x28597f39 16
4 dynarray.c:113 0x28597659 24
4 path.c:254 0x28597939 24
2 path.c:178 0x28597939 24
1 dynarray.c:84 0x28597e09 24
2 dynarray.c:95 0x28597659 24
2 path.c:191 0x28597b09 25
2 path.c:205 0x28597969 6
2 path.c:205 0x285976c9 7
2 path.c:205 0x285979b9 12
3 path.c:223 0x28597b09 0x28597b09 25 25
4 path.c:246 0x28597b09 25
4 path.c:31 0x28597969 6
4 path.c:31 0x285976c9 7
4 path.c:31 0x285979b9 12
4 dynarray.c:112 0x28597659 24
4 dynarray.c:113 0x28597e09 24
4 path.c:254 0x28597939 24
4 path.c:246 0x285975c9 25
4 path.c:31 0x285978a9 6
4 path.c:31 0x285976e9 7
4 path.c:31 0x28597b39 12
4 dynarray.c:112 0x28598079 32
4 dynarray.c:113 0x28597709 24
4 path.c:254 0x28597989 24
2 path.c:128 0x28597989 24
1 dynarray.c:84 0x28597f39 24
2 dynarray.c:95 0x28597709 16
2 path.c:90 0x28597b39 6
2 path.c:90 0x285976e9 8
2 path.c:90 0x285978a9 12
3 dynarray.c:69 0x28598079 0x28597709 16 32
1 path.c:143 0x285975c9 26
2 path.c:178 0x28597709 24
1 dynarray.c:84 0x28597939 24
2 dynarray.c:95 0x28597e09 16
2 path.c:191 0x28597b09 26
2 path.c:205 0x285979b9 6
3 path.c:223 0x28597b09 0x28597b09 26 6
4 path.c:246 0x28597b09 6
4 path.c:31 0x285979b9 6
4 dynarray.c:112 0x28597e09 16
4 dynarray.c:113 0x28597939 24
4 path.c:254 0x28597709 24
2 path.c:178 0x28597709 24
1 dynarray.c:84 0x28597659 24
2 dynarray.c:95 0x28597939 16
2 path.c:191 0x28597b09 26
2 path.c:205 0x285979b9 6
2 path.c:205 0x285976c9 8
3 path.c:223 0x28597b09 0x28597b09 26 14
4 path.c:246 0x28597b09 14
4 path.c:31 0x285979b9 6
4 path.c:31 0x285976c9 8
4 dynarray.c:112 0x28597939 16
4 dynarray.c:113 0x28597659 24
4 path.c:254 0x28597709 24
2 path.c:178 0x28597709 24
1 dynarray.c:84 0x28597e09 24
2 dynarray.c:95 0x28597659 24
2 path.c:191 0x28597b09 26
2 path.c:205 0x285976c9 6
2 path.c:205 0x285979b9 8
2 path.c:205 0x28597969 12
3 path.c:223 0x28597b09 0x28597b09 26 26
4 path.c:246 0x28597b09 26
4 path.c:31 0x285976c9 6
4 path.c:31 0x285979b9 8
4 path.c:31 0x28597969 12
4 dynarray.c:112 0x28597659 24
4 dynarray.c:113 0x28597e09 24
4 path.c:254 0x28597709 24
4 path.c:246 0x285975c9 26
4 path.c:31 0x28597b39 6
4 path.c:31 0x285976e9 8
4 path.c:31 0x285978a9 12
4 dynarray.c:112 0x28598079 32
4 dynarray.c:113 0x28597f39 24
4 path.c:254 0x28597989 24
2 path.c:128 0x28597989 24
1 dynarray.c:84 0x28597939 24
2 dynarray.c:95 0x28597f39 16
2 path.c:90 0x285978a9 6
2 path.c:90 0x285976e9 8
2 path.c:90 0x28597b39 12
3 dynarray.c:69 0x28598079 0x28597f39 16 32
1 path.c:143 0x285975c9 26
2 path.c:178 0x28597f39 24
1 dynarray.c:84 0x28597709 24
2 dynarray.c:95 0x28597e09 16
2 path.c:191 0x28597b09 26
2 path.c:205 0x28597969 6
3 path.c:223 0x28597b09 0x28597b09 26 6
4 path.c:246 0x28597b09 6
4 path.c:31 0x28597969 6
4 dynarray.c:112 0x28597e09 16
4 dynarray.c:113 0x28597709 24
4 path.c:254 0x28597f39 24
2 path.c:178 0x28597f39 24
1 dynarray.c:84 0x28597659 24
2 dynarray.c:95 0x28597709 16
2 path.c:191 0x28597b09 26
2 path.c:205 0x28597969 6
2 path.c:205 0x285979b9 8
3 path.c:223 0x28597b09 0x28597b09 26 14
4 path.c:246 0x28597b09 14
4 path.c:31 0x28597969 6
4 path.c:31 0x285979b9 8
4 dynarray.c:112 0x28597709 16
4 dynarray.c:113 0x28597659 24
4 path.c:254 0x28597f39 24
2 path.c:178 0x28597f39 24
1 dynarray.c:84 0x28597e09 24
2 dynarray.c:95 0x28597659 24
2 path.c:191 0x28597b09 26
2 path.c:205 0x285979b9 6
2 path.c:205 0x28597969 8
2 path.c:205 0x285976c9 12
3 path.c:223 0x28597b09 0x28597b09 26 26
4 path.c:246 0x28597b09 26
4 path.c:31 0x285979b9 6
4 path.c:31 0x28597969 8
4 path.c:31 0x285976c9 12
4 dynarray.c:112 0x28597659 24
4 dynarray.c:113 0x28597e09 24
4 path.c:254 0x28597f39 24
2 path.c:178 0x28597f39 24
1 dynarray.c:84 0x28597709 24
2 dynarray.c:95 0x28597e09 24
2 path.c:191 0x28597b09 26
2 path.c:205 0x285976c9 6
2 path.c:205 0x28597969 8
2 path.c:205 0x285979b9 12
3 path.c:223 0x28597b09 0x28597b09 26 26
1 bdtBad4.c:143 0x28597fe9 32
2 path.c:178 0x28597f09 24
1 dynarray.c:84 0x28597659 24
2 dynarray.c:95 0x28597629 24
2 path.c:191 0x285980b9 26
2 path.c:205 0x28597e69 6
2 path.c:205 0x28597e89 8
2 path.c:205 0x28597ea9 12
3 path.c:223 0x285980b9 0x285980b9 26 26
4 path.c:246 0x28597b09 26
4 path.c:31 0x285976c9 6
4 path.c:31 0x28597969 8
4 path.c:31 0x285979b9 12
4 dynarray.c:112 0x28597e09 24
4 dynarray.c:113 0x28597709 24
4 path.c:254 0x28597f39 24
4 path.c:246 0x285975c9 26
4 path.c:31 0x285978a9 6
4 path.c:31 0x285976e9 8
4 path.c:31 0x28597b39 12
4 dynarray.c:112 0x28598079 32
4 dynarray.c:113 0x28597939 24
4 path.c:254 0x28597989 24
2 path.c:128 0x28597989 24
1 dynarray.c:84 0x28597b09 24
2 dynarray.c:95 0x28597939 16
2 path.c:90 0x28597b39 6
2 path.c:90 0x285976e9 7
2 path.c:90 0x285978a9 12
3 dynarray.c:69 0x285980e9 0x28597939 16 32
1 path.c:143 0x285975c9 25
2 path.c:178 0x28597939 24
1 dynarray.c:84 0x28597f39 24
2 dynarray.c:95 0x28597709 16
2 path.c:191 0x28598129 25
2 path.c:205 0x285979b9 6
3 path.c:223 0x28598129 0x28598129 25 6
4 path.c:246 0x28598129 6
4 path.c:31 0x285979b9 6
4 dynarray.c:112 0x28597709 16
4 dynarray.c:113 0x28597f39 24
4 path.c:254 0x28597939 24
2 path.c:178 0x28597939 24
1 dynarray.c:84 0x28597e09 24
2 dynarray.c:95 0x28597f39 16
2 path.c:191 0x28598129 25
2 path.c:205 0x285979b9 6
2 path.c:205 0x28597969 7
3 path.c:223 0x28598129 0x28598129 25 13
4 path.c:246 0x28598129 13
4 path.c:31 0x285979b9 6
4 path.c:31 0x28597969 7
4 dynarray.c:112 0x28597f39 16
4 dynarray.c:113 0x28597e09 24
4 path.c:254 0x28597939 24
2 path.c:178 0x28597939 24
1 dynarray.c:84 0x28597709 24
2 dynarray.c:95 0x28597e09 24
2 path.c:191 0x28598129 25
2 path.c:205 0x28597969 6
2 path.c:205 0x285979b9 7
2 path.c:205 0x285976c9 12
3 path.c:223 0x28598129 0x28598129 25 25
4 path.c:246 0x28598129 25
4 path.c:31 0x28597969 6
4 path.c:31 0x285979b9 7
4 path.c:31 0x285976c9 12
4 dynarray.c:112 0x28597e09 24
4 dynarray.c:113 0x28597709 24
4 path.c:254 0x28597939 24
4 path.c:246 0x285975c9 25
4 path.c:31 0x28597b39 6
4 path.c:31 0x285976e9 7
4 path.c:31 0x285978a9 12
4 dynarray.c:112 0x285980e9 32
4 dynarray.c:113 0x28597b09 24
4 path.c:254 0x28597989 24
2 path.c:128 0x28597989 24
1 dynarray.c:84 0x28597f39 24
2 dynarray.c:95 0x28597b09 16
2 path.c:90 0x285978a9 6
2 path.c:90 0x285976e9 8
2 path.c:90 0x28597b39 12
3 dynarray.c:69 0x285980e9 0x28597b09 16 32
1 path.c:143 0x285975c9 26
2 path.c:178 0x28597b09 24
1 dynarray.c:84 0x28597939 24
2 dynarray.c:95 0x28597709 16
2 path.c:191 0x28598129 26
2 path.c:205 0x285976c9 6
3 path.c:223 0x28598129 0x28598129 26 6
4 path.c:246 0x28598129 6
4 path.c:31 0x285976c9 6
4 dynarray.c:112 0x28597709 16
4 dynarray.c:113 0x28597939 24
4 path.c:254 0x28597b09 24
2 path.c:178 0x28597b09 24
1 dynarray.c:84 0x28597e09 24
2 dynarray.c:95 0x28597939 16
2 path.c:191 0x28598129 26
2 path.c:205 0x285976c9 6
2 path.c:205 0x285979b9 8
3 path.c:223 0x28598129 0x28598129 26 14
4 path.c:246 0x28598129 14
4 path.c:31 0x285976c9 6
4 path.c:31 0x285979b9 8
4 dynarray.c:112 0x28597939 16
4 dynarray.c:113 0x28597e09 24
4 path.c:254 0x28597b09 24
2 path.c:178 0x28597b09 24
1 dynarray.c:84 0x28597709 24
2 dynarray.c:95 0x28597e09 24
2 path.c:191 0x28598129 26
2 path.c:205 0x285979b9 6
2 path.c:205 0x285976c9 8
2 path.c:205 0x28597969 12
3 path.c:223 0x28598129 0x28598129 26 26
4 path.c:246 0x28598129 26
4 path.c:31 0x285979b9 6
4 path.c:31 0x285976c9 8
4 path.c:31 0x28597969 12
4 dynarray.c:112 0x28597e09 24
4 dynarray.c:113 0x28597709 24
4 path.c:254 0x28597b09 24
4 path.c:246 0x285975c9 26
4 path.c:31 0x285978a9 6
4 path.c:31 0x285976e9 8
4 path.c:31 0x28597b39 12
4 dynarray.c:112 0x285980e9 32
4 dynarray.c:113 0x28597f39 24
4 path.c:254 0x28597989 24
2 path.c:128 0x28597989 24
1 dynarray.c:84 0x28597939 24
2 dynarray.c:95 0x28597f39 16
2 path.c:90 0x28597b39 6
2 path.c:90 0x285976e9 8
2 path.c:90 0x285978a9 12
3 dynarray.c:69 0x285980e9 0x28597f39 16 32
1 path.c:143 0x285975c9 26
2 path.c:178 0x28597f39 24
1 dynarray.c:84 0x28597b09 24
2 dynarray.c:95 0x28597709 16
2 path.c:191 0x28598129 26
2 path.c:205 0x28597969 6
3 path.c:223 0x28598129 0x28598129 26 6
4 path.c:246 0x28598129 6
4 path.c:31 0x28597969 6
4 dynarray.c:112 0x28597709 16
4 dynarray.c:113 0x28597b09 24
4 path.c:254 0x28597f39 24
2 path.c:178 0x28597f39 24
1 dynarray.c:84 0x28597e09 24
2 dynarray.c:95 0x28597b09 16
2 path.c:191 0x28598129 26
2 path.c:205 0x28597969 6
2 path.c:205 0x285976c9 8
3 path.c:223 0x28598129 0x28598129 26 14
4 path.c:246 0x28598129 14
4 path.c:31 0x28597969 6
4 path.c:31 0x285976c9 8
4 dynarray.c:112 0x28597b09 16
4 dynarray.c:113 0x28597e09 24
4 path.c:254 0x28597f39 24
2 path.c:178 0x28597f39 24
1 dynarray.c:84 0x28597709 24
2 dynarray.c:95 0x28597e09 24
2 path.c:191 0x28598129 26
2 path.c:205 0x285976c9 6
2 path.c:205 0x28597969 8
2 path.c:205 0x285979b9 12
3 path.c:223 0x28598129 0x28598129 26 26
4 path.c:246 0x28598129 26
4 path.c:31 0x285976c9 6
4 path.c:31 0x28597969 8
4 path.c:31 0x285979b9 12
4 dynarray.c:112 0x28597e09 24
4 dynarray.c:113 0x28597709 24
4 path.c:254 0x28597f39 24
4 path.c:246 0x285975c9 26
4 path.c:31 0x28597b39 6
4 path.c:31 0x285976e9 8
4 path.c:31 0x285978a9 12
4 dynarray.c:112 0x285980e9 32
4 dynarray.c:113 0x28597939 24
4 path.c:254 0x28597989 24
2 path.c:128 0x28597989 24
1 dynarray.c:84 0x28597b09 24
2 dynarray.c:95 0x28597939 16
2 path.c:90 0x285978a9 6
2 path.c:90 0x285976e9 8
2 path.c:90 0x28597b39 12
3 dynarray.c:69 0x285980e9 0x28597939 16 32
2 path.c:90 0x285979b9 6
1 path.c:143 0x28598079 32
2 path.c:178 0x28597939 24
1 dynarray.c:84 0x285975c9 24
2 dynarray.c:95 0x28597f39 16
2 path.c:191 0x28598159 32
2 path.c:205 0x28597969 6
3 path.c:223 0x28598159 0x28598159 32 6
4 path.c:246 0x28598159 6
4 path.c:31 0x28597969 6
4 dynarray.c:112 0x28597f39 16
4 dynarray.c:113 0x285975c9 24
4 path.c:254 0x28597939 24
2 path.c:178 0x28597939 24
1 dynarray.c:84 0x28597709 24
2 dynarray.c:95 0x285975c9 16
2 path.c:191 0x28598199 32
2 path.c:205 0x28597969 6
2 path.c:205 0x28598159 8
3 path.c:223 0x28598199 0x28598199 32 14
4 path.c:246 0x28598199 14
4 path.c:31 0x28597969 6
4 path.c:31 0x28598159 8
4 dynarray.c:112 0x285975c9 16
4 dynarray.c:113 0x28597709 24
4 path.c:254 0x28597939 24
2 path.c:178 0x28597939 24
1 dynarray.c:84 0x28597f39 24
2 dynarray.c:95 0x28597709 24
2 path.c:191 0x285981d9 32
2 path.c:205 0x28598159 6
2 path.c:205 0x28597969 8
2 path.c:205 0x28598199 12
3 path.c:223 0x285981d9 0x285981d9 32 26
4 path.c:246 0x285981d9 26
4 path.c:31 0x28598159 6
4 path.c:31 0x28597969 8
4 path.c:31 0x28598199 12
4 dynarray.c:112 0x28597709 24
4 dynarray.c:113 0x28597f39 24
4 path.c:254 0x28597939 24
2 path.c:178 0x28597939 24
1 dynarray.c:84 0x285975c9 24
2 dynarray.c:95 0x28598219 32
2 path.c:191 0x28598259 32
2 path.c:205 0x28598199 6
2 path.c:205 0x28597969 8
2 path.c:205 0x28598159 12
2 path.c:205 0x285981b9 6
3 path.c:223 0x28598259 0x28598259 32 32
4 path.c:246 0x28598259 32
4 path.c:31 0x28598199 6
4 path.c:31 0x28597969 8
4 path.c:31 0x28598159 12
4 path.c:31 0x285981b9 6
4 dynarray.c:112 0x28598219 32
4 dynarray.c:113 0x285975c9 24
4 path.c:254 0x28597939 24
2 path.c:178 0x28597939 24
1 dynarray.c:84 0x285975c9 24
2 dynarray.c:95 0x28598219 32
2 path.c:191 0x28598259 32
2 path.c:205 0x285981b9 6
2 path.c:205 0x28598159 8
2 path.c:205 0x28597969 12
2 path.c:205 0x28598199 6
3 path.c:223 0x28598259 0x28598259 32 32
1 bdtBad4.c:143 0x285981d9 32
2 path.c:178 0x28597f39 24
1 dynarray.c:84 0x28597709 24
2 dynarray.c:95 0x28598299 32
2 path.c:191 0x285982d9 32
2 path.c:205 0x28598179 6
2 path.c:205 0x285976c9 8
2 path.c:205 0x28598319 12
2 path.c:205 0x28598339 6
3 path.c:223 0x285982d9 0x285982d9 32 32
4 path.c:246 0x28598259 32
4 path.c:31 0x285981b9 6
4 path.c:31 0x28598159 8
4 path.c:31 0x28597969 12
4 path.c:31 0x28598199 6
4 dynarray.c:112 0x28598219 32
4 dynarray.c:113 0x285975c9 24
4 path.c:254 0x28597939 24
4 path.c:246 0x28598079 32
4 path.c:31 0x285978a9 6
4 path.c:31 0x285976e9 8
4 path.c:31 0x28597b39 12
4 path.c:31 0x285979b9 6
4 dynarray.c:112 0x285980e9 32
4 dynarray.c:113 0x28597b09 24
4 path.c:254 0x28597989 24
2 path.c:128 0x28597989 24
1 dynarray.c:84 0x285975c9 24
2 dynarray.c:95 0x28597b09 16
2 path.c:90 0x285979b9 6
2 path.c:90 0x28597b39 8
2 path.c:90 0x285976e9 12
3 dynarray.c:69 0x285980e9 0x28597b09 16 32
2 path.c:90 0x285978a9 6
1 path.c:143 0x28598259 32
2 path.c:178 0x28597b09 24
1 dynarray.c:84 0x28597939 24
2 dynarray.c:95 0x28597e09 16
2 path.c:191 0x28598079 32
2 path.c:205 0x28598199 6
3 path.c:223 0x28598079 0x28598079 32 6
4 path.c:246 0x28598079 6
4 path.c:31 0x28598199 6
4 dynarray.c:112 0x28597e09 16
4 dynarray.c:113 0x28597939 24
4 path.c:254 0x28597b09 24
2 path.c:178 0x28597b09 24
1 dynarray.c:84 0x28598129 24
2 dynarray.c:95 0x28597939 16
2 path.c:191 0x28598359 32
2 path.c:205 0x28598199 6
2 path.c:205 0x28598079 8
3 path.c:223 0x28598359 0x28598359 32 14
4 path.c:246 0x28598359 14
4 path.c:31 0x28598199 6
4 path.c:31 0x28598079 8
4 dynarray.c:112 0x28597939 16
4 dynarray.c:113 0x28598129 24
4 path.c:254 0x28597b09 24
2 path.c:178 0x28597b09 24
1 dynarray.c:84 0x28597e09 24
2 dynarray.c:95 0x28598129 24
2 path.c:191 0x28598399 32
2 path.c:205 0x28598079 6
2 path.c:205 0x28598199 8
2 path.c:205 0x28598359 12
3 path.c:223 0x28598399 0x28598399 32 26
4 path.c:246 0x28598399 26
4 path.c:31 0x28598079 6
4 path.c:31 0x28598199 8
4 path.c:31 0x28598359 12
4 dynarray.c:112 0x28598129 24
4 dynarray.c:113 0x28597e09 24
4 path.c:254 0x28597b09 24
2 path.c:178 0x28597b09 24
1 dynarray.c:84 0x28597939 24
2 dynarray.c:95 0x28598399 32
2 path.c:191 0x285983d9 32
2 path.c:205 0x28598359 6
2 path.c:205 0x28598199 8
2 path.c:205 0x28598079 12
2 path.c:205 0x28598379 6
3 path.c:223 0x285983d9 0x285983d9 32 32
4 path.c:246 0x285983d9 32
4 path.c:31 0x28598359 6
4 path.c:31 0x28598199 8
4 path.c:31 0x28598079 12
4 path.c:31 0x28598379 6
4 dynarray.c:112 0x28598399 32
4 dynarray.c:113 0x28597939 24
4 path.c:254 0x28597b09 24
4 path.c:246 0x28598259 32
4 path.c:31 0x285979b9 6
4 path.c:31 0x28597b39 8
4 path.c:31 0x285976e9 12
4 path.c:31 0x285978a9 6
4 dynarray.c:112 0x285980e9 32
4 dynarray.c:113 0x285975c9 24
4 path.c:254 0x28597989 24
1 dynarray.c:84 0x28597939 24
2 dynarray.c:95 0x28598419 48
1 bdtBad4.c:663 0x28598469 111
4 dynarray.c:112 0x28598419 48
4 dynarray.c:113 0x28597939 24
6 bdt_client.c:96 0x28598469
4 bdt_client.c:96 0x28598469 111
2 path.c:128 0x28597989 24
1 dynarray.c:84 0x28597939 24
2 dynarray.c:95 0x285975c9 16
2 path.c:90 0x285978a9 6
2 path.c:90 0x285976e9 8
2 path.c:90 0x28597b39 12
3 dynarray.c:69 0x285980e9 0x285975c9 16 32
2 path.c:90 0x285979b9 6
1 path.c:143 0x28598219 32
2 path.c:178 0x285975c9 24
1 dynarray.c:84 0x28597b09 24
2 dynarray.c:95 0x28597e09 16
2 path.c:191 0x28598259 32
2 path.c:205 0x28598379 6
3 path.c:223 0x28598259 0x28598259 32 6
4 path.c:246 0x28598259 6
4 path.c:31 0x28598379 6
4 dynarray.c:112 0x28597e09 16
4 dynarray.c:113 0x28597b09 24
4 path.c:254 0x285975c9 24
2 path.c:178 0x285975c9 24
1 dynarray.c:84 0x28598129 24
2 dynarray.c:95 0x28597b09 16
2 path.c:191 0x285983d9 32
2 path.c:205 0x28598379 6
2 path.c:205 0x28598259 8
3 path.c:223 0x285983d9 0x285983d9 32 14
4 path.c:246 0x285983d9 14
4 path.c:31 0x28598379 6
4 path.c:31 0x28598259 8
4 dynarray.c:112 0x28597b09 16
4 dynarray.c:113 0x28598129 24
4 path.c:254 0x285975c9 24
2 path.c:178 0x285975c9 24
1 dynarray.c:84 0x28597e09 24
2 dynarray.c:95 0x28598129 24
2 path.c:191 0x285984f9 32
2 path.c:205 0x28598259 6
2 path.c:205 0x28598379 8
2 path.c:205 0x285983d9 12
3 path.c:223 0x285984f9 0x285984f9 32 26
4 path.c:246 0x285984f9 26
4 path.c:31 0x28598259 6
4 path.c:31 0x28598379 8
4 path.c:31 0x285983d9 12
4 dynarray.c:112 0x28598129 24
4 dynarray.c:113 0x28597e09 24
4 path.c:254 0x285975c9 24
2 path.c:178 0x285975c9 24
1 dynarray.c:84 0x28597b09 24
2 dynarray.c:95 0x285984f9 32
2 path.c:191 0x28598539 32
2 path.c:205 0x285983d9 6
2 path.c:205 0x28598379 8
2 path.c:205 0x28598259 12
2 path.c:205 0x285983f9 6
3 path.c:223 0x28598539 0x28598539 32 32
4 path.c:246 0x28598539 32
4 path.c:31 0x285983d9 6
4 path.c:31 0x28598379 8
4 path.c:31 0x28598259 12
4 path.c:31 0x285983f9 6
4 dynarray.c:112 0x285984f9 32
4 dynarray.c:113 0x28597b09 24
4 path.c:254 0x285975c9 24
4 path.c:246 0x28598219 32
4 path.c:31 0x285978a9 6
4 path.c:31 0x285976e9 8
4 path.c:31 0x28597b39 12
4 path.c:31 0x285979b9 6
4 dynarray.c:112 0x285980e9 32
4 dynarray.c:113 0x28597939 24
4 path.c:254 0x28597989 24
2 path.c:128 0x28597989 24
1 dynarray.c:84 0x28597b09 24
2 dynarray.c:95 0x28597939 16
2 path.c:90 0x285979b9 6
2 path.c:90 0x28597b39 8
2 path.c:90 0x285976e9 8
3 dynarray.c:69 0x285980e9 0x28597939 16 32
1 path.c:143 0x285975c9 22
2 path.c:178 0x28597939 24
1 dynarray.c:84 0x28597e09 24
2 dynarray.c:95 0x28598129 16
2 path.c:191 0x28598579 22
2 path.c:205 0x285978a9 6
3 path.c:223 0x28598579 0x28598579 22 6
4 path.c:246 0x28598579 6
4 path.c:31 0x285978a9 6
4 dynarray.c:112 0x28598129 16
4 dynarray.c:113 0x28597e09 24
4 path.c:254 0x28597939 24
2 path.c:178 0x28597939 24
1 dynarray.c:84 0x28598579 24
2 dynarray.c:95 0x28597e09 16
2 path.c:191 0x285985a9 22
2 path.c:205 0x285978a9 6
2 path.c:205 0x285983f9 8
3 path.c:223 0x285985a9 0x285985a9 22 14
4 path.c:246 0x285985a9 14
4 path.c:31 0x285978a9 6
4 path.c:31 0x285983f9 8
4 dynarray.c:112 0x28597e09 16
4 dynarray.c:113 0x28598579 24
4 path.c:254 0x28597939 24
2 path.c:178 0x28597939 24
1 dynarray.c:84 0x28598129 24
2 dynarray.c:95 0x28598579 24
2 path.c:191 0x285985a9 22
2 path.c:205 0x285983f9 6
2 path.c:205 0x285978a9 8
2 path.c:205 0x28598259 8
3 path.c:223 0x285985a9 0x285985a9 22 22
4 path.c:246 0x285985a9 22
4 path.c:31 0x285983f9 6
4 path.c:31 0x285978a9 8
4 path.c:31 0x28598259 8
4 dynarray.c:112 0x28598579 24
4 dynarray.c:113 0x28598129 24
4 path.c:254 0x28597939 24
4 path.c:246 0x285975c9 22
4 path.c:31 0x285979b9 6
4 path.c:31 0x28597b39 8
4 path.c:31 0x285976e9 8
4 dynarray.c:112 0x285980e9 32
4 dynarray.c:113 0x28597b09 24
4 path.c:254 0x28597989 24
2 path.c:128 0x28597989 24
1 dynarray.c:84 0x28597e09 24
2 dynarray.c:95 0x28597b09 16
2 path.c:90 0x285976e9 6
2 path.c:90 0x28597b39 8
2 path.c:90 0x285979b9 8
3 dynarray.c:69 0x285980e9 0x28597b09 16 32
1 path.c:143 0x285975c9 22
2 path.c:178 0x28597b09 24
1 dynarray.c:84 0x28597939 24
2 dynarray.c:95 0x28598129 16
2 path.c:191 0x285985a9 22
2 path.c:205 0x28598259 6
3 path.c:223 0x285985a9 0x285985a9 22 6
4 path.c:246 0x285985a9 6
4 path.c:31 0x28598259 6
4 dynarray.c:112 0x28598129 16
4 dynarray.c:113 0x28597939 24
4 path.c:254 0x28597b09 24
2 path.c:178 0x28597b09 24
1 dynarray.c:84 0x28598579 24
2 dynarray.c:95 0x28597939 16
2 path.c:191 0x285985a9 22
2 path.c:205 0x28598259 6
2 path.c:205 0x285978a9 8
3 path.c:223 0x285985a9 0x285985a9 22 14
4 path.c:246 0x285985a9 14
4 path.c:31 0x28598259 6
4 path.c:31 0x285978a9 8
4 dynarray.c:112 0x28597939 16
4 dynarray.c:113 0x28598579 24
4 path.c:254 0x28597b09 24
2 path.c:178 0x28597b09 24
1 dynarray.c:84 0x28598129 24
2 dynarray.c:95 0x28598579 24
2 path.c:191 0x285985a9 22
2 path.c:205 0x285978a9 6
2 path.c:205 0x28598259 8
2 path.c:205 0x285983f9 8
3 path.c:223 0x285985a9 0x285985a9 22 22
4 path.c:246 0x285985a9 22
4 path.c:31 0x285978a9 6
4 path.c:31 0x28598259 8
4 path.c:31 0x285983f9 8
4 dynarray.c:112 0x28598579 24
4 dynarray.c:113 0x28598129 24
4 path.c:254 0x28597b09 24
4 path.c:246 0x285975c9 22
4 path.c:31 0x285976e9 6
4 path.c:31 0x28597b39 8
4 path.c:31 0x285979b9 8
4 dynarray.c:112 0x285980e9 32
4 dynarray.c:113 0x28597e09 24
4 path.c:254 0x28597989 24
2 path.c:128 0x28597989 24
1 dynarray.c:84 0x28597939 24
2 dynarray.c:95 0x28597e09 16
2 path.c:90 0x285979b9 6
2 path.c:90 0x28597b39 8
2 path.c:90 0x285976e9 8
3 dynarray.c:69 0x285980e9 0x28597e09 16 32
1 path.c:143 0x285975c9 22
2 path.c:178 0x28597e09 24
1 dynarray.c:84 0x28597b09 24
2 dynarray.c:95 0x28598129 16
2 path.c:191 0x285985a9 22
2 path.c:205 0x285983f9 6
3 path.c:223 0x285985a9 0x285985a9 22 6
4 path.c:246 0x285985a9 6
4 path.c:31 0x285983f9 6
4 dynarray.c:112 0x28598129 16
4 dynarray.c:113 0x28597b09 24
4 path.c:254 0x28597e09 24
2 path.c:178 0x28597e09 24
1 dynarray.c:84 0x28598579 24
2 dynarray.c:95 0x28597b09 16
2 path.c:191 0x285985a9 22
2 path.c:205 0x285983f9 6
2 path.c:205 0x28598259 8
3 path.c:223 0x285985a9 0x285985a9 22 14
4 path.c:246 0x285985a9 14
4 path.c:31 0x285983f9 6
4 path.c:31 0x28598259 8
4 dynarray.c:112 0x28597b09 16
4 dynarray.c:113 0x28598579 24
4 path.c:254 0x28597e09 24
2 path.c:178 0x28597e09 24
1 dynarray.c:84 0x28598129 24
2 dynarray.c:95 0x28598579 24
2 path.c:191 0x285985a9 22
2 path.c:205 0x28598259 6
2 path.c:205 0x285983f9 8
2 path.c:205 0x285978a9 8
3 path.c:223 0x285985a9 0x285985a9 22 22
4 path.c:246 0x285985a9 22
4 path.c:31 0x28598259 6
4 path.c:31 0x285983f9 8
4 path.c:31 0x285978a9 8
4 dynarray.c:112 0x28598579 24
4 dynarray.c:113 0x28598129 24
4 path.c:254 0x28597e09 24
4 path.c:246 0x285975c9 22
4 path.c:31 0x285979b9 6
4 path.c:31 0x28597b39 8
4 path.c:31 0x285976e9 8
4 dynarray.c:112 0x285980e9 32
4 dynarray.c:113 0x28597939 24
4 path.c:254 0x28597989 24
2 path.c:128 0x28597989 24
1 dynarray.c:84 0x28597b09 24
2 dynarray.c:95 0x28597939 16
2 path.c:90 0x285976e9 6
2 path.c:90 0x28597b39 8
1 path.c:143 0x28597889 14
2 path.c:178 0x28597e09 24
1 dynarray.c:84 0x285975c9 24
2 dynarray.c:95 0x28598129 16
2 path.c:191 0x285979b9 14
2 path.c:205 0x285983f9 6
3 path.c:223 0x285979b9 0x285979b9 14 6
4 path.c:246 0x285979b9 6
4 path.c:31 0x285983f9 6
4 dynarray.c:112 0x28598129 16
4 dynarray.c:113 0x285975c9 24
4 path.c:254 0x28597e09 24
2 path.c:178 0x28597e09 24
1 dynarray.c:84 0x28598579 24
2 dynarray.c:95 0x285975c9 16
2 path.c:191 0x285983f9 14
2 path.c:205 0x285979b9 6
2 path.c:205 0x28598259 8
3 path.c:223 0x285983f9 0x285983f9 14 14
4 path.c:246 0x285983f9 14
4 path.c:31 0x285979b9 6
4 path.c:31 0x28598259 8
4 dynarray.c:112 0x285975c9 16
4 dynarray.c:113 0x28598579 24
4 path.c:254 0x28597e09 24
4 path.c:246 0x28597889 14
4 path.c:31 0x285976e9 6
4 path.c:31 0x28597b39 8
4 dynarray.c:112 0x28597939 16
4 dynarray.c:113 0x28597b09 24
4 path.c:254 0x28597989 24
4 path.c:246 0x285982d9 32
4 path.c:31 0x28598179 6
4 path.c:31 0x285976c9 8
4 path.c:31 0x28598319 12
4 path.c:31 0x28598339 6
4 dynarray.c:112 0x28598299 32
4 dynarray.c:113 0x28597709 24
4 path.c:254 0x28597f39 24
4 bdtBad4.c:263 0x285981d9 32
4 path.c:246 0x285980b9 26
4 path.c:31 0x28597e69 6
4 path.c:31 0x28597e89 8
4 path.c:31 0x28597ea9 12
4 dynarray.c:112 0x28597629 24
4 dynarray.c:113 0x28597659 24
4 path.c:254 0x28597f09 24
4 bdtBad4.c:263 0x28597fe9 32
4 path.c:246 0x28597da9 14
4 path.c:31 0x28597dc9 6
4 path.c:31 0x28597de9 8
4 dynarray.c:112 0x28597d79 16
4 dynarray.c:113 0x285979d9 24
4 path.c:254 0x28597cc9 24
4 bdtBad4.c:263 0x28597d39 32
2 path.c:128 0x28597cc9 24
1 dynarray.c:84 0x28598129 24
2 dynarray.c:95 0x285979d9 16
2 path.c:90 0x28597de9 6
1 path.c:143 0x285978a9 6
2 path.c:178 0x28597f09 24
1 dynarray.c:84 0x28597d79 24
2 dynarray.c:95 0x28597659 16
2 path.c:191 0x28597dc9 6
2 path.c:205 0x28597ea9 6
3 path.c:223 0x28597dc9 0x28597dc9 6 6
4 path.c:246 0x28597dc9 6
4 path.c:31 0x28597ea9 6
4 dynarray.c:112 0x28597659 16
4 dynarray.c:113 0x28597d79 24
4 path.c:254 0x28597f09 24
4 path.c:246 0x285978a9 6
4 path.c:31 0x28597de9 6
4 dynarray.c:112 0x285979d9 16
4 dynarray.c:113 0x28598129 24
4 path.c:254 0x28597cc9 24
2 path.c:128 0x28597cc9 24
1 dynarray.c:84 0x28597629 24
2 dynarray.c:95 0x28598129 16
2 path.c:90 0x28597de9 6
2 path.c:90 0x285978a9 7
1 path.c:143 0x28597da9 13
2 path.c:178 0x28597f09 24
1 dynarray.c:84 0x285979d9 24
2 dynarray.c:95 0x28597d79 16
2 path.c:191 0x28597ea9 13
2 path.c:205 0x28597e89 6
3 path.c:223 0x28597ea9 0x28597ea9 13 6
4 path.c:246 0x28597ea9 6
4 path.c:31 0x28597e89 6
4 dynarray.c:112 0x28597d79 16
4 dynarray.c:113 0x285979d9 24
4 path.c:254 0x28597f09 24
2 path.c:178 0x28597f09 24
1 dynarray.c:84 0x28597659 24
2 dynarray.c:95 0x285979d9 16
2 path.c:191 0x28597e89 13
2 path.c:205 0x28597ea9 6
2 path.c:205 0x28597e69 7
3 path.c:223 0x28597e89 0x28597e89 13 13
4 path.c:246 0x28597e89 13
4 path.c:31 0x28597ea9 6
4 path.c:31 0x28597e69 7
4 dynarray.c:112 0x285979d9 16
4 dynarray.c:113 0x28597659 24
4 path.c:254 0x28597f09 24
4 path.c:246 0x28597da9 13
4 path.c:31 0x28597de9 6
4 path.c:31 0x285978a9 7
4 dynarray.c:112 0x28598129 16
4 dynarray.c:113 0x28597629 24
4 path.c:254 0x28597cc9 24
2 path.c:128 0x28597cc9 24
1 dynarray.c:84 0x28597d79 24
2 dynarray.c:95 0x28597629 16
2 path.c:90 0x285978a9 6
2 path.c:90 0x28597de9 8
1 path.c:143 0x28597dc9 14
2 path.c:178 0x28597f09 24
1 dynarray.c:84 0x28598129 24
2 dynarray.c:95 0x28597659 16
2 path.c:191 0x28597da9 14
2 path.c:205 0x28597ea9 6
3 path.c:223 0x28597da9 0x28597da9 14 6
4 path.c:246 0x28597da9 6
4 path.c:31 0x28597ea9 6
4 dynarray.c:112 0x28597659 16
4 dynarray.c:113 0x28598129 24
4 path.c:254 0x28597f09 24
2 path.c:178 0x28597f09 24
1 dynarray.c:84 0x285979d9 24
2 dynarray.c:95 0x28598129 16
2 path.c:191 0x28597ea9 14
2 path.c:205 0x28597da9 6
2 path.c:205 0x28597e89 8
3 path.c:223 0x28597ea9 0x28597ea9 14 14
4 path.c:246 0x28597ea9 14
4 path.c:31 0x28597da9 6
4 path.c:31 0x28597e89 8
4 dynarray.c:112 0x28598129 16
4 dynarray.c:113 0x285979d9 24
4 path.c:254 0x28597f09 24
4 path.c:246 0x28597dc9 14
4 path.c:31 0x285978a9 6
4 path.c:31 0x28597de9 8
4 dynarray.c:112 0x28597629 16
4 dynarray.c:113 0x28597d79 24
4 path.c:254 0x28597cc9 24
2 path.c:128 0x28597cc9 24
1 dynarray.c:84 0x28597659 24
2 dynarray.c:95 0x28597d79 16
2 path.c:90 0x28597de9 6
2 path.c:90 0x285978a9 8
2 path.c:90 0x28597dc9 12
3 dynarray.c:69 0x28597d39 0x28597d79 16 32
1 path.c:143 0x28597629 26
2 path.c:178 0x28597d79 24
1 dynarray.c:84 0x28597f09 24
2 dynarray.c:95 0x285979d9 16
2 path.c:191 0x285980b9 26
2 path.c:205 0x28597e89 6
3 path.c:223 0x285980b9 0x285980b9 26 6
4 path.c:246 0x285980b9 6
4 path.c:31 0x28597e89 6
4 dynarray.c:112 0x285979d9 16
4 dynarray.c:113 0x28597f09 24
4 path.c:254 0x28597d79 24
2 path.c:178 0x28597d79 24
1 dynarray.c:84 0x28598129 24
2 dynarray.c:95 0x28597f09 16
2 path.c:191 0x285980b9 26
2 path.c:205 0x28597e89 6
2 path.c:205 0x28597da9 8
3 path.c:223 0x285980b9 0x285980b9 26 14
4 path.c:246 0x285980b9 14
4 path.c:31 0x28597e89 6
4 path.c:31 0x28597da9 8
4 dynarray.c:112 0x28597f09 16
4 dynarray.c:113 0x28598129 24
4 path.c:254 0x28597d79 24
4 path.c:246 0x28597629 26
4 path.c:31 0x28597de9 6
4 path.c:31 0x285978a9 8
4 path.c:31 0x28597dc9 12
4 dynarray.c:112 0x28597d39 32
4 dynarray.c:113 0x28597659 24
4 path.c:254 0x28597cc9 24
2 path.c:128 0x28597cc9 24
1 dynarray.c:84 0x285979d9 24
2 dynarray.c:95 0x28597659 16
2 path.c:90 0x28597dc9 6
2 path.c:90 0x285978a9 8
2 path.c:90 0x28597de9 12
3 dynarray.c:69 0x28597d39 0x28597659 16 32
2 path.c:90 0x28597da9 6
1 path.c:143 0x28598399 32
2 path.c:178 0x28597659 24
1 dynarray.c:84 0x28597629 24
2 dynarray.c:95 0x28597d79 16
2 path.c:191 0x28597fe9 32
2 path.c:205 0x28597e89 6
3 path.c:223 0x28597fe9 0x28597fe9 32 6
4 path.c:246 0x28597fe9 6
4 path.c:31 0x28597e89 6
4 dynarray.c:112 0x28597d79 16
4 dynarray.c:113 0x28597629 24
4 path.c:254 0x28597659 24
2 path.c:178 0x28597659 24
1 dynarray.c:84 0x28598129 24
2 dynarray.c:95 0x28597629 16
2 path.c:191 0x28598299 32
2 path.c:205 0x28597e89 6
2 path.c:205 0x28597fe9 8
3 path.c:223 0x28598299 0x28598299 32 14
4 path.c:246 0x28598299 14
4 path.c:31 0x28597e89 6
4 path.c:31 0x28597fe9 8
4 dynarray.c:112 0x28597629 16
4 dynarray.c:113 0x28598129 24
4 path.c:254 0x28597659 24
4 path.c:246 0x28598399 32
4 path.c:31 0x28597dc9 6
4 path.c:31 0x285978a9 8
4 path.c:31 0x28597de9 12
4 path.c:31 0x28597da9 6
4 dynarray.c:112 0x28597d39 32
4 dynarray.c:113 0x285979d9 24
4 path.c:254 0x28597cc9 24
1 dynarray.c:84 0x28597d79 24
2 dynarray.c:95 0x28597cc9 24
1 bdtBad4.c:663 0x285981d9 42
4 dynarray.c:112 0x28597cc9 24
4 dynarray.c:113 0x28597d79 24
6 bdt_client.c:113 0x285981d9
4 bdt_client.c:113 0x285981d9 42
2 path.c:128 0x28597d79 24
1 dynarray.c:84 0x285979d9 24
2 dynarray.c:95 0x28597cc9 16
2 path.c:90 0x28597da9 13
1 path.c:143 0x28597e69 13
2 path.c:178 0x28598129 24
1 dynarray.c:84 0x28597659 24
2 dynarray.c:95 0x28597629 16
2 path.c:191 0x28597de9 13
2 path.c:205 0x28597dc9 13
3 path.c:223 0x28597de9 0x28597de9 13 13
4 path.c:246 0x28597de9 13
4 path.c:31 0x28597dc9 13
4 dynarray.c:112 0x28597629 16
4 dynarray.c:113 0x28597659 24
4 path.c:254 0x28598129 24
4 path.c:246 0x28597e69 13
4 path.c:31 0x28597da9 13
4 dynarray.c:112 0x28597cc9 16
4 dynarray.c:113 0x285979d9 24
4 path.c:254 0x28597d79 24
2 path.c:128 0x28597d79 24
1 dynarray.c:84 0x28597f09 24
2 dynarray.c:95 0x285979d9 16
2 path.c:90 0x28597da9 6
1 path.c:143 0x285978a9 6
2 path.c:178 0x28598129 24
1 dynarray.c:84 0x28597cc9 24
2 dynarray.c:95 0x28597659 16
2 path.c:191 0x28597e69 6
2 path.c:205 0x28597de9 6
3 path.c:223 0x28597e69 0x28597e69 6 6
4 path.c:246 0x28597e69 6
4 path.c:31 0x28597de9 6
4 dynarray.c:112 0x28597659 16
4 dynarray.c:113 0x28597cc9 24
4 path.c:254 0x28598129 24
4 path.c:246 0x285978a9 6
4 path.c:31 0x28597da9 6
4 dynarray.c:112 0x285979d9 16
4 dynarray.c:113 0x28597f09 24
4 path.c:254 0x28597d79 24
4 path.c:246 0x28597bf9 25
4 path.c:31 0x28597c29 6
4 path.c:31 0x28597c49 7
4 path.c:31 0x28597c69 12
4 dynarray.c:112 0x28597bc9 24
4 dynarray.c:113 0x28597909 24
4 path.c:254 0x28597b99 24
4 bdtBad4.c:263 0x28597b59 32
4 path.c:246 0x28597aa9 13
4 path.c:31 0x28597ac9 6
4 path.c:31 0x28597ae9 7
4 dynarray.c:112 0x28597a79 16
4 dynarray.c:113 0x28597599 24
4 path.c:254 0x28597a49 24
4 bdtBad4.c:263 0x28597a09 32
4 path.c:246 0x28597849 6
4 path.c:31 0x28597869 6
4 dynarray.c:112 0x28597819 16
4 dynarray.c:113 0x285975f9 24
4 path.c:254 0x285977e9 24
4 bdtBad4.c:263 0x285977a9 32
2 path.c:128 0x285977e9 24
1 dynarray.c:84 0x28597629 24
2 dynarray.c:95 0x285975f9 16
2 path.c:90 0x28597869 6
2 path.c:90 0x28597849 7
1 path.c:143 0x28597dc9 13
4 path.c:246 0x28597dc9 13
4 path.c:31 0x28597869 6
4 path.c:31 0x28597849 7
4 dynarray.c:112 0x285975f9 16
4 dynarray.c:113 0x28597629 24
4 path.c:254 0x285977e9 24
2 path.c:128 0x285977e9 24
1 dynarray.c:84 0x28597819 24
2 dynarray.c:95 0x28597629 16
2 path.c:90 0x28597849 6
1 path.c:143 0x28597dc9 6
4 path.c:246 0x28597dc9 6
4 path.c:31 0x28597849 6
4 dynarray.c:112 0x28597629 16
4 dynarray.c:113 0x28597819 24
4 path.c:254 0x285977e9 24
2 path.c:128 0x285977e9 24
1 dynarray.c:84 0x285975f9 24
2 dynarray.c:95 0x28597819 16
2 path.c:90 0x28597849 6
1 path.c:143 0x28597dc9 6
4 path.c:246 0x28597dc9 6
4 path.c:31 0x28597849 6
4 dynarray.c:112 0x28597819 16
4 dynarray.c:113 0x285975f9 24
4 path.c:254 0x285977e9 24
2 path.c:128 0x285977e9 24
1 dynarray.c:84 0x28597629 24
2 dynarray.c:95 0x285975f9 16
2 path.c:90 0x28597849 13
1 path.c:143 0x28597dc9 13
4 path.c:246 0x28597dc9 13
4 path.c:31 0x28597849 13
4 dynarray.c:112 0x285975f9 16
4 dynarray.c:113 0x28597629 24
4 path.c:254 0x285977e9 24
1 dynarray.c:84 0x28597819 24
2 dynarray.c:95 0x285977e9 16
1 bdtBad4.c:663 0x28597dc9 1
4 dynarray.c:112 0x285977e9 16
4 dynarray.c:113 0x28597819 24
4 bdt_client.c:124 0x28597dc9 1
2 path.c:128 0x28597819 24
1 dynarray.c:84 0x28597629 24
2 dynarray.c:95 0x285977e9 16
2 path.c:90 0x28597849 2
2 path.c:90 0x28597869 2
1 path.c:143 0x28597dc9 4
2 path.c:178 0x28597a49 24
1 dynarray.c:84 0x285975f9 24
2 dynarray.c:95 0x28597599 16
2 path.c:191 0x28597ae9 4
2 path.c:205 0x28597aa9 2
3 path.c:223 0x28597ae9 0x28597ae9 4 2
1 bdtBad4.c:143 0x285981d9 32
2 path.c:178 0x28597b99 24
1 dynarray.c:84 0x28597a79 24
2 dynarray.c:95 0x28597909 16
2 path.c:191 0x28597c69 2
2 path.c:205 0x28597c49 2
3 path.c:223 0x28597c69 0x28597c69 2 2
4 path.c:246 0x28597ae9 2
4 path.c:31 0x28597aa9 2
4 dynarray.c:112 0x28597599 16
4 dynarray.c:113 0x285975f9 24
4 path.c:254 0x28597a49 24
2 path.c:178 0x28597a49 24
1 dynarray.c:84 0x28597bc9 24
2 dynarray.c:95 0x285975f9 16
2 path.c:191 0x28597aa9 4
2 path.c:205 0x28597ae9 2
2 path.c:205 0x28597c29 2
3 path.c:223 0x28597aa9 0x28597aa9 4 4
1 bdtBad4.c:143 0x28597fa9 32
2 path.c:178 0x28597bf9 24
1 dynarray.c:84 0x28597599 24
2 dynarray.c:95 0x28597d79 16
2 path.c:191 0x28597da9 4
2 path.c:205 0x285978a9 2
2 path.c:205 0x28597de9 2
3 path.c:223 0x28597da9 0x28597da9 4 4
4 path.c:246 0x28597aa9 4
4 path.c:31 0x28597ae9 2
4 path.c:31 0x28597c29 2
4 dynarray.c:112 0x285975f9 16
4 dynarray.c:113 0x28597bc9 24
4 path.c:254 0x28597a49 24
4 path.c:246 0x28597dc9 4
4 path.c:31 0x28597849 2
4 path.c:31 0x28597869 2
4 dynarray.c:112 0x285977e9 16
4 dynarray.c:113 0x28597629 24
4 path.c:254 0x28597819 24
1 dynarray.c:84 0x28597f09 24
2 dynarray.c:95 0x28597819 16
1 bdtBad4.c:663 0x28597ac9 5
4 dynarray.c:112 0x28597819 16
4 dynarray.c:113 0x28597f09 24
6 bdt_client.c:136 0x28597ac9
4 bdt_client.c:136 0x28597ac9 5
2 path.c:128 0x28597f09 24
1 dynarray.c:84 0x28597629 24
2 dynarray.c:95 0x28597819 16
2 path.c:90 0x28597869 2
2 path.c:90 0x28597849 2
1 path.c:143 0x28597ac9 4
2 path.c:178 0x28597a49 24
1 dynarray.c:84 0x285977e9 24
2 dynarray.c:95 0x28597bc9 16
2 path.c:191 0x28597dc9 4
2 path.c:205 0x28597ae9 2
3 path.c:223 0x28597dc9 0x28597dc9 4 2
4 path.c:246 0x28597dc9 2
4 path.c:31 0x28597ae9 2
4 dynarray.c:112 0x28597bc9 16
4 dynarray.c:113 0x285977e9 24
4 path.c:254 0x28597a49 24
2 path.c:178 0x28597a49 24
1 dynarray.c:84 0x285975f9 24
2 dynarray.c:95 0x285977e9 16
2 path.c:191 0x28597ae9 4
2 path.c:205 0x28597dc9 2
2 path.c:205 0x28597aa9 2
3 path.c:223 0x28597ae9 0x28597ae9 4 4
4 path.c:246 0x28597ae9 4
4 path.c:31 0x28597dc9 2
4 path.c:31 0x28597aa9 2
4 dynarray.c:112 0x285977e9 16
4 dynarray.c:113 0x285975f9 24
4 path.c:254 0x28597a49 24
2 path.c:178 0x28597a49 24
1 dynarray.c:84 0x28597bc9 24
2 dynarray.c:95 0x285975f9 16
2 path.c:191 0x28597aa9 4
2 path.c:205 0x28597dc9 2
2 path.c:205 0x28597ae9 2
3 path.c:223 0x28597aa9 0x28597aa9 4 4
1 bdtBad4.c:143 0x28597f69 32
2 path.c:178 0x285979d9 24
1 dynarray.c:84 0x285977e9 24
2 dynarray.c:95 0x28598129 16
2 path.c:191 0x28597e69 4
2 path.c:205 0x28597fe9 2
2 path.c:205 0x28597e89 2
3 path.c:223 0x28597e69 0x28597e69 4 4
4 path.c:246 0x28597aa9 4
4 path.c:31 0x28597dc9 2
4 path.c:31 0x28597ae9 2
4 dynarray.c:112 0x285975f9 16
4 dynarray.c:113 0x28597bc9 24
4 path.c:254 0x28597a49 24
4 path.c:246 0x28597ac9 4
4 path.c:31 0x28597869 2
4 path.c:31 0x28597849 2
4 dynarray.c:112 0x28597819 16
4 dynarray.c:113 0x28597629 24
4 path.c:254 0x28597f09 24
1 dynarray.c:84 0x28597cc9 24
2 dynarray.c:95 0x28597f09 24
1 bdtBad4.c:663 0x28597c29 8
4 dynarray.c:112 0x28597f09 24
4 dynarray.c:113 0x28597cc9 24
6 bdt_client.c:140 0x28597c29
4 bdt_client.c:140 0x28597c29 8
2 path.c:128 0x28597cc9 24
1 dynarray.c:84 0x28597629 24
2 dynarray.c:95 0x28597f09 16
2 path.c:90 0x28597849 2
2 path.c:90 0x28597869 2
1 path.c:143 0x28597c29 4
2 path.c:178 0x28597a49 24
1 dynarray.c:84 0x28597819 24
2 dynarray.c:95 0x28597bc9 16
2 path.c:191 0x28597ac9 4
2 path.c:205 0x28597dc9 2
3 path.c:223 0x28597ac9 0x28597ac9 4 2
4 path.c:246 0x28597ac9 2
4 path.c:31 0x28597dc9 2
4 dynarray.c:112 0x28597bc9 16
4 dynarray.c:113 0x28597819 24
4 path.c:254 0x28597a49 24
2 path.c:178 0x28597a49 24
1 dynarray.c:84 0x285975f9 24
2 dynarray.c:95 0x28597819 16
2 path.c:191 0x28597dc9 4
2 path.c:205 0x28597ac9 2
2 path.c:205 0x28597aa9 2
3 path.c:223 0x28597dc9 0x28597dc9 4 4
4 path.c:246 0x28597dc9 4
4 path.c:31 0x28597ac9 2
4 path.c:31 0x28597aa9 2
4 dynarray.c:112 0x28597819 16
4 dynarray.c:113 0x285975f9 24
4 path.c:254 0x28597a49 24
4 path.c:246 0x28597c29 4
4 path.c:31 0x28597849 2
4 path.c:31 0x28597869 2
4 dynarray.c:112 0x28597f09 16
4 dynarray.c:113 0x28597629 24
4 path.c:254 0x28597cc9 24
4 path.c:246 0x28597da9 4
4 path.c:31 0x285978a9 2
4 path.c:31 0x28597de9 2
4 dynarray.c:112 0x28597d79 16
4 dynarray.c:113 0x28597599 24
4 path.c:254 0x28597bf9 24
4 bdtBad4.c:263 0x28597fa9 32
1 dynarray.c:84 0x28597bc9 24
2 dynarray.c:95 0x28597bf9 16
1 bdtBad4.c:663 0x28597ae9 5
4 dynarray.c:112 0x28597bf9 16
4 dynarray.c:113 0x28597bc9 24
6 bdt_client.c:145 0x28597ae9
4 bdt_client.c:145 0x28597ae9 5
2 path.c:128 0x28597bc9 24
1 dynarray.c:84 0x28597599 24
2 dynarray.c:95 0x28597bf9 16
2 path.c:90 0x28597de9 2
2 path.c:90 0x285978a9 3
1 path.c:143 0x28597ae9 5
2 path.c:178 0x28597cc9 24
1 dynarray.c:84 0x28597d79 24
2 dynarray.c:95 0x28597629 16
2 path.c:191 0x28597da9 5
2 path.c:205 0x28597849 2
3 path.c:223 0x28597da9 0x28597da9 5 2
4 path.c:246 0x28597da9 2
4 path.c:31 0x28597849 2
4 dynarray.c:112 0x28597629 16
4 dynarray.c:113 0x28597d79 24
4 path.c:254 0x28597cc9 24
2 path.c:178 0x28597cc9 24
1 dynarray.c:84 0x28597f09 24
2 dynarray.c:95 0x28597d79 16
2 path.c:191 0x28597849 5
2 path.c:205 0x28597da9 2
2 path.c:205 0x28597c29 3
3 path.c:223 0x28597849 0x28597849 5 5
4 path.c:246 0x28597849 5
4 path.c:31 0x28597da9 2
4 path.c:31 0x28597c29 3
4 dynarray.c:112 0x28597d79 16
4 dynarray.c:113 0x28597f09 24
4 path.c:254 0x28597cc9 24
2 path.c:178 0x28597cc9 24
1 dynarray.c:84 0x28597629 24
2 dynarray.c:95 0x28597f09 16
2 path.c:191 0x28597c29 5
2 path.c:205 0x28597da9 2
2 path.c:205 0x28597849 3
3 path.c:223 0x28597c29 0x28597c29 5 5
1 bdtBad4.c:143 0x28597fa9 32
2 path.c:178 0x28597a49 24
1 dynarray.c:84 0x28597d79 24
2 dynarray.c:95 0x285975f9 16
2 path.c:191 0x28597aa9 5
2 path.c:205 0x28597ac9 2
2 path.c:205 0x28597dc9 3
3 path.c:223 0x28597aa9 0x28597aa9 5 5
4 path.c:246 0x28597c29 5
4 path.c:31 0x28597da9 2
4 path.c:31 0x28597849 3
4 dynarray.c:112 0x28597f09 16
4 dynarray.c:113 0x28597629 24
4 path.c:254 0x28597cc9 24
4 path.c:246 0x28597ae9 5
4 path.c:31 0x28597de9 2
4 path.c:31 0x285978a9 3
4 dynarray.c:112 0x28597bf9 16
4 dynarray.c:113 0x28597599 24
4 path.c:254 0x28597bc9 24
1 dynarray.c:84 0x28597819 24
2 dynarray.c:95 0x28597bc9 24
1 bdtBad4.c:663 0x28597869 9
4 dynarray.c:112 0x28597bc9 24
4 dynarray.c:113 0x28597819 24
6 bdt_client.c:149 0x28597869
4 bdt_client.c:149 0x28597869 9
2 path.c:128 0x28597819 24
1 dynarray.c:84 0x28597599 24
2 dynarray.c:95 0x28597bc9 16
2 path.c:90 0x285978a9 2
2 path.c:90 0x28597de9 3
1 path.c:143 0x28597869 5
2 path.c:178 0x28597cc9 24
1 dynarray.c:84 0x28597bf9 24
2 dynarray.c:95 0x28597629 16
2 path.c:191 0x28597ae9 5
2 path.c:205 0x28597da9 2
3 path.c:223 0x28597ae9 0x28597ae9 5 2
4 path.c:246 0x28597ae9 2
4 path.c:31 0x28597da9 2
4 dynarray.c:112 0x28597629 16
4 dynarray.c:113 0x28597bf9 24
4 path.c:254 0x28597cc9 24
2 path.c:178 0x28597cc9 24
1 dynarray.c:84 0x28597f09 24
2 dynarray.c:95 0x28597bf9 16
2 path.c:191 0x28597da9 5
2 path.c:205 0x28597ae9 2
2 path.c:205 0x28597c29 3
3 path.c:223 0x28597da9 0x28597da9 5 5
4 path.c:246 0x28597da9 5
4 path.c:31 0x28597ae9 2
4 path.c:31 0x28597c29 3
4 dynarray.c:112 0x28597bf9 16
4 dynarray.c:113 0x28597f09 24
4 path.c:254 0x28597cc9 24
4 path.c:246 0x28597869 5
4 path.c:31 0x285978a9 2
4 path.c:31 0x28597de9 3
4 dynarray.c:112 0x28597bc9 16
4 dynarray.c:113 0x28597599 24
4 path.c:254 0x28597819 24
4 path.c:246 0x28597aa9 5
4 path.c:31 0x28597ac9 2
4 path.c:31 0x28597dc9 3
4 dynarray.c:112 0x285975f9 16
4 dynarray.c:113 0x28597d79 24
4 path.c:254 0x28597a49 24
4 bdtBad4.c:263 0x28597fa9 32
1 dynarray.c:84 0x28597629 24
2 dynarray.c:95 0x28597a49 16
1 bdtBad4.c:663 0x28597849 5
4 dynarray.c:112 0x28597a49 16
4 dynarray.c:113 0x28597629 24
6 bdt_client.c:153 0x28597849
4 bdt_client.c:153 0x28597849 5
2 path.c:128 0x28597629 24
1 dynarray.c:84 0x28597d79 24
2 dynarray.c:95 0x28597a49 16
2 path.c:90 0x28597dc9 2
2 path.c:90 0x28597ac9 3
1 path.c:143 0x28597849 5
2 path.c:178 0x28597819 24
1 dynarray.c:84 0x285975f9 24
2 dynarray.c:95 0x28597599 16
2 path.c:191 0x28597aa9 5
2 path.c:205 0x285978a9 2
3 path.c:223 0x28597aa9 0x28597aa9 5 2
4 path.c:246 0x28597aa9 2
4 path.c:31 0x285978a9 2
4 dynarray.c:112 0x28597599 16
4 dynarray.c:113 0x285975f9 24
4 path.c:254 0x28597819 24
2 path.c:178 0x28597819 24
1 dynarray.c:84 0x28597bc9 24
2 dynarray.c:95 0x285975f9 16
2 path.c:191 0x285978a9 5
2 path.c:205 0x28597aa9 2
2 path.c:205 0x28597869 3
3 path.c:223 0x285978a9 0x285978a9 5 5
4 path.c:246 0x285978a9 5
4 path.c:31 0x28597aa9 2
4 path.c:31 0x28597869 3
4 dynarray.c:112 0x285975f9 16
4 dynarray.c:113 0x28597bc9 24
4 path.c:254 0x28597819 24
2 path.c:178 0x28597819 24
1 dynarray.c:84 0x28597599 24
2 dynarray.c:95 0x28597bc9 16
2 path.c:191 0x28597869 5
2 path.c:205 0x28597aa9 2
2 path.c:205 0x285978a9 3
3 path.c:223 0x28597869 0x28597869 5 5
1 bdtBad4.c:143 0x28597fa9 32
2 path.c:178 0x28597cc9 24
1 dynarray.c:84 0x285975f9 24
2 dynarray.c:95 0x28597f09 16
2 path.c:191 0x28597c29 5
2 path.c:205 0x28597ae9 2
2 path.c:205 0x28597da9 3
3 path.c:223 0x28597c29 0x28597c29 5 5
4 path.c:246 0x28597869 5
4 path.c:31 0x28597aa9 2
4 path.c:31 0x285978a9 3
4 dynarray.c:112 0x28597bc9 16
4 dynarray.c:113 0x28597599 24
4 path.c:254 0x28597819 24
4 path.c:246 0x28597849 5
4 path.c:31 0x28597dc9 2
4 path.c:31 0x28597ac9 3
4 dynarray.c:112 0x28597a49 16
4 dynarray.c:113 0x28597d79 24
4 path.c:254 0x28597629 24
1 dynarray.c:84 0x28597bf9 24
2 dynarray.c:95 0x28597629 24
1 bdtBad4.c:663 0x28597de9 9
4 dynarray.c:112 0x28597629 24
4 dynarray.c:113 0x28597bf9 24
6 bdt_client.c:157 0x28597de9
4 bdt_client.c:157 0x28597de9 9
2 path.c:128 0x28597bf9 24
1 dynarray.c:84 0x28597d79 24
2 dynarray.c:95 0x28597629 16
2 path.c:90 0x28597ac9 2
2 path.c:90 0x28597dc9 2
1 path.c:143 0x28597de9 4
2 path.c:178 0x28597819 24
1 dynarray.c:84 0x28597a49 24
2 dynarray.c:95 0x28597599 16
2 path.c:191 0x28597849 4
2 path.c:205 0x28597aa9 2
3 path.c:223 0x28597849 0x28597849 4 2
4 path.c:246 0x28597849 2
4 path.c:31 0x28597aa9 2
4 dynarray.c:112 0x28597599 16
4 dynarray.c:113 0x28597a49 24
4 path.c:254 0x28597819 24
2 path.c:178 0x28597819 24
1 dynarray.c:84 0x28597bc9 24
2 dynarray.c:95 0x28597a49 16
2 path.c:191 0x28597aa9 4
2 path.c:205 0x28597849 2
2 path.c:205 0x28597869 2
3 path.c:223 0x28597aa9 0x28597aa9 4 4
4 path.c:246 0x28597aa9 4
4 path.c:31 0x28597849 2
4 path.c:31 0x28597869 2
4 dynarray.c:112 0x28597a49 16
4 dynarray.c:113 0x28597bc9 24
4 path.c:254 0x28597819 24
4 path.c:246 0x28597de9 4
4 path.c:31 0x28597ac9 2
4 path.c:31 0x28597dc9 2
4 dynarray.c:112 0x28597629 16
4 dynarray.c:113 0x28597d79 24
4 path.c:254 0x28597bf9 24
4 path.c:246 0x28597e69 4
4 path.c:31 0x28597fe9 2
4 path.c:31 0x28597e89 2
4 dynarray.c:112 0x28598129 16
4 dynarray.c:113 0x285977e9 24
4 path.c:254 0x285979d9 24
4 bdtBad4.c:263 0x28597f69 32
1 dynarray.c:84 0x28597599 24
2 dynarray.c:95 0x285979d9 16
1 bdtBad4.c:663 0x285978a9 6
4 dynarray.c:112 0x285979d9 16
4 dynarray.c:113 0x28597599 24
6 bdt_client.c:161 0x285978a9
4 bdt_client.c:161 0x285978a9 6
4 path.c:246 0x28597c29 5
4 path.c:31 0x28597ae9 2
4 path.c:31 0x28597da9 3
4 dynarray.c:112 0x28597f09 16
4 dynarray.c:113 0x285975f9 24
4 path.c:254 0x28597cc9 24
4 bdtBad4.c:263 0x28597fa9 32
4 path.c:246 0x28597c69 2
4 path.c:31 0x28597c49 2
4 dynarray.c:112 0x28597909 16
4 dynarray.c:113 0x28597a79 24
4 path.c:254 0x28597b99 24
4 bdtBad4.c:263 0x285981d9 32
