2 path.c:128 0x2ed4f2a9 24
4 path.c:254 0x2ed4f2a9 24
2 path.c:128 0x2ed514c9 24
1 dynarray.c:84 0x2ed4f2a9 24
2 dynarray.c:95 0x2ed514f9 16
2 path.c:90 0x2ed51529 6
1 path.c:143 0x2ed51549 6
4 path.c:246 0x2ed51549 6
4 path.c:31 0x2ed51529 6
4 dynarray.c:112 0x2ed514f9 16
4 dynarray.c:113 0x2ed4f2a9 24
4 path.c:254 0x2ed514c9 24
1 dynarray.c:84 0x2ed514c9 24
2 dynarray.c:95 0x2ed51569 16
1 bdtBad5.c:662 0x2ed51529 1
4 dynarray.c:112 0x2ed51569 16
4 dynarray.c:113 0x2ed514c9 24
4 bdt_client.c:39 0x2ed51529 1
2 path.c:128 0x2ed51599 24
4 path.c:254 0x2ed51599 24
2 path.c:128 0x2ed515c9 24
1 dynarray.c:84 0x2ed51599 24
2 dynarray.c:95 0x2ed515f9 16
4 dynarray.c:112 0x2ed515f9 16
4 dynarray.c:113 0x2ed51599 24
4 path.c:254 0x2ed515c9 24
2 path.c:128 0x2ed51629 24
1 dynarray.c:84 0x2ed515c9 24
2 dynarray.c:95 0x2ed51659 16
2 path.c:90 0x2ed51689 6
2 path.c:90 0x2ed516a9 7
4 path.c:31 0x2ed51689 6
4 path.c:31 0x2ed516a9 7
4 dynarray.c:112 0x2ed51659 16
4 dynarray.c:113 0x2ed515c9 24
4 path.c:254 0x2ed51629 24
2 path.c:128 0x2ed51629 24
1 dynarray.c:84 0x2ed51659 24
2 dynarray.c:95 0x2ed515c9 16
2 path.c:90 0x2ed516c9 6
4 path.c:31 0x2ed516c9 6
4 dynarray.c:112 0x2ed515c9 16
4 dynarray.c:113 0x2ed51659 24
4 path.c:254 0x2ed51629 24
