2 path.c:128 0x3f8522a9 24
4 path.c:254 0x3f8522a9 24
2 path.c:128 0x3f8544c9 24
1 dynarray.c:84 0x3f8522a9 24
2 dynarray.c:95 0x3f8544f9 16
2 path.c:90 0x3f854529 6
1 path.c:143 0x3f854549 6
4 path.c:246 0x3f854549 6
4 path.c:31 0x3f854529 6
4 dynarray.c:112 0x3f8544f9 16
4 dynarray.c:113 0x3f8522a9 24
4 path.c:254 0x3f8544c9 24
1 dynarray.c:84 0x3f8544c9 24
2 dynarray.c:95 0x3f854569 16
1 bdtBad5.c:662 0x3f854529 1
4 dynarray.c:112 0x3f854569 16
4 dynarray.c:113 0x3f8544c9 24
4 bdt_client.c:39 0x3f854529 1
2 path.c:128 0x3f854599 24
4 path.c:254 0x3f854599 24
2 path.c:128 0x3f8545c9 24
1 dynarray.c:84 0x3f854599 24
2 dynarray.c:95 0x3f8545f9 16
4 dynarray.c:112 0x3f8545f9 16
4 dynarray.c:113 0x3f854599 24
4 path.c:254 0x3f8545c9 24
2 path.c:128 0x3f854629 24
1 dynarray.c:84 0x3f8545c9 24
2 dynarray.c:95 0x3f854659 16
2 path.c:90 0x3f854689 6
2 path.c:90 0x3f8546a9 7
4 path.c:31 0x3f854689 6
4 path.c:31 0x3f8546a9 7
4 dynarray.c:112 0x3f854659 16
4 dynarray.c:113 0x3f8545c9 24
4 path.c:254 0x3f854629 24
2 path.c:128 0x3f854629 24
1 dynarray.c:84 0x3f854659 24
2 dynarray.c:95 0x3f8545c9 16
2 path.c:90 0x3f8546c9 6
4 path.c:31 0x3f8546c9 6
4 dynarray.c:112 0x3f8545c9 16
4 dynarray.c:113 0x3f854659 24
4 path.c:254 0x3f854629 24
